# JRE version: Java(TM) SE Runtime Environment (8.0_181-b13) (build 1.8.0_181-b13)
# Java VM: Java HotSpot(TM) 64-Bit Server VM (25.181-b13 mixed mode windows-amd64 compressed oops)
Heap:
 PSYoungGen      total 333824K, used 142011K [0x00000000eab00000, 0x00000000fff00000, 0x0000000100000000)
  eden space 318976K, 44% used [0x00000000eab00000,0x00000000f358eed0,0x00000000fe280000)
  from space 14848K, 0% used [0x00000000fe280000,0x00000000fe2a0000,0x00000000ff100000)
  to   space 14336K, 0% used [0x00000000ff100000,0x00000000ff100000,0x00000000fff00000)
 ParOldGen       total 43520K, used 30129K [0x00000000c0000000, 0x00000000c2a80000, 0x00000000eab00000)
  object space 43520K, 69% used [0x00000000c0000000,0x00000000c1d6c5b8,0x00000000c2a80000)
 Metaspace       used 32336K, capacity 32707K, committed 32896K, reserved 1079296K
  class space    used 3345K, capacity 3433K, committed 3456K, reserved 1048576K
GC Heap History (10 events):
Event: 7.912 GC heap before
{Heap before GC invocations=12 (full 1):
 PSYoungGen      total 213504K, used 213488K [0x00000000eab00000, 0x00000000f8b00000, 0x0000000100000000)
  eden space 205312K, 100% used [0x00000000eab00000,0x00000000f7380000,0x00000000f7380000)
  from space 8192K, 99% used [0x00000000f8300000,0x00000000f8afc0e0,0x00000000f8b00000)
  to   space 10752K, 0% used [0x00000000f7600000,0x00000000f7600000,0x00000000f8080000)
 ParOldGen       total 43520K, used 8726K [0x00000000c0000000, 0x00000000c2a80000, 0x00000000eab00000)
  object space 43520K, 20% used [0x00000000c0000000,0x00000000c0885950,0x00000000c2a80000)
 Metaspace       used 31206K, capacity 31587K, committed 31872K, reserved 1077248K
  class space    used 3297K, capacity 3401K, committed 3456K, reserved 1048576K
Event: 7.922 GC heap after
Heap after GC invocations=12 (full 1):
 PSYoungGen      total 218624K, used 10726K [0x00000000eab00000, 0x00000000ffb80000, 0x0000000100000000)
  eden space 207872K, 0% used [0x00000000eab00000,0x00000000eab00000,0x00000000f7600000)
  from space 10752K, 99% used [0x00000000f7600000,0x00000000f80798e0,0x00000000f8080000)
  to   space 15360K, 0% used [0x00000000fec80000,0x00000000fec80000,0x00000000ffb80000)
 ParOldGen       total 43520K, used 17235K [0x00000000c0000000, 0x00000000c2a80000, 0x00000000eab00000)
  object space 43520K, 39% used [0x00000000c0000000,0x00000000c10d4e88,0x00000000c2a80000)
 Metaspace       used 31206K, capacity 31587K, committed 31872K, reserved 1077248K
  class space    used 3297K, capacity 3401K, committed 3456K, reserved 1048576K
}
Event: 13.225 GC heap before
{Heap before GC invocations=13 (full 1):
 PSYoungGen      total 218624K, used 218598K [0x00000000eab00000, 0x00000000ffb80000, 0x0000000100000000)
  eden space 207872K, 100% used [0x00000000eab00000,0x00000000f7600000,0x00000000f7600000)
  from space 10752K, 99% used [0x00000000f7600000,0x00000000f80798e0,0x00000000f8080000)
  to   space 15360K, 0% used [0x00000000fec80000,0x00000000fec80000,0x00000000ffb80000)
 ParOldGen       total 43520K, used 17235K [0x00000000c0000000, 0x00000000c2a80000, 0x00000000eab00000)
  object space 43520K, 39% used [0x00000000c0000000,0x00000000c10d4e88,0x00000000c2a80000)
 Metaspace       used 31975K, capacity 32323K, committed 32640K, reserved 1079296K
  class space    used 3338K, capacity 3433K, committed 3456K, reserved 1048576K
Event: 13.231 GC heap after
Heap after GC invocations=13 (full 1):
 PSYoungGen      total 328192K, used 2408K [0x00000000eab00000, 0x00000000ffb00000, 0x0000000100000000)
  eden space 313344K, 0% used [0x00000000eab00000,0x00000000eab00000,0x00000000fdd00000)
  from space 14848K, 16% used [0x00000000fec80000,0x00000000feeda2b0,0x00000000ffb00000)
  to   space 15360K, 0% used [0x00000000fdd00000,0x00000000fdd00000,0x00000000fec00000)
 ParOldGen       total 43520K, used 27449K [0x00000000c0000000, 0x00000000c2a80000, 0x00000000eab00000)
  object space 43520K, 63% used [0x00000000c0000000,0x00000000c1ace740,0x00000000c2a80000)
 Metaspace       used 31975K, capacity 32323K, committed 32640K, reserved 1079296K
  class space    used 3338K, capacity 3433K, committed 3456K, reserved 1048576K
}
Event: 17.570 GC heap before
{Heap before GC invocations=14 (full 1):
 PSYoungGen      total 328192K, used 315752K [0x00000000eab00000, 0x00000000ffb00000, 0x0000000100000000)
  eden space 313344K, 100% used [0x00000000eab00000,0x00000000fdd00000,0x00000000fdd00000)
  from space 14848K, 16% used [0x00000000fec80000,0x00000000feeda2b0,0x00000000ffb00000)
  to   space 15360K, 0% used [0x00000000fdd00000,0x00000000fdd00000,0x00000000fec00000)
 ParOldGen       total 43520K, used 27449K [0x00000000c0000000, 0x00000000c2a80000, 0x00000000eab00000)
  object space 43520K, 63% used [0x00000000c0000000,0x00000000c1ace740,0x00000000c2a80000)
 Metaspace       used 32253K, capacity 32579K, committed 32896K, reserved 1079296K
  class space    used 3341K, capacity 3433K, committed 3456K, reserved 1048576K
Event: 17.574 GC heap after
Heap after GC invocations=14 (full 1):
 PSYoungGen      total 328704K, used 465K [0x00000000eab00000, 0x00000000fff80000, 0x0000000100000000)
  eden space 313344K, 0% used [0x00000000eab00000,0x00000000eab00000,0x00000000fdd00000)
  from space 15360K, 3% used [0x00000000fdd00000,0x00000000fdd74690,0x00000000fec00000)
  to   space 14848K, 0% used [0x00000000ff100000,0x00000000ff100000,0x00000000fff80000)
 ParOldGen       total 43520K, used 29637K [0x00000000c0000000, 0x00000000c2a80000, 0x00000000eab00000)
  object space 43520K, 68% used [0x00000000c0000000,0x00000000c1cf1408,0x00000000c2a80000)
 Metaspace       used 32253K, capacity 32579K, committed 32896K, reserved 1079296K
  class space    used 3341K, capacity 3433K, committed 3456K, reserved 1048576K
}
Event: 20.020 GC heap before
{Heap before GC invocations=15 (full 1):
 PSYoungGen      total 328704K, used 313809K [0x00000000eab00000, 0x00000000fff80000, 0x0000000100000000)
  eden space 313344K, 100% used [0x00000000eab00000,0x00000000fdd00000,0x00000000fdd00000)
  from space 15360K, 3% used [0x00000000fdd00000,0x00000000fdd74690,0x00000000fec00000)
  to   space 14848K, 0% used [0x00000000ff100000,0x00000000ff100000,0x00000000fff80000)
 ParOldGen       total 43520K, used 29637K [0x00000000c0000000, 0x00000000c2a80000, 0x00000000eab00000)
  object space 43520K, 68% used [0x00000000c0000000,0x00000000c1cf1408,0x00000000c2a80000)
 Metaspace       used 32280K, capacity 32579K, committed 32896K, reserved 1079296K
  class space    used 3341K, capacity 3433K, committed 3456K, reserved 1048576K
Event: 20.021 GC heap after
Heap after GC invocations=15 (full 1):
 PSYoungGen      total 333824K, used 225K [0x00000000eab00000, 0x00000000fff80000, 0x0000000100000000)
  eden space 318976K, 0% used [0x00000000eab00000,0x00000000eab00000,0x00000000fe280000)
  from space 14848K, 1% used [0x00000000ff100000,0x00000000ff138460,0x00000000fff80000)
  to   space 14848K, 0% used [0x00000000fe280000,0x00000000fe280000,0x00000000ff100000)
 ParOldGen       total 43520K, used 29983K [0x00000000c0000000, 0x00000000c2a80000, 0x00000000eab00000)
  object space 43520K, 68% used [0x00000000c0000000,0x00000000c1d47ce8,0x00000000c2a80000)
 Metaspace       used 32280K, capacity 32579K, committed 32896K, reserved 1079296K
  class space    used 3341K, capacity 3433K, committed 3456K, reserved 1048576K
}
Event: 21.866 GC heap before
{Heap before GC invocations=16 (full 1):
 PSYoungGen      total 333824K, used 319201K [0x00000000eab00000, 0x00000000fff80000, 0x0000000100000000)
  eden space 318976K, 100% used [0x00000000eab00000,0x00000000fe280000,0x00000000fe280000)
  from space 14848K, 1% used [0x00000000ff100000,0x00000000ff138460,0x00000000fff80000)
  to   space 14848K, 0% used [0x00000000fe280000,0x00000000fe280000,0x00000000ff100000)
 ParOldGen       total 43520K, used 29983K [0x00000000c0000000, 0x00000000c2a80000, 0x00000000eab00000)
  object space 43520K, 68% used [0x00000000c0000000,0x00000000c1d47ce8,0x00000000c2a80000)
 Metaspace       used 32299K, capacity 32643K, committed 32896K, reserved 1079296K
  class space    used 3341K, capacity 3433K, committed 3456K, reserved 1048576K
Event: 21.867 GC heap after
Heap after GC invocations=16 (full 1):
 PSYoungGen      total 333824K, used 128K [0x00000000eab00000, 0x00000000fff00000, 0x0000000100000000)
  eden space 318976K, 0% used [0x00000000eab00000,0x00000000eab00000,0x00000000fe280000)
  from space 14848K, 0% used [0x00000000fe280000,0x00000000fe2a0000,0x00000000ff100000)
  to   space 14336K, 0% used [0x00000000ff100000,0x00000000ff100000,0x00000000fff00000)
 ParOldGen       total 43520K, used 30129K [0x00000000c0000000, 0x00000000c2a80000, 0x00000000eab00000)
  object space 43520K, 69% used [0x00000000c0000000,0x00000000c1d6c5b8,0x00000000c2a80000)
 Metaspace       used 32299K, capacity 32643K, committed 32896K, reserved 1079296K
  class space    used 3341K, capacity 3433K, committed 3456K, reserved 1048576K
}

