# JRE version: Java(TM) SE Runtime Environment (8.0_181-b13) (build 1.8.0_181-b13)
# Java VM: Java HotSpot(TM) 64-Bit Server VM (25.181-b13 mixed mode windows-amd64 compressed oops)
Heap:
 PSYoungGen      total 203776K, used 167370K [0x00000000d5980000, 0x00000000e3800000, 0x0000000100000000)
  eden space 195584K, 81% used [0x00000000d5980000,0x00000000df4f4088,0x00000000e1880000)
  from space 8192K, 99% used [0x00000000e3000000,0x00000000e37fe810,0x00000000e3800000)
  to   space 11264K, 0% used [0x00000000e2200000,0x00000000e2200000,0x00000000e2d00000)
 ParOldGen       total 46592K, used 9907K [0x0000000080c00000, 0x0000000083980000, 0x00000000d5980000)
  object space 46592K, 21% used [0x0000000080c00000,0x00000000815acf80,0x0000000083980000)
 Metaspace       used 31426K, capacity 31797K, committed 32256K, reserved 1077248K
  class space    used 3360K, capacity 3468K, committed 3584K, reserved 1048576K
GC Heap History (10 events):
Event: 3.026 GC heap before
{Heap before GC invocations=7 (full 0):
 PSYoungGen      total 73216K, used 71185K [0x00000000d5980000, 0x00000000da980000, 0x0000000100000000)
  eden space 66048K, 100% used [0x00000000d5980000,0x00000000d9a00000,0x00000000d9a00000)
  from space 7168K, 71% used [0x00000000da180000,0x00000000da6846f0,0x00000000da880000)
  to   space 7680K, 0% used [0x00000000d9a00000,0x00000000d9a00000,0x00000000da180000)
 ParOldGen       total 87552K, used 320K [0x0000000080c00000, 0x0000000086180000, 0x00000000d5980000)
  object space 87552K, 0% used [0x0000000080c00000,0x0000000080c503c8,0x0000000086180000)
 Metaspace       used 20580K, capacity 20787K, committed 20992K, reserved 1069056K
  class space    used 2133K, capacity 2219K, committed 2304K, reserved 1048576K
Event: 3.030 GC heap after
Heap after GC invocations=7 (full 0):
 PSYoungGen      total 73728K, used 1537K [0x00000000d5980000, 0x00000000de980000, 0x0000000100000000)
  eden space 66048K, 0% used [0x00000000d5980000,0x00000000d5980000,0x00000000d9a00000)
  from space 7680K, 20% used [0x00000000d9a00000,0x00000000d9b80668,0x00000000da180000)
  to   space 7680K, 0% used [0x00000000de200000,0x00000000de200000,0x00000000de980000)
 ParOldGen       total 87552K, used 3903K [0x0000000080c00000, 0x0000000086180000, 0x00000000d5980000)
  object space 87552K, 4% used [0x0000000080c00000,0x0000000080fcfdb8,0x0000000086180000)
 Metaspace       used 20580K, capacity 20787K, committed 20992K, reserved 1069056K
  class space    used 2133K, capacity 2219K, committed 2304K, reserved 1048576K
}
Event: 3.088 GC heap before
{Heap before GC invocations=8 (full 0):
 PSYoungGen      total 73728K, used 67585K [0x00000000d5980000, 0x00000000de980000, 0x0000000100000000)
  eden space 66048K, 100% used [0x00000000d5980000,0x00000000d9a00000,0x00000000d9a00000)
  from space 7680K, 20% used [0x00000000d9a00000,0x00000000d9b80668,0x00000000da180000)
  to   space 7680K, 0% used [0x00000000de200000,0x00000000de200000,0x00000000de980000)
 ParOldGen       total 87552K, used 3903K [0x0000000080c00000, 0x0000000086180000, 0x00000000d5980000)
  object space 87552K, 4% used [0x0000000080c00000,0x0000000080fcfdb8,0x0000000086180000)
 Metaspace       used 20790K, capacity 21049K, committed 21248K, reserved 1069056K
  class space    used 2157K, capacity 2284K, committed 2304K, reserved 1048576K
Event: 3.090 GC heap after
Heap after GC invocations=8 (full 0):
 PSYoungGen      total 139776K, used 699K [0x00000000d5980000, 0x00000000de980000, 0x0000000100000000)
  eden space 132096K, 0% used [0x00000000d5980000,0x00000000d5980000,0x00000000dda80000)
  from space 7680K, 9% used [0x00000000de200000,0x00000000de2aee10,0x00000000de980000)
  to   space 7680K, 0% used [0x00000000dda80000,0x00000000dda80000,0x00000000de200000)
 ParOldGen       total 87552K, used 5139K [0x0000000080c00000, 0x0000000086180000, 0x00000000d5980000)
  object space 87552K, 5% used [0x0000000080c00000,0x0000000081104c08,0x0000000086180000)
 Metaspace       used 20790K, capacity 21049K, committed 21248K, reserved 1069056K
  class space    used 2157K, capacity 2284K, committed 2304K, reserved 1048576K
}
Event: 3.100 GC heap before
{Heap before GC invocations=9 (full 0):
 PSYoungGen      total 139776K, used 21780K [0x00000000d5980000, 0x00000000de980000, 0x0000000100000000)
  eden space 132096K, 15% used [0x00000000d5980000,0x00000000d6e165e8,0x00000000dda80000)
  from space 7680K, 9% used [0x00000000de200000,0x00000000de2aee10,0x00000000de980000)
  to   space 7680K, 0% used [0x00000000dda80000,0x00000000dda80000,0x00000000de200000)
 ParOldGen       total 87552K, used 5139K [0x0000000080c00000, 0x0000000086180000, 0x00000000d5980000)
  object space 87552K, 5% used [0x0000000080c00000,0x0000000081104c08,0x0000000086180000)
 Metaspace       used 20981K, capacity 21183K, committed 21248K, reserved 1069056K
  class space    used 2176K, capacity 2285K, committed 2304K, reserved 1048576K
Event: 3.102 GC heap after
Heap after GC invocations=9 (full 0):
 PSYoungGen      total 139776K, used 512K [0x00000000d5980000, 0x00000000e3800000, 0x0000000100000000)
  eden space 132096K, 0% used [0x00000000d5980000,0x00000000d5980000,0x00000000dda80000)
  from space 7680K, 6% used [0x00000000dda80000,0x00000000ddb00000,0x00000000de200000)
  to   space 8192K, 0% used [0x00000000e3000000,0x00000000e3000000,0x00000000e3800000)
 ParOldGen       total 87552K, used 5275K [0x0000000080c00000, 0x0000000086180000, 0x00000000d5980000)
  object space 87552K, 6% used [0x0000000080c00000,0x0000000081126c08,0x0000000086180000)
 Metaspace       used 20981K, capacity 21183K, committed 21248K, reserved 1069056K
  class space    used 2176K, capacity 2285K, committed 2304K, reserved 1048576K
}
Event: 3.102 GC heap before
{Heap before GC invocations=10 (full 1):
 PSYoungGen      total 139776K, used 512K [0x00000000d5980000, 0x00000000e3800000, 0x0000000100000000)
  eden space 132096K, 0% used [0x00000000d5980000,0x00000000d5980000,0x00000000dda80000)
  from space 7680K, 6% used [0x00000000dda80000,0x00000000ddb00000,0x00000000de200000)
  to   space 8192K, 0% used [0x00000000e3000000,0x00000000e3000000,0x00000000e3800000)
 ParOldGen       total 87552K, used 5275K [0x0000000080c00000, 0x0000000086180000, 0x00000000d5980000)
  object space 87552K, 6% used [0x0000000080c00000,0x0000000081126c08,0x0000000086180000)
 Metaspace       used 20981K, capacity 21183K, committed 21248K, reserved 1069056K
  class space    used 2176K, capacity 2285K, committed 2304K, reserved 1048576K
Event: 3.148 GC heap after
Heap after GC invocations=10 (full 1):
 PSYoungGen      total 139776K, used 0K [0x00000000d5980000, 0x00000000e3800000, 0x0000000100000000)
  eden space 132096K, 0% used [0x00000000d5980000,0x00000000d5980000,0x00000000dda80000)
  from space 7680K, 0% used [0x00000000dda80000,0x00000000dda80000,0x00000000de200000)
  to   space 8192K, 0% used [0x00000000e3000000,0x00000000e3000000,0x00000000e3800000)
 ParOldGen       total 46592K, used 5364K [0x0000000080c00000, 0x0000000083980000, 0x00000000d5980000)
  object space 46592K, 11% used [0x0000000080c00000,0x000000008113d010,0x0000000083980000)
 Metaspace       used 20981K, capacity 21183K, committed 21248K, reserved 1069056K
  class space    used 2176K, capacity 2285K, committed 2304K, reserved 1048576K
}
Event: 4.060 GC heap before
{Heap before GC invocations=11 (full 1):
 PSYoungGen      total 139776K, used 132096K [0x00000000d5980000, 0x00000000e3800000, 0x0000000100000000)
  eden space 132096K, 100% used [0x00000000d5980000,0x00000000dda80000,0x00000000dda80000)
  from space 7680K, 0% used [0x00000000dda80000,0x00000000dda80000,0x00000000de200000)
  to   space 8192K, 0% used [0x00000000e3000000,0x00000000e3000000,0x00000000e3800000)
 ParOldGen       total 46592K, used 5364K [0x0000000080c00000, 0x0000000083980000, 0x00000000d5980000)
  object space 46592K, 11% used [0x0000000080c00000,0x000000008113d010,0x0000000083980000)
 Metaspace       used 28749K, capacity 29035K, committed 29440K, reserved 1075200K
  class space    used 3193K, capacity 3275K, committed 3328K, reserved 1048576K
Event: 4.068 GC heap after
Heap after GC invocations=11 (full 1):
 PSYoungGen      total 203776K, used 8186K [0x00000000d5980000, 0x00000000e3800000, 0x0000000100000000)
  eden space 195584K, 0% used [0x00000000d5980000,0x00000000d5980000,0x00000000e1880000)
  from space 8192K, 99% used [0x00000000e3000000,0x00000000e37fe810,0x00000000e3800000)
  to   space 11264K, 0% used [0x00000000e2200000,0x00000000e2200000,0x00000000e2d00000)
 ParOldGen       total 46592K, used 9907K [0x0000000080c00000, 0x0000000083980000, 0x00000000d5980000)
  object space 46592K, 21% used [0x0000000080c00000,0x00000000815acf80,0x0000000083980000)
 Metaspace       used 28749K, capacity 29035K, committed 29440K, reserved 1075200K
  class space    used 3193K, capacity 3275K, committed 3328K, reserved 1048576K
}

