# JRE version: Java(TM) SE Runtime Environment (8.0_181-b13) (build 1.8.0_181-b13)
# Java VM: Java HotSpot(TM) 64-Bit Server VM (25.181-b13 mixed mode windows-amd64 compressed oops)
Heap:
 PSYoungGen      total 317440K, used 67282K [0x00000000eab00000, 0x0000000100000000, 0x0000000100000000)
  eden space 303104K, 22% used [0x00000000eab00000,0x00000000eec5b638,0x00000000fd300000)
  from space 14336K, 2% used [0x00000000fd300000,0x00000000fd3593c0,0x00000000fe100000)
  to   space 13824K, 0% used [0x00000000ff280000,0x00000000ff280000,0x0000000100000000)
 ParOldGen       total 44032K, used 34220K [0x00000000c0000000, 0x00000000c2b00000, 0x00000000eab00000)
  object space 44032K, 77% used [0x00000000c0000000,0x00000000c216b388,0x00000000c2b00000)
 Metaspace       used 32314K, capacity 32643K, committed 32896K, reserved 1079296K
  class space    used 3338K, capacity 3433K, committed 3456K, reserved 1048576K
GC Heap History (10 events):
Event: 3.169 GC heap before
{Heap before GC invocations=10 (full 1):
 PSYoungGen      total 140800K, used 496K [0x00000000eab00000, 0x00000000f8b00000, 0x0000000100000000)
  eden space 133120K, 0% used [0x00000000eab00000,0x00000000eab00000,0x00000000f2d00000)
  from space 7680K, 6% used [0x00000000f2d00000,0x00000000f2d7c010,0x00000000f3480000)
  to   space 8192K, 0% used [0x00000000f8300000,0x00000000f8300000,0x00000000f8b00000)
 ParOldGen       total 87552K, used 5370K [0x00000000c0000000, 0x00000000c5580000, 0x00000000eab00000)
  object space 87552K, 6% used [0x00000000c0000000,0x00000000c053eae0,0x00000000c5580000)
 Metaspace       used 20975K, capacity 21183K, committed 21248K, reserved 1069056K
  class space    used 2172K, capacity 2285K, committed 2304K, reserved 1048576K
Event: 3.213 GC heap after
Heap after GC invocations=10 (full 1):
 PSYoungGen      total 140800K, used 0K [0x00000000eab00000, 0x00000000f8b00000, 0x0000000100000000)
  eden space 133120K, 0% used [0x00000000eab00000,0x00000000eab00000,0x00000000f2d00000)
  from space 7680K, 0% used [0x00000000f2d00000,0x00000000f2d00000,0x00000000f3480000)
  to   space 8192K, 0% used [0x00000000f8300000,0x00000000f8300000,0x00000000f8b00000)
 ParOldGen       total 44032K, used 5348K [0x00000000c0000000, 0x00000000c2b00000, 0x00000000eab00000)
  object space 44032K, 12% used [0x00000000c0000000,0x00000000c05390a8,0x00000000c2b00000)
 Metaspace       used 20975K, capacity 21183K, committed 21248K, reserved 1069056K
  class space    used 2172K, capacity 2285K, committed 2304K, reserved 1048576K
}
Event: 4.009 GC heap before
{Heap before GC invocations=11 (full 1):
 PSYoungGen      total 140800K, used 133120K [0x00000000eab00000, 0x00000000f8b00000, 0x0000000100000000)
  eden space 133120K, 100% used [0x00000000eab00000,0x00000000f2d00000,0x00000000f2d00000)
  from space 7680K, 0% used [0x00000000f2d00000,0x00000000f2d00000,0x00000000f3480000)
  to   space 8192K, 0% used [0x00000000f8300000,0x00000000f8300000,0x00000000f8b00000)
 ParOldGen       total 44032K, used 5348K [0x00000000c0000000, 0x00000000c2b00000, 0x00000000eab00000)
  object space 44032K, 12% used [0x00000000c0000000,0x00000000c05390a8,0x00000000c2b00000)
 Metaspace       used 28320K, capacity 28653K, committed 28928K, reserved 1075200K
  class space    used 3138K, capacity 3238K, committed 3328K, reserved 1048576K
Event: 4.015 GC heap after
Heap after GC invocations=11 (full 1):
 PSYoungGen      total 211968K, used 8182K [0x00000000eab00000, 0x00000000f8b00000, 0x0000000100000000)
  eden space 203776K, 0% used [0x00000000eab00000,0x00000000eab00000,0x00000000f7200000)
  from space 8192K, 99% used [0x00000000f8300000,0x00000000f8afdb08,0x00000000f8b00000)
  to   space 12800K, 0% used [0x00000000f7200000,0x00000000f7200000,0x00000000f7e80000)
 ParOldGen       total 44032K, used 14415K [0x00000000c0000000, 0x00000000c2b00000, 0x00000000eab00000)
  object space 44032K, 32% used [0x00000000c0000000,0x00000000c0e13d28,0x00000000c2b00000)
 Metaspace       used 28320K, capacity 28653K, committed 28928K, reserved 1075200K
  class space    used 3138K, capacity 3238K, committed 3328K, reserved 1048576K
}
Event: 8.492 GC heap before
{Heap before GC invocations=12 (full 1):
 PSYoungGen      total 211968K, used 211958K [0x00000000eab00000, 0x00000000f8b00000, 0x0000000100000000)
  eden space 203776K, 100% used [0x00000000eab00000,0x00000000f7200000,0x00000000f7200000)
  from space 8192K, 99% used [0x00000000f8300000,0x00000000f8afdb08,0x00000000f8b00000)
  to   space 12800K, 0% used [0x00000000f7200000,0x00000000f7200000,0x00000000f7e80000)
 ParOldGen       total 44032K, used 14415K [0x00000000c0000000, 0x00000000c2b00000, 0x00000000eab00000)
  object space 44032K, 32% used [0x00000000c0000000,0x00000000c0e13d28,0x00000000c2b00000)
 Metaspace       used 31154K, capacity 31459K, committed 31616K, reserved 1077248K
  class space    used 3298K, capacity 3401K, committed 3456K, reserved 1048576K
Event: 8.500 GC heap after
Heap after GC invocations=12 (full 1):
 PSYoungGen      total 216576K, used 11882K [0x00000000eab00000, 0x00000000ff500000, 0x0000000100000000)
  eden space 203776K, 0% used [0x00000000eab00000,0x00000000eab00000,0x00000000f7200000)
  from space 12800K, 92% used [0x00000000f7200000,0x00000000f7d9abe8,0x00000000f7e80000)
  to   space 14848K, 0% used [0x00000000fe680000,0x00000000fe680000,0x00000000ff500000)
 ParOldGen       total 44032K, used 21334K [0x00000000c0000000, 0x00000000c2b00000, 0x00000000eab00000)
  object space 44032K, 48% used [0x00000000c0000000,0x00000000c14d5b60,0x00000000c2b00000)
 Metaspace       used 31154K, capacity 31459K, committed 31616K, reserved 1077248K
  class space    used 3298K, capacity 3401K, committed 3456K, reserved 1048576K
}
Event: 15.074 GC heap before
{Heap before GC invocations=13 (full 1):
 PSYoungGen      total 216576K, used 215658K [0x00000000eab00000, 0x00000000ff500000, 0x0000000100000000)
  eden space 203776K, 100% used [0x00000000eab00000,0x00000000f7200000,0x00000000f7200000)
  from space 12800K, 92% used [0x00000000f7200000,0x00000000f7d9abe8,0x00000000f7e80000)
  to   space 14848K, 0% used [0x00000000fe680000,0x00000000fe680000,0x00000000ff500000)
 ParOldGen       total 44032K, used 21334K [0x00000000c0000000, 0x00000000c2b00000, 0x00000000eab00000)
  object space 44032K, 48% used [0x00000000c0000000,0x00000000c14d5b60,0x00000000c2b00000)
 Metaspace       used 32179K, capacity 32515K, committed 32640K, reserved 1079296K
  class space    used 3334K, capacity 3433K, committed 3456K, reserved 1048576K
Event: 15.081 GC heap after
Heap after GC invocations=13 (full 1):
 PSYoungGen      total 311808K, used 3188K [0x00000000eab00000, 0x00000000fef00000, 0x0000000100000000)
  eden space 303104K, 0% used [0x00000000eab00000,0x00000000eab00000,0x00000000fd300000)
  from space 8704K, 36% used [0x00000000fe680000,0x00000000fe99d358,0x00000000fef00000)
  to   space 14336K, 0% used [0x00000000fd300000,0x00000000fd300000,0x00000000fe100000)
 ParOldGen       total 44032K, used 31208K [0x00000000c0000000, 0x00000000c2b00000, 0x00000000eab00000)
  object space 44032K, 70% used [0x00000000c0000000,0x00000000c1e7a0e8,0x00000000c2b00000)
 Metaspace       used 32179K, capacity 32515K, committed 32640K, reserved 1079296K
  class space    used 3334K, capacity 3433K, committed 3456K, reserved 1048576K
}
Event: 26.275 GC heap before
{Heap before GC invocations=14 (full 1):
 PSYoungGen      total 311808K, used 306292K [0x00000000eab00000, 0x00000000fef00000, 0x0000000100000000)
  eden space 303104K, 100% used [0x00000000eab00000,0x00000000fd300000,0x00000000fd300000)
  from space 8704K, 36% used [0x00000000fe680000,0x00000000fe99d358,0x00000000fef00000)
  to   space 14336K, 0% used [0x00000000fd300000,0x00000000fd300000,0x00000000fe100000)
 ParOldGen       total 44032K, used 31208K [0x00000000c0000000, 0x00000000c2b00000, 0x00000000eab00000)
  object space 44032K, 70% used [0x00000000c0000000,0x00000000c1e7a0e8,0x00000000c2b00000)
 Metaspace       used 32288K, capacity 32579K, committed 32896K, reserved 1079296K
  class space    used 3335K, capacity 3433K, committed 3456K, reserved 1048576K
Event: 26.279 GC heap after
Heap after GC invocations=14 (full 1):
 PSYoungGen      total 317440K, used 356K [0x00000000eab00000, 0x0000000100000000, 0x0000000100000000)
  eden space 303104K, 0% used [0x00000000eab00000,0x00000000eab00000,0x00000000fd300000)
  from space 14336K, 2% used [0x00000000fd300000,0x00000000fd3593c0,0x00000000fe100000)
  to   space 13824K, 0% used [0x00000000ff280000,0x00000000ff280000,0x0000000100000000)
 ParOldGen       total 44032K, used 34220K [0x00000000c0000000, 0x00000000c2b00000, 0x00000000eab00000)
  object space 44032K, 77% used [0x00000000c0000000,0x00000000c216b388,0x00000000c2b00000)
 Metaspace       used 32288K, capacity 32579K, committed 32896K, reserved 1079296K
  class space    used 3335K, capacity 3433K, committed 3456K, reserved 1048576K
}

