# JRE version: Java(TM) SE Runtime Environment (8.0_181-b13) (build 1.8.0_181-b13)
# Java VM: Java HotSpot(TM) 64-Bit Server VM (25.181-b13 mixed mode windows-amd64 compressed oops)
Heap:
 PSYoungGen      total 336384K, used 84256K [0x00000000eab00000, 0x00000000ffe80000, 0x0000000100000000)
  eden space 327168K, 24% used [0x00000000eab00000,0x00000000efa55138,0x00000000fea80000)
  from space 9216K, 32% used [0x00000000ff580000,0x00000000ff872fa0,0x00000000ffe80000)
  to   space 10240K, 0% used [0x00000000fea80000,0x00000000fea80000,0x00000000ff480000)
 ParOldGen       total 48640K, used 31986K [0x00000000c0000000, 0x00000000c2f80000, 0x00000000eab00000)
  object space 48640K, 65% used [0x00000000c0000000,0x00000000c1f3cb20,0x00000000c2f80000)
 Metaspace       used 32831K, capacity 33135K, committed 33536K, reserved 1079296K
  class space    used 3375K, capacity 3467K, committed 3584K, reserved 1048576K
GC Heap History (10 events):
Event: 18.203 GC heap before
{Heap before GC invocations=17 (full 1):
 PSYoungGen      total 329728K, used 318878K [0x00000000eab00000, 0x0000000100000000, 0x0000000100000000)
  eden space 316416K, 100% used [0x00000000eab00000,0x00000000fe000000,0x00000000fe000000)
  from space 13312K, 18% used [0x00000000fe000000,0x00000000fe267938,0x00000000fed00000)
  to   space 12800K, 0% used [0x00000000ff380000,0x00000000ff380000,0x0000000100000000)
 ParOldGen       total 48640K, used 31970K [0x00000000c0000000, 0x00000000c2f80000, 0x00000000eab00000)
  object space 48640K, 65% used [0x00000000c0000000,0x00000000c1f38b20,0x00000000c2f80000)
 Metaspace       used 32715K, capacity 33071K, committed 33280K, reserved 1079296K
  class space    used 3371K, capacity 3467K, committed 3584K, reserved 1048576K
Event: 18.205 GC heap after
Heap after GC invocations=17 (full 1):
 PSYoungGen      total 334336K, used 2618K [0x00000000eab00000, 0x00000000ffe80000, 0x0000000100000000)
  eden space 323072K, 0% used [0x00000000eab00000,0x00000000eab00000,0x00000000fe680000)
  from space 11264K, 23% used [0x00000000ff380000,0x00000000ff60eb10,0x00000000ffe80000)
  to   space 12288K, 0% used [0x00000000fe680000,0x00000000fe680000,0x00000000ff280000)
 ParOldGen       total 48640K, used 31978K [0x00000000c0000000, 0x00000000c2f80000, 0x00000000eab00000)
  object space 48640K, 65% used [0x00000000c0000000,0x00000000c1f3ab20,0x00000000c2f80000)
 Metaspace       used 32715K, capacity 33071K, committed 33280K, reserved 1079296K
  class space    used 3371K, capacity 3467K, committed 3584K, reserved 1048576K
}
Event: 19.583 GC heap before
{Heap before GC invocations=18 (full 1):
 PSYoungGen      total 334336K, used 325690K [0x00000000eab00000, 0x00000000ffe80000, 0x0000000100000000)
  eden space 323072K, 100% used [0x00000000eab00000,0x00000000fe680000,0x00000000fe680000)
  from space 11264K, 23% used [0x00000000ff380000,0x00000000ff60eb10,0x00000000ffe80000)
  to   space 12288K, 0% used [0x00000000fe680000,0x00000000fe680000,0x00000000ff280000)
 ParOldGen       total 48640K, used 31978K [0x00000000c0000000, 0x00000000c2f80000, 0x00000000eab00000)
  object space 48640K, 65% used [0x00000000c0000000,0x00000000c1f3ab20,0x00000000c2f80000)
 Metaspace       used 32719K, capacity 33071K, committed 33280K, reserved 1079296K
  class space    used 3371K, capacity 3467K, committed 3584K, reserved 1048576K
Event: 19.585 GC heap after
Heap after GC invocations=18 (full 1):
 PSYoungGen      total 335360K, used 2650K [0x00000000eab00000, 0x0000000100000000, 0x0000000100000000)
  eden space 323072K, 0% used [0x00000000eab00000,0x00000000eab00000,0x00000000fe680000)
  from space 12288K, 21% used [0x00000000fe680000,0x00000000fe9168d0,0x00000000ff280000)
  to   space 11776K, 0% used [0x00000000ff480000,0x00000000ff480000,0x0000000100000000)
 ParOldGen       total 48640K, used 31978K [0x00000000c0000000, 0x00000000c2f80000, 0x00000000eab00000)
  object space 48640K, 65% used [0x00000000c0000000,0x00000000c1f3ab20,0x00000000c2f80000)
 Metaspace       used 32719K, capacity 33071K, committed 33280K, reserved 1079296K
  class space    used 3371K, capacity 3467K, committed 3584K, reserved 1048576K
}
Event: 20.917 GC heap before
{Heap before GC invocations=19 (full 1):
 PSYoungGen      total 335360K, used 325722K [0x00000000eab00000, 0x0000000100000000, 0x0000000100000000)
  eden space 323072K, 100% used [0x00000000eab00000,0x00000000fe680000,0x00000000fe680000)
  from space 12288K, 21% used [0x00000000fe680000,0x00000000fe9168d0,0x00000000ff280000)
  to   space 11776K, 0% used [0x00000000ff480000,0x00000000ff480000,0x0000000100000000)
 ParOldGen       total 48640K, used 31978K [0x00000000c0000000, 0x00000000c2f80000, 0x00000000eab00000)
  object space 48640K, 65% used [0x00000000c0000000,0x00000000c1f3ab20,0x00000000c2f80000)
 Metaspace       used 32748K, capacity 33071K, committed 33280K, reserved 1079296K
  class space    used 3371K, capacity 3467K, committed 3584K, reserved 1048576K
Event: 20.920 GC heap after
Heap after GC invocations=19 (full 1):
 PSYoungGen      total 335360K, used 2891K [0x00000000eab00000, 0x00000000ffe80000, 0x0000000100000000)
  eden space 325120K, 0% used [0x00000000eab00000,0x00000000eab00000,0x00000000fe880000)
  from space 10240K, 28% used [0x00000000ff480000,0x00000000ff752d40,0x00000000ffe80000)
  to   space 11264K, 0% used [0x00000000fe880000,0x00000000fe880000,0x00000000ff380000)
 ParOldGen       total 48640K, used 31978K [0x00000000c0000000, 0x00000000c2f80000, 0x00000000eab00000)
  object space 48640K, 65% used [0x00000000c0000000,0x00000000c1f3ab20,0x00000000c2f80000)
 Metaspace       used 32748K, capacity 33071K, committed 33280K, reserved 1079296K
  class space    used 3371K, capacity 3467K, committed 3584K, reserved 1048576K
}
Event: 22.301 GC heap before
{Heap before GC invocations=20 (full 1):
 PSYoungGen      total 335360K, used 328011K [0x00000000eab00000, 0x00000000ffe80000, 0x0000000100000000)
  eden space 325120K, 100% used [0x00000000eab00000,0x00000000fe880000,0x00000000fe880000)
  from space 10240K, 28% used [0x00000000ff480000,0x00000000ff752d40,0x00000000ffe80000)
  to   space 11264K, 0% used [0x00000000fe880000,0x00000000fe880000,0x00000000ff380000)
 ParOldGen       total 48640K, used 31978K [0x00000000c0000000, 0x00000000c2f80000, 0x00000000eab00000)
  object space 48640K, 65% used [0x00000000c0000000,0x00000000c1f3ab20,0x00000000c2f80000)
 Metaspace       used 32750K, capacity 33071K, committed 33280K, reserved 1079296K
  class space    used 3371K, capacity 3467K, committed 3584K, reserved 1048576K
Event: 22.304 GC heap after
Heap after GC invocations=20 (full 1):
 PSYoungGen      total 336384K, used 2810K [0x00000000eab00000, 0x0000000100000000, 0x0000000100000000)
  eden space 325120K, 0% used [0x00000000eab00000,0x00000000eab00000,0x00000000fe880000)
  from space 11264K, 24% used [0x00000000fe880000,0x00000000feb3eb10,0x00000000ff380000)
  to   space 10752K, 0% used [0x00000000ff580000,0x00000000ff580000,0x0000000100000000)
 ParOldGen       total 48640K, used 31978K [0x00000000c0000000, 0x00000000c2f80000, 0x00000000eab00000)
  object space 48640K, 65% used [0x00000000c0000000,0x00000000c1f3ab20,0x00000000c2f80000)
 Metaspace       used 32750K, capacity 33071K, committed 33280K, reserved 1079296K
  class space    used 3371K, capacity 3467K, committed 3584K, reserved 1048576K
}
Event: 23.698 GC heap before
{Heap before GC invocations=21 (full 1):
 PSYoungGen      total 336384K, used 327930K [0x00000000eab00000, 0x0000000100000000, 0x0000000100000000)
  eden space 325120K, 100% used [0x00000000eab00000,0x00000000fe880000,0x00000000fe880000)
  from space 11264K, 24% used [0x00000000fe880000,0x00000000feb3eb10,0x00000000ff380000)
  to   space 10752K, 0% used [0x00000000ff580000,0x00000000ff580000,0x0000000100000000)
 ParOldGen       total 48640K, used 31978K [0x00000000c0000000, 0x00000000c2f80000, 0x00000000eab00000)
  object space 48640K, 65% used [0x00000000c0000000,0x00000000c1f3ab20,0x00000000c2f80000)
 Metaspace       used 32791K, capacity 33135K, committed 33536K, reserved 1079296K
  class space    used 3371K, capacity 3467K, committed 3584K, reserved 1048576K
Event: 23.702 GC heap after
Heap after GC invocations=21 (full 1):
 PSYoungGen      total 336384K, used 3019K [0x00000000eab00000, 0x00000000ffe80000, 0x0000000100000000)
  eden space 327168K, 0% used [0x00000000eab00000,0x00000000eab00000,0x00000000fea80000)
  from space 9216K, 32% used [0x00000000ff580000,0x00000000ff872fa0,0x00000000ffe80000)
  to   space 10240K, 0% used [0x00000000fea80000,0x00000000fea80000,0x00000000ff480000)
 ParOldGen       total 48640K, used 31986K [0x00000000c0000000, 0x00000000c2f80000, 0x00000000eab00000)
  object space 48640K, 65% used [0x00000000c0000000,0x00000000c1f3cb20,0x00000000c2f80000)
 Metaspace       used 32791K, capacity 33135K, committed 33536K, reserved 1079296K
  class space    used 3371K, capacity 3467K, committed 3584K, reserved 1048576K
}

