# JRE version: Java(TM) SE Runtime Environment (8.0_181-b13) (build 1.8.0_181-b13)
# Java VM: Java HotSpot(TM) 64-Bit Server VM (25.181-b13 mixed mode windows-amd64 compressed oops)
Heap:
 PSYoungGen      total 335360K, used 75016K [0x00000000eab00000, 0x00000000ffd80000, 0x0000000100000000)
  eden space 324096K, 22% used [0x00000000eab00000,0x00000000ef368bf0,0x00000000fe780000)
  from space 11264K, 7% used [0x00000000ff280000,0x00000000ff359650,0x00000000ffd80000)
  to   space 11264K, 0% used [0x00000000fe780000,0x00000000fe780000,0x00000000ff280000)
 ParOldGen       total 47616K, used 33624K [0x00000000c0000000, 0x00000000c2e80000, 0x00000000eab00000)
  object space 47616K, 70% used [0x00000000c0000000,0x00000000c20d63b0,0x00000000c2e80000)
 Metaspace       used 32406K, capacity 32713K, committed 32896K, reserved 1079296K
  class space    used 3350K, capacity 3434K, committed 3456K, reserved 1048576K
GC Heap History (10 events):
Event: 32.131 GC heap before
{Heap before GC invocations=17 (full 1):
 PSYoungGen      total 320512K, used 320033K [0x00000000eab00000, 0x00000000fff00000, 0x0000000100000000)
  eden space 319488K, 100% used [0x00000000eab00000,0x00000000fe300000,0x00000000fe300000)
  from space 1024K, 53% used [0x00000000fe300000,0x00000000fe3884b0,0x00000000fe400000)
  to   space 14336K, 0% used [0x00000000ff100000,0x00000000ff100000,0x00000000fff00000)
 ParOldGen       total 47616K, used 33616K [0x00000000c0000000, 0x00000000c2e80000, 0x00000000eab00000)
  object space 47616K, 70% used [0x00000000c0000000,0x00000000c20d43b0,0x00000000c2e80000)
 Metaspace       used 32311K, capacity 32643K, committed 32896K, reserved 1079296K
  class space    used 3343K, capacity 3433K, committed 3456K, reserved 1048576K
Event: 32.132 GC heap after
Heap after GC invocations=17 (full 1):
 PSYoungGen      total 334336K, used 513K [0x00000000eab00000, 0x0000000100000000, 0x0000000100000000)
  eden space 320000K, 0% used [0x00000000eab00000,0x00000000eab00000,0x00000000fe380000)
  from space 14336K, 3% used [0x00000000ff100000,0x00000000ff1804b0,0x00000000fff00000)
  to   space 13824K, 0% used [0x00000000fe380000,0x00000000fe380000,0x00000000ff100000)
 ParOldGen       total 47616K, used 33616K [0x00000000c0000000, 0x00000000c2e80000, 0x00000000eab00000)
  object space 47616K, 70% used [0x00000000c0000000,0x00000000c20d43b0,0x00000000c2e80000)
 Metaspace       used 32311K, capacity 32643K, committed 32896K, reserved 1079296K
  class space    used 3343K, capacity 3433K, committed 3456K, reserved 1048576K
}
Event: 35.366 GC heap before
{Heap before GC invocations=18 (full 1):
 PSYoungGen      total 334336K, used 320513K [0x00000000eab00000, 0x0000000100000000, 0x0000000100000000)
  eden space 320000K, 100% used [0x00000000eab00000,0x00000000fe380000,0x00000000fe380000)
  from space 14336K, 3% used [0x00000000ff100000,0x00000000ff1804b0,0x00000000fff00000)
  to   space 13824K, 0% used [0x00000000fe380000,0x00000000fe380000,0x00000000ff100000)
 ParOldGen       total 47616K, used 33616K [0x00000000c0000000, 0x00000000c2e80000, 0x00000000eab00000)
  object space 47616K, 70% used [0x00000000c0000000,0x00000000c20d43b0,0x00000000c2e80000)
 Metaspace       used 32312K, capacity 32643K, committed 32896K, reserved 1079296K
  class space    used 3343K, capacity 3433K, committed 3456K, reserved 1048576K
Event: 35.368 GC heap after
Heap after GC invocations=18 (full 1):
 PSYoungGen      total 333824K, used 562K [0x00000000eab00000, 0x00000000ffe80000, 0x0000000100000000)
  eden space 320000K, 0% used [0x00000000eab00000,0x00000000eab00000,0x00000000fe380000)
  from space 13824K, 4% used [0x00000000fe380000,0x00000000fe40cb40,0x00000000ff100000)
  to   space 13312K, 0% used [0x00000000ff180000,0x00000000ff180000,0x00000000ffe80000)
 ParOldGen       total 47616K, used 33616K [0x00000000c0000000, 0x00000000c2e80000, 0x00000000eab00000)
  object space 47616K, 70% used [0x00000000c0000000,0x00000000c20d43b0,0x00000000c2e80000)
 Metaspace       used 32312K, capacity 32643K, committed 32896K, reserved 1079296K
  class space    used 3343K, capacity 3433K, committed 3456K, reserved 1048576K
}
Event: 38.585 GC heap before
{Heap before GC invocations=19 (full 1):
 PSYoungGen      total 333824K, used 320562K [0x00000000eab00000, 0x00000000ffe80000, 0x0000000100000000)
  eden space 320000K, 100% used [0x00000000eab00000,0x00000000fe380000,0x00000000fe380000)
  from space 13824K, 4% used [0x00000000fe380000,0x00000000fe40cb40,0x00000000ff100000)
  to   space 13312K, 0% used [0x00000000ff180000,0x00000000ff180000,0x00000000ffe80000)
 ParOldGen       total 47616K, used 33616K [0x00000000c0000000, 0x00000000c2e80000, 0x00000000eab00000)
  object space 47616K, 70% used [0x00000000c0000000,0x00000000c20d43b0,0x00000000c2e80000)
 Metaspace       used 32327K, capacity 32643K, committed 32896K, reserved 1079296K
  class space    used 3344K, capacity 3433K, committed 3456K, reserved 1048576K
Event: 38.587 GC heap after
Heap after GC invocations=19 (full 1):
 PSYoungGen      total 334848K, used 742K [0x00000000eab00000, 0x00000000ffe80000, 0x0000000100000000)
  eden space 321536K, 0% used [0x00000000eab00000,0x00000000eab00000,0x00000000fe500000)
  from space 13312K, 5% used [0x00000000ff180000,0x00000000ff239870,0x00000000ffe80000)
  to   space 12800K, 0% used [0x00000000fe500000,0x00000000fe500000,0x00000000ff180000)
 ParOldGen       total 47616K, used 33624K [0x00000000c0000000, 0x00000000c2e80000, 0x00000000eab00000)
  object space 47616K, 70% used [0x00000000c0000000,0x00000000c20d63b0,0x00000000c2e80000)
 Metaspace       used 32327K, capacity 32643K, committed 32896K, reserved 1079296K
  class space    used 3344K, capacity 3433K, committed 3456K, reserved 1048576K
}
Event: 41.504 GC heap before
{Heap before GC invocations=20 (full 1):
 PSYoungGen      total 334848K, used 322278K [0x00000000eab00000, 0x00000000ffe80000, 0x0000000100000000)
  eden space 321536K, 100% used [0x00000000eab00000,0x00000000fe500000,0x00000000fe500000)
  from space 13312K, 5% used [0x00000000ff180000,0x00000000ff239870,0x00000000ffe80000)
  to   space 12800K, 0% used [0x00000000fe500000,0x00000000fe500000,0x00000000ff180000)
 ParOldGen       total 47616K, used 33624K [0x00000000c0000000, 0x00000000c2e80000, 0x00000000eab00000)
  object space 47616K, 70% used [0x00000000c0000000,0x00000000c20d63b0,0x00000000c2e80000)
 Metaspace       used 32331K, capacity 32649K, committed 32896K, reserved 1079296K
  class space    used 3344K, capacity 3434K, committed 3456K, reserved 1048576K
Event: 41.505 GC heap after
Heap after GC invocations=20 (full 1):
 PSYoungGen      total 334336K, used 774K [0x00000000eab00000, 0x00000000ffe80000, 0x0000000100000000)
  eden space 321536K, 0% used [0x00000000eab00000,0x00000000eab00000,0x00000000fe500000)
  from space 12800K, 6% used [0x00000000fe500000,0x00000000fe5c1870,0x00000000ff180000)
  to   space 12288K, 0% used [0x00000000ff280000,0x00000000ff280000,0x00000000ffe80000)
 ParOldGen       total 47616K, used 33624K [0x00000000c0000000, 0x00000000c2e80000, 0x00000000eab00000)
  object space 47616K, 70% used [0x00000000c0000000,0x00000000c20d63b0,0x00000000c2e80000)
 Metaspace       used 32331K, capacity 32649K, committed 32896K, reserved 1079296K
  class space    used 3344K, capacity 3434K, committed 3456K, reserved 1048576K
}
Event: 44.632 GC heap before
{Heap before GC invocations=21 (full 1):
 PSYoungGen      total 334336K, used 322310K [0x00000000eab00000, 0x00000000ffe80000, 0x0000000100000000)
  eden space 321536K, 100% used [0x00000000eab00000,0x00000000fe500000,0x00000000fe500000)
  from space 12800K, 6% used [0x00000000fe500000,0x00000000fe5c1870,0x00000000ff180000)
  to   space 12288K, 0% used [0x00000000ff280000,0x00000000ff280000,0x00000000ffe80000)
 ParOldGen       total 47616K, used 33624K [0x00000000c0000000, 0x00000000c2e80000, 0x00000000eab00000)
  object space 47616K, 70% used [0x00000000c0000000,0x00000000c20d63b0,0x00000000c2e80000)
 Metaspace       used 32350K, capacity 32649K, committed 32896K, reserved 1079296K
  class space    used 3344K, capacity 3434K, committed 3456K, reserved 1048576K
Event: 44.633 GC heap after
Heap after GC invocations=21 (full 1):
 PSYoungGen      total 335360K, used 869K [0x00000000eab00000, 0x00000000ffd80000, 0x0000000100000000)
  eden space 324096K, 0% used [0x00000000eab00000,0x00000000eab00000,0x00000000fe780000)
  from space 11264K, 7% used [0x00000000ff280000,0x00000000ff359650,0x00000000ffd80000)
  to   space 11264K, 0% used [0x00000000fe780000,0x00000000fe780000,0x00000000ff280000)
 ParOldGen       total 47616K, used 33624K [0x00000000c0000000, 0x00000000c2e80000, 0x00000000eab00000)
  object space 47616K, 70% used [0x00000000c0000000,0x00000000c20d63b0,0x00000000c2e80000)
 Metaspace       used 32350K, capacity 32649K, committed 32896K, reserved 1079296K
  class space    used 3344K, capacity 3434K, committed 3456K, reserved 1048576K
}

