# JRE version: Java(TM) SE Runtime Environment (8.0_181-b13) (build 1.8.0_181-b13)
# Java VM: Java HotSpot(TM) 64-Bit Server VM (25.181-b13 mixed mode windows-amd64 compressed oops)
Heap:
 PSYoungGen      total 50176K, used 6881K [0x00000000eab00000, 0x00000000f3980000, 0x0000000100000000)
  eden space 49664K, 12% used [0x00000000eab00000,0x00000000eb13ab58,0x00000000edb80000)
  from space 512K, 98% used [0x00000000f3900000,0x00000000f397da50,0x00000000f3980000)
  to   space 1024K, 0% used [0x00000000f3780000,0x00000000f3780000,0x00000000f3880000)
 ParOldGen       total 97280K, used 96744K [0x00000000c0000000, 0x00000000c5f00000, 0x00000000eab00000)
  object space 97280K, 99% used [0x00000000c0000000,0x00000000c5e7a360,0x00000000c5f00000)
 Metaspace       used 33635K, capacity 33925K, committed 34304K, reserved 1079296K
  class space    used 3380K, capacity 3472K, committed 3584K, reserved 1048576K
GC Heap History (10 events):
Event: 760.414 GC heap before
{Heap before GC invocations=2378 (full 2):
 PSYoungGen      total 50688K, used 50294K [0x00000000eab00000, 0x00000000f3a00000, 0x0000000100000000)
  eden space 49664K, 100% used [0x00000000eab00000,0x00000000edb80000,0x00000000edb80000)
  from space 1024K, 61% used [0x00000000f3880000,0x00000000f391da50,0x00000000f3980000)
  to   space 512K, 0% used [0x00000000f3980000,0x00000000f3980000,0x00000000f3a00000)
 ParOldGen       total 97280K, used 96429K [0x00000000c0000000, 0x00000000c5f00000, 0x00000000eab00000)
  object space 97280K, 99% used [0x00000000c0000000,0x00000000c5e2b610,0x00000000c5f00000)
 Metaspace       used 33609K, capacity 33925K, committed 34304K, reserved 1079296K
  class space    used 3376K, capacity 3472K, committed 3584K, reserved 1048576K
Event: 760.415 GC heap after
Heap after GC invocations=2378 (full 2):
 PSYoungGen      total 54272K, used 484K [0x00000000eab00000, 0x00000000f3a00000, 0x0000000100000000)
  eden space 53760K, 0% used [0x00000000eab00000,0x00000000eab00000,0x00000000edf80000)
  from space 512K, 94% used [0x00000000f3980000,0x00000000f39f9180,0x00000000f3a00000)
  to   space 1024K, 0% used [0x00000000f3800000,0x00000000f3800000,0x00000000f3900000)
 ParOldGen       total 97280K, used 96624K [0x00000000c0000000, 0x00000000c5f00000, 0x00000000eab00000)
  object space 97280K, 99% used [0x00000000c0000000,0x00000000c5e5c360,0x00000000c5f00000)
 Metaspace       used 33609K, capacity 33925K, committed 34304K, reserved 1079296K
  class space    used 3376K, capacity 3472K, committed 3584K, reserved 1048576K
}
Event: 760.952 GC heap before
{Heap before GC invocations=2379 (full 2):
 PSYoungGen      total 54272K, used 54244K [0x00000000eab00000, 0x00000000f3a00000, 0x0000000100000000)
  eden space 53760K, 100% used [0x00000000eab00000,0x00000000edf80000,0x00000000edf80000)
  from space 512K, 94% used [0x00000000f3980000,0x00000000f39f9180,0x00000000f3a00000)
  to   space 1024K, 0% used [0x00000000f3800000,0x00000000f3800000,0x00000000f3900000)
 ParOldGen       total 97280K, used 96624K [0x00000000c0000000, 0x00000000c5f00000, 0x00000000eab00000)
  object space 97280K, 99% used [0x00000000c0000000,0x00000000c5e5c360,0x00000000c5f00000)
 Metaspace       used 33609K, capacity 33925K, committed 34304K, reserved 1079296K
  class space    used 3376K, capacity 3472K, committed 3584K, reserved 1048576K
Event: 760.953 GC heap after
Heap after GC invocations=2379 (full 2):
 PSYoungGen      total 53760K, used 596K [0x00000000eab00000, 0x00000000f3a00000, 0x0000000100000000)
  eden space 52736K, 0% used [0x00000000eab00000,0x00000000eab00000,0x00000000ede80000)
  from space 1024K, 58% used [0x00000000f3800000,0x00000000f38953b0,0x00000000f3900000)
  to   space 1024K, 0% used [0x00000000f3900000,0x00000000f3900000,0x00000000f3a00000)
 ParOldGen       total 97280K, used 96624K [0x00000000c0000000, 0x00000000c5f00000, 0x00000000eab00000)
  object space 97280K, 99% used [0x00000000c0000000,0x00000000c5e5c360,0x00000000c5f00000)
 Metaspace       used 33609K, capacity 33925K, committed 34304K, reserved 1079296K
  class space    used 3376K, capacity 3472K, committed 3584K, reserved 1048576K
}
Event: 761.438 GC heap before
{Heap before GC invocations=2380 (full 2):
 PSYoungGen      total 53760K, used 53332K [0x00000000eab00000, 0x00000000f3a00000, 0x0000000100000000)
  eden space 52736K, 100% used [0x00000000eab00000,0x00000000ede80000,0x00000000ede80000)
  from space 1024K, 58% used [0x00000000f3800000,0x00000000f38953b0,0x00000000f3900000)
  to   space 1024K, 0% used [0x00000000f3900000,0x00000000f3900000,0x00000000f3a00000)
 ParOldGen       total 97280K, used 96624K [0x00000000c0000000, 0x00000000c5f00000, 0x00000000eab00000)
  object space 97280K, 99% used [0x00000000c0000000,0x00000000c5e5c360,0x00000000c5f00000)
 Metaspace       used 33609K, capacity 33925K, committed 34304K, reserved 1079296K
  class space    used 3376K, capacity 3472K, committed 3584K, reserved 1048576K
Event: 761.439 GC heap after
Heap after GC invocations=2380 (full 2):
 PSYoungGen      total 52736K, used 630K [0x00000000eab00000, 0x00000000f3a00000, 0x0000000100000000)
  eden space 51712K, 0% used [0x00000000eab00000,0x00000000eab00000,0x00000000edd80000)
  from space 1024K, 61% used [0x00000000f3900000,0x00000000f399d830,0x00000000f3a00000)
  to   space 1024K, 0% used [0x00000000f3800000,0x00000000f3800000,0x00000000f3900000)
 ParOldGen       total 97280K, used 96624K [0x00000000c0000000, 0x00000000c5f00000, 0x00000000eab00000)
  object space 97280K, 99% used [0x00000000c0000000,0x00000000c5e5c360,0x00000000c5f00000)
 Metaspace       used 33609K, capacity 33925K, committed 34304K, reserved 1079296K
  class space    used 3376K, capacity 3472K, committed 3584K, reserved 1048576K
}
Event: 761.871 GC heap before
{Heap before GC invocations=2381 (full 2):
 PSYoungGen      total 52736K, used 52342K [0x00000000eab00000, 0x00000000f3a00000, 0x0000000100000000)
  eden space 51712K, 100% used [0x00000000eab00000,0x00000000edd80000,0x00000000edd80000)
  from space 1024K, 61% used [0x00000000f3900000,0x00000000f399d830,0x00000000f3a00000)
  to   space 1024K, 0% used [0x00000000f3800000,0x00000000f3800000,0x00000000f3900000)
 ParOldGen       total 97280K, used 96624K [0x00000000c0000000, 0x00000000c5f00000, 0x00000000eab00000)
  object space 97280K, 99% used [0x00000000c0000000,0x00000000c5e5c360,0x00000000c5f00000)
 Metaspace       used 33609K, capacity 33925K, committed 34304K, reserved 1079296K
  class space    used 3376K, capacity 3472K, committed 3584K, reserved 1048576K
Event: 761.872 GC heap after
Heap after GC invocations=2381 (full 2):
 PSYoungGen      total 51712K, used 694K [0x00000000eab00000, 0x00000000f3980000, 0x0000000100000000)
  eden space 50688K, 0% used [0x00000000eab00000,0x00000000eab00000,0x00000000edc80000)
  from space 1024K, 67% used [0x00000000f3800000,0x00000000f38ada50,0x00000000f3900000)
  to   space 512K, 0% used [0x00000000f3900000,0x00000000f3900000,0x00000000f3980000)
 ParOldGen       total 97280K, used 96624K [0x00000000c0000000, 0x00000000c5f00000, 0x00000000eab00000)
  object space 97280K, 99% used [0x00000000c0000000,0x00000000c5e5c360,0x00000000c5f00000)
 Metaspace       used 33609K, capacity 33925K, committed 34304K, reserved 1079296K
  class space    used 3376K, capacity 3472K, committed 3584K, reserved 1048576K
}
Event: 762.340 GC heap before
{Heap before GC invocations=2382 (full 2):
 PSYoungGen      total 51712K, used 51382K [0x00000000eab00000, 0x00000000f3980000, 0x0000000100000000)
  eden space 50688K, 100% used [0x00000000eab00000,0x00000000edc80000,0x00000000edc80000)
  from space 1024K, 67% used [0x00000000f3800000,0x00000000f38ada50,0x00000000f3900000)
  to   space 512K, 0% used [0x00000000f3900000,0x00000000f3900000,0x00000000f3980000)
 ParOldGen       total 97280K, used 96624K [0x00000000c0000000, 0x00000000c5f00000, 0x00000000eab00000)
  object space 97280K, 99% used [0x00000000c0000000,0x00000000c5e5c360,0x00000000c5f00000)
 Metaspace       used 33609K, capacity 33925K, committed 34304K, reserved 1079296K
  class space    used 3376K, capacity 3472K, committed 3584K, reserved 1048576K
Event: 762.341 GC heap after
Heap after GC invocations=2382 (full 2):
 PSYoungGen      total 50176K, used 502K [0x00000000eab00000, 0x00000000f3980000, 0x0000000100000000)
  eden space 49664K, 0% used [0x00000000eab00000,0x00000000eab00000,0x00000000edb80000)
  from space 512K, 98% used [0x00000000f3900000,0x00000000f397da50,0x00000000f3980000)
  to   space 1024K, 0% used [0x00000000f3780000,0x00000000f3780000,0x00000000f3880000)
 ParOldGen       total 97280K, used 96744K [0x00000000c0000000, 0x00000000c5f00000, 0x00000000eab00000)
  object space 97280K, 99% used [0x00000000c0000000,0x00000000c5e7a360,0x00000000c5f00000)
 Metaspace       used 33609K, capacity 33925K, committed 34304K, reserved 1079296K
  class space    used 3376K, capacity 3472K, committed 3584K, reserved 1048576K
}

