# JRE version: Java(TM) SE Runtime Environment (8.0_181-b13) (build 1.8.0_181-b13)
# Java VM: Java HotSpot(TM) 64-Bit Server VM (25.181-b13 mixed mode windows-amd64 compressed oops)
Heap:
 PSYoungGen      total 334848K, used 20720K [0x00000000eab00000, 0x00000000fff00000, 0x0000000100000000)
  eden space 322560K, 6% used [0x00000000eab00000,0x00000000ebf1c3f8,0x00000000fe600000)
  from space 12288K, 1% used [0x00000000ff300000,0x00000000ff320000,0x00000000fff00000)
  to   space 12800K, 0% used [0x00000000fe600000,0x00000000fe600000,0x00000000ff280000)
 ParOldGen       total 47616K, used 32096K [0x00000000c0000000, 0x00000000c2e80000, 0x00000000eab00000)
  object space 47616K, 67% used [0x00000000c0000000,0x00000000c1f581f8,0x00000000c2e80000)
 Metaspace       used 32361K, capacity 32701K, committed 32896K, reserved 1079296K
  class space    used 3352K, capacity 3432K, committed 3456K, reserved 1048576K
GC Heap History (10 events):
Event: 3.803 GC heap before
{Heap before GC invocations=11 (full 1):
 PSYoungGen      total 140800K, used 133108K [0x00000000eab00000, 0x00000000f8b00000, 0x0000000100000000)
  eden space 133120K, 99% used [0x00000000eab00000,0x00000000f2cfd0b8,0x00000000f2d00000)
  from space 7680K, 0% used [0x00000000f2d00000,0x00000000f2d00000,0x00000000f3480000)
  to   space 8192K, 0% used [0x00000000f8300000,0x00000000f8300000,0x00000000f8b00000)
 ParOldGen       total 47616K, used 5438K [0x00000000c0000000, 0x00000000c2e80000, 0x00000000eab00000)
  object space 47616K, 11% used [0x00000000c0000000,0x00000000c054f970,0x00000000c2e80000)
 Metaspace       used 28424K, capacity 28723K, committed 28928K, reserved 1075200K
  class space    used 3142K, capacity 3239K, committed 3328K, reserved 1048576K
Event: 3.811 GC heap after
Heap after GC invocations=11 (full 1):
 PSYoungGen      total 202752K, used 8171K [0x00000000eab00000, 0x00000000f8b00000, 0x0000000100000000)
  eden space 194560K, 0% used [0x00000000eab00000,0x00000000eab00000,0x00000000f6900000)
  from space 8192K, 99% used [0x00000000f8300000,0x00000000f8afaeb0,0x00000000f8b00000)
  to   space 12800K, 0% used [0x00000000f7200000,0x00000000f7200000,0x00000000f7e80000)
 ParOldGen       total 47616K, used 14411K [0x00000000c0000000, 0x00000000c2e80000, 0x00000000eab00000)
  object space 47616K, 30% used [0x00000000c0000000,0x00000000c0e12d20,0x00000000c2e80000)
 Metaspace       used 28424K, capacity 28723K, committed 28928K, reserved 1075200K
  class space    used 3142K, capacity 3239K, committed 3328K, reserved 1048576K
}
Event: 8.398 GC heap before
{Heap before GC invocations=12 (full 1):
 PSYoungGen      total 202752K, used 202731K [0x00000000eab00000, 0x00000000f8b00000, 0x0000000100000000)
  eden space 194560K, 100% used [0x00000000eab00000,0x00000000f6900000,0x00000000f6900000)
  from space 8192K, 99% used [0x00000000f8300000,0x00000000f8afaeb0,0x00000000f8b00000)
  to   space 12800K, 0% used [0x00000000f7200000,0x00000000f7200000,0x00000000f7e80000)
 ParOldGen       total 47616K, used 14411K [0x00000000c0000000, 0x00000000c2e80000, 0x00000000eab00000)
  object space 47616K, 30% used [0x00000000c0000000,0x00000000c0e12d20,0x00000000c2e80000)
 Metaspace       used 31094K, capacity 31453K, committed 31872K, reserved 1077248K
  class space    used 3298K, capacity 3400K, committed 3456K, reserved 1048576K
Event: 8.407 GC heap after
Heap after GC invocations=12 (full 1):
 PSYoungGen      total 216576K, used 9078K [0x00000000eab00000, 0x00000000fd400000, 0x0000000100000000)
  eden space 203776K, 0% used [0x00000000eab00000,0x00000000eab00000,0x00000000f7200000)
  from space 12800K, 70% used [0x00000000f7200000,0x00000000f7addb08,0x00000000f7e80000)
  to   space 13312K, 0% used [0x00000000fc700000,0x00000000fc700000,0x00000000fd400000)
 ParOldGen       total 47616K, used 22514K [0x00000000c0000000, 0x00000000c2e80000, 0x00000000eab00000)
  object space 47616K, 47% used [0x00000000c0000000,0x00000000c15fcb60,0x00000000c2e80000)
 Metaspace       used 31094K, capacity 31453K, committed 31872K, reserved 1077248K
  class space    used 3298K, capacity 3400K, committed 3456K, reserved 1048576K
}
Event: 22.162 GC heap before
{Heap before GC invocations=13 (full 1):
 PSYoungGen      total 216576K, used 212854K [0x00000000eab00000, 0x00000000fd400000, 0x0000000100000000)
  eden space 203776K, 100% used [0x00000000eab00000,0x00000000f7200000,0x00000000f7200000)
  from space 12800K, 70% used [0x00000000f7200000,0x00000000f7addb08,0x00000000f7e80000)
  to   space 13312K, 0% used [0x00000000fc700000,0x00000000fc700000,0x00000000fd400000)
 ParOldGen       total 47616K, used 22514K [0x00000000c0000000, 0x00000000c2e80000, 0x00000000eab00000)
  object space 47616K, 47% used [0x00000000c0000000,0x00000000c15fcb60,0x00000000c2e80000)
 Metaspace       used 32028K, capacity 32381K, committed 32640K, reserved 1079296K
  class space    used 3342K, capacity 3432K, committed 3456K, reserved 1048576K
Event: 22.168 GC heap after
Heap after GC invocations=13 (full 1):
 PSYoungGen      total 290816K, used 2555K [0x00000000eab00000, 0x00000000fd980000, 0x0000000100000000)
  eden space 277504K, 0% used [0x00000000eab00000,0x00000000eab00000,0x00000000fba00000)
  from space 13312K, 19% used [0x00000000fc700000,0x00000000fc97ed80,0x00000000fd400000)
  to   space 13312K, 0% used [0x00000000fba00000,0x00000000fba00000,0x00000000fc700000)
 ParOldGen       total 47616K, used 29645K [0x00000000c0000000, 0x00000000c2e80000, 0x00000000eab00000)
  object space 47616K, 62% used [0x00000000c0000000,0x00000000c1cf3530,0x00000000c2e80000)
 Metaspace       used 32028K, capacity 32381K, committed 32640K, reserved 1079296K
  class space    used 3342K, capacity 3432K, committed 3456K, reserved 1048576K
}
Event: 24.967 GC heap before
{Heap before GC invocations=14 (full 1):
 PSYoungGen      total 290816K, used 280059K [0x00000000eab00000, 0x00000000fd980000, 0x0000000100000000)
  eden space 277504K, 100% used [0x00000000eab00000,0x00000000fba00000,0x00000000fba00000)
  from space 13312K, 19% used [0x00000000fc700000,0x00000000fc97ed80,0x00000000fd400000)
  to   space 13312K, 0% used [0x00000000fba00000,0x00000000fba00000,0x00000000fc700000)
 ParOldGen       total 47616K, used 29645K [0x00000000c0000000, 0x00000000c2e80000, 0x00000000eab00000)
  object space 47616K, 62% used [0x00000000c0000000,0x00000000c1cf3530,0x00000000c2e80000)
 Metaspace       used 32205K, capacity 32509K, committed 32896K, reserved 1079296K
  class space    used 3344K, capacity 3432K, committed 3456K, reserved 1048576K
Event: 24.971 GC heap after
Heap after GC invocations=14 (full 1):
 PSYoungGen      total 290816K, used 192K [0x00000000eab00000, 0x0000000100000000, 0x0000000100000000)
  eden space 277504K, 0% used [0x00000000eab00000,0x00000000eab00000,0x00000000fba00000)
  from space 13312K, 1% used [0x00000000fba00000,0x00000000fba30000,0x00000000fc700000)
  to   space 13312K, 0% used [0x00000000ff300000,0x00000000ff300000,0x0000000100000000)
 ParOldGen       total 47616K, used 32016K [0x00000000c0000000, 0x00000000c2e80000, 0x00000000eab00000)
  object space 47616K, 67% used [0x00000000c0000000,0x00000000c1f441f8,0x00000000c2e80000)
 Metaspace       used 32205K, capacity 32509K, committed 32896K, reserved 1079296K
  class space    used 3344K, capacity 3432K, committed 3456K, reserved 1048576K
}
Event: 27.114 GC heap before
{Heap before GC invocations=15 (full 1):
 PSYoungGen      total 290816K, used 277696K [0x00000000eab00000, 0x0000000100000000, 0x0000000100000000)
  eden space 277504K, 100% used [0x00000000eab00000,0x00000000fba00000,0x00000000fba00000)
  from space 13312K, 1% used [0x00000000fba00000,0x00000000fba30000,0x00000000fc700000)
  to   space 13312K, 0% used [0x00000000ff300000,0x00000000ff300000,0x0000000100000000)
 ParOldGen       total 47616K, used 32016K [0x00000000c0000000, 0x00000000c2e80000, 0x00000000eab00000)
  object space 47616K, 67% used [0x00000000c0000000,0x00000000c1f441f8,0x00000000c2e80000)
 Metaspace       used 32336K, capacity 32701K, committed 32896K, reserved 1079296K
  class space    used 3348K, capacity 3432K, committed 3456K, reserved 1048576K
Event: 27.116 GC heap after
Heap after GC invocations=15 (full 1):
 PSYoungGen      total 334848K, used 128K [0x00000000eab00000, 0x00000000fff00000, 0x0000000100000000)
  eden space 322560K, 0% used [0x00000000eab00000,0x00000000eab00000,0x00000000fe600000)
  from space 12288K, 1% used [0x00000000ff300000,0x00000000ff320000,0x00000000fff00000)
  to   space 12800K, 0% used [0x00000000fe600000,0x00000000fe600000,0x00000000ff280000)
 ParOldGen       total 47616K, used 32096K [0x00000000c0000000, 0x00000000c2e80000, 0x00000000eab00000)
  object space 47616K, 67% used [0x00000000c0000000,0x00000000c1f581f8,0x00000000c2e80000)
 Metaspace       used 32336K, capacity 32701K, committed 32896K, reserved 1079296K
  class space    used 3348K, capacity 3432K, committed 3456K, reserved 1048576K
}

