# JRE version: Java(TM) SE Runtime Environment (8.0_181-b13) (build 1.8.0_181-b13)
# Java VM: Java HotSpot(TM) 64-Bit Server VM (25.181-b13 mixed mode windows-amd64 compressed oops)
Heap:
 PSYoungGen      total 337408K, used 106764K [0x00000000eab00000, 0x00000000ffe80000, 0x0000000100000000)
  eden space 326656K, 32% used [0x00000000eab00000,0x00000000f12895f8,0x00000000fea00000)
  from space 10752K, 6% used [0x00000000ff400000,0x00000000ff4b9c80,0x00000000ffe80000)
  to   space 10240K, 0% used [0x00000000fea00000,0x00000000fea00000,0x00000000ff400000)
 ParOldGen       total 47616K, used 32571K [0x00000000c0000000, 0x00000000c2e80000, 0x00000000eab00000)
  object space 47616K, 68% used [0x00000000c0000000,0x00000000c1fcedf8,0x00000000c2e80000)
 Metaspace       used 32363K, capacity 32661K, committed 32896K, reserved 1079296K
  class space    used 3347K, capacity 3436K, committed 3456K, reserved 1048576K
GC Heap History (10 events):
Event: 39.551 GC heap before
{Heap before GC invocations=17 (full 1):
 PSYoungGen      total 323584K, used 323254K [0x00000000eab00000, 0x00000000fff00000, 0x0000000100000000)
  eden space 322560K, 100% used [0x00000000eab00000,0x00000000fe600000,0x00000000fe600000)
  from space 1024K, 67% used [0x00000000fe600000,0x00000000fe6ada50,0x00000000fe700000)
  to   space 12800K, 0% used [0x00000000ff280000,0x00000000ff280000,0x00000000fff00000)
 ParOldGen       total 47616K, used 32563K [0x00000000c0000000, 0x00000000c2e80000, 0x00000000eab00000)
  object space 47616K, 68% used [0x00000000c0000000,0x00000000c1fccdf8,0x00000000c2e80000)
 Metaspace       used 32322K, capacity 32661K, committed 32896K, reserved 1079296K
  class space    used 3343K, capacity 3436K, committed 3456K, reserved 1048576K
Event: 39.553 GC heap after
Heap after GC invocations=17 (full 1):
 PSYoungGen      total 335872K, used 694K [0x00000000eab00000, 0x0000000100000000, 0x0000000100000000)
  eden space 323072K, 0% used [0x00000000eab00000,0x00000000eab00000,0x00000000fe680000)
  from space 12800K, 5% used [0x00000000ff280000,0x00000000ff32da50,0x00000000fff00000)
  to   space 12288K, 0% used [0x00000000fe680000,0x00000000fe680000,0x00000000ff280000)
 ParOldGen       total 47616K, used 32563K [0x00000000c0000000, 0x00000000c2e80000, 0x00000000eab00000)
  object space 47616K, 68% used [0x00000000c0000000,0x00000000c1fccdf8,0x00000000c2e80000)
 Metaspace       used 32322K, capacity 32661K, committed 32896K, reserved 1079296K
  class space    used 3343K, capacity 3436K, committed 3456K, reserved 1048576K
}
Event: 41.732 GC heap before
{Heap before GC invocations=18 (full 1):
 PSYoungGen      total 335872K, used 323766K [0x00000000eab00000, 0x0000000100000000, 0x0000000100000000)
  eden space 323072K, 100% used [0x00000000eab00000,0x00000000fe680000,0x00000000fe680000)
  from space 12800K, 5% used [0x00000000ff280000,0x00000000ff32da50,0x00000000fff00000)
  to   space 12288K, 0% used [0x00000000fe680000,0x00000000fe680000,0x00000000ff280000)
 ParOldGen       total 47616K, used 32563K [0x00000000c0000000, 0x00000000c2e80000, 0x00000000eab00000)
  object space 47616K, 68% used [0x00000000c0000000,0x00000000c1fccdf8,0x00000000c2e80000)
 Metaspace       used 32325K, capacity 32661K, committed 32896K, reserved 1079296K
  class space    used 3343K, capacity 3436K, committed 3456K, reserved 1048576K
Event: 41.733 GC heap after
Heap after GC invocations=18 (full 1):
 PSYoungGen      total 335360K, used 758K [0x00000000eab00000, 0x00000000ffe80000, 0x0000000100000000)
  eden space 323072K, 0% used [0x00000000eab00000,0x00000000eab00000,0x00000000fe680000)
  from space 12288K, 6% used [0x00000000fe680000,0x00000000fe73da50,0x00000000ff280000)
  to   space 11776K, 0% used [0x00000000ff300000,0x00000000ff300000,0x00000000ffe80000)
 ParOldGen       total 47616K, used 32563K [0x00000000c0000000, 0x00000000c2e80000, 0x00000000eab00000)
  object space 47616K, 68% used [0x00000000c0000000,0x00000000c1fccdf8,0x00000000c2e80000)
 Metaspace       used 32325K, capacity 32661K, committed 32896K, reserved 1079296K
  class space    used 3343K, capacity 3436K, committed 3456K, reserved 1048576K
}
Event: 44.300 GC heap before
{Heap before GC invocations=19 (full 1):
 PSYoungGen      total 335360K, used 323830K [0x00000000eab00000, 0x00000000ffe80000, 0x0000000100000000)
  eden space 323072K, 100% used [0x00000000eab00000,0x00000000fe680000,0x00000000fe680000)
  from space 12288K, 6% used [0x00000000fe680000,0x00000000fe73da50,0x00000000ff280000)
  to   space 11776K, 0% used [0x00000000ff300000,0x00000000ff300000,0x00000000ffe80000)
 ParOldGen       total 47616K, used 32563K [0x00000000c0000000, 0x00000000c2e80000, 0x00000000eab00000)
  object space 47616K, 68% used [0x00000000c0000000,0x00000000c1fccdf8,0x00000000c2e80000)
 Metaspace       used 32331K, capacity 32661K, committed 32896K, reserved 1079296K
  class space    used 3343K, capacity 3436K, committed 3456K, reserved 1048576K
Event: 44.301 GC heap after
Heap after GC invocations=19 (full 1):
 PSYoungGen      total 336384K, used 1003K [0x00000000eab00000, 0x00000000ffe80000, 0x0000000100000000)
  eden space 324608K, 0% used [0x00000000eab00000,0x00000000eab00000,0x00000000fe800000)
  from space 11776K, 8% used [0x00000000ff300000,0x00000000ff3fae00,0x00000000ffe80000)
  to   space 11264K, 0% used [0x00000000fe800000,0x00000000fe800000,0x00000000ff300000)
 ParOldGen       total 47616K, used 32571K [0x00000000c0000000, 0x00000000c2e80000, 0x00000000eab00000)
  object space 47616K, 68% used [0x00000000c0000000,0x00000000c1fcedf8,0x00000000c2e80000)
 Metaspace       used 32331K, capacity 32661K, committed 32896K, reserved 1079296K
  class space    used 3343K, capacity 3436K, committed 3456K, reserved 1048576K
}
Event: 46.874 GC heap before
{Heap before GC invocations=20 (full 1):
 PSYoungGen      total 336384K, used 325611K [0x00000000eab00000, 0x00000000ffe80000, 0x0000000100000000)
  eden space 324608K, 100% used [0x00000000eab00000,0x00000000fe800000,0x00000000fe800000)
  from space 11776K, 8% used [0x00000000ff300000,0x00000000ff3fae00,0x00000000ffe80000)
  to   space 11264K, 0% used [0x00000000fe800000,0x00000000fe800000,0x00000000ff300000)
 ParOldGen       total 47616K, used 32571K [0x00000000c0000000, 0x00000000c2e80000, 0x00000000eab00000)
  object space 47616K, 68% used [0x00000000c0000000,0x00000000c1fcedf8,0x00000000c2e80000)
 Metaspace       used 32332K, capacity 32661K, committed 32896K, reserved 1079296K
  class space    used 3343K, capacity 3436K, committed 3456K, reserved 1048576K
Event: 46.876 GC heap after
Heap after GC invocations=20 (full 1):
 PSYoungGen      total 335872K, used 1019K [0x00000000eab00000, 0x00000000ffe80000, 0x0000000100000000)
  eden space 324608K, 0% used [0x00000000eab00000,0x00000000eab00000,0x00000000fe800000)
  from space 11264K, 9% used [0x00000000fe800000,0x00000000fe8fee10,0x00000000ff300000)
  to   space 10752K, 0% used [0x00000000ff400000,0x00000000ff400000,0x00000000ffe80000)
 ParOldGen       total 47616K, used 32571K [0x00000000c0000000, 0x00000000c2e80000, 0x00000000eab00000)
  object space 47616K, 68% used [0x00000000c0000000,0x00000000c1fcedf8,0x00000000c2e80000)
 Metaspace       used 32332K, capacity 32661K, committed 32896K, reserved 1079296K
  class space    used 3343K, capacity 3436K, committed 3456K, reserved 1048576K
}
Event: 49.346 GC heap before
{Heap before GC invocations=21 (full 1):
 PSYoungGen      total 335872K, used 325627K [0x00000000eab00000, 0x00000000ffe80000, 0x0000000100000000)
  eden space 324608K, 100% used [0x00000000eab00000,0x00000000fe800000,0x00000000fe800000)
  from space 11264K, 9% used [0x00000000fe800000,0x00000000fe8fee10,0x00000000ff300000)
  to   space 10752K, 0% used [0x00000000ff400000,0x00000000ff400000,0x00000000ffe80000)
 ParOldGen       total 47616K, used 32571K [0x00000000c0000000, 0x00000000c2e80000, 0x00000000eab00000)
  object space 47616K, 68% used [0x00000000c0000000,0x00000000c1fcedf8,0x00000000c2e80000)
 Metaspace       used 32332K, capacity 32661K, committed 32896K, reserved 1079296K
  class space    used 3343K, capacity 3436K, committed 3456K, reserved 1048576K
Event: 49.347 GC heap after
Heap after GC invocations=21 (full 1):
 PSYoungGen      total 337408K, used 743K [0x00000000eab00000, 0x00000000ffe80000, 0x0000000100000000)
  eden space 326656K, 0% used [0x00000000eab00000,0x00000000eab00000,0x00000000fea00000)
  from space 10752K, 6% used [0x00000000ff400000,0x00000000ff4b9c80,0x00000000ffe80000)
  to   space 10240K, 0% used [0x00000000fea00000,0x00000000fea00000,0x00000000ff400000)
 ParOldGen       total 47616K, used 32571K [0x00000000c0000000, 0x00000000c2e80000, 0x00000000eab00000)
  object space 47616K, 68% used [0x00000000c0000000,0x00000000c1fcedf8,0x00000000c2e80000)
 Metaspace       used 32332K, capacity 32661K, committed 32896K, reserved 1079296K
  class space    used 3343K, capacity 3436K, committed 3456K, reserved 1048576K
}

