# JRE version: Java(TM) SE Runtime Environment (8.0_181-b13) (build 1.8.0_181-b13)
# Java VM: Java HotSpot(TM) 64-Bit Server VM (25.181-b13 mixed mode windows-amd64 compressed oops)
Heap:
 PSYoungGen      total 329216K, used 257486K [0x00000000eab00000, 0x00000000ffe80000, 0x0000000100000000)
  eden space 312832K, 81% used [0x00000000eab00000,0x00000000fa557e58,0x00000000fdc80000)
  from space 16384K, 6% used [0x00000000fdc80000,0x00000000fdd9bb60,0x00000000fec80000)
  to   space 15872K, 0% used [0x00000000fef00000,0x00000000fef00000,0x00000000ffe80000)
 ParOldGen       total 99328K, used 42404K [0x00000000c0000000, 0x00000000c6100000, 0x00000000eab00000)
  object space 99328K, 42% used [0x00000000c0000000,0x00000000c2969180,0x00000000c6100000)
 Metaspace       used 32692K, capacity 32995K, committed 33280K, reserved 1079296K
  class space    used 3363K, capacity 3465K, committed 3584K, reserved 1048576K
GC Heap History (10 events):
Event: 41.189 GC heap before
{Heap before GC invocations=19 (full 2):
 PSYoungGen      total 328192K, used 308318K [0x00000000eab00000, 0x0000000100000000, 0x0000000100000000)
  eden space 307712K, 100% used [0x00000000eab00000,0x00000000fd780000,0x00000000fd780000)
  from space 20480K, 2% used [0x00000000feb00000,0x00000000feb97a98,0x00000000fff00000)
  to   space 19968K, 0% used [0x00000000fd780000,0x00000000fd780000,0x00000000feb00000)
 ParOldGen       total 99328K, used 41040K [0x00000000c0000000, 0x00000000c6100000, 0x00000000eab00000)
  object space 99328K, 41% used [0x00000000c0000000,0x00000000c2814008,0x00000000c6100000)
 Metaspace       used 32406K, capacity 32771K, committed 32896K, reserved 1079296K
  class space    used 3345K, capacity 3433K, committed 3456K, reserved 1048576K
Event: 41.191 GC heap after
Heap after GC invocations=19 (full 2):
 PSYoungGen      total 327680K, used 480K [0x00000000eab00000, 0x00000000ffd80000, 0x0000000100000000)
  eden space 307712K, 0% used [0x00000000eab00000,0x00000000eab00000,0x00000000fd780000)
  from space 19968K, 2% used [0x00000000fd780000,0x00000000fd7f8040,0x00000000feb00000)
  to   space 18944K, 0% used [0x00000000feb00000,0x00000000feb00000,0x00000000ffd80000)
 ParOldGen       total 99328K, used 41535K [0x00000000c0000000, 0x00000000c6100000, 0x00000000eab00000)
  object space 99328K, 41% used [0x00000000c0000000,0x00000000c288fcd0,0x00000000c6100000)
 Metaspace       used 32406K, capacity 32771K, committed 32896K, reserved 1079296K
  class space    used 3345K, capacity 3433K, committed 3456K, reserved 1048576K
}
Event: 43.716 GC heap before
{Heap before GC invocations=20 (full 2):
 PSYoungGen      total 327680K, used 308192K [0x00000000eab00000, 0x00000000ffd80000, 0x0000000100000000)
  eden space 307712K, 100% used [0x00000000eab00000,0x00000000fd780000,0x00000000fd780000)
  from space 19968K, 2% used [0x00000000fd780000,0x00000000fd7f8040,0x00000000feb00000)
  to   space 18944K, 0% used [0x00000000feb00000,0x00000000feb00000,0x00000000ffd80000)
 ParOldGen       total 99328K, used 41535K [0x00000000c0000000, 0x00000000c6100000, 0x00000000eab00000)
  object space 99328K, 41% used [0x00000000c0000000,0x00000000c288fcd0,0x00000000c6100000)
 Metaspace       used 32595K, capacity 32931K, committed 33280K, reserved 1079296K
  class space    used 3359K, capacity 3465K, committed 3584K, reserved 1048576K
Event: 43.718 GC heap after
Heap after GC invocations=20 (full 2):
 PSYoungGen      total 328192K, used 675K [0x00000000eab00000, 0x00000000ffe00000, 0x0000000100000000)
  eden space 309248K, 0% used [0x00000000eab00000,0x00000000eab00000,0x00000000fd900000)
  from space 18944K, 3% used [0x00000000feb00000,0x00000000feba8d40,0x00000000ffd80000)
  to   space 18432K, 0% used [0x00000000fd900000,0x00000000fd900000,0x00000000feb00000)
 ParOldGen       total 99328K, used 41903K [0x00000000c0000000, 0x00000000c6100000, 0x00000000eab00000)
  object space 99328K, 42% used [0x00000000c0000000,0x00000000c28ebd10,0x00000000c6100000)
 Metaspace       used 32595K, capacity 32931K, committed 33280K, reserved 1079296K
  class space    used 3359K, capacity 3465K, committed 3584K, reserved 1048576K
}
Event: 45.986 GC heap before
{Heap before GC invocations=21 (full 2):
 PSYoungGen      total 328192K, used 309923K [0x00000000eab00000, 0x00000000ffe00000, 0x0000000100000000)
  eden space 309248K, 100% used [0x00000000eab00000,0x00000000fd900000,0x00000000fd900000)
  from space 18944K, 3% used [0x00000000feb00000,0x00000000feba8d40,0x00000000ffd80000)
  to   space 18432K, 0% used [0x00000000fd900000,0x00000000fd900000,0x00000000feb00000)
 ParOldGen       total 99328K, used 41903K [0x00000000c0000000, 0x00000000c6100000, 0x00000000eab00000)
  object space 99328K, 42% used [0x00000000c0000000,0x00000000c28ebd10,0x00000000c6100000)
 Metaspace       used 32611K, capacity 32995K, committed 33280K, reserved 1079296K
  class space    used 3359K, capacity 3465K, committed 3584K, reserved 1048576K
Event: 45.988 GC heap after
Heap after GC invocations=21 (full 2):
 PSYoungGen      total 327680K, used 877K [0x00000000eab00000, 0x00000000ffd80000, 0x0000000100000000)
  eden space 309248K, 0% used [0x00000000eab00000,0x00000000eab00000,0x00000000fd900000)
  from space 18432K, 4% used [0x00000000fd900000,0x00000000fd9db4b0,0x00000000feb00000)
  to   space 17408K, 0% used [0x00000000fec80000,0x00000000fec80000,0x00000000ffd80000)
 ParOldGen       total 99328K, used 42388K [0x00000000c0000000, 0x00000000c6100000, 0x00000000eab00000)
  object space 99328K, 42% used [0x00000000c0000000,0x00000000c2965180,0x00000000c6100000)
 Metaspace       used 32611K, capacity 32995K, committed 33280K, reserved 1079296K
  class space    used 3359K, capacity 3465K, committed 3584K, reserved 1048576K
}
Event: 48.168 GC heap before
{Heap before GC invocations=22 (full 2):
 PSYoungGen      total 327680K, used 310125K [0x00000000eab00000, 0x00000000ffd80000, 0x0000000100000000)
  eden space 309248K, 100% used [0x00000000eab00000,0x00000000fd900000,0x00000000fd900000)
  from space 18432K, 4% used [0x00000000fd900000,0x00000000fd9db4b0,0x00000000feb00000)
  to   space 17408K, 0% used [0x00000000fec80000,0x00000000fec80000,0x00000000ffd80000)
 ParOldGen       total 99328K, used 42388K [0x00000000c0000000, 0x00000000c6100000, 0x00000000eab00000)
  object space 99328K, 42% used [0x00000000c0000000,0x00000000c2965180,0x00000000c6100000)
 Metaspace       used 32626K, capacity 32995K, committed 33280K, reserved 1079296K
  class space    used 3359K, capacity 3465K, committed 3584K, reserved 1048576K
Event: 48.169 GC heap after
Heap after GC invocations=22 (full 2):
 PSYoungGen      total 329728K, used 1004K [0x00000000eab00000, 0x00000000ffd00000, 0x0000000100000000)
  eden space 312832K, 0% used [0x00000000eab00000,0x00000000eab00000,0x00000000fdc80000)
  from space 16896K, 5% used [0x00000000fec80000,0x00000000fed7b2a0,0x00000000ffd00000)
  to   space 16384K, 0% used [0x00000000fdc80000,0x00000000fdc80000,0x00000000fec80000)
 ParOldGen       total 99328K, used 42396K [0x00000000c0000000, 0x00000000c6100000, 0x00000000eab00000)
  object space 99328K, 42% used [0x00000000c0000000,0x00000000c2967180,0x00000000c6100000)
 Metaspace       used 32626K, capacity 32995K, committed 33280K, reserved 1079296K
  class space    used 3359K, capacity 3465K, committed 3584K, reserved 1048576K
}
Event: 54.448 GC heap before
{Heap before GC invocations=23 (full 2):
 PSYoungGen      total 329728K, used 313836K [0x00000000eab00000, 0x00000000ffd00000, 0x0000000100000000)
  eden space 312832K, 100% used [0x00000000eab00000,0x00000000fdc80000,0x00000000fdc80000)
  from space 16896K, 5% used [0x00000000fec80000,0x00000000fed7b2a0,0x00000000ffd00000)
  to   space 16384K, 0% used [0x00000000fdc80000,0x00000000fdc80000,0x00000000fec80000)
 ParOldGen       total 99328K, used 42396K [0x00000000c0000000, 0x00000000c6100000, 0x00000000eab00000)
  object space 99328K, 42% used [0x00000000c0000000,0x00000000c2967180,0x00000000c6100000)
 Metaspace       used 32660K, capacity 32995K, committed 33280K, reserved 1079296K
  class space    used 3359K, capacity 3465K, committed 3584K, reserved 1048576K
Event: 54.450 GC heap after
Heap after GC invocations=23 (full 2):
 PSYoungGen      total 329216K, used 1134K [0x00000000eab00000, 0x00000000ffe80000, 0x0000000100000000)
  eden space 312832K, 0% used [0x00000000eab00000,0x00000000eab00000,0x00000000fdc80000)
  from space 16384K, 6% used [0x00000000fdc80000,0x00000000fdd9bb60,0x00000000fec80000)
  to   space 15872K, 0% used [0x00000000fef00000,0x00000000fef00000,0x00000000ffe80000)
 ParOldGen       total 99328K, used 42404K [0x00000000c0000000, 0x00000000c6100000, 0x00000000eab00000)
  object space 99328K, 42% used [0x00000000c0000000,0x00000000c2969180,0x00000000c6100000)
 Metaspace       used 32660K, capacity 32995K, committed 33280K, reserved 1079296K
  class space    used 3359K, capacity 3465K, committed 3584K, reserved 1048576K
}

