# JRE version: Java(TM) SE Runtime Environment (8.0_181-b13) (build 1.8.0_181-b13)
# Java VM: Java HotSpot(TM) 64-Bit Server VM (25.181-b13 mixed mode windows-amd64 compressed oops)
Heap:
 PSYoungGen      total 227328K, used 200118K [0x00000000eab00000, 0x00000000fa980000, 0x0000000100000000)
  eden space 221184K, 87% used [0x00000000eab00000,0x00000000f687a828,0x00000000f8300000)
  from space 6144K, 99% used [0x00000000fa380000,0x00000000fa973270,0x00000000fa980000)
  to   space 8192K, 0% used [0x00000000f9980000,0x00000000f9980000,0x00000000fa180000)
 ParOldGen       total 47616K, used 18077K [0x00000000c0000000, 0x00000000c2e80000, 0x00000000eab00000)
  object space 47616K, 37% used [0x00000000c0000000,0x00000000c11a7760,0x00000000c2e80000)
 Metaspace       used 31019K, capacity 31363K, committed 31616K, reserved 1077248K
  class space    used 3314K, capacity 3433K, committed 3456K, reserved 1048576K
GC Heap History (10 events):
Event: 3.253 GC heap before
{Heap before GC invocations=5 (full 0):
 PSYoungGen      total 67072K, used 66865K [0x00000000eab00000, 0x00000000ef600000, 0x0000000100000000)
  eden space 61952K, 100% used [0x00000000eab00000,0x00000000ee780000,0x00000000ee780000)
  from space 5120K, 95% used [0x00000000eec80000,0x00000000ef14c798,0x00000000ef180000)
  to   space 5120K, 0% used [0x00000000ee780000,0x00000000ee780000,0x00000000eec80000)
 ParOldGen       total 87552K, used 404K [0x00000000c0000000, 0x00000000c5580000, 0x00000000eab00000)
  object space 87552K, 0% used [0x00000000c0000000,0x00000000c00651d8,0x00000000c5580000)
 Metaspace       used 20517K, capacity 20787K, committed 20992K, reserved 1069056K
  class space    used 2132K, capacity 2219K, committed 2304K, reserved 1048576K
Event: 3.258 GC heap after
Heap after GC invocations=5 (full 0):
 PSYoungGen      total 67072K, used 5089K [0x00000000eab00000, 0x00000000f3200000, 0x0000000100000000)
  eden space 61952K, 0% used [0x00000000eab00000,0x00000000eab00000,0x00000000ee780000)
  from space 5120K, 99% used [0x00000000ee780000,0x00000000eec78720,0x00000000eec80000)
  to   space 7168K, 0% used [0x00000000f2b00000,0x00000000f2b00000,0x00000000f3200000)
 ParOldGen       total 87552K, used 436K [0x00000000c0000000, 0x00000000c5580000, 0x00000000eab00000)
  object space 87552K, 0% used [0x00000000c0000000,0x00000000c006d1d8,0x00000000c5580000)
 Metaspace       used 20517K, capacity 20787K, committed 20992K, reserved 1069056K
  class space    used 2132K, capacity 2219K, committed 2304K, reserved 1048576K
}
Event: 3.293 GC heap before
{Heap before GC invocations=6 (full 0):
 PSYoungGen      total 67072K, used 67041K [0x00000000eab00000, 0x00000000f3200000, 0x0000000100000000)
  eden space 61952K, 100% used [0x00000000eab00000,0x00000000ee780000,0x00000000ee780000)
  from space 5120K, 99% used [0x00000000ee780000,0x00000000eec78720,0x00000000eec80000)
  to   space 7168K, 0% used [0x00000000f2b00000,0x00000000f2b00000,0x00000000f3200000)
 ParOldGen       total 87552K, used 436K [0x00000000c0000000, 0x00000000c5580000, 0x00000000eab00000)
  object space 87552K, 0% used [0x00000000c0000000,0x00000000c006d1d8,0x00000000c5580000)
 Metaspace       used 20589K, capacity 20851K, committed 20992K, reserved 1069056K
  class space    used 2132K, capacity 2219K, committed 2304K, reserved 1048576K
Event: 3.297 GC heap after
Heap after GC invocations=6 (full 0):
 PSYoungGen      total 130560K, used 5281K [0x00000000eab00000, 0x00000000f3300000, 0x0000000100000000)
  eden space 123392K, 0% used [0x00000000eab00000,0x00000000eab00000,0x00000000f2380000)
  from space 7168K, 73% used [0x00000000f2b00000,0x00000000f3028730,0x00000000f3200000)
  to   space 7680K, 0% used [0x00000000f2380000,0x00000000f2380000,0x00000000f2b00000)
 ParOldGen       total 87552K, used 444K [0x00000000c0000000, 0x00000000c5580000, 0x00000000eab00000)
  object space 87552K, 0% used [0x00000000c0000000,0x00000000c006f1d8,0x00000000c5580000)
 Metaspace       used 20589K, capacity 20851K, committed 20992K, reserved 1069056K
  class space    used 2132K, capacity 2219K, committed 2304K, reserved 1048576K
}
Event: 3.356 GC heap before
{Heap before GC invocations=7 (full 0):
 PSYoungGen      total 130560K, used 87434K [0x00000000eab00000, 0x00000000f3300000, 0x0000000100000000)
  eden space 123392K, 66% used [0x00000000eab00000,0x00000000efb3a0d0,0x00000000f2380000)
  from space 7168K, 73% used [0x00000000f2b00000,0x00000000f3028730,0x00000000f3200000)
  to   space 7680K, 0% used [0x00000000f2380000,0x00000000f2380000,0x00000000f2b00000)
 ParOldGen       total 87552K, used 444K [0x00000000c0000000, 0x00000000c5580000, 0x00000000eab00000)
  object space 87552K, 0% used [0x00000000c0000000,0x00000000c006f1d8,0x00000000c5580000)
 Metaspace       used 20988K, capacity 21195K, committed 21248K, reserved 1069056K
  class space    used 2178K, capacity 2287K, committed 2304K, reserved 1048576K
Event: 3.362 GC heap after
Heap after GC invocations=7 (full 0):
 PSYoungGen      total 131072K, used 2092K [0x00000000eab00000, 0x00000000fab00000, 0x0000000100000000)
  eden space 123392K, 0% used [0x00000000eab00000,0x00000000eab00000,0x00000000f2380000)
  from space 7680K, 27% used [0x00000000f2380000,0x00000000f258b188,0x00000000f2b00000)
  to   space 7680K, 0% used [0x00000000fa380000,0x00000000fa380000,0x00000000fab00000)
 ParOldGen       total 87552K, used 4051K [0x00000000c0000000, 0x00000000c5580000, 0x00000000eab00000)
  object space 87552K, 4% used [0x00000000c0000000,0x00000000c03f4dd8,0x00000000c5580000)
 Metaspace       used 20988K, capacity 21195K, committed 21248K, reserved 1069056K
  class space    used 2178K, capacity 2287K, committed 2304K, reserved 1048576K
}
Event: 3.362 GC heap before
{Heap before GC invocations=8 (full 1):
 PSYoungGen      total 131072K, used 2092K [0x00000000eab00000, 0x00000000fab00000, 0x0000000100000000)
  eden space 123392K, 0% used [0x00000000eab00000,0x00000000eab00000,0x00000000f2380000)
  from space 7680K, 27% used [0x00000000f2380000,0x00000000f258b188,0x00000000f2b00000)
  to   space 7680K, 0% used [0x00000000fa380000,0x00000000fa380000,0x00000000fab00000)
 ParOldGen       total 87552K, used 4051K [0x00000000c0000000, 0x00000000c5580000, 0x00000000eab00000)
  object space 87552K, 4% used [0x00000000c0000000,0x00000000c03f4dd8,0x00000000c5580000)
 Metaspace       used 20988K, capacity 21195K, committed 21248K, reserved 1069056K
  class space    used 2178K, capacity 2287K, committed 2304K, reserved 1048576K
Event: 3.400 GC heap after
Heap after GC invocations=8 (full 1):
 PSYoungGen      total 131072K, used 0K [0x00000000eab00000, 0x00000000fab00000, 0x0000000100000000)
  eden space 123392K, 0% used [0x00000000eab00000,0x00000000eab00000,0x00000000f2380000)
  from space 7680K, 0% used [0x00000000f2380000,0x00000000f2380000,0x00000000f2b00000)
  to   space 7680K, 0% used [0x00000000fa380000,0x00000000fa380000,0x00000000fab00000)
 ParOldGen       total 47616K, used 5657K [0x00000000c0000000, 0x00000000c2e80000, 0x00000000eab00000)
  object space 47616K, 11% used [0x00000000c0000000,0x00000000c0586530,0x00000000c2e80000)
 Metaspace       used 20988K, capacity 21195K, committed 21248K, reserved 1069056K
  class space    used 2178K, capacity 2287K, committed 2304K, reserved 1048576K
}
Event: 4.065 GC heap before
{Heap before GC invocations=9 (full 1):
 PSYoungGen      total 131072K, used 123392K [0x00000000eab00000, 0x00000000fab00000, 0x0000000100000000)
  eden space 123392K, 100% used [0x00000000eab00000,0x00000000f2380000,0x00000000f2380000)
  from space 7680K, 0% used [0x00000000f2380000,0x00000000f2380000,0x00000000f2b00000)
  to   space 7680K, 0% used [0x00000000fa380000,0x00000000fa380000,0x00000000fab00000)
 ParOldGen       total 47616K, used 5657K [0x00000000c0000000, 0x00000000c2e80000, 0x00000000eab00000)
  object space 47616K, 11% used [0x00000000c0000000,0x00000000c0586530,0x00000000c2e80000)
 Metaspace       used 28241K, capacity 28519K, committed 28928K, reserved 1075200K
  class space    used 3137K, capacity 3237K, committed 3328K, reserved 1048576K
Event: 4.073 GC heap after
Heap after GC invocations=9 (full 1):
 PSYoungGen      total 227328K, used 6092K [0x00000000eab00000, 0x00000000fa980000, 0x0000000100000000)
  eden space 221184K, 0% used [0x00000000eab00000,0x00000000eab00000,0x00000000f8300000)
  from space 6144K, 99% used [0x00000000fa380000,0x00000000fa973270,0x00000000fa980000)
  to   space 8192K, 0% used [0x00000000f9980000,0x00000000f9980000,0x00000000fa180000)
 ParOldGen       total 47616K, used 18077K [0x00000000c0000000, 0x00000000c2e80000, 0x00000000eab00000)
  object space 47616K, 37% used [0x00000000c0000000,0x00000000c11a7760,0x00000000c2e80000)
 Metaspace       used 28241K, capacity 28519K, committed 28928K, reserved 1075200K
  class space    used 3137K, capacity 3237K, committed 3328K, reserved 1048576K
}

