# JRE version: Java(TM) SE Runtime Environment (8.0_181-b13) (build 1.8.0_181-b13)
# Java VM: Java HotSpot(TM) 64-Bit Server VM (25.181-b13 mixed mode windows-amd64 compressed oops)
Heap:
 PSYoungGen      total 302080K, used 193028K [0x00000000eab00000, 0x00000000ff700000, 0x0000000100000000)
  eden space 299008K, 63% used [0x00000000eab00000,0x00000000f64e85d8,0x00000000fcf00000)
  from space 3072K, 86% used [0x00000000fe800000,0x00000000fea98cc8,0x00000000feb00000)
  to   space 8704K, 0% used [0x00000000fee80000,0x00000000fee80000,0x00000000ff700000)
 ParOldGen       total 48128K, used 36022K [0x00000000c0000000, 0x00000000c2f00000, 0x00000000eab00000)
  object space 48128K, 74% used [0x00000000c0000000,0x00000000c232da48,0x00000000c2f00000)
 Metaspace       used 32785K, capacity 33145K, committed 33536K, reserved 1079296K
  class space    used 3372K, capacity 3470K, committed 3584K, reserved 1048576K
GC Heap History (10 events):
Event: 21.019 GC heap before
{Heap before GC invocations=18 (full 1):
 PSYoungGen      total 334336K, used 326820K [0x00000000eab00000, 0x00000000ffd80000, 0x0000000100000000)
  eden space 324096K, 100% used [0x00000000eab00000,0x00000000fe780000,0x00000000fe780000)
  from space 10240K, 26% used [0x00000000ff380000,0x00000000ff629148,0x00000000ffd80000)
  to   space 11264K, 0% used [0x00000000fe780000,0x00000000fe780000,0x00000000ff280000)
 ParOldGen       total 48128K, used 35998K [0x00000000c0000000, 0x00000000c2f00000, 0x00000000eab00000)
  object space 48128K, 74% used [0x00000000c0000000,0x00000000c2327a48,0x00000000c2f00000)
 Metaspace       used 32595K, capacity 32937K, committed 33280K, reserved 1079296K
  class space    used 3363K, capacity 3466K, committed 3584K, reserved 1048576K
Event: 21.022 GC heap after
Heap after GC invocations=18 (full 1):
 PSYoungGen      total 335360K, used 2756K [0x00000000eab00000, 0x0000000100000000, 0x0000000100000000)
  eden space 324096K, 0% used [0x00000000eab00000,0x00000000eab00000,0x00000000fe780000)
  from space 11264K, 24% used [0x00000000fe780000,0x00000000fea31368,0x00000000ff280000)
  to   space 10752K, 0% used [0x00000000ff580000,0x00000000ff580000,0x0000000100000000)
 ParOldGen       total 48128K, used 35998K [0x00000000c0000000, 0x00000000c2f00000, 0x00000000eab00000)
  object space 48128K, 74% used [0x00000000c0000000,0x00000000c2327a48,0x00000000c2f00000)
 Metaspace       used 32595K, capacity 32937K, committed 33280K, reserved 1079296K
  class space    used 3363K, capacity 3466K, committed 3584K, reserved 1048576K
}
Event: 23.049 GC heap before
{Heap before GC invocations=19 (full 1):
 PSYoungGen      total 335360K, used 326852K [0x00000000eab00000, 0x0000000100000000, 0x0000000100000000)
  eden space 324096K, 100% used [0x00000000eab00000,0x00000000fe780000,0x00000000fe780000)
  from space 11264K, 24% used [0x00000000fe780000,0x00000000fea31368,0x00000000ff280000)
  to   space 10752K, 0% used [0x00000000ff580000,0x00000000ff580000,0x0000000100000000)
 ParOldGen       total 48128K, used 35998K [0x00000000c0000000, 0x00000000c2f00000, 0x00000000eab00000)
  object space 48128K, 74% used [0x00000000c0000000,0x00000000c2327a48,0x00000000c2f00000)
 Metaspace       used 32606K, capacity 32937K, committed 33280K, reserved 1079296K
  class space    used 3363K, capacity 3466K, committed 3584K, reserved 1048576K
Event: 23.051 GC heap after
Heap after GC invocations=19 (full 1):
 PSYoungGen      total 336384K, used 2676K [0x00000000eab00000, 0x00000000ffe80000, 0x0000000100000000)
  eden space 327168K, 0% used [0x00000000eab00000,0x00000000eab00000,0x00000000fea80000)
  from space 9216K, 29% used [0x00000000ff580000,0x00000000ff81d378,0x00000000ffe80000)
  to   space 10240K, 0% used [0x00000000fea80000,0x00000000fea80000,0x00000000ff480000)
 ParOldGen       total 48128K, used 36006K [0x00000000c0000000, 0x00000000c2f00000, 0x00000000eab00000)
  object space 48128K, 74% used [0x00000000c0000000,0x00000000c2329a48,0x00000000c2f00000)
 Metaspace       used 32606K, capacity 32937K, committed 33280K, reserved 1079296K
  class space    used 3363K, capacity 3466K, committed 3584K, reserved 1048576K
}
Event: 26.104 GC heap before
{Heap before GC invocations=20 (full 1):
 PSYoungGen      total 336384K, used 329844K [0x00000000eab00000, 0x00000000ffe80000, 0x0000000100000000)
  eden space 327168K, 100% used [0x00000000eab00000,0x00000000fea80000,0x00000000fea80000)
  from space 9216K, 29% used [0x00000000ff580000,0x00000000ff81d378,0x00000000ffe80000)
  to   space 10240K, 0% used [0x00000000fea80000,0x00000000fea80000,0x00000000ff480000)
 ParOldGen       total 48128K, used 36006K [0x00000000c0000000, 0x00000000c2f00000, 0x00000000eab00000)
  object space 48128K, 74% used [0x00000000c0000000,0x00000000c2329a48,0x00000000c2f00000)
 Metaspace       used 32618K, capacity 32937K, committed 33280K, reserved 1079296K
  class space    used 3366K, capacity 3466K, committed 3584K, reserved 1048576K
Event: 26.107 GC heap after
Heap after GC invocations=20 (full 1):
 PSYoungGen      total 337408K, used 2824K [0x00000000eab00000, 0x0000000100000000, 0x0000000100000000)
  eden space 327168K, 0% used [0x00000000eab00000,0x00000000eab00000,0x00000000fea80000)
  from space 10240K, 27% used [0x00000000fea80000,0x00000000fed422a8,0x00000000ff480000)
  to   space 9728K, 0% used [0x00000000ff680000,0x00000000ff680000,0x0000000100000000)
 ParOldGen       total 48128K, used 36006K [0x00000000c0000000, 0x00000000c2f00000, 0x00000000eab00000)
  object space 48128K, 74% used [0x00000000c0000000,0x00000000c2329a48,0x00000000c2f00000)
 Metaspace       used 32618K, capacity 32937K, committed 33280K, reserved 1079296K
  class space    used 3366K, capacity 3466K, committed 3584K, reserved 1048576K
}
Event: 95.744 GC heap before
{Heap before GC invocations=21 (full 1):
 PSYoungGen      total 337408K, used 329992K [0x00000000eab00000, 0x0000000100000000, 0x0000000100000000)
  eden space 327168K, 100% used [0x00000000eab00000,0x00000000fea80000,0x00000000fea80000)
  from space 10240K, 27% used [0x00000000fea80000,0x00000000fed422a8,0x00000000ff480000)
  to   space 9728K, 0% used [0x00000000ff680000,0x00000000ff680000,0x0000000100000000)
 ParOldGen       total 48128K, used 36006K [0x00000000c0000000, 0x00000000c2f00000, 0x00000000eab00000)
  object space 48128K, 74% used [0x00000000c0000000,0x00000000c2329a48,0x00000000c2f00000)
 Metaspace       used 32754K, capacity 33145K, committed 33536K, reserved 1079296K
  class space    used 3368K, capacity 3470K, committed 3584K, reserved 1048576K
Event: 95.749 GC heap after
Heap after GC invocations=21 (full 1):
 PSYoungGen      total 316416K, used 3492K [0x00000000eab00000, 0x00000000ffa00000, 0x0000000100000000)
  eden space 312832K, 0% used [0x00000000eab00000,0x00000000eab00000,0x00000000fdc80000)
  from space 3584K, 97% used [0x00000000ff680000,0x00000000ff9e90b8,0x00000000ffa00000)
  to   space 9216K, 0% used [0x00000000fe800000,0x00000000fe800000,0x00000000ff100000)
 ParOldGen       total 48128K, used 36014K [0x00000000c0000000, 0x00000000c2f00000, 0x00000000eab00000)
  object space 48128K, 74% used [0x00000000c0000000,0x00000000c232ba48,0x00000000c2f00000)
 Metaspace       used 32754K, capacity 33145K, committed 33536K, reserved 1079296K
  class space    used 3368K, capacity 3470K, committed 3584K, reserved 1048576K
}
Event: 99.069 GC heap before
{Heap before GC invocations=22 (full 1):
 PSYoungGen      total 316416K, used 316324K [0x00000000eab00000, 0x00000000ffa00000, 0x0000000100000000)
  eden space 312832K, 100% used [0x00000000eab00000,0x00000000fdc80000,0x00000000fdc80000)
  from space 3584K, 97% used [0x00000000ff680000,0x00000000ff9e90b8,0x00000000ffa00000)
  to   space 9216K, 0% used [0x00000000fe800000,0x00000000fe800000,0x00000000ff100000)
 ParOldGen       total 48128K, used 36014K [0x00000000c0000000, 0x00000000c2f00000, 0x00000000eab00000)
  object space 48128K, 74% used [0x00000000c0000000,0x00000000c232ba48,0x00000000c2f00000)
 Metaspace       used 32756K, capacity 33145K, committed 33536K, reserved 1079296K
  class space    used 3368K, capacity 3470K, committed 3584K, reserved 1048576K
Event: 99.071 GC heap after
Heap after GC invocations=22 (full 1):
 PSYoungGen      total 302080K, used 2659K [0x00000000eab00000, 0x00000000ff700000, 0x0000000100000000)
  eden space 299008K, 0% used [0x00000000eab00000,0x00000000eab00000,0x00000000fcf00000)
  from space 3072K, 86% used [0x00000000fe800000,0x00000000fea98cc8,0x00000000feb00000)
  to   space 8704K, 0% used [0x00000000fee80000,0x00000000fee80000,0x00000000ff700000)
 ParOldGen       total 48128K, used 36022K [0x00000000c0000000, 0x00000000c2f00000, 0x00000000eab00000)
  object space 48128K, 74% used [0x00000000c0000000,0x00000000c232da48,0x00000000c2f00000)
 Metaspace       used 32756K, capacity 33145K, committed 33536K, reserved 1079296K
  class space    used 3368K, capacity 3470K, committed 3584K, reserved 1048576K
}

