# JRE version: Java(TM) SE Runtime Environment (8.0_181-b13) (build 1.8.0_181-b13)
# Java VM: Java HotSpot(TM) 64-Bit Server VM (25.181-b13 mixed mode windows-amd64 compressed oops)
Heap:
 PSYoungGen      total 43008K, used 1842K [0x00000000d5980000, 0x00000000e5b00000, 0x0000000100000000)
  eden space 42496K, 3% used [0x00000000d5980000,0x00000000d5acee80,0x00000000d8300000)
  from space 512K, 98% used [0x00000000e5a80000,0x00000000e5afdc80,0x00000000e5b00000)
  to   space 1536K, 0% used [0x00000000e5800000,0x00000000e5800000,0x00000000e5980000)
 ParOldGen       total 49152K, used 27945K [0x0000000080c00000, 0x0000000083c00000, 0x00000000d5980000)
  object space 49152K, 56% used [0x0000000080c00000,0x000000008274a560,0x0000000083c00000)
 Metaspace       used 33196K, capacity 33555K, committed 33792K, reserved 1079296K
  class space    used 3413K, capacity 3537K, committed 3584K, reserved 1048576K
GC Heap History (10 events):
Event: 90.714 GC heap before
{Heap before GC invocations=97 (full 1):
 PSYoungGen      total 48640K, used 47744K [0x00000000d5980000, 0x00000000e5c00000, 0x0000000100000000)
  eden space 47616K, 100% used [0x00000000d5980000,0x00000000d8800000,0x00000000d8800000)
  from space 1024K, 12% used [0x00000000e5a00000,0x00000000e5a20000,0x00000000e5b00000)
  to   space 1024K, 0% used [0x00000000e5b00000,0x00000000e5b00000,0x00000000e5c00000)
 ParOldGen       total 49152K, used 27401K [0x0000000080c00000, 0x0000000083c00000, 0x00000000d5980000)
  object space 49152K, 55% used [0x0000000080c00000,0x00000000826c24e0,0x0000000083c00000)
 Metaspace       used 33117K, capacity 33491K, committed 33792K, reserved 1079296K
  class space    used 3409K, capacity 3537K, committed 3584K, reserved 1048576K
Event: 90.715 GC heap after
Heap after GC invocations=97 (full 1):
 PSYoungGen      total 47104K, used 128K [0x00000000d5980000, 0x00000000e5b80000, 0x0000000100000000)
  eden space 46592K, 0% used [0x00000000d5980000,0x00000000d5980000,0x00000000d8700000)
  from space 512K, 25% used [0x00000000e5b00000,0x00000000e5b20000,0x00000000e5b80000)
  to   space 1024K, 0% used [0x00000000e5980000,0x00000000e5980000,0x00000000e5a80000)
 ParOldGen       total 49152K, used 27401K [0x0000000080c00000, 0x0000000083c00000, 0x00000000d5980000)
  object space 49152K, 55% used [0x0000000080c00000,0x00000000826c24e0,0x0000000083c00000)
 Metaspace       used 33117K, capacity 33491K, committed 33792K, reserved 1079296K
  class space    used 3409K, capacity 3537K, committed 3584K, reserved 1048576K
}
Event: 91.811 GC heap before
{Heap before GC invocations=98 (full 1):
 PSYoungGen      total 47104K, used 46720K [0x00000000d5980000, 0x00000000e5b80000, 0x0000000100000000)
  eden space 46592K, 100% used [0x00000000d5980000,0x00000000d8700000,0x00000000d8700000)
  from space 512K, 25% used [0x00000000e5b00000,0x00000000e5b20000,0x00000000e5b80000)
  to   space 1024K, 0% used [0x00000000e5980000,0x00000000e5980000,0x00000000e5a80000)
 ParOldGen       total 49152K, used 27401K [0x0000000080c00000, 0x0000000083c00000, 0x00000000d5980000)
  object space 49152K, 55% used [0x0000000080c00000,0x00000000826c24e0,0x0000000083c00000)
 Metaspace       used 33147K, capacity 33555K, committed 33792K, reserved 1079296K
  class space    used 3409K, capacity 3537K, committed 3584K, reserved 1048576K
Event: 91.812 GC heap after
Heap after GC invocations=98 (full 1):
 PSYoungGen      total 46592K, used 882K [0x00000000d5980000, 0x00000000e5b80000, 0x0000000100000000)
  eden space 45568K, 0% used [0x00000000d5980000,0x00000000d5980000,0x00000000d8600000)
  from space 1024K, 86% used [0x00000000e5980000,0x00000000e5a5cb80,0x00000000e5a80000)
  to   space 1024K, 0% used [0x00000000e5a80000,0x00000000e5a80000,0x00000000e5b80000)
 ParOldGen       total 49152K, used 27409K [0x0000000080c00000, 0x0000000083c00000, 0x00000000d5980000)
  object space 49152K, 55% used [0x0000000080c00000,0x00000000826c44e0,0x0000000083c00000)
 Metaspace       used 33147K, capacity 33555K, committed 33792K, reserved 1079296K
  class space    used 3409K, capacity 3537K, committed 3584K, reserved 1048576K
}
Event: 93.062 GC heap before
{Heap before GC invocations=99 (full 1):
 PSYoungGen      total 46592K, used 46450K [0x00000000d5980000, 0x00000000e5b80000, 0x0000000100000000)
  eden space 45568K, 100% used [0x00000000d5980000,0x00000000d8600000,0x00000000d8600000)
  from space 1024K, 86% used [0x00000000e5980000,0x00000000e5a5cb80,0x00000000e5a80000)
  to   space 1024K, 0% used [0x00000000e5a80000,0x00000000e5a80000,0x00000000e5b80000)
 ParOldGen       total 49152K, used 27409K [0x0000000080c00000, 0x0000000083c00000, 0x00000000d5980000)
  object space 49152K, 55% used [0x0000000080c00000,0x00000000826c44e0,0x0000000083c00000)
 Metaspace       used 33153K, capacity 33555K, committed 33792K, reserved 1079296K
  class space    used 3409K, capacity 3537K, committed 3584K, reserved 1048576K
Event: 93.063 GC heap after
Heap after GC invocations=99 (full 1):
 PSYoungGen      total 45568K, used 817K [0x00000000d5980000, 0x00000000e5b80000, 0x0000000100000000)
  eden space 44544K, 0% used [0x00000000d5980000,0x00000000d5980000,0x00000000d8500000)
  from space 1024K, 79% used [0x00000000e5a80000,0x00000000e5b4c720,0x00000000e5b80000)
  to   space 1024K, 0% used [0x00000000e5980000,0x00000000e5980000,0x00000000e5a80000)
 ParOldGen       total 49152K, used 27409K [0x0000000080c00000, 0x0000000083c00000, 0x00000000d5980000)
  object space 49152K, 55% used [0x0000000080c00000,0x00000000826c44e0,0x0000000083c00000)
 Metaspace       used 33153K, capacity 33555K, committed 33792K, reserved 1079296K
  class space    used 3409K, capacity 3537K, committed 3584K, reserved 1048576K
}
Event: 94.295 GC heap before
{Heap before GC invocations=100 (full 1):
 PSYoungGen      total 45568K, used 45361K [0x00000000d5980000, 0x00000000e5b80000, 0x0000000100000000)
  eden space 44544K, 100% used [0x00000000d5980000,0x00000000d8500000,0x00000000d8500000)
  from space 1024K, 79% used [0x00000000e5a80000,0x00000000e5b4c720,0x00000000e5b80000)
  to   space 1024K, 0% used [0x00000000e5980000,0x00000000e5980000,0x00000000e5a80000)
 ParOldGen       total 49152K, used 27409K [0x0000000080c00000, 0x0000000083c00000, 0x00000000d5980000)
  object space 49152K, 55% used [0x0000000080c00000,0x00000000826c44e0,0x0000000083c00000)
 Metaspace       used 33162K, capacity 33555K, committed 33792K, reserved 1079296K
  class space    used 3409K, capacity 3537K, committed 3584K, reserved 1048576K
Event: 94.296 GC heap after
Heap after GC invocations=100 (full 1):
 PSYoungGen      total 44544K, used 997K [0x00000000d5980000, 0x00000000e5b00000, 0x0000000100000000)
  eden space 43520K, 0% used [0x00000000d5980000,0x00000000d5980000,0x00000000d8400000)
  from space 1024K, 97% used [0x00000000e5980000,0x00000000e5a79670,0x00000000e5a80000)
  to   space 512K, 0% used [0x00000000e5a80000,0x00000000e5a80000,0x00000000e5b00000)
 ParOldGen       total 49152K, used 27417K [0x0000000080c00000, 0x0000000083c00000, 0x00000000d5980000)
  object space 49152K, 55% used [0x0000000080c00000,0x00000000826c64e0,0x0000000083c00000)
 Metaspace       used 33162K, capacity 33555K, committed 33792K, reserved 1079296K
  class space    used 3409K, capacity 3537K, committed 3584K, reserved 1048576K
}
Event: 95.860 GC heap before
{Heap before GC invocations=101 (full 1):
 PSYoungGen      total 44544K, used 44517K [0x00000000d5980000, 0x00000000e5b00000, 0x0000000100000000)
  eden space 43520K, 100% used [0x00000000d5980000,0x00000000d8400000,0x00000000d8400000)
  from space 1024K, 97% used [0x00000000e5980000,0x00000000e5a79670,0x00000000e5a80000)
  to   space 512K, 0% used [0x00000000e5a80000,0x00000000e5a80000,0x00000000e5b00000)
 ParOldGen       total 49152K, used 27417K [0x0000000080c00000, 0x0000000083c00000, 0x00000000d5980000)
  object space 49152K, 55% used [0x0000000080c00000,0x00000000826c64e0,0x0000000083c00000)
 Metaspace       used 33167K, capacity 33555K, committed 33792K, reserved 1079296K
  class space    used 3409K, capacity 3537K, committed 3584K, reserved 1048576K
Event: 95.861 GC heap after
Heap after GC invocations=101 (full 1):
 PSYoungGen      total 43008K, used 503K [0x00000000d5980000, 0x00000000e5b00000, 0x0000000100000000)
  eden space 42496K, 0% used [0x00000000d5980000,0x00000000d5980000,0x00000000d8300000)
  from space 512K, 98% used [0x00000000e5a80000,0x00000000e5afdc80,0x00000000e5b00000)
  to   space 1536K, 0% used [0x00000000e5800000,0x00000000e5800000,0x00000000e5980000)
 ParOldGen       total 49152K, used 27945K [0x0000000080c00000, 0x0000000083c00000, 0x00000000d5980000)
  object space 49152K, 56% used [0x0000000080c00000,0x000000008274a560,0x0000000083c00000)
 Metaspace       used 33167K, capacity 33555K, committed 33792K, reserved 1079296K
  class space    used 3409K, capacity 3537K, committed 3584K, reserved 1048576K
}

