# JRE version: Java(TM) SE Runtime Environment (8.0_181-b13) (build 1.8.0_181-b13)
# Java VM: Java HotSpot(TM) 64-Bit Server VM (25.181-b13 mixed mode windows-amd64 compressed oops)
Heap:
 PSYoungGen      total 215040K, used 131357K [0x00000000eab00000, 0x00000000fbf00000, 0x0000000100000000)
  eden space 212480K, 60% used [0x00000000eab00000,0x00000000f2925ad8,0x00000000f7a80000)
  from space 2560K, 85% used [0x00000000fae00000,0x00000000fb021a80,0x00000000fb080000)
  to   space 8704K, 0% used [0x00000000fb680000,0x00000000fb680000,0x00000000fbf00000)
 ParOldGen       total 78336K, used 30055K [0x00000000c0000000, 0x00000000c4c80000, 0x00000000eab00000)
  object space 78336K, 38% used [0x00000000c0000000,0x00000000c1d59c08,0x00000000c4c80000)
 Metaspace       used 33017K, capacity 33321K, committed 33536K, reserved 1079296K
  class space    used 3373K, capacity 3466K, committed 3584K, reserved 1048576K
GC Heap History (10 events):
Event: 57.586 GC heap before
{Heap before GC invocations=25 (full 2):
 PSYoungGen      total 264704K, used 264534K [0x00000000eab00000, 0x00000000fd480000, 0x0000000100000000)
  eden space 263680K, 100% used [0x00000000eab00000,0x00000000fac80000,0x00000000fac80000)
  from space 1024K, 83% used [0x00000000fd380000,0x00000000fd455830,0x00000000fd480000)
  to   space 12800K, 0% used [0x00000000fbb80000,0x00000000fbb80000,0x00000000fc800000)
 ParOldGen       total 78336K, used 30023K [0x00000000c0000000, 0x00000000c4c80000, 0x00000000eab00000)
  object space 78336K, 38% used [0x00000000c0000000,0x00000000c1d51c08,0x00000000c4c80000)
 Metaspace       used 32827K, capacity 33123K, committed 33536K, reserved 1079296K
  class space    used 3366K, capacity 3465K, committed 3584K, reserved 1048576K
Event: 57.588 GC heap after
Heap after GC invocations=25 (full 2):
 PSYoungGen      total 265216K, used 1575K [0x00000000eab00000, 0x00000000fd400000, 0x0000000100000000)
  eden space 252416K, 0% used [0x00000000eab00000,0x00000000eab00000,0x00000000fa180000)
  from space 12800K, 12% used [0x00000000fbb80000,0x00000000fbd09ee0,0x00000000fc800000)
  to   space 12288K, 0% used [0x00000000fc800000,0x00000000fc800000,0x00000000fd400000)
 ParOldGen       total 78336K, used 30031K [0x00000000c0000000, 0x00000000c4c80000, 0x00000000eab00000)
  object space 78336K, 38% used [0x00000000c0000000,0x00000000c1d53c08,0x00000000c4c80000)
 Metaspace       used 32827K, capacity 33123K, committed 33536K, reserved 1079296K
  class space    used 3366K, capacity 3465K, committed 3584K, reserved 1048576K
}
Event: 60.019 GC heap before
{Heap before GC invocations=26 (full 2):
 PSYoungGen      total 265216K, used 253991K [0x00000000eab00000, 0x00000000fd400000, 0x0000000100000000)
  eden space 252416K, 100% used [0x00000000eab00000,0x00000000fa180000,0x00000000fa180000)
  from space 12800K, 12% used [0x00000000fbb80000,0x00000000fbd09ee0,0x00000000fc800000)
  to   space 12288K, 0% used [0x00000000fc800000,0x00000000fc800000,0x00000000fd400000)
 ParOldGen       total 78336K, used 30031K [0x00000000c0000000, 0x00000000c4c80000, 0x00000000eab00000)
  object space 78336K, 38% used [0x00000000c0000000,0x00000000c1d53c08,0x00000000c4c80000)
 Metaspace       used 32886K, capacity 33193K, committed 33536K, reserved 1079296K
  class space    used 3369K, capacity 3466K, committed 3584K, reserved 1048576K
Event: 60.022 GC heap after
Heap after GC invocations=26 (full 2):
 PSYoungGen      total 244224K, used 2295K [0x00000000eab00000, 0x00000000fca80000, 0x0000000100000000)
  eden space 241664K, 0% used [0x00000000eab00000,0x00000000eab00000,0x00000000f9700000)
  from space 2560K, 89% used [0x00000000fc800000,0x00000000fca3ded0,0x00000000fca80000)
  to   space 11264K, 0% used [0x00000000fb480000,0x00000000fb480000,0x00000000fbf80000)
 ParOldGen       total 78336K, used 30039K [0x00000000c0000000, 0x00000000c4c80000, 0x00000000eab00000)
  object space 78336K, 38% used [0x00000000c0000000,0x00000000c1d55c08,0x00000000c4c80000)
 Metaspace       used 32886K, capacity 33193K, committed 33536K, reserved 1079296K
  class space    used 3369K, capacity 3466K, committed 3584K, reserved 1048576K
}
Event: 62.485 GC heap before
{Heap before GC invocations=27 (full 2):
 PSYoungGen      total 244224K, used 243959K [0x00000000eab00000, 0x00000000fca80000, 0x0000000100000000)
  eden space 241664K, 100% used [0x00000000eab00000,0x00000000f9700000,0x00000000f9700000)
  from space 2560K, 89% used [0x00000000fc800000,0x00000000fca3ded0,0x00000000fca80000)
  to   space 11264K, 0% used [0x00000000fb480000,0x00000000fb480000,0x00000000fbf80000)
 ParOldGen       total 78336K, used 30039K [0x00000000c0000000, 0x00000000c4c80000, 0x00000000eab00000)
  object space 78336K, 38% used [0x00000000c0000000,0x00000000c1d55c08,0x00000000c4c80000)
 Metaspace       used 32959K, capacity 33257K, committed 33536K, reserved 1079296K
  class space    used 3369K, capacity 3466K, committed 3584K, reserved 1048576K
Event: 62.487 GC heap after
Heap after GC invocations=27 (full 2):
 PSYoungGen      total 233984K, used 2167K [0x00000000eab00000, 0x00000000fc880000, 0x0000000100000000)
  eden space 231424K, 0% used [0x00000000eab00000,0x00000000eab00000,0x00000000f8d00000)
  from space 2560K, 84% used [0x00000000fb480000,0x00000000fb69dcb0,0x00000000fb700000)
  to   space 10240K, 0% used [0x00000000fbe80000,0x00000000fbe80000,0x00000000fc880000)
 ParOldGen       total 78336K, used 30047K [0x00000000c0000000, 0x00000000c4c80000, 0x00000000eab00000)
  object space 78336K, 38% used [0x00000000c0000000,0x00000000c1d57c08,0x00000000c4c80000)
 Metaspace       used 32959K, capacity 33257K, committed 33536K, reserved 1079296K
  class space    used 3369K, capacity 3466K, committed 3584K, reserved 1048576K
}
Event: 65.017 GC heap before
{Heap before GC invocations=28 (full 2):
 PSYoungGen      total 233984K, used 233591K [0x00000000eab00000, 0x00000000fc880000, 0x0000000100000000)
  eden space 231424K, 100% used [0x00000000eab00000,0x00000000f8d00000,0x00000000f8d00000)
  from space 2560K, 84% used [0x00000000fb480000,0x00000000fb69dcb0,0x00000000fb700000)
  to   space 10240K, 0% used [0x00000000fbe80000,0x00000000fbe80000,0x00000000fc880000)
 ParOldGen       total 78336K, used 30047K [0x00000000c0000000, 0x00000000c4c80000, 0x00000000eab00000)
  object space 78336K, 38% used [0x00000000c0000000,0x00000000c1d57c08,0x00000000c4c80000)
 Metaspace       used 32975K, capacity 33257K, committed 33536K, reserved 1079296K
  class space    used 3369K, capacity 3466K, committed 3584K, reserved 1048576K
Event: 65.020 GC heap after
Heap after GC invocations=28 (full 2):
 PSYoungGen      total 224256K, used 2200K [0x00000000eab00000, 0x00000000fc100000, 0x0000000100000000)
  eden space 221696K, 0% used [0x00000000eab00000,0x00000000eab00000,0x00000000f8380000)
  from space 2560K, 85% used [0x00000000fbe80000,0x00000000fc0a6110,0x00000000fc100000)
  to   space 9728K, 0% used [0x00000000fae00000,0x00000000fae00000,0x00000000fb780000)
 ParOldGen       total 78336K, used 30055K [0x00000000c0000000, 0x00000000c4c80000, 0x00000000eab00000)
  object space 78336K, 38% used [0x00000000c0000000,0x00000000c1d59c08,0x00000000c4c80000)
 Metaspace       used 32975K, capacity 33257K, committed 33536K, reserved 1079296K
  class space    used 3369K, capacity 3466K, committed 3584K, reserved 1048576K
}
Event: 66.844 GC heap before
{Heap before GC invocations=29 (full 2):
 PSYoungGen      total 224256K, used 223896K [0x00000000eab00000, 0x00000000fc100000, 0x0000000100000000)
  eden space 221696K, 100% used [0x00000000eab00000,0x00000000f8380000,0x00000000f8380000)
  from space 2560K, 85% used [0x00000000fbe80000,0x00000000fc0a6110,0x00000000fc100000)
  to   space 9728K, 0% used [0x00000000fae00000,0x00000000fae00000,0x00000000fb780000)
 ParOldGen       total 78336K, used 30055K [0x00000000c0000000, 0x00000000c4c80000, 0x00000000eab00000)
  object space 78336K, 38% used [0x00000000c0000000,0x00000000c1d59c08,0x00000000c4c80000)
 Metaspace       used 32985K, capacity 33321K, committed 33536K, reserved 1079296K
  class space    used 3369K, capacity 3466K, committed 3584K, reserved 1048576K
Event: 66.845 GC heap after
Heap after GC invocations=29 (full 2):
 PSYoungGen      total 215040K, used 2182K [0x00000000eab00000, 0x00000000fbf00000, 0x0000000100000000)
  eden space 212480K, 0% used [0x00000000eab00000,0x00000000eab00000,0x00000000f7a80000)
  from space 2560K, 85% used [0x00000000fae00000,0x00000000fb021a80,0x00000000fb080000)
  to   space 8704K, 0% used [0x00000000fb680000,0x00000000fb680000,0x00000000fbf00000)
 ParOldGen       total 78336K, used 30055K [0x00000000c0000000, 0x00000000c4c80000, 0x00000000eab00000)
  object space 78336K, 38% used [0x00000000c0000000,0x00000000c1d59c08,0x00000000c4c80000)
 Metaspace       used 32985K, capacity 33321K, committed 33536K, reserved 1079296K
  class space    used 3369K, capacity 3466K, committed 3584K, reserved 1048576K
}

