# JRE version: Java(TM) SE Runtime Environment (8.0_181-b13) (build 1.8.0_181-b13)
# Java VM: Java HotSpot(TM) 64-Bit Server VM (25.181-b13 mixed mode windows-amd64 compressed oops)
Heap:
 PSYoungGen      total 333824K, used 68481K [0x00000000eab00000, 0x00000000fff80000, 0x0000000100000000)
  eden space 320000K, 21% used [0x00000000eab00000,0x00000000eede0700,0x00000000fe380000)
  from space 13824K, 0% used [0x00000000ff200000,0x00000000ff200000,0x00000000fff80000)
  to   space 14336K, 0% used [0x00000000fe380000,0x00000000fe380000,0x00000000ff180000)
 ParOldGen       total 87040K, used 28400K [0x00000000c0000000, 0x00000000c5500000, 0x00000000eab00000)
  object space 87040K, 32% used [0x00000000c0000000,0x00000000c1bbc3e8,0x00000000c5500000)
 Metaspace       used 32328K, capacity 32707K, committed 32896K, reserved 1079296K
  class space    used 3345K, capacity 3433K, committed 3456K, reserved 1048576K
GC Heap History (10 events):
Event: 8.523 GC heap before
{Heap before GC invocations=12 (full 1):
 PSYoungGen      total 206848K, used 206832K [0x00000000eab00000, 0x00000000f8b00000, 0x0000000100000000)
  eden space 198656K, 100% used [0x00000000eab00000,0x00000000f6d00000,0x00000000f6d00000)
  from space 8192K, 99% used [0x00000000f8300000,0x00000000f8afc070,0x00000000f8b00000)
  to   space 13824K, 0% used [0x00000000f7000000,0x00000000f7000000,0x00000000f7d80000)
 ParOldGen       total 46080K, used 16947K [0x00000000c0000000, 0x00000000c2d00000, 0x00000000eab00000)
  object space 46080K, 36% used [0x00000000c0000000,0x00000000c108cf20,0x00000000c2d00000)
 Metaspace       used 31171K, capacity 31523K, committed 31872K, reserved 1077248K
  class space    used 3297K, capacity 3401K, committed 3456K, reserved 1048576K
Event: 8.531 GC heap after
Heap after GC invocations=12 (full 1):
 PSYoungGen      total 215552K, used 11489K [0x00000000eab00000, 0x00000000fe500000, 0x0000000100000000)
  eden space 201728K, 0% used [0x00000000eab00000,0x00000000eab00000,0x00000000f7000000)
  from space 13824K, 83% used [0x00000000f7000000,0x00000000f7b385d0,0x00000000f7d80000)
  to   space 15360K, 0% used [0x00000000fd600000,0x00000000fd600000,0x00000000fe500000)
 ParOldGen       total 46080K, used 24719K [0x00000000c0000000, 0x00000000c2d00000, 0x00000000eab00000)
  object space 46080K, 53% used [0x00000000c0000000,0x00000000c1823c50,0x00000000c2d00000)
 Metaspace       used 31171K, capacity 31523K, committed 31872K, reserved 1077248K
  class space    used 3297K, capacity 3401K, committed 3456K, reserved 1048576K
}
Event: 12.703 GC heap before
{Heap before GC invocations=13 (full 1):
 PSYoungGen      total 215552K, used 213217K [0x00000000eab00000, 0x00000000fe500000, 0x0000000100000000)
  eden space 201728K, 100% used [0x00000000eab00000,0x00000000f7000000,0x00000000f7000000)
  from space 13824K, 83% used [0x00000000f7000000,0x00000000f7b385d0,0x00000000f7d80000)
  to   space 15360K, 0% used [0x00000000fd600000,0x00000000fd600000,0x00000000fe500000)
 ParOldGen       total 46080K, used 24719K [0x00000000c0000000, 0x00000000c2d00000, 0x00000000eab00000)
  object space 46080K, 53% used [0x00000000c0000000,0x00000000c1823c50,0x00000000c2d00000)
 Metaspace       used 32085K, capacity 32451K, committed 32640K, reserved 1079296K
  class space    used 3340K, capacity 3433K, committed 3456K, reserved 1048576K
Event: 12.710 GC heap after
Heap after GC invocations=13 (full 1):
 PSYoungGen      total 302080K, used 3261K [0x00000000eab00000, 0x00000000fe280000, 0x0000000100000000)
  eden space 289280K, 0% used [0x00000000eab00000,0x00000000eab00000,0x00000000fc580000)
  from space 12800K, 25% used [0x00000000fd600000,0x00000000fd92f6b8,0x00000000fe280000)
  to   space 14848K, 0% used [0x00000000fc580000,0x00000000fc580000,0x00000000fd400000)
 ParOldGen       total 46080K, used 34214K [0x00000000c0000000, 0x00000000c2d00000, 0x00000000eab00000)
  object space 46080K, 74% used [0x00000000c0000000,0x00000000c2169b98,0x00000000c2d00000)
 Metaspace       used 32085K, capacity 32451K, committed 32640K, reserved 1079296K
  class space    used 3340K, capacity 3433K, committed 3456K, reserved 1048576K
}
Event: 15.579 GC heap before
{Heap before GC invocations=14 (full 1):
 PSYoungGen      total 302080K, used 292541K [0x00000000eab00000, 0x00000000fe280000, 0x0000000100000000)
  eden space 289280K, 100% used [0x00000000eab00000,0x00000000fc580000,0x00000000fc580000)
  from space 12800K, 25% used [0x00000000fd600000,0x00000000fd92f6b8,0x00000000fe280000)
  to   space 14848K, 0% used [0x00000000fc580000,0x00000000fc580000,0x00000000fd400000)
 ParOldGen       total 46080K, used 34214K [0x00000000c0000000, 0x00000000c2d00000, 0x00000000eab00000)
  object space 46080K, 74% used [0x00000000c0000000,0x00000000c2169b98,0x00000000c2d00000)
 Metaspace       used 32264K, capacity 32579K, committed 32896K, reserved 1079296K
  class space    used 3341K, capacity 3433K, committed 3456K, reserved 1048576K
Event: 15.583 GC heap after
Heap after GC invocations=14 (full 1):
 PSYoungGen      total 304128K, used 896K [0x00000000eab00000, 0x0000000100000000, 0x0000000100000000)
  eden space 289280K, 0% used [0x00000000eab00000,0x00000000eab00000,0x00000000fc580000)
  from space 14848K, 6% used [0x00000000fc580000,0x00000000fc6601f8,0x00000000fd400000)
  to   space 14336K, 0% used [0x00000000ff200000,0x00000000ff200000,0x0000000100000000)
 ParOldGen       total 46080K, used 36569K [0x00000000c0000000, 0x00000000c2d00000, 0x00000000eab00000)
  object space 46080K, 79% used [0x00000000c0000000,0x00000000c23b66a8,0x00000000c2d00000)
 Metaspace       used 32264K, capacity 32579K, committed 32896K, reserved 1079296K
  class space    used 3341K, capacity 3433K, committed 3456K, reserved 1048576K
}
Event: 24.030 GC heap before
{Heap before GC invocations=15 (full 1):
 PSYoungGen      total 304128K, used 290176K [0x00000000eab00000, 0x0000000100000000, 0x0000000100000000)
  eden space 289280K, 100% used [0x00000000eab00000,0x00000000fc580000,0x00000000fc580000)
  from space 14848K, 6% used [0x00000000fc580000,0x00000000fc6601f8,0x00000000fd400000)
  to   space 14336K, 0% used [0x00000000ff200000,0x00000000ff200000,0x0000000100000000)
 ParOldGen       total 46080K, used 36569K [0x00000000c0000000, 0x00000000c2d00000, 0x00000000eab00000)
  object space 46080K, 79% used [0x00000000c0000000,0x00000000c23b66a8,0x00000000c2d00000)
 Metaspace       used 32301K, capacity 32579K, committed 32896K, reserved 1079296K
  class space    used 3341K, capacity 3433K, committed 3456K, reserved 1048576K
Event: 24.031 GC heap after
Heap after GC invocations=15 (full 1):
 PSYoungGen      total 333824K, used 404K [0x00000000eab00000, 0x00000000fff80000, 0x0000000100000000)
  eden space 320000K, 0% used [0x00000000eab00000,0x00000000eab00000,0x00000000fe380000)
  from space 13824K, 2% used [0x00000000ff200000,0x00000000ff2653b0,0x00000000fff80000)
  to   space 14336K, 0% used [0x00000000fe380000,0x00000000fe380000,0x00000000ff180000)
 ParOldGen       total 46080K, used 37739K [0x00000000c0000000, 0x00000000c2d00000, 0x00000000eab00000)
  object space 46080K, 81% used [0x00000000c0000000,0x00000000c24dac10,0x00000000c2d00000)
 Metaspace       used 32301K, capacity 32579K, committed 32896K, reserved 1079296K
  class space    used 3341K, capacity 3433K, committed 3456K, reserved 1048576K
}
Event: 24.031 GC heap before
{Heap before GC invocations=16 (full 2):
 PSYoungGen      total 333824K, used 404K [0x00000000eab00000, 0x00000000fff80000, 0x0000000100000000)
  eden space 320000K, 0% used [0x00000000eab00000,0x00000000eab00000,0x00000000fe380000)
  from space 13824K, 2% used [0x00000000ff200000,0x00000000ff2653b0,0x00000000fff80000)
  to   space 14336K, 0% used [0x00000000fe380000,0x00000000fe380000,0x00000000ff180000)
 ParOldGen       total 46080K, used 37739K [0x00000000c0000000, 0x00000000c2d00000, 0x00000000eab00000)
  object space 46080K, 81% used [0x00000000c0000000,0x00000000c24dac10,0x00000000c2d00000)
 Metaspace       used 32301K, capacity 32579K, committed 32896K, reserved 1079296K
  class space    used 3341K, capacity 3433K, committed 3456K, reserved 1048576K
Event: 24.067 GC heap after
Heap after GC invocations=16 (full 2):
 PSYoungGen      total 333824K, used 0K [0x00000000eab00000, 0x00000000fff80000, 0x0000000100000000)
  eden space 320000K, 0% used [0x00000000eab00000,0x00000000eab00000,0x00000000fe380000)
  from space 13824K, 0% used [0x00000000ff200000,0x00000000ff200000,0x00000000fff80000)
  to   space 14336K, 0% used [0x00000000fe380000,0x00000000fe380000,0x00000000ff180000)
 ParOldGen       total 87040K, used 28400K [0x00000000c0000000, 0x00000000c5500000, 0x00000000eab00000)
  object space 87040K, 32% used [0x00000000c0000000,0x00000000c1bbc3e8,0x00000000c5500000)
 Metaspace       used 32301K, capacity 32579K, committed 32896K, reserved 1079296K
  class space    used 3341K, capacity 3433K, committed 3456K, reserved 1048576K
}

