# JRE version: Java(TM) SE Runtime Environment (8.0_181-b13) (build 1.8.0_181-b13)
# Java VM: Java HotSpot(TM) 64-Bit Server VM (25.181-b13 mixed mode windows-amd64 compressed oops)
Heap:
 PSYoungGen      total 333312K, used 231644K [0x00000000eab00000, 0x0000000100000000, 0x0000000100000000)
  eden space 317952K, 72% used [0x00000000eab00000,0x00000000f8d37298,0x00000000fe180000)
  from space 15360K, 0% used [0x00000000fe180000,0x00000000fe180000,0x00000000ff080000)
  to   space 15872K, 0% used [0x00000000ff080000,0x00000000ff080000,0x0000000100000000)
 ParOldGen       total 89088K, used 26965K [0x00000000c0000000, 0x00000000c5700000, 0x00000000eab00000)
  object space 89088K, 30% used [0x00000000c0000000,0x00000000c1a55590,0x00000000c5700000)
 Metaspace       used 32336K, capacity 32637K, committed 32896K, reserved 1079296K
  class space    used 3346K, capacity 3432K, committed 3456K, reserved 1048576K
GC Heap History (10 events):
Event: 3.709 GC heap before
{Heap before GC invocations=9 (full 1):
 PSYoungGen      total 131584K, used 123904K [0x00000000eab00000, 0x00000000fac00000, 0x0000000100000000)
  eden space 123904K, 100% used [0x00000000eab00000,0x00000000f2400000,0x00000000f2400000)
  from space 7680K, 0% used [0x00000000f2400000,0x00000000f2400000,0x00000000f2b80000)
  to   space 7680K, 0% used [0x00000000fa480000,0x00000000fa480000,0x00000000fac00000)
 ParOldGen       total 47104K, used 5565K [0x00000000c0000000, 0x00000000c2e00000, 0x00000000eab00000)
  object space 47104K, 11% used [0x00000000c0000000,0x00000000c056f678,0x00000000c2e00000)
 Metaspace       used 27503K, capacity 27815K, committed 28032K, reserved 1075200K
  class space    used 3069K, capacity 3173K, committed 3200K, reserved 1048576K
Event: 3.716 GC heap after
Heap after GC invocations=9 (full 1):
 PSYoungGen      total 228352K, used 7677K [0x00000000eab00000, 0x00000000fac00000, 0x0000000100000000)
  eden space 220672K, 0% used [0x00000000eab00000,0x00000000eab00000,0x00000000f8280000)
  from space 7680K, 99% used [0x00000000fa480000,0x00000000fabff720,0x00000000fac00000)
  to   space 9216K, 0% used [0x00000000f9a00000,0x00000000f9a00000,0x00000000fa300000)
 ParOldGen       total 47104K, used 6982K [0x00000000c0000000, 0x00000000c2e00000, 0x00000000eab00000)
  object space 47104K, 14% used [0x00000000c0000000,0x00000000c06d1910,0x00000000c2e00000)
 Metaspace       used 27503K, capacity 27815K, committed 28032K, reserved 1075200K
  class space    used 3069K, capacity 3173K, committed 3200K, reserved 1048576K
}
Event: 8.998 GC heap before
{Heap before GC invocations=10 (full 1):
 PSYoungGen      total 228352K, used 228349K [0x00000000eab00000, 0x00000000fac00000, 0x0000000100000000)
  eden space 220672K, 100% used [0x00000000eab00000,0x00000000f8280000,0x00000000f8280000)
  from space 7680K, 99% used [0x00000000fa480000,0x00000000fabff720,0x00000000fac00000)
  to   space 9216K, 0% used [0x00000000f9a00000,0x00000000f9a00000,0x00000000fa300000)
 ParOldGen       total 47104K, used 6984K [0x00000000c0000000, 0x00000000c2e00000, 0x00000000eab00000)
  object space 47104K, 14% used [0x00000000c0000000,0x00000000c06d2128,0x00000000c2e00000)
 Metaspace       used 31063K, capacity 31465K, committed 31872K, reserved 1077248K
  class space    used 3301K, capacity 3402K, committed 3456K, reserved 1048576K
Event: 9.008 GC heap after
Heap after GC invocations=10 (full 1):
 PSYoungGen      total 253952K, used 9185K [0x00000000eab00000, 0x0000000100000000, 0x0000000100000000)
  eden space 244736K, 0% used [0x00000000eab00000,0x00000000eab00000,0x00000000f9a00000)
  from space 9216K, 99% used [0x00000000f9a00000,0x00000000fa2f8778,0x00000000fa300000)
  to   space 15872K, 0% used [0x00000000ff080000,0x00000000ff080000,0x0000000100000000)
 ParOldGen       total 47104K, used 20066K [0x00000000c0000000, 0x00000000c2e00000, 0x00000000eab00000)
  object space 47104K, 42% used [0x00000000c0000000,0x00000000c1398a90,0x00000000c2e00000)
 Metaspace       used 31063K, capacity 31465K, committed 31872K, reserved 1077248K
  class space    used 3301K, capacity 3402K, committed 3456K, reserved 1048576K
}
Event: 14.832 GC heap before
{Heap before GC invocations=11 (full 1):
 PSYoungGen      total 253952K, used 253921K [0x00000000eab00000, 0x0000000100000000, 0x0000000100000000)
  eden space 244736K, 100% used [0x00000000eab00000,0x00000000f9a00000,0x00000000f9a00000)
  from space 9216K, 99% used [0x00000000f9a00000,0x00000000fa2f8778,0x00000000fa300000)
  to   space 15872K, 0% used [0x00000000ff080000,0x00000000ff080000,0x0000000100000000)
 ParOldGen       total 47104K, used 20066K [0x00000000c0000000, 0x00000000c2e00000, 0x00000000eab00000)
  object space 47104K, 42% used [0x00000000c0000000,0x00000000c1398a90,0x00000000c2e00000)
 Metaspace       used 32056K, capacity 32393K, committed 32640K, reserved 1079296K
  class space    used 3341K, capacity 3434K, committed 3456K, reserved 1048576K
Event: 14.840 GC heap after
Heap after GC invocations=11 (full 1):
 PSYoungGen      total 333824K, used 4020K [0x00000000eab00000, 0x0000000100000000, 0x0000000100000000)
  eden space 317952K, 0% used [0x00000000eab00000,0x00000000eab00000,0x00000000fe180000)
  from space 15872K, 25% used [0x00000000ff080000,0x00000000ff46d090,0x0000000100000000)
  to   space 15360K, 0% used [0x00000000fe180000,0x00000000fe180000,0x00000000ff080000)
 ParOldGen       total 47104K, used 34241K [0x00000000c0000000, 0x00000000c2e00000, 0x00000000eab00000)
  object space 47104K, 72% used [0x00000000c0000000,0x00000000c2170708,0x00000000c2e00000)
 Metaspace       used 32056K, capacity 32393K, committed 32640K, reserved 1079296K
  class space    used 3341K, capacity 3434K, committed 3456K, reserved 1048576K
}
Event: 18.117 GC heap before
{Heap before GC invocations=12 (full 1):
 PSYoungGen      total 333824K, used 321972K [0x00000000eab00000, 0x0000000100000000, 0x0000000100000000)
  eden space 317952K, 100% used [0x00000000eab00000,0x00000000fe180000,0x00000000fe180000)
  from space 15872K, 25% used [0x00000000ff080000,0x00000000ff46d090,0x0000000100000000)
  to   space 15360K, 0% used [0x00000000fe180000,0x00000000fe180000,0x00000000ff080000)
 ParOldGen       total 47104K, used 34241K [0x00000000c0000000, 0x00000000c2e00000, 0x00000000eab00000)
  object space 47104K, 72% used [0x00000000c0000000,0x00000000c2170708,0x00000000c2e00000)
 Metaspace       used 32280K, capacity 32585K, committed 32896K, reserved 1079296K
  class space    used 3343K, capacity 3434K, committed 3456K, reserved 1048576K
Event: 18.120 GC heap after
Heap after GC invocations=12 (full 1):
 PSYoungGen      total 333312K, used 880K [0x00000000eab00000, 0x0000000100000000, 0x0000000100000000)
  eden space 317952K, 0% used [0x00000000eab00000,0x00000000eab00000,0x00000000fe180000)
  from space 15360K, 5% used [0x00000000fe180000,0x00000000fe25c128,0x00000000ff080000)
  to   space 15872K, 0% used [0x00000000ff080000,0x00000000ff080000,0x0000000100000000)
 ParOldGen       total 47104K, used 38043K [0x00000000c0000000, 0x00000000c2e00000, 0x00000000eab00000)
  object space 47104K, 80% used [0x00000000c0000000,0x00000000c2526e68,0x00000000c2e00000)
 Metaspace       used 32280K, capacity 32585K, committed 32896K, reserved 1079296K
  class space    used 3343K, capacity 3434K, committed 3456K, reserved 1048576K
}
Event: 18.120 GC heap before
{Heap before GC invocations=13 (full 2):
 PSYoungGen      total 333312K, used 880K [0x00000000eab00000, 0x0000000100000000, 0x0000000100000000)
  eden space 317952K, 0% used [0x00000000eab00000,0x00000000eab00000,0x00000000fe180000)
  from space 15360K, 5% used [0x00000000fe180000,0x00000000fe25c128,0x00000000ff080000)
  to   space 15872K, 0% used [0x00000000ff080000,0x00000000ff080000,0x0000000100000000)
 ParOldGen       total 47104K, used 38043K [0x00000000c0000000, 0x00000000c2e00000, 0x00000000eab00000)
  object space 47104K, 80% used [0x00000000c0000000,0x00000000c2526e68,0x00000000c2e00000)
 Metaspace       used 32280K, capacity 32585K, committed 32896K, reserved 1079296K
  class space    used 3343K, capacity 3434K, committed 3456K, reserved 1048576K
Event: 18.166 GC heap after
Heap after GC invocations=13 (full 2):
 PSYoungGen      total 333312K, used 0K [0x00000000eab00000, 0x0000000100000000, 0x0000000100000000)
  eden space 317952K, 0% used [0x00000000eab00000,0x00000000eab00000,0x00000000fe180000)
  from space 15360K, 0% used [0x00000000fe180000,0x00000000fe180000,0x00000000ff080000)
  to   space 15872K, 0% used [0x00000000ff080000,0x00000000ff080000,0x0000000100000000)
 ParOldGen       total 89088K, used 26965K [0x00000000c0000000, 0x00000000c5700000, 0x00000000eab00000)
  object space 89088K, 30% used [0x00000000c0000000,0x00000000c1a55590,0x00000000c5700000)
 Metaspace       used 32273K, capacity 32573K, committed 32896K, reserved 1079296K
  class space    used 3342K, capacity 3432K, committed 3456K, reserved 1048576K
}

