# JRE version: Java(TM) SE Runtime Environment (8.0_181-b13) (build 1.8.0_181-b13)
# Java VM: Java HotSpot(TM) 64-Bit Server VM (25.181-b13 mixed mode windows-amd64 compressed oops)
Heap:
 PSYoungGen      total 288256K, used 123936K [0x00000000eab00000, 0x0000000100000000, 0x0000000100000000)
  eden space 273408K, 44% used [0x00000000eab00000,0x00000000f208c2f0,0x00000000fb600000)
  from space 14848K, 24% used [0x00000000fdb00000,0x00000000fde7bd98,0x00000000fe980000)
  to   space 37888K, 0% used [0x00000000fb600000,0x00000000fb600000,0x00000000fdb00000)
 ParOldGen       total 155648K, used 81079K [0x00000000c0000000, 0x00000000c9800000, 0x00000000eab00000)
  object space 155648K, 52% used [0x00000000c0000000,0x00000000c4f2dfd8,0x00000000c9800000)
 Metaspace       used 32077K, capacity 32451K, committed 32640K, reserved 1079296K
  class space    used 3344K, capacity 3433K, committed 3456K, reserved 1048576K
GC Heap History (10 events):
Event: 3.057 GC heap before
{Heap before GC invocations=10 (full 1):
 PSYoungGen      total 140800K, used 480K [0x00000000eab00000, 0x00000000f8b00000, 0x0000000100000000)
  eden space 133120K, 0% used [0x00000000eab00000,0x00000000eab00000,0x00000000f2d00000)
  from space 7680K, 6% used [0x00000000f2d00000,0x00000000f2d78000,0x00000000f3480000)
  to   space 8192K, 0% used [0x00000000f8300000,0x00000000f8300000,0x00000000f8b00000)
 ParOldGen       total 87552K, used 5345K [0x00000000c0000000, 0x00000000c5580000, 0x00000000eab00000)
  object space 87552K, 6% used [0x00000000c0000000,0x00000000c0538668,0x00000000c5580000)
 Metaspace       used 20978K, capacity 21183K, committed 21248K, reserved 1069056K
  class space    used 2174K, capacity 2285K, committed 2304K, reserved 1048576K
Event: 3.102 GC heap after
Heap after GC invocations=10 (full 1):
 PSYoungGen      total 140800K, used 0K [0x00000000eab00000, 0x00000000f8b00000, 0x0000000100000000)
  eden space 133120K, 0% used [0x00000000eab00000,0x00000000eab00000,0x00000000f2d00000)
  from space 7680K, 0% used [0x00000000f2d00000,0x00000000f2d00000,0x00000000f3480000)
  to   space 8192K, 0% used [0x00000000f8300000,0x00000000f8300000,0x00000000f8b00000)
 ParOldGen       total 45568K, used 5344K [0x00000000c0000000, 0x00000000c2c80000, 0x00000000eab00000)
  object space 45568K, 11% used [0x00000000c0000000,0x00000000c05381c8,0x00000000c2c80000)
 Metaspace       used 20978K, capacity 21183K, committed 21248K, reserved 1069056K
  class space    used 2174K, capacity 2285K, committed 2304K, reserved 1048576K
}
Event: 3.948 GC heap before
{Heap before GC invocations=11 (full 1):
 PSYoungGen      total 140800K, used 133120K [0x00000000eab00000, 0x00000000f8b00000, 0x0000000100000000)
  eden space 133120K, 100% used [0x00000000eab00000,0x00000000f2d00000,0x00000000f2d00000)
  from space 7680K, 0% used [0x00000000f2d00000,0x00000000f2d00000,0x00000000f3480000)
  to   space 8192K, 0% used [0x00000000f8300000,0x00000000f8300000,0x00000000f8b00000)
 ParOldGen       total 45568K, used 5344K [0x00000000c0000000, 0x00000000c2c80000, 0x00000000eab00000)
  object space 45568K, 11% used [0x00000000c0000000,0x00000000c0538268,0x00000000c2c80000)
 Metaspace       used 28347K, capacity 28665K, committed 28928K, reserved 1075200K
  class space    used 3145K, capacity 3240K, committed 3328K, reserved 1048576K
Event: 3.958 GC heap after
Heap after GC invocations=11 (full 1):
 PSYoungGen      total 208384K, used 8191K [0x00000000eab00000, 0x00000000f8b00000, 0x0000000100000000)
  eden space 200192K, 0% used [0x00000000eab00000,0x00000000eab00000,0x00000000f6e80000)
  from space 8192K, 99% used [0x00000000f8300000,0x00000000f8affd40,0x00000000f8b00000)
  to   space 14336K, 0% used [0x00000000f6f00000,0x00000000f6f00000,0x00000000f7d00000)
 ParOldGen       total 45568K, used 18892K [0x00000000c0000000, 0x00000000c2c80000, 0x00000000eab00000)
  object space 45568K, 41% used [0x00000000c0000000,0x00000000c1273330,0x00000000c2c80000)
 Metaspace       used 28347K, capacity 28665K, committed 28928K, reserved 1075200K
  class space    used 3145K, capacity 3240K, committed 3328K, reserved 1048576K
}
Event: 10.123 GC heap before
{Heap before GC invocations=12 (full 1):
 PSYoungGen      total 208384K, used 208383K [0x00000000eab00000, 0x00000000f8b00000, 0x0000000100000000)
  eden space 200192K, 100% used [0x00000000eab00000,0x00000000f6e80000,0x00000000f6e80000)
  from space 8192K, 99% used [0x00000000f8300000,0x00000000f8affd40,0x00000000f8b00000)
  to   space 14336K, 0% used [0x00000000f6f00000,0x00000000f6f00000,0x00000000f7d00000)
 ParOldGen       total 45568K, used 18901K [0x00000000c0000000, 0x00000000c2c80000, 0x00000000eab00000)
  object space 45568K, 41% used [0x00000000c0000000,0x00000000c1275538,0x00000000c2c80000)
 Metaspace       used 31013K, capacity 31401K, committed 31616K, reserved 1077248K
  class space    used 3297K, capacity 3402K, committed 3456K, reserved 1048576K
Event: 10.132 GC heap after
Heap after GC invocations=12 (full 1):
 PSYoungGen      total 215040K, used 9287K [0x00000000eab00000, 0x00000000fe980000, 0x0000000100000000)
  eden space 200704K, 0% used [0x00000000eab00000,0x00000000eab00000,0x00000000f6f00000)
  from space 14336K, 64% used [0x00000000f6f00000,0x00000000f7811f48,0x00000000f7d00000)
  to   space 14848K, 0% used [0x00000000fdb00000,0x00000000fdb00000,0x00000000fe980000)
 ParOldGen       total 45568K, used 25372K [0x00000000c0000000, 0x00000000c2c80000, 0x00000000eab00000)
  object space 45568K, 55% used [0x00000000c0000000,0x00000000c18c7078,0x00000000c2c80000)
 Metaspace       used 31013K, capacity 31401K, committed 31616K, reserved 1077248K
  class space    used 3297K, capacity 3402K, committed 3456K, reserved 1048576K
}
Event: 31.575 GC heap before
{Heap before GC invocations=13 (full 1):
 PSYoungGen      total 215040K, used 209991K [0x00000000eab00000, 0x00000000fe980000, 0x0000000100000000)
  eden space 200704K, 100% used [0x00000000eab00000,0x00000000f6f00000,0x00000000f6f00000)
  from space 14336K, 64% used [0x00000000f6f00000,0x00000000f7811f48,0x00000000f7d00000)
  to   space 14848K, 0% used [0x00000000fdb00000,0x00000000fdb00000,0x00000000fe980000)
 ParOldGen       total 45568K, used 25372K [0x00000000c0000000, 0x00000000c2c80000, 0x00000000eab00000)
  object space 45568K, 55% used [0x00000000c0000000,0x00000000c18c7078,0x00000000c2c80000)
 Metaspace       used 31850K, capacity 32201K, committed 32384K, reserved 1079296K
  class space    used 3337K, capacity 3434K, committed 3456K, reserved 1048576K
Event: 31.632 GC heap after
Heap after GC invocations=13 (full 1):
 PSYoungGen      total 288256K, used 14835K [0x00000000eab00000, 0x0000000100000000, 0x0000000100000000)
  eden space 273408K, 0% used [0x00000000eab00000,0x00000000eab00000,0x00000000fb600000)
  from space 14848K, 99% used [0x00000000fdb00000,0x00000000fe97cd70,0x00000000fe980000)
  to   space 37888K, 0% used [0x00000000fb600000,0x00000000fb600000,0x00000000fdb00000)
 ParOldGen       total 81408K, used 80616K [0x00000000c0000000, 0x00000000c4f80000, 0x00000000eab00000)
  object space 81408K, 99% used [0x00000000c0000000,0x00000000c4eba338,0x00000000c4f80000)
 Metaspace       used 31850K, capacity 32201K, committed 32384K, reserved 1079296K
  class space    used 3337K, capacity 3434K, committed 3456K, reserved 1048576K
}
Event: 31.632 GC heap before
{Heap before GC invocations=14 (full 2):
 PSYoungGen      total 288256K, used 14835K [0x00000000eab00000, 0x0000000100000000, 0x0000000100000000)
  eden space 273408K, 0% used [0x00000000eab00000,0x00000000eab00000,0x00000000fb600000)
  from space 14848K, 99% used [0x00000000fdb00000,0x00000000fe97cd70,0x00000000fe980000)
  to   space 37888K, 0% used [0x00000000fb600000,0x00000000fb600000,0x00000000fdb00000)
 ParOldGen       total 81408K, used 80616K [0x00000000c0000000, 0x00000000c4f80000, 0x00000000eab00000)
  object space 81408K, 99% used [0x00000000c0000000,0x00000000c4eba338,0x00000000c4f80000)
 Metaspace       used 31850K, capacity 32201K, committed 32384K, reserved 1079296K
  class space    used 3337K, capacity 3434K, committed 3456K, reserved 1048576K
Event: 32.034 GC heap after
Heap after GC invocations=14 (full 2):
 PSYoungGen      total 288256K, used 3567K [0x00000000eab00000, 0x0000000100000000, 0x0000000100000000)
  eden space 273408K, 0% used [0x00000000eab00000,0x00000000eab00000,0x00000000fb600000)
  from space 14848K, 24% used [0x00000000fdb00000,0x00000000fde7bd98,0x00000000fe980000)
  to   space 37888K, 0% used [0x00000000fb600000,0x00000000fb600000,0x00000000fdb00000)
 ParOldGen       total 155648K, used 81079K [0x00000000c0000000, 0x00000000c9800000, 0x00000000eab00000)
  object space 155648K, 52% used [0x00000000c0000000,0x00000000c4f2dfd8,0x00000000c9800000)
 Metaspace       used 31847K, capacity 32195K, committed 32384K, reserved 1079296K
  class space    used 3337K, capacity 3433K, committed 3456K, reserved 1048576K
}

