# JRE version: Java(TM) SE Runtime Environment (8.0_181-b13) (build 1.8.0_181-b13)
# Java VM: Java HotSpot(TM) 64-Bit Server VM (25.181-b13 mixed mode windows-amd64 compressed oops)
Heap:
 PSYoungGen      total 339968K, used 303378K [0x00000000eab00000, 0x00000000fff80000, 0x0000000100000000)
  eden space 331264K, 91% used [0x00000000eab00000,0x00000000fd20a228,0x00000000fee80000)
  from space 8704K, 14% used [0x00000000ff700000,0x00000000ff83a7c0,0x00000000fff80000)
  to   space 8704K, 0% used [0x00000000fee80000,0x00000000fee80000,0x00000000ff700000)
 ParOldGen       total 47104K, used 33743K [0x00000000c0000000, 0x00000000c2e00000, 0x00000000eab00000)
  object space 47104K, 71% used [0x00000000c0000000,0x00000000c20f3c30,0x00000000c2e00000)
 Metaspace       used 32981K, capacity 33251K, committed 33536K, reserved 1079296K
  class space    used 3371K, capacity 3465K, committed 3584K, reserved 1048576K
GC Heap History (10 events):
Event: 37.281 GC heap before
{Heap before GC invocations=23 (full 1):
 PSYoungGen      total 337408K, used 333768K [0x00000000eab00000, 0x0000000100000000, 0x0000000100000000)
  eden space 327680K, 100% used [0x00000000eab00000,0x00000000feb00000,0x00000000feb00000)
  from space 9728K, 62% used [0x00000000feb00000,0x00000000ff0f21f8,0x00000000ff480000)
  to   space 10240K, 0% used [0x00000000ff600000,0x00000000ff600000,0x0000000100000000)
 ParOldGen       total 47104K, used 33727K [0x00000000c0000000, 0x00000000c2e00000, 0x00000000eab00000)
  object space 47104K, 71% used [0x00000000c0000000,0x00000000c20efc30,0x00000000c2e00000)
 Metaspace       used 32910K, capacity 33251K, committed 33536K, reserved 1079296K
  class space    used 3365K, capacity 3465K, committed 3584K, reserved 1048576K
Event: 37.283 GC heap after
Heap after GC invocations=23 (full 1):
 PSYoungGen      total 338944K, used 1353K [0x00000000eab00000, 0x00000000fff80000, 0x0000000100000000)
  eden space 329216K, 0% used [0x00000000eab00000,0x00000000eab00000,0x00000000fec80000)
  from space 9728K, 13% used [0x00000000ff600000,0x00000000ff7525a0,0x00000000fff80000)
  to   space 9728K, 0% used [0x00000000fec80000,0x00000000fec80000,0x00000000ff600000)
 ParOldGen       total 47104K, used 33735K [0x00000000c0000000, 0x00000000c2e00000, 0x00000000eab00000)
  object space 47104K, 71% used [0x00000000c0000000,0x00000000c20f1c30,0x00000000c2e00000)
 Metaspace       used 32910K, capacity 33251K, committed 33536K, reserved 1079296K
  class space    used 3365K, capacity 3465K, committed 3584K, reserved 1048576K
}
Event: 41.978 GC heap before
{Heap before GC invocations=24 (full 1):
 PSYoungGen      total 338944K, used 330569K [0x00000000eab00000, 0x00000000fff80000, 0x0000000100000000)
  eden space 329216K, 100% used [0x00000000eab00000,0x00000000fec80000,0x00000000fec80000)
  from space 9728K, 13% used [0x00000000ff600000,0x00000000ff7525a0,0x00000000fff80000)
  to   space 9728K, 0% used [0x00000000fec80000,0x00000000fec80000,0x00000000ff600000)
 ParOldGen       total 47104K, used 33735K [0x00000000c0000000, 0x00000000c2e00000, 0x00000000eab00000)
  object space 47104K, 71% used [0x00000000c0000000,0x00000000c20f1c30,0x00000000c2e00000)
 Metaspace       used 32912K, capacity 33251K, committed 33536K, reserved 1079296K
  class space    used 3365K, capacity 3465K, committed 3584K, reserved 1048576K
Event: 41.979 GC heap after
Heap after GC invocations=24 (full 1):
 PSYoungGen      total 338944K, used 1305K [0x00000000eab00000, 0x0000000100000000, 0x0000000100000000)
  eden space 329216K, 0% used [0x00000000eab00000,0x00000000eab00000,0x00000000fec80000)
  from space 9728K, 13% used [0x00000000fec80000,0x00000000fedc67d0,0x00000000ff600000)
  to   space 9728K, 0% used [0x00000000ff680000,0x00000000ff680000,0x0000000100000000)
 ParOldGen       total 47104K, used 33743K [0x00000000c0000000, 0x00000000c2e00000, 0x00000000eab00000)
  object space 47104K, 71% used [0x00000000c0000000,0x00000000c20f3c30,0x00000000c2e00000)
 Metaspace       used 32912K, capacity 33251K, committed 33536K, reserved 1079296K
  class space    used 3365K, capacity 3465K, committed 3584K, reserved 1048576K
}
Event: 47.288 GC heap before
{Heap before GC invocations=25 (full 1):
 PSYoungGen      total 338944K, used 330521K [0x00000000eab00000, 0x0000000100000000, 0x0000000100000000)
  eden space 329216K, 100% used [0x00000000eab00000,0x00000000fec80000,0x00000000fec80000)
  from space 9728K, 13% used [0x00000000fec80000,0x00000000fedc67d0,0x00000000ff600000)
  to   space 9728K, 0% used [0x00000000ff680000,0x00000000ff680000,0x0000000100000000)
 ParOldGen       total 47104K, used 33743K [0x00000000c0000000, 0x00000000c2e00000, 0x00000000eab00000)
  object space 47104K, 71% used [0x00000000c0000000,0x00000000c20f3c30,0x00000000c2e00000)
 Metaspace       used 32920K, capacity 33251K, committed 33536K, reserved 1079296K
  class space    used 3367K, capacity 3465K, committed 3584K, reserved 1048576K
Event: 47.290 GC heap after
Heap after GC invocations=25 (full 1):
 PSYoungGen      total 338432K, used 1485K [0x00000000eab00000, 0x00000000fff00000, 0x0000000100000000)
  eden space 329728K, 0% used [0x00000000eab00000,0x00000000eab00000,0x00000000fed00000)
  from space 8704K, 17% used [0x00000000ff680000,0x00000000ff7f3720,0x00000000fff00000)
  to   space 9216K, 0% used [0x00000000fed00000,0x00000000fed00000,0x00000000ff600000)
 ParOldGen       total 47104K, used 33743K [0x00000000c0000000, 0x00000000c2e00000, 0x00000000eab00000)
  object space 47104K, 71% used [0x00000000c0000000,0x00000000c20f3c30,0x00000000c2e00000)
 Metaspace       used 32920K, capacity 33251K, committed 33536K, reserved 1079296K
  class space    used 3367K, capacity 3465K, committed 3584K, reserved 1048576K
}
Event: 49.146 GC heap before
{Heap before GC invocations=26 (full 1):
 PSYoungGen      total 338432K, used 331213K [0x00000000eab00000, 0x00000000fff00000, 0x0000000100000000)
  eden space 329728K, 100% used [0x00000000eab00000,0x00000000fed00000,0x00000000fed00000)
  from space 8704K, 17% used [0x00000000ff680000,0x00000000ff7f3720,0x00000000fff00000)
  to   space 9216K, 0% used [0x00000000fed00000,0x00000000fed00000,0x00000000ff600000)
 ParOldGen       total 47104K, used 33743K [0x00000000c0000000, 0x00000000c2e00000, 0x00000000eab00000)
  object space 47104K, 71% used [0x00000000c0000000,0x00000000c20f3c30,0x00000000c2e00000)
 Metaspace       used 32923K, capacity 33251K, committed 33536K, reserved 1079296K
  class space    used 3367K, capacity 3465K, committed 3584K, reserved 1048576K
Event: 49.147 GC heap after
Heap after GC invocations=26 (full 1):
 PSYoungGen      total 338944K, used 1032K [0x00000000eab00000, 0x00000000fff80000, 0x0000000100000000)
  eden space 329728K, 0% used [0x00000000eab00000,0x00000000eab00000,0x00000000fed00000)
  from space 9216K, 11% used [0x00000000fed00000,0x00000000fee02360,0x00000000ff600000)
  to   space 8704K, 0% used [0x00000000ff700000,0x00000000ff700000,0x00000000fff80000)
 ParOldGen       total 47104K, used 33743K [0x00000000c0000000, 0x00000000c2e00000, 0x00000000eab00000)
  object space 47104K, 71% used [0x00000000c0000000,0x00000000c20f3c30,0x00000000c2e00000)
 Metaspace       used 32923K, capacity 33251K, committed 33536K, reserved 1079296K
  class space    used 3367K, capacity 3465K, committed 3584K, reserved 1048576K
}
Event: 51.705 GC heap before
{Heap before GC invocations=27 (full 1):
 PSYoungGen      total 338944K, used 330760K [0x00000000eab00000, 0x00000000fff80000, 0x0000000100000000)
  eden space 329728K, 100% used [0x00000000eab00000,0x00000000fed00000,0x00000000fed00000)
  from space 9216K, 11% used [0x00000000fed00000,0x00000000fee02360,0x00000000ff600000)
  to   space 8704K, 0% used [0x00000000ff700000,0x00000000ff700000,0x00000000fff80000)
 ParOldGen       total 47104K, used 33743K [0x00000000c0000000, 0x00000000c2e00000, 0x00000000eab00000)
  object space 47104K, 71% used [0x00000000c0000000,0x00000000c20f3c30,0x00000000c2e00000)
 Metaspace       used 32932K, capacity 33251K, committed 33536K, reserved 1079296K
  class space    used 3367K, capacity 3465K, committed 3584K, reserved 1048576K
Event: 51.707 GC heap after
Heap after GC invocations=27 (full 1):
 PSYoungGen      total 339968K, used 1257K [0x00000000eab00000, 0x00000000fff80000, 0x0000000100000000)
  eden space 331264K, 0% used [0x00000000eab00000,0x00000000eab00000,0x00000000fee80000)
  from space 8704K, 14% used [0x00000000ff700000,0x00000000ff83a7c0,0x00000000fff80000)
  to   space 8704K, 0% used [0x00000000fee80000,0x00000000fee80000,0x00000000ff700000)
 ParOldGen       total 47104K, used 33743K [0x00000000c0000000, 0x00000000c2e00000, 0x00000000eab00000)
  object space 47104K, 71% used [0x00000000c0000000,0x00000000c20f3c30,0x00000000c2e00000)
 Metaspace       used 32932K, capacity 33251K, committed 33536K, reserved 1079296K
  class space    used 3367K, capacity 3465K, committed 3584K, reserved 1048576K
}

