# JRE version: Java(TM) SE Runtime Environment (8.0_181-b13) (build 1.8.0_181-b13)
# Java VM: Java HotSpot(TM) 64-Bit Server VM (25.181-b13 mixed mode windows-amd64 compressed oops)
Heap:
 PSYoungGen      total 285184K, used 230462K [0x00000000eab00000, 0x00000000fec00000, 0x0000000100000000)
  eden space 284160K, 80% used [0x00000000eab00000,0x00000000f8b61be8,0x00000000fc080000)
  from space 1024K, 67% used [0x00000000feb00000,0x00000000febadeb0,0x00000000fec00000)
  to   space 9216K, 0% used [0x00000000fda00000,0x00000000fda00000,0x00000000fe300000)
 ParOldGen       total 46080K, used 33794K [0x00000000c0000000, 0x00000000c2d00000, 0x00000000eab00000)
  object space 46080K, 73% used [0x00000000c0000000,0x00000000c2100b20,0x00000000c2d00000)
 Metaspace       used 32431K, capacity 32723K, committed 32896K, reserved 1079296K
  class space    used 3361K, capacity 3437K, committed 3456K, reserved 1048576K
GC Heap History (10 events):
Event: 66.856 GC heap before
{Heap before GC invocations=19 (full 1):
 PSYoungGen      total 325120K, used 324914K [0x00000000eab00000, 0x00000000fff00000, 0x0000000100000000)
  eden space 324608K, 100% used [0x00000000eab00000,0x00000000fe800000,0x00000000fe800000)
  from space 512K, 59% used [0x00000000fe800000,0x00000000fe84caf0,0x00000000fe880000)
  to   space 11776K, 0% used [0x00000000ff380000,0x00000000ff380000,0x00000000fff00000)
 ParOldGen       total 46080K, used 33782K [0x00000000c0000000, 0x00000000c2d00000, 0x00000000eab00000)
  object space 46080K, 73% used [0x00000000c0000000,0x00000000c20fdb18,0x00000000c2d00000)
 Metaspace       used 32311K, capacity 32643K, committed 32896K, reserved 1079296K
  class space    used 3340K, capacity 3433K, committed 3456K, reserved 1048576K
Event: 66.857 GC heap after
Heap after GC invocations=19 (full 1):
 PSYoungGen      total 336896K, used 518K [0x00000000eab00000, 0x0000000100000000, 0x0000000100000000)
  eden space 325120K, 0% used [0x00000000eab00000,0x00000000eab00000,0x00000000fe880000)
  from space 11776K, 4% used [0x00000000ff380000,0x00000000ff401a40,0x00000000fff00000)
  to   space 11264K, 0% used [0x00000000fe880000,0x00000000fe880000,0x00000000ff380000)
 ParOldGen       total 46080K, used 33782K [0x00000000c0000000, 0x00000000c2d00000, 0x00000000eab00000)
  object space 46080K, 73% used [0x00000000c0000000,0x00000000c20fdb18,0x00000000c2d00000)
 Metaspace       used 32311K, capacity 32643K, committed 32896K, reserved 1079296K
  class space    used 3340K, capacity 3433K, committed 3456K, reserved 1048576K
}
Event: 76.256 GC heap before
{Heap before GC invocations=20 (full 1):
 PSYoungGen      total 336896K, used 325638K [0x00000000eab00000, 0x0000000100000000, 0x0000000100000000)
  eden space 325120K, 100% used [0x00000000eab00000,0x00000000fe880000,0x00000000fe880000)
  from space 11776K, 4% used [0x00000000ff380000,0x00000000ff401a40,0x00000000fff00000)
  to   space 11264K, 0% used [0x00000000fe880000,0x00000000fe880000,0x00000000ff380000)
 ParOldGen       total 46080K, used 33794K [0x00000000c0000000, 0x00000000c2d00000, 0x00000000eab00000)
  object space 46080K, 73% used [0x00000000c0000000,0x00000000c2100b20,0x00000000c2d00000)
 Metaspace       used 32318K, capacity 32643K, committed 32896K, reserved 1079296K
  class space    used 3342K, capacity 3433K, committed 3456K, reserved 1048576K
Event: 76.257 GC heap after
Heap after GC invocations=20 (full 1):
 PSYoungGen      total 336384K, used 518K [0x00000000eab00000, 0x00000000ffe80000, 0x0000000100000000)
  eden space 325120K, 0% used [0x00000000eab00000,0x00000000eab00000,0x00000000fe880000)
  from space 11264K, 4% used [0x00000000fe880000,0x00000000fe901a40,0x00000000ff380000)
  to   space 10752K, 0% used [0x00000000ff400000,0x00000000ff400000,0x00000000ffe80000)
 ParOldGen       total 46080K, used 33794K [0x00000000c0000000, 0x00000000c2d00000, 0x00000000eab00000)
  object space 46080K, 73% used [0x00000000c0000000,0x00000000c2100b20,0x00000000c2d00000)
 Metaspace       used 32318K, capacity 32643K, committed 32896K, reserved 1079296K
  class space    used 3342K, capacity 3433K, committed 3456K, reserved 1048576K
}
Event: 95.586 GC heap before
{Heap before GC invocations=21 (full 1):
 PSYoungGen      total 336384K, used 325638K [0x00000000eab00000, 0x00000000ffe80000, 0x0000000100000000)
  eden space 325120K, 100% used [0x00000000eab00000,0x00000000fe880000,0x00000000fe880000)
  from space 11264K, 4% used [0x00000000fe880000,0x00000000fe901a40,0x00000000ff380000)
  to   space 10752K, 0% used [0x00000000ff400000,0x00000000ff400000,0x00000000ffe80000)
 ParOldGen       total 46080K, used 33794K [0x00000000c0000000, 0x00000000c2d00000, 0x00000000eab00000)
  object space 46080K, 73% used [0x00000000c0000000,0x00000000c2100b20,0x00000000c2d00000)
 Metaspace       used 32402K, capacity 32723K, committed 32896K, reserved 1079296K
  class space    used 3356K, capacity 3437K, committed 3456K, reserved 1048576K
Event: 95.588 GC heap after
Heap after GC invocations=21 (full 1):
 PSYoungGen      total 311808K, used 896K [0x00000000eab00000, 0x00000000ff500000, 0x0000000100000000)
  eden space 310784K, 0% used [0x00000000eab00000,0x00000000eab00000,0x00000000fda80000)
  from space 1024K, 87% used [0x00000000ff400000,0x00000000ff4e01b0,0x00000000ff500000)
  to   space 10240K, 0% used [0x00000000fe100000,0x00000000fe100000,0x00000000feb00000)
 ParOldGen       total 46080K, used 33794K [0x00000000c0000000, 0x00000000c2d00000, 0x00000000eab00000)
  object space 46080K, 73% used [0x00000000c0000000,0x00000000c2100b20,0x00000000c2d00000)
 Metaspace       used 32402K, capacity 32723K, committed 32896K, reserved 1079296K
  class space    used 3356K, capacity 3437K, committed 3456K, reserved 1048576K
}
Event: 99.960 GC heap before
{Heap before GC invocations=22 (full 1):
 PSYoungGen      total 311808K, used 311680K [0x00000000eab00000, 0x00000000ff500000, 0x0000000100000000)
  eden space 310784K, 100% used [0x00000000eab00000,0x00000000fda80000,0x00000000fda80000)
  from space 1024K, 87% used [0x00000000ff400000,0x00000000ff4e01b0,0x00000000ff500000)
  to   space 10240K, 0% used [0x00000000fe100000,0x00000000fe100000,0x00000000feb00000)
 ParOldGen       total 46080K, used 33794K [0x00000000c0000000, 0x00000000c2d00000, 0x00000000eab00000)
  object space 46080K, 73% used [0x00000000c0000000,0x00000000c2100b20,0x00000000c2d00000)
 Metaspace       used 32406K, capacity 32723K, committed 32896K, reserved 1079296K
  class space    used 3358K, capacity 3437K, committed 3456K, reserved 1048576K
Event: 99.962 GC heap after
Heap after GC invocations=22 (full 1):
 PSYoungGen      total 307200K, used 859K [0x00000000eab00000, 0x00000000ff480000, 0x0000000100000000)
  eden space 296960K, 0% used [0x00000000eab00000,0x00000000eab00000,0x00000000fcd00000)
  from space 10240K, 8% used [0x00000000fe100000,0x00000000fe1d6e10,0x00000000feb00000)
  to   space 9728K, 0% used [0x00000000feb00000,0x00000000feb00000,0x00000000ff480000)
 ParOldGen       total 46080K, used 33794K [0x00000000c0000000, 0x00000000c2d00000, 0x00000000eab00000)
  object space 46080K, 73% used [0x00000000c0000000,0x00000000c2100b20,0x00000000c2d00000)
 Metaspace       used 32406K, capacity 32723K, committed 32896K, reserved 1079296K
  class space    used 3358K, capacity 3437K, committed 3456K, reserved 1048576K
}
Event: 103.382 GC heap before
{Heap before GC invocations=23 (full 1):
 PSYoungGen      total 307200K, used 297819K [0x00000000eab00000, 0x00000000ff480000, 0x0000000100000000)
  eden space 296960K, 100% used [0x00000000eab00000,0x00000000fcd00000,0x00000000fcd00000)
  from space 10240K, 8% used [0x00000000fe100000,0x00000000fe1d6e10,0x00000000feb00000)
  to   space 9728K, 0% used [0x00000000feb00000,0x00000000feb00000,0x00000000ff480000)
 ParOldGen       total 46080K, used 33794K [0x00000000c0000000, 0x00000000c2d00000, 0x00000000eab00000)
  object space 46080K, 73% used [0x00000000c0000000,0x00000000c2100b20,0x00000000c2d00000)
 Metaspace       used 32406K, capacity 32723K, committed 32896K, reserved 1079296K
  class space    used 3358K, capacity 3437K, committed 3456K, reserved 1048576K
Event: 103.384 GC heap after
Heap after GC invocations=23 (full 1):
 PSYoungGen      total 285184K, used 695K [0x00000000eab00000, 0x00000000fec00000, 0x0000000100000000)
  eden space 284160K, 0% used [0x00000000eab00000,0x00000000eab00000,0x00000000fc080000)
  from space 1024K, 67% used [0x00000000feb00000,0x00000000febadeb0,0x00000000fec00000)
  to   space 9216K, 0% used [0x00000000fda00000,0x00000000fda00000,0x00000000fe300000)
 ParOldGen       total 46080K, used 33794K [0x00000000c0000000, 0x00000000c2d00000, 0x00000000eab00000)
  object space 46080K, 73% used [0x00000000c0000000,0x00000000c2100b20,0x00000000c2d00000)
 Metaspace       used 32406K, capacity 32723K, committed 32896K, reserved 1079296K
  class space    used 3358K, capacity 3437K, committed 3456K, reserved 1048576K
}

