# JRE version: Java(TM) SE Runtime Environment (8.0_181-b13) (build 1.8.0_181-b13)
# Java VM: Java HotSpot(TM) 64-Bit Server VM (25.181-b13 mixed mode windows-amd64 compressed oops)
Heap:
 PSYoungGen      total 204288K, used 80997K [0x00000000eab00000, 0x00000000fca80000, 0x0000000100000000)
  eden space 185344K, 42% used [0x00000000eab00000,0x00000000ef8158e8,0x00000000f6000000)
  from space 18944K, 10% used [0x00000000f6000000,0x00000000f6203d90,0x00000000f7280000)
  to   space 18432K, 0% used [0x00000000fb880000,0x00000000fb880000,0x00000000fca80000)
 ParOldGen       total 47616K, used 35630K [0x00000000c0000000, 0x00000000c2e80000, 0x00000000eab00000)
  object space 47616K, 74% used [0x00000000c0000000,0x00000000c22cb820,0x00000000c2e80000)
 Metaspace       used 32238K, capacity 32585K, committed 32896K, reserved 1079296K
  class space    used 3338K, capacity 3434K, committed 3456K, reserved 1048576K
GC Heap History (10 events):
Event: 2.966 GC heap before
{Heap before GC invocations=8 (full 0):
 PSYoungGen      total 74240K, used 66344K [0x00000000eab00000, 0x00000000f3c00000, 0x0000000100000000)
  eden space 66560K, 97% used [0x00000000eab00000,0x00000000eea25c98,0x00000000eec00000)
  from space 7680K, 21% used [0x00000000eec00000,0x00000000eeda46c8,0x00000000ef380000)
  to   space 7680K, 0% used [0x00000000f3480000,0x00000000f3480000,0x00000000f3c00000)
 ParOldGen       total 87552K, used 4006K [0x00000000c0000000, 0x00000000c5580000, 0x00000000eab00000)
  object space 87552K, 4% used [0x00000000c0000000,0x00000000c03e9808,0x00000000c5580000)
 Metaspace       used 20980K, capacity 21183K, committed 21248K, reserved 1069056K
  class space    used 2176K, capacity 2285K, committed 2304K, reserved 1048576K
Event: 2.967 GC heap after
Heap after GC invocations=8 (full 0):
 PSYoungGen      total 140800K, used 699K [0x00000000eab00000, 0x00000000f3c00000, 0x0000000100000000)
  eden space 133120K, 0% used [0x00000000eab00000,0x00000000eab00000,0x00000000f2d00000)
  from space 7680K, 9% used [0x00000000f3480000,0x00000000f352ede0,0x00000000f3c00000)
  to   space 7680K, 0% used [0x00000000f2d00000,0x00000000f2d00000,0x00000000f3480000)
 ParOldGen       total 87552K, used 5217K [0x00000000c0000000, 0x00000000c5580000, 0x00000000eab00000)
  object space 87552K, 5% used [0x00000000c0000000,0x00000000c0518648,0x00000000c5580000)
 Metaspace       used 20980K, capacity 21183K, committed 21248K, reserved 1069056K
  class space    used 2176K, capacity 2285K, committed 2304K, reserved 1048576K
}
Event: 2.967 GC heap before
{Heap before GC invocations=9 (full 1):
 PSYoungGen      total 140800K, used 699K [0x00000000eab00000, 0x00000000f3c00000, 0x0000000100000000)
  eden space 133120K, 0% used [0x00000000eab00000,0x00000000eab00000,0x00000000f2d00000)
  from space 7680K, 9% used [0x00000000f3480000,0x00000000f352ede0,0x00000000f3c00000)
  to   space 7680K, 0% used [0x00000000f2d00000,0x00000000f2d00000,0x00000000f3480000)
 ParOldGen       total 87552K, used 5217K [0x00000000c0000000, 0x00000000c5580000, 0x00000000eab00000)
  object space 87552K, 5% used [0x00000000c0000000,0x00000000c0518648,0x00000000c5580000)
 Metaspace       used 20980K, capacity 21183K, committed 21248K, reserved 1069056K
  class space    used 2176K, capacity 2285K, committed 2304K, reserved 1048576K
Event: 3.011 GC heap after
Heap after GC invocations=9 (full 1):
 PSYoungGen      total 140800K, used 0K [0x00000000eab00000, 0x00000000f3c00000, 0x0000000100000000)
  eden space 133120K, 0% used [0x00000000eab00000,0x00000000eab00000,0x00000000f2d00000)
  from space 7680K, 0% used [0x00000000f3480000,0x00000000f3480000,0x00000000f3c00000)
  to   space 7680K, 0% used [0x00000000f2d00000,0x00000000f2d00000,0x00000000f3480000)
 ParOldGen       total 47616K, used 5450K [0x00000000c0000000, 0x00000000c2e80000, 0x00000000eab00000)
  object space 47616K, 11% used [0x00000000c0000000,0x00000000c0552a80,0x00000000c2e80000)
 Metaspace       used 20980K, capacity 21183K, committed 21248K, reserved 1069056K
  class space    used 2176K, capacity 2285K, committed 2304K, reserved 1048576K
}
Event: 3.693 GC heap before
{Heap before GC invocations=10 (full 1):
 PSYoungGen      total 140800K, used 133004K [0x00000000eab00000, 0x00000000f3c00000, 0x0000000100000000)
  eden space 133120K, 99% used [0x00000000eab00000,0x00000000f2ce3330,0x00000000f2d00000)
  from space 7680K, 0% used [0x00000000f3480000,0x00000000f3480000,0x00000000f3c00000)
  to   space 7680K, 0% used [0x00000000f2d00000,0x00000000f2d00000,0x00000000f3480000)
 ParOldGen       total 47616K, used 5450K [0x00000000c0000000, 0x00000000c2e80000, 0x00000000eab00000)
  object space 47616K, 11% used [0x00000000c0000000,0x00000000c0552a80,0x00000000c2e80000)
 Metaspace       used 28295K, capacity 28653K, committed 28928K, reserved 1075200K
  class space    used 3138K, capacity 3238K, committed 3328K, reserved 1048576K
Event: 3.700 GC heap after
Heap after GC invocations=10 (full 1):
 PSYoungGen      total 140800K, used 7668K [0x00000000eab00000, 0x00000000f7c80000, 0x0000000100000000)
  eden space 133120K, 0% used [0x00000000eab00000,0x00000000eab00000,0x00000000f2d00000)
  from space 7680K, 99% used [0x00000000f2d00000,0x00000000f347d0a0,0x00000000f3480000)
  to   space 10240K, 0% used [0x00000000f7280000,0x00000000f7280000,0x00000000f7c80000)
 ParOldGen       total 47616K, used 8514K [0x00000000c0000000, 0x00000000c2e80000, 0x00000000eab00000)
  object space 47616K, 17% used [0x00000000c0000000,0x00000000c0850a98,0x00000000c2e80000)
 Metaspace       used 28295K, capacity 28653K, committed 28928K, reserved 1075200K
  class space    used 3138K, capacity 3238K, committed 3328K, reserved 1048576K
}
Event: 6.201 GC heap before
{Heap before GC invocations=11 (full 1):
 PSYoungGen      total 140800K, used 140788K [0x00000000eab00000, 0x00000000f7c80000, 0x0000000100000000)
  eden space 133120K, 100% used [0x00000000eab00000,0x00000000f2d00000,0x00000000f2d00000)
  from space 7680K, 99% used [0x00000000f2d00000,0x00000000f347d0a0,0x00000000f3480000)
  to   space 10240K, 0% used [0x00000000f7280000,0x00000000f7280000,0x00000000f7c80000)
 ParOldGen       total 47616K, used 8514K [0x00000000c0000000, 0x00000000c2e80000, 0x00000000eab00000)
  object space 47616K, 17% used [0x00000000c0000000,0x00000000c0850a98,0x00000000c2e80000)
 Metaspace       used 30850K, capacity 31145K, committed 31360K, reserved 1077248K
  class space    used 3297K, capacity 3402K, committed 3456K, reserved 1048576K
Event: 6.211 GC heap after
Heap after GC invocations=11 (full 1):
 PSYoungGen      total 195584K, used 10224K [0x00000000eab00000, 0x00000000f8980000, 0x0000000100000000)
  eden space 185344K, 0% used [0x00000000eab00000,0x00000000eab00000,0x00000000f6000000)
  from space 10240K, 99% used [0x00000000f7280000,0x00000000f7c7c078,0x00000000f7c80000)
  to   space 18944K, 0% used [0x00000000f6000000,0x00000000f6000000,0x00000000f7280000)
 ParOldGen       total 47616K, used 27302K [0x00000000c0000000, 0x00000000c2e80000, 0x00000000eab00000)
  object space 47616K, 57% used [0x00000000c0000000,0x00000000c1aa99d8,0x00000000c2e80000)
 Metaspace       used 30850K, capacity 31145K, committed 31360K, reserved 1077248K
  class space    used 3297K, capacity 3402K, committed 3456K, reserved 1048576K
}
Event: 14.766 GC heap before
{Heap before GC invocations=12 (full 1):
 PSYoungGen      total 195584K, used 195568K [0x00000000eab00000, 0x00000000f8980000, 0x0000000100000000)
  eden space 185344K, 100% used [0x00000000eab00000,0x00000000f6000000,0x00000000f6000000)
  from space 10240K, 99% used [0x00000000f7280000,0x00000000f7c7c078,0x00000000f7c80000)
  to   space 18944K, 0% used [0x00000000f6000000,0x00000000f6000000,0x00000000f7280000)
 ParOldGen       total 47616K, used 27302K [0x00000000c0000000, 0x00000000c2e80000, 0x00000000eab00000)
  object space 47616K, 57% used [0x00000000c0000000,0x00000000c1aa99d8,0x00000000c2e80000)
 Metaspace       used 32056K, capacity 32393K, committed 32640K, reserved 1079296K
  class space    used 3334K, capacity 3434K, committed 3456K, reserved 1048576K
Event: 14.773 GC heap after
Heap after GC invocations=12 (full 1):
 PSYoungGen      total 204288K, used 2063K [0x00000000eab00000, 0x00000000fca80000, 0x0000000100000000)
  eden space 185344K, 0% used [0x00000000eab00000,0x00000000eab00000,0x00000000f6000000)
  from space 18944K, 10% used [0x00000000f6000000,0x00000000f6203d90,0x00000000f7280000)
  to   space 18432K, 0% used [0x00000000fb880000,0x00000000fb880000,0x00000000fca80000)
 ParOldGen       total 47616K, used 35630K [0x00000000c0000000, 0x00000000c2e80000, 0x00000000eab00000)
  object space 47616K, 74% used [0x00000000c0000000,0x00000000c22cb820,0x00000000c2e80000)
 Metaspace       used 32056K, capacity 32393K, committed 32640K, reserved 1079296K
  class space    used 3334K, capacity 3434K, committed 3456K, reserved 1048576K
}

