# JRE version: Java(TM) SE Runtime Environment (8.0_181-b13) (build 1.8.0_181-b13)
# Java VM: Java HotSpot(TM) 64-Bit Server VM (25.181-b13 mixed mode windows-amd64 compressed oops)
Heap:
 PSYoungGen      total 334848K, used 145156K [0x00000000eab00000, 0x00000000fff00000, 0x0000000100000000)
  eden space 321536K, 45% used [0x00000000eab00000,0x00000000f3899228,0x00000000fe500000)
  from space 13312K, 1% used [0x00000000ff200000,0x00000000ff228000,0x00000000fff00000)
  to   space 13312K, 0% used [0x00000000fe500000,0x00000000fe500000,0x00000000ff200000)
 ParOldGen       total 47616K, used 35110K [0x00000000c0000000, 0x00000000c2e80000, 0x00000000eab00000)
  object space 47616K, 73% used [0x00000000c0000000,0x00000000c2249b50,0x00000000c2e80000)
 Metaspace       used 32287K, capacity 32637K, committed 32896K, reserved 1079296K
  class space    used 3347K, capacity 3432K, committed 3456K, reserved 1048576K
GC Heap History (10 events):
Event: 3.895 GC heap before
{Heap before GC invocations=11 (full 1):
 PSYoungGen      total 140800K, used 132608K [0x00000000eab00000, 0x00000000f8a80000, 0x0000000100000000)
  eden space 132608K, 100% used [0x00000000eab00000,0x00000000f2c80000,0x00000000f2c80000)
  from space 8192K, 0% used [0x00000000f2c80000,0x00000000f2c80000,0x00000000f3480000)
  to   space 8192K, 0% used [0x00000000f8280000,0x00000000f8280000,0x00000000f8a80000)
 ParOldGen       total 47616K, used 5411K [0x00000000c0000000, 0x00000000c2e80000, 0x00000000eab00000)
  object space 47616K, 11% used [0x00000000c0000000,0x00000000c0548e88,0x00000000c2e80000)
 Metaspace       used 28336K, capacity 28659K, committed 28928K, reserved 1075200K
  class space    used 3144K, capacity 3239K, committed 3328K, reserved 1048576K
Event: 3.902 GC heap after
Heap after GC invocations=11 (full 1):
 PSYoungGen      total 202240K, used 8161K [0x00000000eab00000, 0x00000000f8a80000, 0x0000000100000000)
  eden space 194048K, 0% used [0x00000000eab00000,0x00000000eab00000,0x00000000f6880000)
  from space 8192K, 99% used [0x00000000f8280000,0x00000000f8a78790,0x00000000f8a80000)
  to   space 13824K, 0% used [0x00000000f6f80000,0x00000000f6f80000,0x00000000f7d00000)
 ParOldGen       total 47616K, used 17260K [0x00000000c0000000, 0x00000000c2e80000, 0x00000000eab00000)
  object space 47616K, 36% used [0x00000000c0000000,0x00000000c10db220,0x00000000c2e80000)
 Metaspace       used 28336K, capacity 28659K, committed 28928K, reserved 1075200K
  class space    used 3144K, capacity 3239K, committed 3328K, reserved 1048576K
}
Event: 7.504 GC heap before
{Heap before GC invocations=12 (full 1):
 PSYoungGen      total 202240K, used 202209K [0x00000000eab00000, 0x00000000f8a80000, 0x0000000100000000)
  eden space 194048K, 100% used [0x00000000eab00000,0x00000000f6880000,0x00000000f6880000)
  from space 8192K, 99% used [0x00000000f8280000,0x00000000f8a78790,0x00000000f8a80000)
  to   space 13824K, 0% used [0x00000000f6f80000,0x00000000f6f80000,0x00000000f7d00000)
 ParOldGen       total 47616K, used 17262K [0x00000000c0000000, 0x00000000c2e80000, 0x00000000eab00000)
  object space 47616K, 36% used [0x00000000c0000000,0x00000000c10dba58,0x00000000c2e80000)
 Metaspace       used 31087K, capacity 31453K, committed 31872K, reserved 1077248K
  class space    used 3297K, capacity 3400K, committed 3456K, reserved 1048576K
Event: 7.511 GC heap after
Heap after GC invocations=12 (full 1):
 PSYoungGen      total 215040K, used 8145K [0x00000000eab00000, 0x00000000fd580000, 0x0000000100000000)
  eden space 201216K, 0% used [0x00000000eab00000,0x00000000eab00000,0x00000000f6f80000)
  from space 13824K, 58% used [0x00000000f6f80000,0x00000000f7774738,0x00000000f7d00000)
  to   space 14336K, 0% used [0x00000000fc780000,0x00000000fc780000,0x00000000fd580000)
 ParOldGen       total 47616K, used 23957K [0x00000000c0000000, 0x00000000c2e80000, 0x00000000eab00000)
  object space 47616K, 50% used [0x00000000c0000000,0x00000000c17654c0,0x00000000c2e80000)
 Metaspace       used 31087K, capacity 31453K, committed 31872K, reserved 1077248K
  class space    used 3297K, capacity 3400K, committed 3456K, reserved 1048576K
}
Event: 13.055 GC heap before
{Heap before GC invocations=13 (full 1):
 PSYoungGen      total 215040K, used 209361K [0x00000000eab00000, 0x00000000fd580000, 0x0000000100000000)
  eden space 201216K, 100% used [0x00000000eab00000,0x00000000f6f80000,0x00000000f6f80000)
  from space 13824K, 58% used [0x00000000f6f80000,0x00000000f7774738,0x00000000f7d00000)
  to   space 14336K, 0% used [0x00000000fc780000,0x00000000fc780000,0x00000000fd580000)
 ParOldGen       total 47616K, used 23957K [0x00000000c0000000, 0x00000000c2e80000, 0x00000000eab00000)
  object space 47616K, 50% used [0x00000000c0000000,0x00000000c17654c0,0x00000000c2e80000)
 Metaspace       used 31930K, capacity 32317K, committed 32640K, reserved 1079296K
  class space    used 3331K, capacity 3432K, committed 3456K, reserved 1048576K
Event: 13.060 GC heap after
Heap after GC invocations=13 (full 1):
 PSYoungGen      total 291840K, used 3035K [0x00000000eab00000, 0x00000000fd780000, 0x0000000100000000)
  eden space 277504K, 0% used [0x00000000eab00000,0x00000000eab00000,0x00000000fba00000)
  from space 14336K, 21% used [0x00000000fc780000,0x00000000fca76f28,0x00000000fd580000)
  to   space 13824K, 0% used [0x00000000fba00000,0x00000000fba00000,0x00000000fc780000)
 ParOldGen       total 47616K, used 31814K [0x00000000c0000000, 0x00000000c2e80000, 0x00000000eab00000)
  object space 47616K, 66% used [0x00000000c0000000,0x00000000c1f11a88,0x00000000c2e80000)
 Metaspace       used 31930K, capacity 32317K, committed 32640K, reserved 1079296K
  class space    used 3331K, capacity 3432K, committed 3456K, reserved 1048576K
}
Event: 19.478 GC heap before
{Heap before GC invocations=14 (full 1):
 PSYoungGen      total 291840K, used 280539K [0x00000000eab00000, 0x00000000fd780000, 0x0000000100000000)
  eden space 277504K, 100% used [0x00000000eab00000,0x00000000fba00000,0x00000000fba00000)
  from space 14336K, 21% used [0x00000000fc780000,0x00000000fca76f28,0x00000000fd580000)
  to   space 13824K, 0% used [0x00000000fba00000,0x00000000fba00000,0x00000000fc780000)
 ParOldGen       total 47616K, used 31814K [0x00000000c0000000, 0x00000000c2e80000, 0x00000000eab00000)
  object space 47616K, 66% used [0x00000000c0000000,0x00000000c1f11a88,0x00000000c2e80000)
 Metaspace       used 32183K, capacity 32509K, committed 32896K, reserved 1079296K
  class space    used 3343K, capacity 3432K, committed 3456K, reserved 1048576K
Event: 19.482 GC heap after
Heap after GC invocations=14 (full 1):
 PSYoungGen      total 291328K, used 547K [0x00000000eab00000, 0x00000000fff80000, 0x0000000100000000)
  eden space 277504K, 0% used [0x00000000eab00000,0x00000000eab00000,0x00000000fba00000)
  from space 13824K, 3% used [0x00000000fba00000,0x00000000fba88d20,0x00000000fc780000)
  to   space 13824K, 0% used [0x00000000ff200000,0x00000000ff200000,0x00000000fff80000)
 ParOldGen       total 47616K, used 34642K [0x00000000c0000000, 0x00000000c2e80000, 0x00000000eab00000)
  object space 47616K, 72% used [0x00000000c0000000,0x00000000c21d49b0,0x00000000c2e80000)
 Metaspace       used 32183K, capacity 32509K, committed 32896K, reserved 1079296K
  class space    used 3343K, capacity 3432K, committed 3456K, reserved 1048576K
}
Event: 22.860 GC heap before
{Heap before GC invocations=15 (full 1):
 PSYoungGen      total 291328K, used 278051K [0x00000000eab00000, 0x00000000fff80000, 0x0000000100000000)
  eden space 277504K, 100% used [0x00000000eab00000,0x00000000fba00000,0x00000000fba00000)
  from space 13824K, 3% used [0x00000000fba00000,0x00000000fba88d20,0x00000000fc780000)
  to   space 13824K, 0% used [0x00000000ff200000,0x00000000ff200000,0x00000000fff80000)
 ParOldGen       total 47616K, used 34642K [0x00000000c0000000, 0x00000000c2e80000, 0x00000000eab00000)
  object space 47616K, 72% used [0x00000000c0000000,0x00000000c21d49b0,0x00000000c2e80000)
 Metaspace       used 32245K, capacity 32573K, committed 32896K, reserved 1079296K
  class space    used 3343K, capacity 3432K, committed 3456K, reserved 1048576K
Event: 22.861 GC heap after
Heap after GC invocations=15 (full 1):
 PSYoungGen      total 334848K, used 160K [0x00000000eab00000, 0x00000000fff00000, 0x0000000100000000)
  eden space 321536K, 0% used [0x00000000eab00000,0x00000000eab00000,0x00000000fe500000)
  from space 13312K, 1% used [0x00000000ff200000,0x00000000ff228000,0x00000000fff00000)
  to   space 13312K, 0% used [0x00000000fe500000,0x00000000fe500000,0x00000000ff200000)
 ParOldGen       total 47616K, used 35110K [0x00000000c0000000, 0x00000000c2e80000, 0x00000000eab00000)
  object space 47616K, 73% used [0x00000000c0000000,0x00000000c2249b50,0x00000000c2e80000)
 Metaspace       used 32245K, capacity 32573K, committed 32896K, reserved 1079296K
  class space    used 3343K, capacity 3432K, committed 3456K, reserved 1048576K
}

