# JRE version: Java(TM) SE Runtime Environment (8.0_181-b13) (build 1.8.0_181-b13)
# Java VM: Java HotSpot(TM) 64-Bit Server VM (25.181-b13 mixed mode windows-amd64 compressed oops)
Heap:
 PSYoungGen      total 245248K, used 235156K [0x00000000eab00000, 0x00000000fbe00000, 0x0000000100000000)
  eden space 237568K, 95% used [0x00000000eab00000,0x00000000f8928278,0x00000000f9300000)
  from space 7680K, 99% used [0x00000000fb680000,0x00000000fbdfcd98,0x00000000fbe00000)
  to   space 9728K, 0% used [0x00000000fab00000,0x00000000fab00000,0x00000000fb480000)
 ParOldGen       total 46080K, used 6846K [0x00000000c0000000, 0x00000000c2d00000, 0x00000000eab00000)
  object space 46080K, 14% used [0x00000000c0000000,0x00000000c06af878,0x00000000c2d00000)
 Metaspace       used 31354K, capacity 31741K, committed 32128K, reserved 1077248K
  class space    used 3318K, capacity 3432K, committed 3456K, reserved 1048576K
GC Heap History (10 events):
Event: 2.979 GC heap before
{Heap before GC invocations=3 (full 0):
 PSYoungGen      total 71680K, used 71679K [0x00000000eab00000, 0x00000000ef600000, 0x0000000100000000)
  eden space 66560K, 100% used [0x00000000eab00000,0x00000000eec00000,0x00000000eec00000)
  from space 5120K, 99% used [0x00000000ef100000,0x00000000ef5fff78,0x00000000ef600000)
  to   space 5120K, 0% used [0x00000000eec00000,0x00000000eec00000,0x00000000ef100000)
 ParOldGen       total 87552K, used 344K [0x00000000c0000000, 0x00000000c5580000, 0x00000000eab00000)
  object space 87552K, 0% used [0x00000000c0000000,0x00000000c0056148,0x00000000c5580000)
 Metaspace       used 20242K, capacity 20467K, committed 20736K, reserved 1067008K
  class space    used 2117K, capacity 2219K, committed 2304K, reserved 1048576K
Event: 2.985 GC heap after
Heap after GC invocations=3 (full 0):
 PSYoungGen      total 71680K, used 5101K [0x00000000eab00000, 0x00000000f3700000, 0x0000000100000000)
  eden space 66560K, 0% used [0x00000000eab00000,0x00000000eab00000,0x00000000eec00000)
  from space 5120K, 99% used [0x00000000eec00000,0x00000000ef0fb4d0,0x00000000ef100000)
  to   space 5120K, 0% used [0x00000000f3200000,0x00000000f3200000,0x00000000f3700000)
 ParOldGen       total 87552K, used 570K [0x00000000c0000000, 0x00000000c5580000, 0x00000000eab00000)
  object space 87552K, 0% used [0x00000000c0000000,0x00000000c008ea88,0x00000000c5580000)
 Metaspace       used 20242K, capacity 20467K, committed 20736K, reserved 1067008K
  class space    used 2117K, capacity 2219K, committed 2304K, reserved 1048576K
}
Event: 3.059 GC heap before
{Heap before GC invocations=4 (full 0):
 PSYoungGen      total 71680K, used 71661K [0x00000000eab00000, 0x00000000f3700000, 0x0000000100000000)
  eden space 66560K, 100% used [0x00000000eab00000,0x00000000eec00000,0x00000000eec00000)
  from space 5120K, 99% used [0x00000000eec00000,0x00000000ef0fb4d0,0x00000000ef100000)
  to   space 5120K, 0% used [0x00000000f3200000,0x00000000f3200000,0x00000000f3700000)
 ParOldGen       total 87552K, used 570K [0x00000000c0000000, 0x00000000c5580000, 0x00000000eab00000)
  object space 87552K, 0% used [0x00000000c0000000,0x00000000c008ea88,0x00000000c5580000)
 Metaspace       used 20509K, capacity 20723K, committed 20992K, reserved 1069056K
  class space    used 2133K, capacity 2219K, committed 2304K, reserved 1048576K
Event: 3.064 GC heap after
Heap after GC invocations=4 (full 0):
 PSYoungGen      total 138240K, used 5027K [0x00000000eab00000, 0x00000000f3700000, 0x0000000100000000)
  eden space 133120K, 0% used [0x00000000eab00000,0x00000000eab00000,0x00000000f2d00000)
  from space 5120K, 98% used [0x00000000f3200000,0x00000000f36e8dc0,0x00000000f3700000)
  to   space 5120K, 0% used [0x00000000f2d00000,0x00000000f2d00000,0x00000000f3200000)
 ParOldGen       total 87552K, used 578K [0x00000000c0000000, 0x00000000c5580000, 0x00000000eab00000)
  object space 87552K, 0% used [0x00000000c0000000,0x00000000c0090a88,0x00000000c5580000)
 Metaspace       used 20509K, capacity 20723K, committed 20992K, reserved 1069056K
  class space    used 2133K, capacity 2219K, committed 2304K, reserved 1048576K
}
Event: 3.171 GC heap before
{Heap before GC invocations=5 (full 0):
 PSYoungGen      total 138240K, used 128522K [0x00000000eab00000, 0x00000000f3700000, 0x0000000100000000)
  eden space 133120K, 92% used [0x00000000eab00000,0x00000000f2399bc0,0x00000000f2d00000)
  from space 5120K, 98% used [0x00000000f3200000,0x00000000f36e8dc0,0x00000000f3700000)
  to   space 5120K, 0% used [0x00000000f2d00000,0x00000000f2d00000,0x00000000f3200000)
 ParOldGen       total 87552K, used 578K [0x00000000c0000000, 0x00000000c5580000, 0x00000000eab00000)
  object space 87552K, 0% used [0x00000000c0000000,0x00000000c0090a88,0x00000000c5580000)
 Metaspace       used 20978K, capacity 21183K, committed 21248K, reserved 1069056K
  class space    used 2176K, capacity 2285K, committed 2304K, reserved 1048576K
Event: 3.177 GC heap after
Heap after GC invocations=5 (full 0):
 PSYoungGen      total 138240K, used 5104K [0x00000000eab00000, 0x00000000fbe00000, 0x0000000100000000)
  eden space 133120K, 0% used [0x00000000eab00000,0x00000000eab00000,0x00000000f2d00000)
  from space 5120K, 99% used [0x00000000f2d00000,0x00000000f31fc340,0x00000000f3200000)
  to   space 7680K, 0% used [0x00000000fb680000,0x00000000fb680000,0x00000000fbe00000)
 ParOldGen       total 87552K, used 932K [0x00000000c0000000, 0x00000000c5580000, 0x00000000eab00000)
  object space 87552K, 1% used [0x00000000c0000000,0x00000000c00e9228,0x00000000c5580000)
 Metaspace       used 20978K, capacity 21183K, committed 21248K, reserved 1069056K
  class space    used 2176K, capacity 2285K, committed 2304K, reserved 1048576K
}
Event: 3.177 GC heap before
{Heap before GC invocations=6 (full 1):
 PSYoungGen      total 138240K, used 5104K [0x00000000eab00000, 0x00000000fbe00000, 0x0000000100000000)
  eden space 133120K, 0% used [0x00000000eab00000,0x00000000eab00000,0x00000000f2d00000)
  from space 5120K, 99% used [0x00000000f2d00000,0x00000000f31fc340,0x00000000f3200000)
  to   space 7680K, 0% used [0x00000000fb680000,0x00000000fb680000,0x00000000fbe00000)
 ParOldGen       total 87552K, used 932K [0x00000000c0000000, 0x00000000c5580000, 0x00000000eab00000)
  object space 87552K, 1% used [0x00000000c0000000,0x00000000c00e9228,0x00000000c5580000)
 Metaspace       used 20978K, capacity 21183K, committed 21248K, reserved 1069056K
  class space    used 2176K, capacity 2285K, committed 2304K, reserved 1048576K
Event: 3.201 GC heap after
Heap after GC invocations=6 (full 1):
 PSYoungGen      total 138240K, used 0K [0x00000000eab00000, 0x00000000fbe00000, 0x0000000100000000)
  eden space 133120K, 0% used [0x00000000eab00000,0x00000000eab00000,0x00000000f2d00000)
  from space 5120K, 0% used [0x00000000f2d00000,0x00000000f2d00000,0x00000000f3200000)
  to   space 7680K, 0% used [0x00000000fb680000,0x00000000fb680000,0x00000000fbe00000)
 ParOldGen       total 46080K, used 5470K [0x00000000c0000000, 0x00000000c2d00000, 0x00000000eab00000)
  object space 46080K, 11% used [0x00000000c0000000,0x00000000c0557b40,0x00000000c2d00000)
 Metaspace       used 20978K, capacity 21183K, committed 21248K, reserved 1069056K
  class space    used 2176K, capacity 2285K, committed 2304K, reserved 1048576K
}
Event: 3.726 GC heap before
{Heap before GC invocations=7 (full 1):
 PSYoungGen      total 138240K, used 133120K [0x00000000eab00000, 0x00000000fbe00000, 0x0000000100000000)
  eden space 133120K, 100% used [0x00000000eab00000,0x00000000f2d00000,0x00000000f2d00000)
  from space 5120K, 0% used [0x00000000f2d00000,0x00000000f2d00000,0x00000000f3200000)
  to   space 7680K, 0% used [0x00000000fb680000,0x00000000fb680000,0x00000000fbe00000)
 ParOldGen       total 46080K, used 5470K [0x00000000c0000000, 0x00000000c2d00000, 0x00000000eab00000)
  object space 46080K, 11% used [0x00000000c0000000,0x00000000c0557b40,0x00000000c2d00000)
 Metaspace       used 27342K, capacity 27669K, committed 27776K, reserved 1073152K
  class space    used 3057K, capacity 3170K, committed 3200K, reserved 1048576K
Event: 3.731 GC heap after
Heap after GC invocations=7 (full 1):
 PSYoungGen      total 245248K, used 7667K [0x00000000eab00000, 0x00000000fbe00000, 0x0000000100000000)
  eden space 237568K, 0% used [0x00000000eab00000,0x00000000eab00000,0x00000000f9300000)
  from space 7680K, 99% used [0x00000000fb680000,0x00000000fbdfcd98,0x00000000fbe00000)
  to   space 9728K, 0% used [0x00000000fab00000,0x00000000fab00000,0x00000000fb480000)
 ParOldGen       total 46080K, used 6846K [0x00000000c0000000, 0x00000000c2d00000, 0x00000000eab00000)
  object space 46080K, 14% used [0x00000000c0000000,0x00000000c06af878,0x00000000c2d00000)
 Metaspace       used 27342K, capacity 27669K, committed 27776K, reserved 1073152K
  class space    used 3057K, capacity 3170K, committed 3200K, reserved 1048576K
}

