# JRE version: Java(TM) SE Runtime Environment (8.0_181-b13) (build 1.8.0_181-b13)
# Java VM: Java HotSpot(TM) 64-Bit Server VM (25.181-b13 mixed mode windows-amd64 compressed oops)
Heap:
 PSYoungGen      total 327680K, used 282467K [0x00000000eab00000, 0x0000000100000000, 0x0000000100000000)
  eden space 313344K, 89% used [0x00000000eab00000,0x00000000fbe50100,0x00000000fdd00000)
  from space 14336K, 3% used [0x00000000fdd00000,0x00000000fdd88d20,0x00000000feb00000)
  to   space 14848K, 0% used [0x00000000ff180000,0x00000000ff180000,0x0000000100000000)
 ParOldGen       total 47616K, used 29615K [0x00000000c0000000, 0x00000000c2e80000, 0x00000000eab00000)
  object space 47616K, 62% used [0x00000000c0000000,0x00000000c1cebd80,0x00000000c2e80000)
 Metaspace       used 32311K, capacity 32591K, committed 32896K, reserved 1079296K
  class space    used 3347K, capacity 3435K, committed 3456K, reserved 1048576K
GC Heap History (10 events):
Event: 3.000 GC heap before
{Heap before GC invocations=8 (full 1):
 PSYoungGen      total 131072K, used 2011K [0x00000000eab00000, 0x00000000fac00000, 0x0000000100000000)
  eden space 123904K, 0% used [0x00000000eab00000,0x00000000eab00000,0x00000000f2400000)
  from space 7168K, 28% used [0x00000000f2400000,0x00000000f25f6e30,0x00000000f2b00000)
  to   space 7680K, 0% used [0x00000000fa480000,0x00000000fa480000,0x00000000fac00000)
 ParOldGen       total 87552K, used 3990K [0x00000000c0000000, 0x00000000c5580000, 0x00000000eab00000)
  object space 87552K, 4% used [0x00000000c0000000,0x00000000c03e5b40,0x00000000c5580000)
 Metaspace       used 20975K, capacity 21183K, committed 21248K, reserved 1069056K
  class space    used 2171K, capacity 2285K, committed 2304K, reserved 1048576K
Event: 3.038 GC heap after
Heap after GC invocations=8 (full 1):
 PSYoungGen      total 131072K, used 0K [0x00000000eab00000, 0x00000000fac00000, 0x0000000100000000)
  eden space 123904K, 0% used [0x00000000eab00000,0x00000000eab00000,0x00000000f2400000)
  from space 7168K, 0% used [0x00000000f2400000,0x00000000f2400000,0x00000000f2b00000)
  to   space 7680K, 0% used [0x00000000fa480000,0x00000000fa480000,0x00000000fac00000)
 ParOldGen       total 47616K, used 5568K [0x00000000c0000000, 0x00000000c2e80000, 0x00000000eab00000)
  object space 47616K, 11% used [0x00000000c0000000,0x00000000c0570350,0x00000000c2e80000)
 Metaspace       used 20975K, capacity 21183K, committed 21248K, reserved 1069056K
  class space    used 2171K, capacity 2285K, committed 2304K, reserved 1048576K
}
Event: 3.609 GC heap before
{Heap before GC invocations=9 (full 1):
 PSYoungGen      total 131072K, used 123904K [0x00000000eab00000, 0x00000000fac00000, 0x0000000100000000)
  eden space 123904K, 100% used [0x00000000eab00000,0x00000000f2400000,0x00000000f2400000)
  from space 7168K, 0% used [0x00000000f2400000,0x00000000f2400000,0x00000000f2b00000)
  to   space 7680K, 0% used [0x00000000fa480000,0x00000000fa480000,0x00000000fac00000)
 ParOldGen       total 47616K, used 5568K [0x00000000c0000000, 0x00000000c2e80000, 0x00000000eab00000)
  object space 47616K, 11% used [0x00000000c0000000,0x00000000c0570350,0x00000000c2e80000)
 Metaspace       used 27668K, capacity 28039K, committed 28416K, reserved 1075200K
  class space    used 3078K, capacity 3205K, committed 3328K, reserved 1048576K
Event: 3.616 GC heap after
Heap after GC invocations=9 (full 1):
 PSYoungGen      total 226304K, used 7675K [0x00000000eab00000, 0x00000000fac00000, 0x0000000100000000)
  eden space 218624K, 0% used [0x00000000eab00000,0x00000000eab00000,0x00000000f8080000)
  from space 7680K, 99% used [0x00000000fa480000,0x00000000fabfef20,0x00000000fac00000)
  to   space 9728K, 0% used [0x00000000f9900000,0x00000000f9900000,0x00000000fa280000)
 ParOldGen       total 47616K, used 7747K [0x00000000c0000000, 0x00000000c2e80000, 0x00000000eab00000)
  object space 47616K, 16% used [0x00000000c0000000,0x00000000c0790fa8,0x00000000c2e80000)
 Metaspace       used 27668K, capacity 28039K, committed 28416K, reserved 1075200K
  class space    used 3078K, capacity 3205K, committed 3328K, reserved 1048576K
}
Event: 8.083 GC heap before
{Heap before GC invocations=10 (full 1):
 PSYoungGen      total 226304K, used 226299K [0x00000000eab00000, 0x00000000fac00000, 0x0000000100000000)
  eden space 218624K, 100% used [0x00000000eab00000,0x00000000f8080000,0x00000000f8080000)
  from space 7680K, 99% used [0x00000000fa480000,0x00000000fabfef20,0x00000000fac00000)
  to   space 9728K, 0% used [0x00000000f9900000,0x00000000f9900000,0x00000000fa280000)
 ParOldGen       total 47616K, used 7747K [0x00000000c0000000, 0x00000000c2e80000, 0x00000000eab00000)
  object space 47616K, 16% used [0x00000000c0000000,0x00000000c0790fa8,0x00000000c2e80000)
 Metaspace       used 31181K, capacity 31535K, committed 31872K, reserved 1077248K
  class space    used 3299K, capacity 3403K, committed 3456K, reserved 1048576K
Event: 8.091 GC heap after
Heap after GC invocations=10 (full 1):
 PSYoungGen      total 253440K, used 9718K [0x00000000eab00000, 0x00000000ffa00000, 0x0000000100000000)
  eden space 243712K, 0% used [0x00000000eab00000,0x00000000eab00000,0x00000000f9900000)
  from space 9728K, 99% used [0x00000000f9900000,0x00000000fa27da88,0x00000000fa280000)
  to   space 15360K, 0% used [0x00000000feb00000,0x00000000feb00000,0x00000000ffa00000)
 ParOldGen       total 47616K, used 17965K [0x00000000c0000000, 0x00000000c2e80000, 0x00000000eab00000)
  object space 47616K, 37% used [0x00000000c0000000,0x00000000c118b6a8,0x00000000c2e80000)
 Metaspace       used 31181K, capacity 31535K, committed 31872K, reserved 1077248K
  class space    used 3299K, capacity 3403K, committed 3456K, reserved 1048576K
}
Event: 12.737 GC heap before
{Heap before GC invocations=11 (full 1):
 PSYoungGen      total 253440K, used 253430K [0x00000000eab00000, 0x00000000ffa00000, 0x0000000100000000)
  eden space 243712K, 100% used [0x00000000eab00000,0x00000000f9900000,0x00000000f9900000)
  from space 9728K, 99% used [0x00000000f9900000,0x00000000fa27da88,0x00000000fa280000)
  to   space 15360K, 0% used [0x00000000feb00000,0x00000000feb00000,0x00000000ffa00000)
 ParOldGen       total 47616K, used 17965K [0x00000000c0000000, 0x00000000c2e80000, 0x00000000eab00000)
  object space 47616K, 37% used [0x00000000c0000000,0x00000000c118b6a8,0x00000000c2e80000)
 Metaspace       used 32010K, capacity 32335K, committed 32640K, reserved 1079296K
  class space    used 3342K, capacity 3435K, committed 3456K, reserved 1048576K
Event: 12.745 GC heap after
Heap after GC invocations=11 (full 1):
 PSYoungGen      total 328704K, used 5523K [0x00000000eab00000, 0x0000000100000000, 0x0000000100000000)
  eden space 313344K, 0% used [0x00000000eab00000,0x00000000eab00000,0x00000000fdd00000)
  from space 15360K, 35% used [0x00000000feb00000,0x00000000ff064c08,0x00000000ffa00000)
  to   space 14336K, 0% used [0x00000000fdd00000,0x00000000fdd00000,0x00000000feb00000)
 ParOldGen       total 47616K, used 24428K [0x00000000c0000000, 0x00000000c2e80000, 0x00000000eab00000)
  object space 47616K, 51% used [0x00000000c0000000,0x00000000c17db3e8,0x00000000c2e80000)
 Metaspace       used 32010K, capacity 32335K, committed 32640K, reserved 1079296K
  class space    used 3342K, capacity 3435K, committed 3456K, reserved 1048576K
}
Event: 16.314 GC heap before
{Heap before GC invocations=12 (full 1):
 PSYoungGen      total 328704K, used 318867K [0x00000000eab00000, 0x0000000100000000, 0x0000000100000000)
  eden space 313344K, 100% used [0x00000000eab00000,0x00000000fdd00000,0x00000000fdd00000)
  from space 15360K, 35% used [0x00000000feb00000,0x00000000ff064c08,0x00000000ffa00000)
  to   space 14336K, 0% used [0x00000000fdd00000,0x00000000fdd00000,0x00000000feb00000)
 ParOldGen       total 47616K, used 24428K [0x00000000c0000000, 0x00000000c2e80000, 0x00000000eab00000)
  object space 47616K, 51% used [0x00000000c0000000,0x00000000c17db3e8,0x00000000c2e80000)
 Metaspace       used 32243K, capacity 32591K, committed 32896K, reserved 1079296K
  class space    used 3344K, capacity 3435K, committed 3456K, reserved 1048576K
Event: 16.322 GC heap after
Heap after GC invocations=12 (full 1):
 PSYoungGen      total 327680K, used 547K [0x00000000eab00000, 0x0000000100000000, 0x0000000100000000)
  eden space 313344K, 0% used [0x00000000eab00000,0x00000000eab00000,0x00000000fdd00000)
  from space 14336K, 3% used [0x00000000fdd00000,0x00000000fdd88d20,0x00000000feb00000)
  to   space 14848K, 0% used [0x00000000ff180000,0x00000000ff180000,0x0000000100000000)
 ParOldGen       total 47616K, used 29615K [0x00000000c0000000, 0x00000000c2e80000, 0x00000000eab00000)
  object space 47616K, 62% used [0x00000000c0000000,0x00000000c1cebd80,0x00000000c2e80000)
 Metaspace       used 32243K, capacity 32591K, committed 32896K, reserved 1079296K
  class space    used 3344K, capacity 3435K, committed 3456K, reserved 1048576K
}

