# JRE version: Java(TM) SE Runtime Environment (8.0_181-b13) (build 1.8.0_181-b13)
# Java VM: Java HotSpot(TM) 64-Bit Server VM (25.181-b13 mixed mode windows-amd64 compressed oops)
Heap:
 PSYoungGen      total 296960K, used 90863K [0x00000000eab00000, 0x00000000fdc80000, 0x0000000100000000)
  eden space 283136K, 31% used [0x00000000eab00000,0x00000000f0106a88,0x00000000fbf80000)
  from space 13824K, 20% used [0x00000000fcc80000,0x00000000fcf35258,0x00000000fda00000)
  to   space 13312K, 0% used [0x00000000fbf80000,0x00000000fbf80000,0x00000000fcc80000)
 ParOldGen       total 47104K, used 29628K [0x00000000c0000000, 0x00000000c2e00000, 0x00000000eab00000)
  object space 47104K, 62% used [0x00000000c0000000,0x00000000c1cef008,0x00000000c2e00000)
 Metaspace       used 32134K, capacity 32451K, committed 32640K, reserved 1079296K
  class space    used 3343K, capacity 3433K, committed 3456K, reserved 1048576K
GC Heap History (10 events):
Event: 2.981 GC heap before
{Heap before GC invocations=9 (full 0):
 PSYoungGen      total 140800K, used 24846K [0x00000000eab00000, 0x00000000f3c00000, 0x0000000100000000)
  eden space 133120K, 18% used [0x00000000eab00000,0x00000000ec2b39e8,0x00000000f2d00000)
  from space 7680K, 7% used [0x00000000f3480000,0x00000000f3510000,0x00000000f3c00000)
  to   space 7680K, 0% used [0x00000000f2d00000,0x00000000f2d00000,0x00000000f3480000)
 ParOldGen       total 87552K, used 5197K [0x00000000c0000000, 0x00000000c5580000, 0x00000000eab00000)
  object space 87552K, 5% used [0x00000000c0000000,0x00000000c0513658,0x00000000c5580000)
 Metaspace       used 20980K, capacity 21183K, committed 21248K, reserved 1069056K
  class space    used 2176K, capacity 2285K, committed 2304K, reserved 1048576K
Event: 2.983 GC heap after
Heap after GC invocations=9 (full 0):
 PSYoungGen      total 140800K, used 571K [0x00000000eab00000, 0x00000000f8b00000, 0x0000000100000000)
  eden space 133120K, 0% used [0x00000000eab00000,0x00000000eab00000,0x00000000f2d00000)
  from space 7680K, 7% used [0x00000000f2d00000,0x00000000f2d8ede0,0x00000000f3480000)
  to   space 8192K, 0% used [0x00000000f8300000,0x00000000f8300000,0x00000000f8b00000)
 ParOldGen       total 87552K, used 5333K [0x00000000c0000000, 0x00000000c5580000, 0x00000000eab00000)
  object space 87552K, 6% used [0x00000000c0000000,0x00000000c0535658,0x00000000c5580000)
 Metaspace       used 20980K, capacity 21183K, committed 21248K, reserved 1069056K
  class space    used 2176K, capacity 2285K, committed 2304K, reserved 1048576K
}
Event: 2.983 GC heap before
{Heap before GC invocations=10 (full 1):
 PSYoungGen      total 140800K, used 571K [0x00000000eab00000, 0x00000000f8b00000, 0x0000000100000000)
  eden space 133120K, 0% used [0x00000000eab00000,0x00000000eab00000,0x00000000f2d00000)
  from space 7680K, 7% used [0x00000000f2d00000,0x00000000f2d8ede0,0x00000000f3480000)
  to   space 8192K, 0% used [0x00000000f8300000,0x00000000f8300000,0x00000000f8b00000)
 ParOldGen       total 87552K, used 5333K [0x00000000c0000000, 0x00000000c5580000, 0x00000000eab00000)
  object space 87552K, 6% used [0x00000000c0000000,0x00000000c0535658,0x00000000c5580000)
 Metaspace       used 20980K, capacity 21183K, committed 21248K, reserved 1069056K
  class space    used 2176K, capacity 2285K, committed 2304K, reserved 1048576K
Event: 3.027 GC heap after
Heap after GC invocations=10 (full 1):
 PSYoungGen      total 140800K, used 0K [0x00000000eab00000, 0x00000000f8b00000, 0x0000000100000000)
  eden space 133120K, 0% used [0x00000000eab00000,0x00000000eab00000,0x00000000f2d00000)
  from space 7680K, 0% used [0x00000000f2d00000,0x00000000f2d00000,0x00000000f3480000)
  to   space 8192K, 0% used [0x00000000f8300000,0x00000000f8300000,0x00000000f8b00000)
 ParOldGen       total 47104K, used 5438K [0x00000000c0000000, 0x00000000c2e00000, 0x00000000eab00000)
  object space 47104K, 11% used [0x00000000c0000000,0x00000000c054f8a8,0x00000000c2e00000)
 Metaspace       used 20980K, capacity 21183K, committed 21248K, reserved 1069056K
  class space    used 2176K, capacity 2285K, committed 2304K, reserved 1048576K
}
Event: 3.925 GC heap before
{Heap before GC invocations=11 (full 1):
 PSYoungGen      total 140800K, used 133120K [0x00000000eab00000, 0x00000000f8b00000, 0x0000000100000000)
  eden space 133120K, 100% used [0x00000000eab00000,0x00000000f2d00000,0x00000000f2d00000)
  from space 7680K, 0% used [0x00000000f2d00000,0x00000000f2d00000,0x00000000f3480000)
  to   space 8192K, 0% used [0x00000000f8300000,0x00000000f8300000,0x00000000f8b00000)
 ParOldGen       total 47104K, used 5438K [0x00000000c0000000, 0x00000000c2e00000, 0x00000000eab00000)
  object space 47104K, 11% used [0x00000000c0000000,0x00000000c054f8a8,0x00000000c2e00000)
 Metaspace       used 28694K, capacity 29017K, committed 29184K, reserved 1075200K
  class space    used 3175K, capacity 3272K, committed 3328K, reserved 1048576K
Event: 3.933 GC heap after
Heap after GC invocations=11 (full 1):
 PSYoungGen      total 204288K, used 8177K [0x00000000eab00000, 0x00000000f8b00000, 0x0000000100000000)
  eden space 196096K, 0% used [0x00000000eab00000,0x00000000eab00000,0x00000000f6a80000)
  from space 8192K, 99% used [0x00000000f8300000,0x00000000f8afc490,0x00000000f8b00000)
  to   space 12800K, 0% used [0x00000000f7200000,0x00000000f7200000,0x00000000f7e80000)
 ParOldGen       total 47104K, used 15006K [0x00000000c0000000, 0x00000000c2e00000, 0x00000000eab00000)
  object space 47104K, 31% used [0x00000000c0000000,0x00000000c0ea7928,0x00000000c2e00000)
 Metaspace       used 28694K, capacity 29017K, committed 29184K, reserved 1075200K
  class space    used 3175K, capacity 3272K, committed 3328K, reserved 1048576K
}
Event: 9.257 GC heap before
{Heap before GC invocations=12 (full 1):
 PSYoungGen      total 204288K, used 204273K [0x00000000eab00000, 0x00000000f8b00000, 0x0000000100000000)
  eden space 196096K, 100% used [0x00000000eab00000,0x00000000f6a80000,0x00000000f6a80000)
  from space 8192K, 99% used [0x00000000f8300000,0x00000000f8afc490,0x00000000f8b00000)
  to   space 12800K, 0% used [0x00000000f7200000,0x00000000f7200000,0x00000000f7e80000)
 ParOldGen       total 47104K, used 15006K [0x00000000c0000000, 0x00000000c2e00000, 0x00000000eab00000)
  object space 47104K, 31% used [0x00000000c0000000,0x00000000c0ea7928,0x00000000c2e00000)
 Metaspace       used 31151K, capacity 31523K, committed 31872K, reserved 1077248K
  class space    used 3297K, capacity 3401K, committed 3456K, reserved 1048576K
Event: 9.266 GC heap after
Heap after GC invocations=12 (full 1):
 PSYoungGen      total 216576K, used 8769K [0x00000000eab00000, 0x00000000fda00000, 0x0000000100000000)
  eden space 203776K, 0% used [0x00000000eab00000,0x00000000eab00000,0x00000000f7200000)
  from space 12800K, 68% used [0x00000000f7200000,0x00000000f7a90408,0x00000000f7e80000)
  to   space 13824K, 0% used [0x00000000fcc80000,0x00000000fcc80000,0x00000000fda00000)
 ParOldGen       total 47104K, used 22772K [0x00000000c0000000, 0x00000000c2e00000, 0x00000000eab00000)
  object space 47104K, 48% used [0x00000000c0000000,0x00000000c163d1e0,0x00000000c2e00000)
 Metaspace       used 31151K, capacity 31523K, committed 31872K, reserved 1077248K
  class space    used 3297K, capacity 3401K, committed 3456K, reserved 1048576K
}
Event: 14.888 GC heap before
{Heap before GC invocations=13 (full 1):
 PSYoungGen      total 216576K, used 212545K [0x00000000eab00000, 0x00000000fda00000, 0x0000000100000000)
  eden space 203776K, 100% used [0x00000000eab00000,0x00000000f7200000,0x00000000f7200000)
  from space 12800K, 68% used [0x00000000f7200000,0x00000000f7a90408,0x00000000f7e80000)
  to   space 13824K, 0% used [0x00000000fcc80000,0x00000000fcc80000,0x00000000fda00000)
 ParOldGen       total 47104K, used 22772K [0x00000000c0000000, 0x00000000c2e00000, 0x00000000eab00000)
  object space 47104K, 48% used [0x00000000c0000000,0x00000000c163d1e0,0x00000000c2e00000)
 Metaspace       used 32048K, capacity 32387K, committed 32640K, reserved 1079296K
  class space    used 3339K, capacity 3433K, committed 3456K, reserved 1048576K
Event: 14.895 GC heap after
Heap after GC invocations=13 (full 1):
 PSYoungGen      total 296960K, used 2772K [0x00000000eab00000, 0x00000000fdc80000, 0x0000000100000000)
  eden space 283136K, 0% used [0x00000000eab00000,0x00000000eab00000,0x00000000fbf80000)
  from space 13824K, 20% used [0x00000000fcc80000,0x00000000fcf35258,0x00000000fda00000)
  to   space 13312K, 0% used [0x00000000fbf80000,0x00000000fbf80000,0x00000000fcc80000)
 ParOldGen       total 47104K, used 29628K [0x00000000c0000000, 0x00000000c2e00000, 0x00000000eab00000)
  object space 47104K, 62% used [0x00000000c0000000,0x00000000c1cef008,0x00000000c2e00000)
 Metaspace       used 32048K, capacity 32387K, committed 32640K, reserved 1079296K
  class space    used 3339K, capacity 3433K, committed 3456K, reserved 1048576K
}

