# JRE version: Java(TM) SE Runtime Environment (8.0_181-b13) (build 1.8.0_181-b13)
# Java VM: Java HotSpot(TM) 64-Bit Server VM (25.181-b13 mixed mode windows-amd64 compressed oops)
Heap:
 PSYoungGen      total 333824K, used 43183K [0x00000000eab00000, 0x00000000fff00000, 0x0000000100000000)
  eden space 320512K, 13% used [0x00000000eab00000,0x00000000ed41e008,0x00000000fe400000)
  from space 13312K, 8% used [0x00000000ff200000,0x00000000ff30dcc8,0x00000000fff00000)
  to   space 13824K, 0% used [0x00000000fe400000,0x00000000fe400000,0x00000000ff180000)
 ParOldGen       total 48128K, used 34101K [0x00000000c0000000, 0x00000000c2f00000, 0x00000000eab00000)
  object space 48128K, 70% used [0x00000000c0000000,0x00000000c214d6b0,0x00000000c2f00000)
 Metaspace       used 32383K, capacity 32643K, committed 32896K, reserved 1079296K
  class space    used 3348K, capacity 3433K, committed 3456K, reserved 1048576K
GC Heap History (10 events):
Event: 11.936 GC heap before
{Heap before GC invocations=11 (full 1):
 PSYoungGen      total 250880K, used 250849K [0x00000000eab00000, 0x00000000ff800000, 0x0000000100000000)
  eden space 243200K, 100% used [0x00000000eab00000,0x00000000f9880000,0x00000000f9880000)
  from space 7680K, 99% used [0x00000000f9880000,0x00000000f9ff85e0,0x00000000fa000000)
  to   space 14336K, 0% used [0x00000000fea00000,0x00000000fea00000,0x00000000ff800000)
 ParOldGen       total 48128K, used 19207K [0x00000000c0000000, 0x00000000c2f00000, 0x00000000eab00000)
  object space 48128K, 39% used [0x00000000c0000000,0x00000000c12c1d30,0x00000000c2f00000)
 Metaspace       used 31957K, capacity 32323K, committed 32640K, reserved 1079296K
  class space    used 3337K, capacity 3433K, committed 3456K, reserved 1048576K
Event: 11.942 GC heap after
Heap after GC invocations=11 (full 1):
 PSYoungGen      total 326656K, used 8519K [0x00000000eab00000, 0x0000000100000000, 0x0000000100000000)
  eden space 312320K, 0% used [0x00000000eab00000,0x00000000eab00000,0x00000000fdc00000)
  from space 14336K, 59% used [0x00000000fea00000,0x00000000ff251ff0,0x00000000ff800000)
  to   space 14336K, 0% used [0x00000000fdc00000,0x00000000fdc00000,0x00000000fea00000)
 ParOldGen       total 48128K, used 20740K [0x00000000c0000000, 0x00000000c2f00000, 0x00000000eab00000)
  object space 48128K, 43% used [0x00000000c0000000,0x00000000c1441320,0x00000000c2f00000)
 Metaspace       used 31957K, capacity 32323K, committed 32640K, reserved 1079296K
  class space    used 3337K, capacity 3433K, committed 3456K, reserved 1048576K
}
Event: 15.361 GC heap before
{Heap before GC invocations=12 (full 1):
 PSYoungGen      total 326656K, used 320839K [0x00000000eab00000, 0x0000000100000000, 0x0000000100000000)
  eden space 312320K, 100% used [0x00000000eab00000,0x00000000fdc00000,0x00000000fdc00000)
  from space 14336K, 59% used [0x00000000fea00000,0x00000000ff251ff0,0x00000000ff800000)
  to   space 14336K, 0% used [0x00000000fdc00000,0x00000000fdc00000,0x00000000fea00000)
 ParOldGen       total 48128K, used 20740K [0x00000000c0000000, 0x00000000c2f00000, 0x00000000eab00000)
  object space 48128K, 43% used [0x00000000c0000000,0x00000000c1441320,0x00000000c2f00000)
 Metaspace       used 32195K, capacity 32515K, committed 32640K, reserved 1079296K
  class space    used 3343K, capacity 3433K, committed 3456K, reserved 1048576K
Event: 15.368 GC heap after
Heap after GC invocations=12 (full 1):
 PSYoungGen      total 326656K, used 815K [0x00000000eab00000, 0x0000000100000000, 0x0000000100000000)
  eden space 312320K, 0% used [0x00000000eab00000,0x00000000eab00000,0x00000000fdc00000)
  from space 14336K, 5% used [0x00000000fdc00000,0x00000000fdccbcc8,0x00000000fea00000)
  to   space 14336K, 0% used [0x00000000ff200000,0x00000000ff200000,0x0000000100000000)
 ParOldGen       total 48128K, used 33161K [0x00000000c0000000, 0x00000000c2f00000, 0x00000000eab00000)
  object space 48128K, 68% used [0x00000000c0000000,0x00000000c20625e8,0x00000000c2f00000)
 Metaspace       used 32195K, capacity 32515K, committed 32640K, reserved 1079296K
  class space    used 3343K, capacity 3433K, committed 3456K, reserved 1048576K
}
Event: 19.681 GC heap before
{Heap before GC invocations=13 (full 1):
 PSYoungGen      total 326656K, used 313135K [0x00000000eab00000, 0x0000000100000000, 0x0000000100000000)
  eden space 312320K, 100% used [0x00000000eab00000,0x00000000fdc00000,0x00000000fdc00000)
  from space 14336K, 5% used [0x00000000fdc00000,0x00000000fdccbcc8,0x00000000fea00000)
  to   space 14336K, 0% used [0x00000000ff200000,0x00000000ff200000,0x0000000100000000)
 ParOldGen       total 48128K, used 33161K [0x00000000c0000000, 0x00000000c2f00000, 0x00000000eab00000)
  object space 48128K, 68% used [0x00000000c0000000,0x00000000c20625e8,0x00000000c2f00000)
 Metaspace       used 32300K, capacity 32643K, committed 32896K, reserved 1079296K
  class space    used 3344K, capacity 3433K, committed 3456K, reserved 1048576K
Event: 19.682 GC heap after
Heap after GC invocations=13 (full 1):
 PSYoungGen      total 334848K, used 338K [0x00000000eab00000, 0x0000000100000000, 0x0000000100000000)
  eden space 320512K, 0% used [0x00000000eab00000,0x00000000eab00000,0x00000000fe400000)
  from space 14336K, 2% used [0x00000000ff200000,0x00000000ff254af0,0x0000000100000000)
  to   space 14336K, 0% used [0x00000000fe400000,0x00000000fe400000,0x00000000ff200000)
 ParOldGen       total 48128K, used 33890K [0x00000000c0000000, 0x00000000c2f00000, 0x00000000eab00000)
  object space 48128K, 70% used [0x00000000c0000000,0x00000000c2118960,0x00000000c2f00000)
 Metaspace       used 32300K, capacity 32643K, committed 32896K, reserved 1079296K
  class space    used 3344K, capacity 3433K, committed 3456K, reserved 1048576K
}
Event: 22.848 GC heap before
{Heap before GC invocations=14 (full 1):
 PSYoungGen      total 334848K, used 320850K [0x00000000eab00000, 0x0000000100000000, 0x0000000100000000)
  eden space 320512K, 100% used [0x00000000eab00000,0x00000000fe400000,0x00000000fe400000)
  from space 14336K, 2% used [0x00000000ff200000,0x00000000ff254af0,0x0000000100000000)
  to   space 14336K, 0% used [0x00000000fe400000,0x00000000fe400000,0x00000000ff200000)
 ParOldGen       total 48128K, used 33890K [0x00000000c0000000, 0x00000000c2f00000, 0x00000000eab00000)
  object space 48128K, 70% used [0x00000000c0000000,0x00000000c2118960,0x00000000c2f00000)
 Metaspace       used 32334K, capacity 32643K, committed 32896K, reserved 1079296K
  class space    used 3344K, capacity 3433K, committed 3456K, reserved 1048576K
Event: 22.850 GC heap after
Heap after GC invocations=14 (full 1):
 PSYoungGen      total 334848K, used 672K [0x00000000eab00000, 0x0000000100000000, 0x0000000100000000)
  eden space 320512K, 0% used [0x00000000eab00000,0x00000000eab00000,0x00000000fe400000)
  from space 14336K, 4% used [0x00000000fe400000,0x00000000fe4a81d8,0x00000000ff200000)
  to   space 14336K, 0% used [0x00000000ff200000,0x00000000ff200000,0x0000000100000000)
 ParOldGen       total 48128K, used 34093K [0x00000000c0000000, 0x00000000c2f00000, 0x00000000eab00000)
  object space 48128K, 70% used [0x00000000c0000000,0x00000000c214b6b0,0x00000000c2f00000)
 Metaspace       used 32334K, capacity 32643K, committed 32896K, reserved 1079296K
  class space    used 3344K, capacity 3433K, committed 3456K, reserved 1048576K
}
Event: 26.456 GC heap before
{Heap before GC invocations=15 (full 1):
 PSYoungGen      total 334848K, used 321184K [0x00000000eab00000, 0x0000000100000000, 0x0000000100000000)
  eden space 320512K, 100% used [0x00000000eab00000,0x00000000fe400000,0x00000000fe400000)
  from space 14336K, 4% used [0x00000000fe400000,0x00000000fe4a81d8,0x00000000ff200000)
  to   space 14336K, 0% used [0x00000000ff200000,0x00000000ff200000,0x0000000100000000)
 ParOldGen       total 48128K, used 34093K [0x00000000c0000000, 0x00000000c2f00000, 0x00000000eab00000)
  object space 48128K, 70% used [0x00000000c0000000,0x00000000c214b6b0,0x00000000c2f00000)
 Metaspace       used 32349K, capacity 32643K, committed 32896K, reserved 1079296K
  class space    used 3344K, capacity 3433K, committed 3456K, reserved 1048576K
Event: 26.457 GC heap after
Heap after GC invocations=15 (full 1):
 PSYoungGen      total 333824K, used 1079K [0x00000000eab00000, 0x00000000fff00000, 0x0000000100000000)
  eden space 320512K, 0% used [0x00000000eab00000,0x00000000eab00000,0x00000000fe400000)
  from space 13312K, 8% used [0x00000000ff200000,0x00000000ff30dcc8,0x00000000fff00000)
  to   space 13824K, 0% used [0x00000000fe400000,0x00000000fe400000,0x00000000ff180000)
 ParOldGen       total 48128K, used 34101K [0x00000000c0000000, 0x00000000c2f00000, 0x00000000eab00000)
  object space 48128K, 70% used [0x00000000c0000000,0x00000000c214d6b0,0x00000000c2f00000)
 Metaspace       used 32349K, capacity 32643K, committed 32896K, reserved 1079296K
  class space    used 3344K, capacity 3433K, committed 3456K, reserved 1048576K
}

