# JRE version: Java(TM) SE Runtime Environment (8.0_181-b13) (build 1.8.0_181-b13)
# Java VM: Java HotSpot(TM) 64-Bit Server VM (25.181-b13 mixed mode windows-amd64 compressed oops)
Heap:
 PSYoungGen      total 312832K, used 162220K [0x00000000eab00000, 0x00000000ff580000, 0x0000000100000000)
  eden space 311808K, 51% used [0x00000000eab00000,0x00000000f48d06c0,0x00000000fdb80000)
  from space 1024K, 60% used [0x00000000ff480000,0x00000000ff51abc0,0x00000000ff580000)
  to   space 10240K, 0% used [0x00000000fe180000,0x00000000fe180000,0x00000000feb80000)
 ParOldGen       total 48128K, used 33133K [0x00000000c0000000, 0x00000000c2f00000, 0x00000000eab00000)
  object space 48128K, 68% used [0x00000000c0000000,0x00000000c205b418,0x00000000c2f00000)
 Metaspace       used 32486K, capacity 32853K, committed 33152K, reserved 1079296K
  class space    used 3350K, capacity 3436K, committed 3456K, reserved 1048576K
GC Heap History (10 events):
Event: 43.208 GC heap before
{Heap before GC invocations=17 (full 1):
 PSYoungGen      total 336384K, used 324224K [0x00000000eab00000, 0x0000000100000000, 0x0000000100000000)
  eden space 324096K, 100% used [0x00000000eab00000,0x00000000fe780000,0x00000000fe780000)
  from space 12288K, 1% used [0x00000000fe780000,0x00000000fe7a0000,0x00000000ff380000)
  to   space 12288K, 0% used [0x00000000ff400000,0x00000000ff400000,0x0000000100000000)
 ParOldGen       total 48128K, used 33109K [0x00000000c0000000, 0x00000000c2f00000, 0x00000000eab00000)
  object space 48128K, 68% used [0x00000000c0000000,0x00000000c2055418,0x00000000c2f00000)
 Metaspace       used 32370K, capacity 32655K, committed 32896K, reserved 1079296K
  class space    used 3346K, capacity 3435K, committed 3456K, reserved 1048576K
Event: 43.209 GC heap after
Heap after GC invocations=17 (full 1):
 PSYoungGen      total 335872K, used 224K [0x00000000eab00000, 0x00000000fff00000, 0x0000000100000000)
  eden space 324608K, 0% used [0x00000000eab00000,0x00000000eab00000,0x00000000fe800000)
  from space 11264K, 1% used [0x00000000ff400000,0x00000000ff438000,0x00000000fff00000)
  to   space 11776K, 0% used [0x00000000fe800000,0x00000000fe800000,0x00000000ff380000)
 ParOldGen       total 48128K, used 33117K [0x00000000c0000000, 0x00000000c2f00000, 0x00000000eab00000)
  object space 48128K, 68% used [0x00000000c0000000,0x00000000c2057418,0x00000000c2f00000)
 Metaspace       used 32370K, capacity 32655K, committed 32896K, reserved 1079296K
  class space    used 3346K, capacity 3435K, committed 3456K, reserved 1048576K
}
Event: 45.987 GC heap before
{Heap before GC invocations=18 (full 1):
 PSYoungGen      total 335872K, used 324832K [0x00000000eab00000, 0x00000000fff00000, 0x0000000100000000)
  eden space 324608K, 100% used [0x00000000eab00000,0x00000000fe800000,0x00000000fe800000)
  from space 11264K, 1% used [0x00000000ff400000,0x00000000ff438000,0x00000000fff00000)
  to   space 11776K, 0% used [0x00000000fe800000,0x00000000fe800000,0x00000000ff380000)
 ParOldGen       total 48128K, used 33117K [0x00000000c0000000, 0x00000000c2f00000, 0x00000000eab00000)
  object space 48128K, 68% used [0x00000000c0000000,0x00000000c2057418,0x00000000c2f00000)
 Metaspace       used 32371K, capacity 32655K, committed 32896K, reserved 1079296K
  class space    used 3346K, capacity 3435K, committed 3456K, reserved 1048576K
Event: 45.988 GC heap after
Heap after GC invocations=18 (full 1):
 PSYoungGen      total 336384K, used 257K [0x00000000eab00000, 0x00000000fff80000, 0x0000000100000000)
  eden space 324608K, 0% used [0x00000000eab00000,0x00000000eab00000,0x00000000fe800000)
  from space 11776K, 2% used [0x00000000fe800000,0x00000000fe840460,0x00000000ff380000)
  to   space 11264K, 0% used [0x00000000ff480000,0x00000000ff480000,0x00000000fff80000)
 ParOldGen       total 48128K, used 33117K [0x00000000c0000000, 0x00000000c2f00000, 0x00000000eab00000)
  object space 48128K, 68% used [0x00000000c0000000,0x00000000c2057418,0x00000000c2f00000)
 Metaspace       used 32371K, capacity 32655K, committed 32896K, reserved 1079296K
  class space    used 3346K, capacity 3435K, committed 3456K, reserved 1048576K
}
Event: 47.639 GC heap before
{Heap before GC invocations=19 (full 1):
 PSYoungGen      total 336384K, used 324865K [0x00000000eab00000, 0x00000000fff80000, 0x0000000100000000)
  eden space 324608K, 100% used [0x00000000eab00000,0x00000000fe800000,0x00000000fe800000)
  from space 11776K, 2% used [0x00000000fe800000,0x00000000fe840460,0x00000000ff380000)
  to   space 11264K, 0% used [0x00000000ff480000,0x00000000ff480000,0x00000000fff80000)
 ParOldGen       total 48128K, used 33117K [0x00000000c0000000, 0x00000000c2f00000, 0x00000000eab00000)
  object space 48128K, 68% used [0x00000000c0000000,0x00000000c2057418,0x00000000c2f00000)
 Metaspace       used 32378K, capacity 32655K, committed 32896K, reserved 1079296K
  class space    used 3346K, capacity 3435K, committed 3456K, reserved 1048576K
Event: 47.640 GC heap after
Heap after GC invocations=19 (full 1):
 PSYoungGen      total 337408K, used 323K [0x00000000eab00000, 0x00000000fff80000, 0x0000000100000000)
  eden space 326144K, 0% used [0x00000000eab00000,0x00000000eab00000,0x00000000fe980000)
  from space 11264K, 2% used [0x00000000ff480000,0x00000000ff4d0d20,0x00000000fff80000)
  to   space 11264K, 0% used [0x00000000fe980000,0x00000000fe980000,0x00000000ff480000)
 ParOldGen       total 48128K, used 33125K [0x00000000c0000000, 0x00000000c2f00000, 0x00000000eab00000)
  object space 48128K, 68% used [0x00000000c0000000,0x00000000c2059418,0x00000000c2f00000)
 Metaspace       used 32378K, capacity 32655K, committed 32896K, reserved 1079296K
  class space    used 3346K, capacity 3435K, committed 3456K, reserved 1048576K
}
Event: 49.522 GC heap before
{Heap before GC invocations=20 (full 1):
 PSYoungGen      total 337408K, used 326467K [0x00000000eab00000, 0x00000000fff80000, 0x0000000100000000)
  eden space 326144K, 100% used [0x00000000eab00000,0x00000000fe980000,0x00000000fe980000)
  from space 11264K, 2% used [0x00000000ff480000,0x00000000ff4d0d20,0x00000000fff80000)
  to   space 11264K, 0% used [0x00000000fe980000,0x00000000fe980000,0x00000000ff480000)
 ParOldGen       total 48128K, used 33125K [0x00000000c0000000, 0x00000000c2f00000, 0x00000000eab00000)
  object space 48128K, 68% used [0x00000000c0000000,0x00000000c2059418,0x00000000c2f00000)
 Metaspace       used 32379K, capacity 32655K, committed 32896K, reserved 1079296K
  class space    used 3346K, capacity 3435K, committed 3456K, reserved 1048576K
Event: 49.523 GC heap after
Heap after GC invocations=20 (full 1):
 PSYoungGen      total 337408K, used 370K [0x00000000eab00000, 0x00000000fff00000, 0x0000000100000000)
  eden space 326144K, 0% used [0x00000000eab00000,0x00000000eab00000,0x00000000fe980000)
  from space 11264K, 3% used [0x00000000fe980000,0x00000000fe9dcaf0,0x00000000ff480000)
  to   space 10752K, 0% used [0x00000000ff480000,0x00000000ff480000,0x00000000fff00000)
 ParOldGen       total 48128K, used 33125K [0x00000000c0000000, 0x00000000c2f00000, 0x00000000eab00000)
  object space 48128K, 68% used [0x00000000c0000000,0x00000000c2059418,0x00000000c2f00000)
 Metaspace       used 32379K, capacity 32655K, committed 32896K, reserved 1079296K
  class space    used 3346K, capacity 3435K, committed 3456K, reserved 1048576K
}
Event: 66.185 GC heap before
{Heap before GC invocations=21 (full 1):
 PSYoungGen      total 337408K, used 326514K [0x00000000eab00000, 0x00000000fff00000, 0x0000000100000000)
  eden space 326144K, 100% used [0x00000000eab00000,0x00000000fe980000,0x00000000fe980000)
  from space 11264K, 3% used [0x00000000fe980000,0x00000000fe9dcaf0,0x00000000ff480000)
  to   space 10752K, 0% used [0x00000000ff480000,0x00000000ff480000,0x00000000fff00000)
 ParOldGen       total 48128K, used 33125K [0x00000000c0000000, 0x00000000c2f00000, 0x00000000eab00000)
  object space 48128K, 68% used [0x00000000c0000000,0x00000000c2059418,0x00000000c2f00000)
 Metaspace       used 32458K, capacity 32789K, committed 33152K, reserved 1079296K
  class space    used 3346K, capacity 3436K, committed 3456K, reserved 1048576K
Event: 66.187 GC heap after
Heap after GC invocations=21 (full 1):
 PSYoungGen      total 312832K, used 618K [0x00000000eab00000, 0x00000000ff580000, 0x0000000100000000)
  eden space 311808K, 0% used [0x00000000eab00000,0x00000000eab00000,0x00000000fdb80000)
  from space 1024K, 60% used [0x00000000ff480000,0x00000000ff51abc0,0x00000000ff580000)
  to   space 10240K, 0% used [0x00000000fe180000,0x00000000fe180000,0x00000000feb80000)
 ParOldGen       total 48128K, used 33133K [0x00000000c0000000, 0x00000000c2f00000, 0x00000000eab00000)
  object space 48128K, 68% used [0x00000000c0000000,0x00000000c205b418,0x00000000c2f00000)
 Metaspace       used 32458K, capacity 32789K, committed 33152K, reserved 1079296K
  class space    used 3346K, capacity 3436K, committed 3456K, reserved 1048576K
}

