# JRE version: Java(TM) SE Runtime Environment (8.0_181-b13) (build 1.8.0_181-b13)
# Java VM: Java HotSpot(TM) 64-Bit Server VM (25.181-b13 mixed mode windows-amd64 compressed oops)
Heap:
 PSYoungGen      total 324096K, used 212261K [0x00000000eab00000, 0x00000000fff00000, 0x0000000100000000)
  eden space 323584K, 65% used [0x00000000eab00000,0x00000000f79d82f8,0x00000000fe700000)
  from space 512K, 88% used [0x00000000fe700000,0x00000000fe7713c0,0x00000000fe780000)
  to   space 12288K, 0% used [0x00000000ff300000,0x00000000ff300000,0x00000000fff00000)
 ParOldGen       total 47616K, used 29104K [0x00000000c0000000, 0x00000000c2e80000, 0x00000000eab00000)
  object space 47616K, 61% used [0x00000000c0000000,0x00000000c1c6c340,0x00000000c2e80000)
 Metaspace       used 32587K, capacity 32931K, committed 33280K, reserved 1079296K
  class space    used 3366K, capacity 3465K, committed 3584K, reserved 1048576K
GC Heap History (10 events):
Event: 9.808 GC heap before
{Heap before GC invocations=12 (full 1):
 PSYoungGen      total 202240K, used 202225K [0x00000000eab00000, 0x00000000f8b00000, 0x0000000100000000)
  eden space 194048K, 100% used [0x00000000eab00000,0x00000000f6880000,0x00000000f6880000)
  from space 8192K, 99% used [0x00000000f8300000,0x00000000f8afc630,0x00000000f8b00000)
  to   space 13824K, 0% used [0x00000000f7000000,0x00000000f7000000,0x00000000f7d80000)
 ParOldGen       total 47616K, used 17275K [0x00000000c0000000, 0x00000000c2e80000, 0x00000000eab00000)
  object space 47616K, 36% used [0x00000000c0000000,0x00000000c10ded68,0x00000000c2e80000)
 Metaspace       used 31175K, capacity 31523K, committed 31872K, reserved 1077248K
  class space    used 3298K, capacity 3401K, committed 3456K, reserved 1048576K
Event: 9.813 GC heap after
Heap after GC invocations=12 (full 1):
 PSYoungGen      total 215552K, used 4738K [0x00000000eab00000, 0x00000000fd200000, 0x0000000100000000)
  eden space 201728K, 0% used [0x00000000eab00000,0x00000000eab00000,0x00000000f7000000)
  from space 13824K, 34% used [0x00000000f7000000,0x00000000f74a0ac0,0x00000000f7d80000)
  to   space 12800K, 0% used [0x00000000fc580000,0x00000000fc580000,0x00000000fd200000)
 ParOldGen       total 47616K, used 23744K [0x00000000c0000000, 0x00000000c2e80000, 0x00000000eab00000)
  object space 47616K, 49% used [0x00000000c0000000,0x00000000c17302c8,0x00000000c2e80000)
 Metaspace       used 31175K, capacity 31523K, committed 31872K, reserved 1077248K
  class space    used 3298K, capacity 3401K, committed 3456K, reserved 1048576K
}
Event: 14.763 GC heap before
{Heap before GC invocations=13 (full 1):
 PSYoungGen      total 215552K, used 206466K [0x00000000eab00000, 0x00000000fd200000, 0x0000000100000000)
  eden space 201728K, 100% used [0x00000000eab00000,0x00000000f7000000,0x00000000f7000000)
  from space 13824K, 34% used [0x00000000f7000000,0x00000000f74a0ac0,0x00000000f7d80000)
  to   space 12800K, 0% used [0x00000000fc580000,0x00000000fc580000,0x00000000fd200000)
 ParOldGen       total 47616K, used 23744K [0x00000000c0000000, 0x00000000c2e80000, 0x00000000eab00000)
  object space 47616K, 49% used [0x00000000c0000000,0x00000000c17302c8,0x00000000c2e80000)
 Metaspace       used 32037K, capacity 32387K, committed 32640K, reserved 1079296K
  class space    used 3341K, capacity 3433K, committed 3456K, reserved 1048576K
Event: 14.766 GC heap after
Heap after GC invocations=13 (full 1):
 PSYoungGen      total 289280K, used 699K [0x00000000eab00000, 0x00000000fd580000, 0x0000000100000000)
  eden space 276480K, 0% used [0x00000000eab00000,0x00000000eab00000,0x00000000fb900000)
  from space 12800K, 5% used [0x00000000fc580000,0x00000000fc62ee08,0x00000000fd200000)
  to   space 12800K, 0% used [0x00000000fb900000,0x00000000fb900000,0x00000000fc580000)
 ParOldGen       total 47616K, used 28215K [0x00000000c0000000, 0x00000000c2e80000, 0x00000000eab00000)
  object space 47616K, 59% used [0x00000000c0000000,0x00000000c1b8ddd0,0x00000000c2e80000)
 Metaspace       used 32037K, capacity 32387K, committed 32640K, reserved 1079296K
  class space    used 3341K, capacity 3433K, committed 3456K, reserved 1048576K
}
Event: 17.174 GC heap before
{Heap before GC invocations=14 (full 1):
 PSYoungGen      total 289280K, used 277179K [0x00000000eab00000, 0x00000000fd580000, 0x0000000100000000)
  eden space 276480K, 100% used [0x00000000eab00000,0x00000000fb900000,0x00000000fb900000)
  from space 12800K, 5% used [0x00000000fc580000,0x00000000fc62ee08,0x00000000fd200000)
  to   space 12800K, 0% used [0x00000000fb900000,0x00000000fb900000,0x00000000fc580000)
 ParOldGen       total 47616K, used 28215K [0x00000000c0000000, 0x00000000c2e80000, 0x00000000eab00000)
  object space 47616K, 59% used [0x00000000c0000000,0x00000000c1b8ddd0,0x00000000c2e80000)
 Metaspace       used 32177K, capacity 32515K, committed 32640K, reserved 1079296K
  class space    used 3341K, capacity 3433K, committed 3456K, reserved 1048576K
Event: 17.175 GC heap after
Heap after GC invocations=14 (full 1):
 PSYoungGen      total 289280K, used 369K [0x00000000eab00000, 0x0000000100000000, 0x0000000100000000)
  eden space 276480K, 0% used [0x00000000eab00000,0x00000000eab00000,0x00000000fb900000)
  from space 12800K, 2% used [0x00000000fb900000,0x00000000fb95c690,0x00000000fc580000)
  to   space 12800K, 0% used [0x00000000ff380000,0x00000000ff380000,0x0000000100000000)
 ParOldGen       total 47616K, used 28706K [0x00000000c0000000, 0x00000000c2e80000, 0x00000000eab00000)
  object space 47616K, 60% used [0x00000000c0000000,0x00000000c1c08b10,0x00000000c2e80000)
 Metaspace       used 32177K, capacity 32515K, committed 32640K, reserved 1079296K
  class space    used 3341K, capacity 3433K, committed 3456K, reserved 1048576K
}
Event: 19.567 GC heap before
{Heap before GC invocations=15 (full 1):
 PSYoungGen      total 289280K, used 276849K [0x00000000eab00000, 0x0000000100000000, 0x0000000100000000)
  eden space 276480K, 100% used [0x00000000eab00000,0x00000000fb900000,0x00000000fb900000)
  from space 12800K, 2% used [0x00000000fb900000,0x00000000fb95c690,0x00000000fc580000)
  to   space 12800K, 0% used [0x00000000ff380000,0x00000000ff380000,0x0000000100000000)
 ParOldGen       total 47616K, used 28706K [0x00000000c0000000, 0x00000000c2e80000, 0x00000000eab00000)
  object space 47616K, 60% used [0x00000000c0000000,0x00000000c1c08b10,0x00000000c2e80000)
 Metaspace       used 32297K, capacity 32579K, committed 32896K, reserved 1079296K
  class space    used 3343K, capacity 3433K, committed 3456K, reserved 1048576K
Event: 19.568 GC heap after
Heap after GC invocations=15 (full 1):
 PSYoungGen      total 336384K, used 290K [0x00000000eab00000, 0x0000000100000000, 0x0000000100000000)
  eden space 323584K, 0% used [0x00000000eab00000,0x00000000eab00000,0x00000000fe700000)
  from space 12800K, 2% used [0x00000000ff380000,0x00000000ff3c88c0,0x0000000100000000)
  to   space 12800K, 0% used [0x00000000fe700000,0x00000000fe700000,0x00000000ff380000)
 ParOldGen       total 47616K, used 28958K [0x00000000c0000000, 0x00000000c2e80000, 0x00000000eab00000)
  object space 47616K, 60% used [0x00000000c0000000,0x00000000c1c47810,0x00000000c2e80000)
 Metaspace       used 32297K, capacity 32579K, committed 32896K, reserved 1079296K
  class space    used 3343K, capacity 3433K, committed 3456K, reserved 1048576K
}
Event: 24.892 GC heap before
{Heap before GC invocations=16 (full 1):
 PSYoungGen      total 336384K, used 323874K [0x00000000eab00000, 0x0000000100000000, 0x0000000100000000)
  eden space 323584K, 100% used [0x00000000eab00000,0x00000000fe700000,0x00000000fe700000)
  from space 12800K, 2% used [0x00000000ff380000,0x00000000ff3c88c0,0x0000000100000000)
  to   space 12800K, 0% used [0x00000000fe700000,0x00000000fe700000,0x00000000ff380000)
 ParOldGen       total 47616K, used 28958K [0x00000000c0000000, 0x00000000c2e80000, 0x00000000eab00000)
  object space 47616K, 60% used [0x00000000c0000000,0x00000000c1c47810,0x00000000c2e80000)
 Metaspace       used 32558K, capacity 32931K, committed 33280K, reserved 1079296K
  class space    used 3363K, capacity 3465K, committed 3584K, reserved 1048576K
Event: 24.893 GC heap after
Heap after GC invocations=16 (full 1):
 PSYoungGen      total 324096K, used 452K [0x00000000eab00000, 0x00000000fff00000, 0x0000000100000000)
  eden space 323584K, 0% used [0x00000000eab00000,0x00000000eab00000,0x00000000fe700000)
  from space 512K, 88% used [0x00000000fe700000,0x00000000fe7713c0,0x00000000fe780000)
  to   space 12288K, 0% used [0x00000000ff300000,0x00000000ff300000,0x00000000fff00000)
 ParOldGen       total 47616K, used 29104K [0x00000000c0000000, 0x00000000c2e80000, 0x00000000eab00000)
  object space 47616K, 61% used [0x00000000c0000000,0x00000000c1c6c340,0x00000000c2e80000)
 Metaspace       used 32558K, capacity 32931K, committed 33280K, reserved 1079296K
  class space    used 3363K, capacity 3465K, committed 3584K, reserved 1048576K
}

