# JRE version: Java(TM) SE Runtime Environment (8.0_181-b13) (build 1.8.0_181-b13)
# Java VM: Java HotSpot(TM) 64-Bit Server VM (25.181-b13 mixed mode windows-amd64 compressed oops)
Heap:
 PSYoungGen      total 199680K, used 126588K [0x00000000d5980000, 0x00000000e3780000, 0x0000000100000000)
  eden space 191488K, 61% used [0x00000000d5980000,0x00000000dcd23308,0x00000000e1480000)
  from space 8192K, 99% used [0x00000000e2f80000,0x00000000e377bf20,0x00000000e3780000)
  to   space 12288K, 0% used [0x00000000e1f80000,0x00000000e1f80000,0x00000000e2b80000)
 ParOldGen       total 48128K, used 13066K [0x0000000080c00000, 0x0000000083b00000, 0x00000000d5980000)
  object space 48128K, 27% used [0x0000000080c00000,0x00000000818c2b48,0x0000000083b00000)
 Metaspace       used 31137K, capacity 31483K, committed 31744K, reserved 1077248K
  class space    used 3356K, capacity 3469K, committed 3584K, reserved 1048576K
GC Heap History (10 events):
Event: 2.868 GC heap before
{Heap before GC invocations=7 (full 0):
 PSYoungGen      total 73216K, used 71251K [0x00000000d5980000, 0x00000000da980000, 0x0000000100000000)
  eden space 66048K, 100% used [0x00000000d5980000,0x00000000d9a00000,0x00000000d9a00000)
  from space 7168K, 72% used [0x00000000da180000,0x00000000da694e30,0x00000000da880000)
  to   space 7680K, 0% used [0x00000000d9a00000,0x00000000d9a00000,0x00000000da180000)
 ParOldGen       total 87552K, used 328K [0x0000000080c00000, 0x0000000086180000, 0x00000000d5980000)
  object space 87552K, 0% used [0x0000000080c00000,0x0000000080c523c8,0x0000000086180000)
 Metaspace       used 20599K, capacity 20851K, committed 20992K, reserved 1069056K
  class space    used 2136K, capacity 2219K, committed 2304K, reserved 1048576K
Event: 2.873 GC heap after
Heap after GC invocations=7 (full 0):
 PSYoungGen      total 73728K, used 1601K [0x00000000d5980000, 0x00000000de980000, 0x0000000100000000)
  eden space 66048K, 0% used [0x00000000d5980000,0x00000000d5980000,0x00000000d9a00000)
  from space 7680K, 20% used [0x00000000d9a00000,0x00000000d9b90678,0x00000000da180000)
  to   space 7680K, 0% used [0x00000000de200000,0x00000000de200000,0x00000000de980000)
 ParOldGen       total 87552K, used 3903K [0x0000000080c00000, 0x0000000086180000, 0x00000000d5980000)
  object space 87552K, 4% used [0x0000000080c00000,0x0000000080fcfdb8,0x0000000086180000)
 Metaspace       used 20599K, capacity 20851K, committed 20992K, reserved 1069056K
  class space    used 2136K, capacity 2219K, committed 2304K, reserved 1048576K
}
Event: 2.919 GC heap before
{Heap before GC invocations=8 (full 0):
 PSYoungGen      total 73728K, used 67649K [0x00000000d5980000, 0x00000000de980000, 0x0000000100000000)
  eden space 66048K, 100% used [0x00000000d5980000,0x00000000d9a00000,0x00000000d9a00000)
  from space 7680K, 20% used [0x00000000d9a00000,0x00000000d9b90678,0x00000000da180000)
  to   space 7680K, 0% used [0x00000000de200000,0x00000000de200000,0x00000000de980000)
 ParOldGen       total 87552K, used 3903K [0x0000000080c00000, 0x0000000086180000, 0x00000000d5980000)
  object space 87552K, 4% used [0x0000000080c00000,0x0000000080fcfdb8,0x0000000086180000)
 Metaspace       used 20775K, capacity 21049K, committed 21248K, reserved 1069056K
  class space    used 2156K, capacity 2284K, committed 2304K, reserved 1048576K
Event: 2.921 GC heap after
Heap after GC invocations=8 (full 0):
 PSYoungGen      total 139264K, used 688K [0x00000000d5980000, 0x00000000dea80000, 0x0000000100000000)
  eden space 131584K, 0% used [0x00000000d5980000,0x00000000d5980000,0x00000000dda00000)
  from space 7680K, 8% used [0x00000000de200000,0x00000000de2ac070,0x00000000de980000)
  to   space 8192K, 0% used [0x00000000dda00000,0x00000000dda00000,0x00000000de200000)
 ParOldGen       total 87552K, used 5118K [0x0000000080c00000, 0x0000000086180000, 0x00000000d5980000)
  object space 87552K, 5% used [0x0000000080c00000,0x00000000810ffbf8,0x0000000086180000)
 Metaspace       used 20775K, capacity 21049K, committed 21248K, reserved 1069056K
  class space    used 2156K, capacity 2284K, committed 2304K, reserved 1048576K
}
Event: 2.938 GC heap before
{Heap before GC invocations=9 (full 0):
 PSYoungGen      total 139264K, used 40305K [0x00000000d5980000, 0x00000000dea80000, 0x0000000100000000)
  eden space 131584K, 30% used [0x00000000d5980000,0x00000000d80305c0,0x00000000dda00000)
  from space 7680K, 8% used [0x00000000de200000,0x00000000de2ac070,0x00000000de980000)
  to   space 8192K, 0% used [0x00000000dda00000,0x00000000dda00000,0x00000000de200000)
 ParOldGen       total 87552K, used 5118K [0x0000000080c00000, 0x0000000086180000, 0x00000000d5980000)
  object space 87552K, 5% used [0x0000000080c00000,0x00000000810ffbf8,0x0000000086180000)
 Metaspace       used 20982K, capacity 21183K, committed 21248K, reserved 1069056K
  class space    used 2178K, capacity 2285K, committed 2304K, reserved 1048576K
Event: 2.940 GC heap after
Heap after GC invocations=9 (full 0):
 PSYoungGen      total 139776K, used 603K [0x00000000d5980000, 0x00000000e3780000, 0x0000000100000000)
  eden space 131584K, 0% used [0x00000000d5980000,0x00000000d5980000,0x00000000dda00000)
  from space 8192K, 7% used [0x00000000dda00000,0x00000000dda96de0,0x00000000de200000)
  to   space 8192K, 0% used [0x00000000e2f80000,0x00000000e2f80000,0x00000000e3780000)
 ParOldGen       total 87552K, used 5262K [0x0000000080c00000, 0x0000000086180000, 0x00000000d5980000)
  object space 87552K, 6% used [0x0000000080c00000,0x0000000081123bf8,0x0000000086180000)
 Metaspace       used 20982K, capacity 21183K, committed 21248K, reserved 1069056K
  class space    used 2178K, capacity 2285K, committed 2304K, reserved 1048576K
}
Event: 2.940 GC heap before
{Heap before GC invocations=10 (full 1):
 PSYoungGen      total 139776K, used 603K [0x00000000d5980000, 0x00000000e3780000, 0x0000000100000000)
  eden space 131584K, 0% used [0x00000000d5980000,0x00000000d5980000,0x00000000dda00000)
  from space 8192K, 7% used [0x00000000dda00000,0x00000000dda96de0,0x00000000de200000)
  to   space 8192K, 0% used [0x00000000e2f80000,0x00000000e2f80000,0x00000000e3780000)
 ParOldGen       total 87552K, used 5262K [0x0000000080c00000, 0x0000000086180000, 0x00000000d5980000)
  object space 87552K, 6% used [0x0000000080c00000,0x0000000081123bf8,0x0000000086180000)
 Metaspace       used 20982K, capacity 21183K, committed 21248K, reserved 1069056K
  class space    used 2178K, capacity 2285K, committed 2304K, reserved 1048576K
Event: 2.987 GC heap after
Heap after GC invocations=10 (full 1):
 PSYoungGen      total 139776K, used 0K [0x00000000d5980000, 0x00000000e3780000, 0x0000000100000000)
  eden space 131584K, 0% used [0x00000000d5980000,0x00000000d5980000,0x00000000dda00000)
  from space 8192K, 0% used [0x00000000dda00000,0x00000000dda00000,0x00000000de200000)
  to   space 8192K, 0% used [0x00000000e2f80000,0x00000000e2f80000,0x00000000e3780000)
 ParOldGen       total 48128K, used 5456K [0x0000000080c00000, 0x0000000083b00000, 0x00000000d5980000)
  object space 48128K, 11% used [0x0000000080c00000,0x0000000081154300,0x0000000083b00000)
 Metaspace       used 20982K, capacity 21183K, committed 21248K, reserved 1069056K
  class space    used 2178K, capacity 2285K, committed 2304K, reserved 1048576K
}
Event: 4.153 GC heap before
{Heap before GC invocations=11 (full 1):
 PSYoungGen      total 139776K, used 131584K [0x00000000d5980000, 0x00000000e3780000, 0x0000000100000000)
  eden space 131584K, 100% used [0x00000000d5980000,0x00000000dda00000,0x00000000dda00000)
  from space 8192K, 0% used [0x00000000dda00000,0x00000000dda00000,0x00000000de200000)
  to   space 8192K, 0% used [0x00000000e2f80000,0x00000000e2f80000,0x00000000e3780000)
 ParOldGen       total 48128K, used 5456K [0x0000000080c00000, 0x0000000083b00000, 0x00000000d5980000)
  object space 48128K, 11% used [0x0000000080c00000,0x0000000081154300,0x0000000083b00000)
 Metaspace       used 29907K, capacity 30293K, committed 30592K, reserved 1077248K
  class space    used 3311K, capacity 3436K, committed 3456K, reserved 1048576K
Event: 4.163 GC heap after
Heap after GC invocations=11 (full 1):
 PSYoungGen      total 199680K, used 8175K [0x00000000d5980000, 0x00000000e3780000, 0x0000000100000000)
  eden space 191488K, 0% used [0x00000000d5980000,0x00000000d5980000,0x00000000e1480000)
  from space 8192K, 99% used [0x00000000e2f80000,0x00000000e377bf20,0x00000000e3780000)
  to   space 12288K, 0% used [0x00000000e1f80000,0x00000000e1f80000,0x00000000e2b80000)
 ParOldGen       total 48128K, used 13066K [0x0000000080c00000, 0x0000000083b00000, 0x00000000d5980000)
  object space 48128K, 27% used [0x0000000080c00000,0x00000000818c2b48,0x0000000083b00000)
 Metaspace       used 29907K, capacity 30293K, committed 30592K, reserved 1077248K
  class space    used 3311K, capacity 3436K, committed 3456K, reserved 1048576K
}

