# JRE version: Java(TM) SE Runtime Environment (8.0_181-b13) (build 1.8.0_181-b13)
# Java VM: Java HotSpot(TM) 64-Bit Server VM (25.181-b13 mixed mode windows-amd64 compressed oops)
Heap:
 PSYoungGen      total 327168K, used 112997K [0x00000000eab00000, 0x0000000100000000, 0x0000000100000000)
  eden space 311296K, 33% used [0x00000000eab00000,0x00000000f1015b48,0x00000000fdb00000)
  from space 15872K, 59% used [0x00000000fea80000,0x00000000ff3c39c0,0x00000000ffa00000)
  to   space 15872K, 0% used [0x00000000fdb00000,0x00000000fdb00000,0x00000000fea80000)
 ParOldGen       total 48128K, used 21989K [0x00000000c0000000, 0x00000000c2f00000, 0x00000000eab00000)
  object space 48128K, 45% used [0x00000000c0000000,0x00000000c15797d0,0x00000000c2f00000)
 Metaspace       used 32089K, capacity 32445K, committed 32640K, reserved 1079296K
  class space    used 3342K, capacity 3432K, committed 3456K, reserved 1048576K
GC Heap History (10 events):
Event: 3.081 GC heap before
{Heap before GC invocations=7 (full 0):
 PSYoungGen      total 131072K, used 81255K [0x00000000eab00000, 0x00000000f3200000, 0x0000000100000000)
  eden space 123904K, 61% used [0x00000000eab00000,0x00000000ef551528,0x00000000f2400000)
  from space 7168K, 71% used [0x00000000f2b00000,0x00000000f3008778,0x00000000f3200000)
  to   space 7168K, 0% used [0x00000000f2400000,0x00000000f2400000,0x00000000f2b00000)
 ParOldGen       total 87552K, used 373K [0x00000000c0000000, 0x00000000c5580000, 0x00000000eab00000)
  object space 87552K, 0% used [0x00000000c0000000,0x00000000c005d7b8,0x00000000c5580000)
 Metaspace       used 20978K, capacity 21183K, committed 21248K, reserved 1069056K
  class space    used 2175K, capacity 2285K, committed 2304K, reserved 1048576K
Event: 3.087 GC heap after
Heap after GC invocations=7 (full 0):
 PSYoungGen      total 131072K, used 2029K [0x00000000eab00000, 0x00000000fac00000, 0x0000000100000000)
  eden space 123904K, 0% used [0x00000000eab00000,0x00000000eab00000,0x00000000f2400000)
  from space 7168K, 28% used [0x00000000f2400000,0x00000000f25fb4a8,0x00000000f2b00000)
  to   space 7680K, 0% used [0x00000000fa480000,0x00000000fa480000,0x00000000fac00000)
 ParOldGen       total 87552K, used 3980K [0x00000000c0000000, 0x00000000c5580000, 0x00000000eab00000)
  object space 87552K, 4% used [0x00000000c0000000,0x00000000c03e31c8,0x00000000c5580000)
 Metaspace       used 20978K, capacity 21183K, committed 21248K, reserved 1069056K
  class space    used 2175K, capacity 2285K, committed 2304K, reserved 1048576K
}
Event: 3.087 GC heap before
{Heap before GC invocations=8 (full 1):
 PSYoungGen      total 131072K, used 2029K [0x00000000eab00000, 0x00000000fac00000, 0x0000000100000000)
  eden space 123904K, 0% used [0x00000000eab00000,0x00000000eab00000,0x00000000f2400000)
  from space 7168K, 28% used [0x00000000f2400000,0x00000000f25fb4a8,0x00000000f2b00000)
  to   space 7680K, 0% used [0x00000000fa480000,0x00000000fa480000,0x00000000fac00000)
 ParOldGen       total 87552K, used 3980K [0x00000000c0000000, 0x00000000c5580000, 0x00000000eab00000)
  object space 87552K, 4% used [0x00000000c0000000,0x00000000c03e31c8,0x00000000c5580000)
 Metaspace       used 20978K, capacity 21183K, committed 21248K, reserved 1069056K
  class space    used 2175K, capacity 2285K, committed 2304K, reserved 1048576K
Event: 3.126 GC heap after
Heap after GC invocations=8 (full 1):
 PSYoungGen      total 131072K, used 0K [0x00000000eab00000, 0x00000000fac00000, 0x0000000100000000)
  eden space 123904K, 0% used [0x00000000eab00000,0x00000000eab00000,0x00000000f2400000)
  from space 7168K, 0% used [0x00000000f2400000,0x00000000f2400000,0x00000000f2b00000)
  to   space 7680K, 0% used [0x00000000fa480000,0x00000000fa480000,0x00000000fac00000)
 ParOldGen       total 48128K, used 5571K [0x00000000c0000000, 0x00000000c2f00000, 0x00000000eab00000)
  object space 48128K, 11% used [0x00000000c0000000,0x00000000c0570f10,0x00000000c2f00000)
 Metaspace       used 20978K, capacity 21183K, committed 21248K, reserved 1069056K
  class space    used 2175K, capacity 2285K, committed 2304K, reserved 1048576K
}
Event: 3.739 GC heap before
{Heap before GC invocations=9 (full 1):
 PSYoungGen      total 131072K, used 123904K [0x00000000eab00000, 0x00000000fac00000, 0x0000000100000000)
  eden space 123904K, 100% used [0x00000000eab00000,0x00000000f2400000,0x00000000f2400000)
  from space 7168K, 0% used [0x00000000f2400000,0x00000000f2400000,0x00000000f2b00000)
  to   space 7680K, 0% used [0x00000000fa480000,0x00000000fa480000,0x00000000fac00000)
 ParOldGen       total 48128K, used 5571K [0x00000000c0000000, 0x00000000c2f00000, 0x00000000eab00000)
  object space 48128K, 11% used [0x00000000c0000000,0x00000000c0570f10,0x00000000c2f00000)
 Metaspace       used 28024K, capacity 28333K, committed 28672K, reserved 1075200K
  class space    used 3119K, capacity 3238K, committed 3328K, reserved 1048576K
Event: 3.746 GC heap after
Heap after GC invocations=9 (full 1):
 PSYoungGen      total 225792K, used 7675K [0x00000000eab00000, 0x00000000fac00000, 0x0000000100000000)
  eden space 218112K, 0% used [0x00000000eab00000,0x00000000eab00000,0x00000000f8000000)
  from space 7680K, 99% used [0x00000000fa480000,0x00000000fabfeec0,0x00000000fac00000)
  to   space 9728K, 0% used [0x00000000f9900000,0x00000000f9900000,0x00000000fa280000)
 ParOldGen       total 48128K, used 7579K [0x00000000c0000000, 0x00000000c2f00000, 0x00000000eab00000)
  object space 48128K, 15% used [0x00000000c0000000,0x00000000c0766ea0,0x00000000c2f00000)
 Metaspace       used 28024K, capacity 28333K, committed 28672K, reserved 1075200K
  class space    used 3119K, capacity 3238K, committed 3328K, reserved 1048576K
}
Event: 8.498 GC heap before
{Heap before GC invocations=10 (full 1):
 PSYoungGen      total 225792K, used 225787K [0x00000000eab00000, 0x00000000fac00000, 0x0000000100000000)
  eden space 218112K, 100% used [0x00000000eab00000,0x00000000f8000000,0x00000000f8000000)
  from space 7680K, 99% used [0x00000000fa480000,0x00000000fabfeec0,0x00000000fac00000)
  to   space 9728K, 0% used [0x00000000f9900000,0x00000000f9900000,0x00000000fa280000)
 ParOldGen       total 48128K, used 7579K [0x00000000c0000000, 0x00000000c2f00000, 0x00000000eab00000)
  object space 48128K, 15% used [0x00000000c0000000,0x00000000c0766ea0,0x00000000c2f00000)
 Metaspace       used 31131K, capacity 31453K, committed 31872K, reserved 1077248K
  class space    used 3298K, capacity 3400K, committed 3456K, reserved 1048576K
Event: 8.509 GC heap after
Heap after GC invocations=10 (full 1):
 PSYoungGen      total 253440K, used 9727K [0x00000000eab00000, 0x00000000ffa00000, 0x0000000100000000)
  eden space 243712K, 0% used [0x00000000eab00000,0x00000000eab00000,0x00000000f9900000)
  from space 9728K, 99% used [0x00000000f9900000,0x00000000fa27fe70,0x00000000fa280000)
  to   space 15872K, 0% used [0x00000000fea80000,0x00000000fea80000,0x00000000ffa00000)
 ParOldGen       total 48128K, used 19500K [0x00000000c0000000, 0x00000000c2f00000, 0x00000000eab00000)
  object space 48128K, 40% used [0x00000000c0000000,0x00000000c130b0f8,0x00000000c2f00000)
 Metaspace       used 31131K, capacity 31453K, committed 31872K, reserved 1077248K
  class space    used 3298K, capacity 3400K, committed 3456K, reserved 1048576K
}
Event: 11.548 GC heap before
{Heap before GC invocations=11 (full 1):
 PSYoungGen      total 253440K, used 253439K [0x00000000eab00000, 0x00000000ffa00000, 0x0000000100000000)
  eden space 243712K, 100% used [0x00000000eab00000,0x00000000f9900000,0x00000000f9900000)
  from space 9728K, 99% used [0x00000000f9900000,0x00000000fa27fe70,0x00000000fa280000)
  to   space 15872K, 0% used [0x00000000fea80000,0x00000000fea80000,0x00000000ffa00000)
 ParOldGen       total 48128K, used 19500K [0x00000000c0000000, 0x00000000c2f00000, 0x00000000eab00000)
  object space 48128K, 40% used [0x00000000c0000000,0x00000000c130b0f8,0x00000000c2f00000)
 Metaspace       used 31967K, capacity 32253K, committed 32640K, reserved 1079296K
  class space    used 3338K, capacity 3432K, committed 3456K, reserved 1048576K
Event: 11.555 GC heap after
Heap after GC invocations=11 (full 1):
 PSYoungGen      total 327168K, used 9486K [0x00000000eab00000, 0x0000000100000000, 0x0000000100000000)
  eden space 311296K, 0% used [0x00000000eab00000,0x00000000eab00000,0x00000000fdb00000)
  from space 15872K, 59% used [0x00000000fea80000,0x00000000ff3c39c0,0x00000000ffa00000)
  to   space 15872K, 0% used [0x00000000fdb00000,0x00000000fdb00000,0x00000000fea80000)
 ParOldGen       total 48128K, used 21989K [0x00000000c0000000, 0x00000000c2f00000, 0x00000000eab00000)
  object space 48128K, 45% used [0x00000000c0000000,0x00000000c15797d0,0x00000000c2f00000)
 Metaspace       used 31967K, capacity 32253K, committed 32640K, reserved 1079296K
  class space    used 3338K, capacity 3432K, committed 3456K, reserved 1048576K
}

