# JRE version: Java(TM) SE Runtime Environment (8.0_181-b13) (build 1.8.0_181-b13)
# Java VM: Java HotSpot(TM) 64-Bit Server VM (25.181-b13 mixed mode windows-amd64 compressed oops)
Heap:
 PSYoungGen      total 214016K, used 152836K [0x00000000eab00000, 0x00000000fb600000, 0x0000000100000000)
  eden space 212992K, 71% used [0x00000000eab00000,0x00000000f3f843c8,0x00000000f7b00000)
  from space 1024K, 73% used [0x00000000fb500000,0x00000000fb5bcfa0,0x00000000fb600000)
  to   space 12288K, 0% used [0x00000000f9e00000,0x00000000f9e00000,0x00000000faa00000)
 ParOldGen       total 86528K, used 26667K [0x00000000c0000000, 0x00000000c5480000, 0x00000000eab00000)
  object space 86528K, 30% used [0x00000000c0000000,0x00000000c1a0aef8,0x00000000c5480000)
 Metaspace       used 32710K, capacity 33043K, committed 33408K, reserved 1079296K
  class space    used 3357K, capacity 3437K, committed 3456K, reserved 1048576K
GC Heap History (10 events):
Event: 80.154 GC heap before
{Heap before GC invocations=22 (full 2):
 PSYoungGen      total 278016K, used 262716K [0x00000000eab00000, 0x00000000fdd80000, 0x0000000100000000)
  eden space 261632K, 100% used [0x00000000eab00000,0x00000000faa80000,0x00000000faa80000)
  from space 16384K, 6% used [0x00000000fbe00000,0x00000000fbf0f080,0x00000000fce00000)
  to   space 15360K, 0% used [0x00000000fce80000,0x00000000fce80000,0x00000000fdd80000)
 ParOldGen       total 86528K, used 26667K [0x00000000c0000000, 0x00000000c5480000, 0x00000000eab00000)
  object space 86528K, 30% used [0x00000000c0000000,0x00000000c1a0aef8,0x00000000c5480000)
 Metaspace       used 32669K, capacity 32973K, committed 33408K, reserved 1079296K
  class space    used 3352K, capacity 3436K, committed 3456K, reserved 1048576K
Event: 80.157 GC heap after
Heap after GC invocations=22 (full 2):
 PSYoungGen      total 251904K, used 740K [0x00000000eab00000, 0x00000000fcf80000, 0x0000000100000000)
  eden space 250880K, 0% used [0x00000000eab00000,0x00000000eab00000,0x00000000fa000000)
  from space 1024K, 72% used [0x00000000fce80000,0x00000000fcf391d0,0x00000000fcf80000)
  to   space 14848K, 0% used [0x00000000fb280000,0x00000000fb280000,0x00000000fc100000)
 ParOldGen       total 86528K, used 26667K [0x00000000c0000000, 0x00000000c5480000, 0x00000000eab00000)
  object space 86528K, 30% used [0x00000000c0000000,0x00000000c1a0aef8,0x00000000c5480000)
 Metaspace       used 32669K, capacity 32973K, committed 33408K, reserved 1079296K
  class space    used 3352K, capacity 3436K, committed 3456K, reserved 1048576K
}
Event: 88.069 GC heap before
{Heap before GC invocations=23 (full 2):
 PSYoungGen      total 251904K, used 251620K [0x00000000eab00000, 0x00000000fcf80000, 0x0000000100000000)
  eden space 250880K, 100% used [0x00000000eab00000,0x00000000fa000000,0x00000000fa000000)
  from space 1024K, 72% used [0x00000000fce80000,0x00000000fcf391d0,0x00000000fcf80000)
  to   space 14848K, 0% used [0x00000000fb280000,0x00000000fb280000,0x00000000fc100000)
 ParOldGen       total 86528K, used 26667K [0x00000000c0000000, 0x00000000c5480000, 0x00000000eab00000)
  object space 86528K, 30% used [0x00000000c0000000,0x00000000c1a0aef8,0x00000000c5480000)
 Metaspace       used 32673K, capacity 32979K, committed 33408K, reserved 1079296K
  class space    used 3353K, capacity 3437K, committed 3456K, reserved 1048576K
Event: 88.070 GC heap after
Heap after GC invocations=23 (full 2):
 PSYoungGen      total 255488K, used 642K [0x00000000eab00000, 0x00000000fcf00000, 0x0000000100000000)
  eden space 240640K, 0% used [0x00000000eab00000,0x00000000eab00000,0x00000000f9600000)
  from space 14848K, 4% used [0x00000000fb280000,0x00000000fb320910,0x00000000fc100000)
  to   space 14336K, 0% used [0x00000000fc100000,0x00000000fc100000,0x00000000fcf00000)
 ParOldGen       total 86528K, used 26667K [0x00000000c0000000, 0x00000000c5480000, 0x00000000eab00000)
  object space 86528K, 30% used [0x00000000c0000000,0x00000000c1a0aef8,0x00000000c5480000)
 Metaspace       used 32673K, capacity 32979K, committed 33408K, reserved 1079296K
  class space    used 3353K, capacity 3437K, committed 3456K, reserved 1048576K
}
Event: 94.762 GC heap before
{Heap before GC invocations=24 (full 2):
 PSYoungGen      total 255488K, used 241282K [0x00000000eab00000, 0x00000000fcf00000, 0x0000000100000000)
  eden space 240640K, 100% used [0x00000000eab00000,0x00000000f9600000,0x00000000f9600000)
  from space 14848K, 4% used [0x00000000fb280000,0x00000000fb320910,0x00000000fc100000)
  to   space 14336K, 0% used [0x00000000fc100000,0x00000000fc100000,0x00000000fcf00000)
 ParOldGen       total 86528K, used 26667K [0x00000000c0000000, 0x00000000c5480000, 0x00000000eab00000)
  object space 86528K, 30% used [0x00000000c0000000,0x00000000c1a0aef8,0x00000000c5480000)
 Metaspace       used 32681K, capacity 32979K, committed 33408K, reserved 1079296K
  class space    used 3353K, capacity 3437K, committed 3456K, reserved 1048576K
Event: 94.767 GC heap after
Heap after GC invocations=24 (full 2):
 PSYoungGen      total 231936K, used 512K [0x00000000eab00000, 0x00000000fc200000, 0x0000000100000000)
  eden space 230912K, 0% used [0x00000000eab00000,0x00000000eab00000,0x00000000f8c80000)
  from space 1024K, 50% used [0x00000000fc100000,0x00000000fc180050,0x00000000fc200000)
  to   space 13312K, 0% used [0x00000000fa800000,0x00000000fa800000,0x00000000fb500000)
 ParOldGen       total 86528K, used 26667K [0x00000000c0000000, 0x00000000c5480000, 0x00000000eab00000)
  object space 86528K, 30% used [0x00000000c0000000,0x00000000c1a0aef8,0x00000000c5480000)
 Metaspace       used 32681K, capacity 32979K, committed 33408K, reserved 1079296K
  class space    used 3353K, capacity 3437K, committed 3456K, reserved 1048576K
}
Event: 102.222 GC heap before
{Heap before GC invocations=25 (full 2):
 PSYoungGen      total 231936K, used 231424K [0x00000000eab00000, 0x00000000fc200000, 0x0000000100000000)
  eden space 230912K, 100% used [0x00000000eab00000,0x00000000f8c80000,0x00000000f8c80000)
  from space 1024K, 50% used [0x00000000fc100000,0x00000000fc180050,0x00000000fc200000)
  to   space 13312K, 0% used [0x00000000fa800000,0x00000000fa800000,0x00000000fb500000)
 ParOldGen       total 86528K, used 26667K [0x00000000c0000000, 0x00000000c5480000, 0x00000000eab00000)
  object space 86528K, 30% used [0x00000000c0000000,0x00000000c1a0aef8,0x00000000c5480000)
 Metaspace       used 32685K, capacity 32979K, committed 33408K, reserved 1079296K
  class space    used 3353K, capacity 3437K, committed 3456K, reserved 1048576K
Event: 102.223 GC heap after
Heap after GC invocations=25 (full 2):
 PSYoungGen      total 235008K, used 659K [0x00000000eab00000, 0x00000000fc180000, 0x0000000100000000)
  eden space 221696K, 0% used [0x00000000eab00000,0x00000000eab00000,0x00000000f8380000)
  from space 13312K, 4% used [0x00000000fa800000,0x00000000fa8a4fa0,0x00000000fb500000)
  to   space 12800K, 0% used [0x00000000fb500000,0x00000000fb500000,0x00000000fc180000)
 ParOldGen       total 86528K, used 26667K [0x00000000c0000000, 0x00000000c5480000, 0x00000000eab00000)
  object space 86528K, 30% used [0x00000000c0000000,0x00000000c1a0aef8,0x00000000c5480000)
 Metaspace       used 32685K, capacity 32979K, committed 33408K, reserved 1079296K
  class space    used 3353K, capacity 3437K, committed 3456K, reserved 1048576K
}
Event: 105.006 GC heap before
{Heap before GC invocations=26 (full 2):
 PSYoungGen      total 235008K, used 222355K [0x00000000eab00000, 0x00000000fc180000, 0x0000000100000000)
  eden space 221696K, 100% used [0x00000000eab00000,0x00000000f8380000,0x00000000f8380000)
  from space 13312K, 4% used [0x00000000fa800000,0x00000000fa8a4fa0,0x00000000fb500000)
  to   space 12800K, 0% used [0x00000000fb500000,0x00000000fb500000,0x00000000fc180000)
 ParOldGen       total 86528K, used 26667K [0x00000000c0000000, 0x00000000c5480000, 0x00000000eab00000)
  object space 86528K, 30% used [0x00000000c0000000,0x00000000c1a0aef8,0x00000000c5480000)
 Metaspace       used 32685K, capacity 32979K, committed 33408K, reserved 1079296K
  class space    used 3353K, capacity 3437K, committed 3456K, reserved 1048576K
Event: 105.009 GC heap after
Heap after GC invocations=26 (full 2):
 PSYoungGen      total 214016K, used 755K [0x00000000eab00000, 0x00000000fb600000, 0x0000000100000000)
  eden space 212992K, 0% used [0x00000000eab00000,0x00000000eab00000,0x00000000f7b00000)
  from space 1024K, 73% used [0x00000000fb500000,0x00000000fb5bcfa0,0x00000000fb600000)
  to   space 12288K, 0% used [0x00000000f9e00000,0x00000000f9e00000,0x00000000faa00000)
 ParOldGen       total 86528K, used 26667K [0x00000000c0000000, 0x00000000c5480000, 0x00000000eab00000)
  object space 86528K, 30% used [0x00000000c0000000,0x00000000c1a0aef8,0x00000000c5480000)
 Metaspace       used 32685K, capacity 32979K, committed 33408K, reserved 1079296K
  class space    used 3353K, capacity 3437K, committed 3456K, reserved 1048576K
}

