# JRE version: Java(TM) SE Runtime Environment (8.0_181-b13) (build 1.8.0_181-b13)
# Java VM: Java HotSpot(TM) 64-Bit Server VM (25.181-b13 mixed mode windows-amd64 compressed oops)
Heap:
 PSYoungGen      total 149504K, used 59790K [0x00000000eab00000, 0x00000000fd080000, 0x0000000100000000)
  eden space 148992K, 39% used [0x00000000eab00000,0x00000000ee512e30,0x00000000f3c80000)
  from space 512K, 63% used [0x00000000fcb00000,0x00000000fcb50d20,0x00000000fcb80000)
  to   space 3072K, 0% used [0x00000000fcd80000,0x00000000fcd80000,0x00000000fd080000)
 ParOldGen       total 46080K, used 34887K [0x00000000c0000000, 0x00000000c2d00000, 0x00000000eab00000)
  object space 46080K, 75% used [0x00000000c0000000,0x00000000c2211cd8,0x00000000c2d00000)
 Metaspace       used 32827K, capacity 33153K, committed 33536K, reserved 1079296K
  class space    used 3372K, capacity 3470K, committed 3584K, reserved 1048576K
GC Heap History (10 events):
Event: 67.593 GC heap before
{Heap before GC invocations=42 (full 1):
 PSYoungGen      total 182272K, used 182260K [0x00000000eab00000, 0x00000000fd600000, 0x0000000100000000)
  eden space 181760K, 100% used [0x00000000eab00000,0x00000000f5c80000,0x00000000f5c80000)
  from space 512K, 97% used [0x00000000fd580000,0x00000000fd5fd190,0x00000000fd600000)
  to   space 3584K, 0% used [0x00000000fcf00000,0x00000000fcf00000,0x00000000fd280000)
 ParOldGen       total 46080K, used 34735K [0x00000000c0000000, 0x00000000c2d00000, 0x00000000eab00000)
  object space 46080K, 75% used [0x00000000c0000000,0x00000000c21ebcd8,0x00000000c2d00000)
 Metaspace       used 32798K, capacity 33153K, committed 33536K, reserved 1079296K
  class space    used 3368K, capacity 3470K, committed 3584K, reserved 1048576K
Event: 67.594 GC heap after
Heap after GC invocations=42 (full 1):
 PSYoungGen      total 178176K, used 582K [0x00000000eab00000, 0x00000000fd600000, 0x0000000100000000)
  eden space 174592K, 0% used [0x00000000eab00000,0x00000000eab00000,0x00000000f5580000)
  from space 3584K, 16% used [0x00000000fcf00000,0x00000000fcf91820,0x00000000fd280000)
  to   space 3584K, 0% used [0x00000000fd280000,0x00000000fd280000,0x00000000fd600000)
 ParOldGen       total 46080K, used 34743K [0x00000000c0000000, 0x00000000c2d00000, 0x00000000eab00000)
  object space 46080K, 75% used [0x00000000c0000000,0x00000000c21edcd8,0x00000000c2d00000)
 Metaspace       used 32798K, capacity 33153K, committed 33536K, reserved 1079296K
  class space    used 3368K, capacity 3470K, committed 3584K, reserved 1048576K
}
Event: 68.286 GC heap before
{Heap before GC invocations=43 (full 1):
 PSYoungGen      total 178176K, used 175174K [0x00000000eab00000, 0x00000000fd600000, 0x0000000100000000)
  eden space 174592K, 100% used [0x00000000eab00000,0x00000000f5580000,0x00000000f5580000)
  from space 3584K, 16% used [0x00000000fcf00000,0x00000000fcf91820,0x00000000fd280000)
  to   space 3584K, 0% used [0x00000000fd280000,0x00000000fd280000,0x00000000fd600000)
 ParOldGen       total 46080K, used 34743K [0x00000000c0000000, 0x00000000c2d00000, 0x00000000eab00000)
  object space 46080K, 75% used [0x00000000c0000000,0x00000000c21edcd8,0x00000000c2d00000)
 Metaspace       used 32798K, capacity 33153K, committed 33536K, reserved 1079296K
  class space    used 3368K, capacity 3470K, committed 3584K, reserved 1048576K
Event: 68.288 GC heap after
Heap after GC invocations=43 (full 1):
 PSYoungGen      total 168448K, used 483K [0x00000000eab00000, 0x00000000fd300000, 0x0000000100000000)
  eden space 167936K, 0% used [0x00000000eab00000,0x00000000eab00000,0x00000000f4f00000)
  from space 512K, 94% used [0x00000000fd280000,0x00000000fd2f8f60,0x00000000fd300000)
  to   space 3584K, 0% used [0x00000000fcc00000,0x00000000fcc00000,0x00000000fcf80000)
 ParOldGen       total 46080K, used 34767K [0x00000000c0000000, 0x00000000c2d00000, 0x00000000eab00000)
  object space 46080K, 75% used [0x00000000c0000000,0x00000000c21f3cd8,0x00000000c2d00000)
 Metaspace       used 32798K, capacity 33153K, committed 33536K, reserved 1079296K
  class space    used 3368K, capacity 3470K, committed 3584K, reserved 1048576K
}
Event: 68.924 GC heap before
{Heap before GC invocations=44 (full 1):
 PSYoungGen      total 168448K, used 168419K [0x00000000eab00000, 0x00000000fd300000, 0x0000000100000000)
  eden space 167936K, 100% used [0x00000000eab00000,0x00000000f4f00000,0x00000000f4f00000)
  from space 512K, 94% used [0x00000000fd280000,0x00000000fd2f8f60,0x00000000fd300000)
  to   space 3584K, 0% used [0x00000000fcc00000,0x00000000fcc00000,0x00000000fcf80000)
 ParOldGen       total 46080K, used 34767K [0x00000000c0000000, 0x00000000c2d00000, 0x00000000eab00000)
  object space 46080K, 75% used [0x00000000c0000000,0x00000000c21f3cd8,0x00000000c2d00000)
 Metaspace       used 32798K, capacity 33153K, committed 33536K, reserved 1079296K
  class space    used 3368K, capacity 3470K, committed 3584K, reserved 1048576K
Event: 68.925 GC heap after
Heap after GC invocations=44 (full 1):
 PSYoungGen      total 164864K, used 468K [0x00000000eab00000, 0x00000000fd300000, 0x0000000100000000)
  eden space 161280K, 0% used [0x00000000eab00000,0x00000000eab00000,0x00000000f4880000)
  from space 3584K, 13% used [0x00000000fcc00000,0x00000000fcc75190,0x00000000fcf80000)
  to   space 3072K, 0% used [0x00000000fd000000,0x00000000fd000000,0x00000000fd300000)
 ParOldGen       total 46080K, used 34815K [0x00000000c0000000, 0x00000000c2d00000, 0x00000000eab00000)
  object space 46080K, 75% used [0x00000000c0000000,0x00000000c21ffcd8,0x00000000c2d00000)
 Metaspace       used 32798K, capacity 33153K, committed 33536K, reserved 1079296K
  class space    used 3368K, capacity 3470K, committed 3584K, reserved 1048576K
}
Event: 69.536 GC heap before
{Heap before GC invocations=45 (full 1):
 PSYoungGen      total 164864K, used 161748K [0x00000000eab00000, 0x00000000fd300000, 0x0000000100000000)
  eden space 161280K, 100% used [0x00000000eab00000,0x00000000f4880000,0x00000000f4880000)
  from space 3584K, 13% used [0x00000000fcc00000,0x00000000fcc75190,0x00000000fcf80000)
  to   space 3072K, 0% used [0x00000000fd000000,0x00000000fd000000,0x00000000fd300000)
 ParOldGen       total 46080K, used 34815K [0x00000000c0000000, 0x00000000c2d00000, 0x00000000eab00000)
  object space 46080K, 75% used [0x00000000c0000000,0x00000000c21ffcd8,0x00000000c2d00000)
 Metaspace       used 32801K, capacity 33153K, committed 33536K, reserved 1079296K
  class space    used 3368K, capacity 3470K, committed 3584K, reserved 1048576K
Event: 69.538 GC heap after
Heap after GC invocations=45 (full 1):
 PSYoungGen      total 156160K, used 516K [0x00000000eab00000, 0x00000000fd100000, 0x0000000100000000)
  eden space 155136K, 0% used [0x00000000eab00000,0x00000000eab00000,0x00000000f4280000)
  from space 1024K, 50% used [0x00000000fd000000,0x00000000fd081180,0x00000000fd100000)
  to   space 3072K, 0% used [0x00000000fcb00000,0x00000000fcb00000,0x00000000fce00000)
 ParOldGen       total 46080K, used 34847K [0x00000000c0000000, 0x00000000c2d00000, 0x00000000eab00000)
  object space 46080K, 75% used [0x00000000c0000000,0x00000000c2207cd8,0x00000000c2d00000)
 Metaspace       used 32801K, capacity 33153K, committed 33536K, reserved 1079296K
  class space    used 3368K, capacity 3470K, committed 3584K, reserved 1048576K
}
Event: 70.101 GC heap before
{Heap before GC invocations=46 (full 1):
 PSYoungGen      total 156160K, used 155652K [0x00000000eab00000, 0x00000000fd100000, 0x0000000100000000)
  eden space 155136K, 100% used [0x00000000eab00000,0x00000000f4280000,0x00000000f4280000)
  from space 1024K, 50% used [0x00000000fd000000,0x00000000fd081180,0x00000000fd100000)
  to   space 3072K, 0% used [0x00000000fcb00000,0x00000000fcb00000,0x00000000fce00000)
 ParOldGen       total 46080K, used 34847K [0x00000000c0000000, 0x00000000c2d00000, 0x00000000eab00000)
  object space 46080K, 75% used [0x00000000c0000000,0x00000000c2207cd8,0x00000000c2d00000)
 Metaspace       used 32801K, capacity 33153K, committed 33536K, reserved 1079296K
  class space    used 3368K, capacity 3470K, committed 3584K, reserved 1048576K
Event: 70.102 GC heap after
Heap after GC invocations=46 (full 1):
 PSYoungGen      total 149504K, used 323K [0x00000000eab00000, 0x00000000fd080000, 0x0000000100000000)
  eden space 148992K, 0% used [0x00000000eab00000,0x00000000eab00000,0x00000000f3c80000)
  from space 512K, 63% used [0x00000000fcb00000,0x00000000fcb50d20,0x00000000fcb80000)
  to   space 3072K, 0% used [0x00000000fcd80000,0x00000000fcd80000,0x00000000fd080000)
 ParOldGen       total 46080K, used 34887K [0x00000000c0000000, 0x00000000c2d00000, 0x00000000eab00000)
  object space 46080K, 75% used [0x00000000c0000000,0x00000000c2211cd8,0x00000000c2d00000)
 Metaspace       used 32801K, capacity 33153K, committed 33536K, reserved 1079296K
  class space    used 3368K, capacity 3470K, committed 3584K, reserved 1048576K
}

