# JRE version: Java(TM) SE Runtime Environment (8.0_181-b13) (build 1.8.0_181-b13)
# Java VM: Java HotSpot(TM) 64-Bit Server VM (25.181-b13 mixed mode windows-amd64 compressed oops)
Heap:
 PSYoungGen      total 294912K, used 251258K [0x00000000eab00000, 0x00000000fda00000, 0x0000000100000000)
  eden space 281600K, 88% used [0x00000000eab00000,0x00000000f9f51198,0x00000000fbe00000)
  from space 13312K, 8% used [0x00000000fcb00000,0x00000000fcc0d728,0x00000000fd800000)
  to   space 13312K, 0% used [0x00000000fbe00000,0x00000000fbe00000,0x00000000fcb00000)
 ParOldGen       total 47104K, used 28980K [0x00000000c0000000, 0x00000000c2e00000, 0x00000000eab00000)
  object space 47104K, 61% used [0x00000000c0000000,0x00000000c1c4d318,0x00000000c2e00000)
 Metaspace       used 32204K, capacity 32521K, committed 32640K, reserved 1079296K
  class space    used 3346K, capacity 3434K, committed 3456K, reserved 1048576K
GC Heap History (10 events):
Event: 3.068 GC heap before
{Heap before GC invocations=9 (full 0):
 PSYoungGen      total 140800K, used 40452K [0x00000000eab00000, 0x00000000f3c00000, 0x0000000100000000)
  eden space 133120K, 29% used [0x00000000eab00000,0x00000000ed1f9008,0x00000000f2d00000)
  from space 7680K, 7% used [0x00000000f3480000,0x00000000f3508010,0x00000000f3c00000)
  to   space 7680K, 0% used [0x00000000f2d00000,0x00000000f2d00000,0x00000000f3480000)
 ParOldGen       total 87552K, used 5174K [0x00000000c0000000, 0x00000000c5580000, 0x00000000eab00000)
  object space 87552K, 5% used [0x00000000c0000000,0x00000000c050d988,0x00000000c5580000)
 Metaspace       used 20979K, capacity 21183K, committed 21248K, reserved 1069056K
  class space    used 2174K, capacity 2285K, committed 2304K, reserved 1048576K
Event: 3.070 GC heap after
Heap after GC invocations=9 (full 0):
 PSYoungGen      total 140800K, used 571K [0x00000000eab00000, 0x00000000f8b00000, 0x0000000100000000)
  eden space 133120K, 0% used [0x00000000eab00000,0x00000000eab00000,0x00000000f2d00000)
  from space 7680K, 7% used [0x00000000f2d00000,0x00000000f2d8ede0,0x00000000f3480000)
  to   space 8192K, 0% used [0x00000000f8300000,0x00000000f8300000,0x00000000f8b00000)
 ParOldGen       total 87552K, used 5334K [0x00000000c0000000, 0x00000000c5580000, 0x00000000eab00000)
  object space 87552K, 6% used [0x00000000c0000000,0x00000000c0535988,0x00000000c5580000)
 Metaspace       used 20979K, capacity 21183K, committed 21248K, reserved 1069056K
  class space    used 2174K, capacity 2285K, committed 2304K, reserved 1048576K
}
Event: 3.070 GC heap before
{Heap before GC invocations=10 (full 1):
 PSYoungGen      total 140800K, used 571K [0x00000000eab00000, 0x00000000f8b00000, 0x0000000100000000)
  eden space 133120K, 0% used [0x00000000eab00000,0x00000000eab00000,0x00000000f2d00000)
  from space 7680K, 7% used [0x00000000f2d00000,0x00000000f2d8ede0,0x00000000f3480000)
  to   space 8192K, 0% used [0x00000000f8300000,0x00000000f8300000,0x00000000f8b00000)
 ParOldGen       total 87552K, used 5334K [0x00000000c0000000, 0x00000000c5580000, 0x00000000eab00000)
  object space 87552K, 6% used [0x00000000c0000000,0x00000000c0535988,0x00000000c5580000)
 Metaspace       used 20979K, capacity 21183K, committed 21248K, reserved 1069056K
  class space    used 2174K, capacity 2285K, committed 2304K, reserved 1048576K
Event: 3.114 GC heap after
Heap after GC invocations=10 (full 1):
 PSYoungGen      total 140800K, used 0K [0x00000000eab00000, 0x00000000f8b00000, 0x0000000100000000)
  eden space 133120K, 0% used [0x00000000eab00000,0x00000000eab00000,0x00000000f2d00000)
  from space 7680K, 0% used [0x00000000f2d00000,0x00000000f2d00000,0x00000000f3480000)
  to   space 8192K, 0% used [0x00000000f8300000,0x00000000f8300000,0x00000000f8b00000)
 ParOldGen       total 47104K, used 5445K [0x00000000c0000000, 0x00000000c2e00000, 0x00000000eab00000)
  object space 47104K, 11% used [0x00000000c0000000,0x00000000c05516b0,0x00000000c2e00000)
 Metaspace       used 20979K, capacity 21183K, committed 21248K, reserved 1069056K
  class space    used 2174K, capacity 2285K, committed 2304K, reserved 1048576K
}
Event: 4.354 GC heap before
{Heap before GC invocations=11 (full 1):
 PSYoungGen      total 140800K, used 133120K [0x00000000eab00000, 0x00000000f8b00000, 0x0000000100000000)
  eden space 133120K, 100% used [0x00000000eab00000,0x00000000f2d00000,0x00000000f2d00000)
  from space 7680K, 0% used [0x00000000f2d00000,0x00000000f2d00000,0x00000000f3480000)
  to   space 8192K, 0% used [0x00000000f8300000,0x00000000f8300000,0x00000000f8b00000)
 ParOldGen       total 47104K, used 5445K [0x00000000c0000000, 0x00000000c2e00000, 0x00000000eab00000)
  object space 47104K, 11% used [0x00000000c0000000,0x00000000c05516b0,0x00000000c2e00000)
 Metaspace       used 29667K, capacity 30015K, committed 30336K, reserved 1077248K
  class space    used 3273K, capacity 3369K, committed 3456K, reserved 1048576K
Event: 4.364 GC heap after
Heap after GC invocations=11 (full 1):
 PSYoungGen      total 203776K, used 8190K [0x00000000eab00000, 0x00000000f8b00000, 0x0000000100000000)
  eden space 195584K, 0% used [0x00000000eab00000,0x00000000eab00000,0x00000000f6a00000)
  from space 8192K, 99% used [0x00000000f8300000,0x00000000f8aff9b0,0x00000000f8b00000)
  to   space 13824K, 0% used [0x00000000f7000000,0x00000000f7000000,0x00000000f7d80000)
 ParOldGen       total 47104K, used 17006K [0x00000000c0000000, 0x00000000c2e00000, 0x00000000eab00000)
  object space 47104K, 36% used [0x00000000c0000000,0x00000000c109b9c8,0x00000000c2e00000)
 Metaspace       used 29667K, capacity 30015K, committed 30336K, reserved 1077248K
  class space    used 3273K, capacity 3369K, committed 3456K, reserved 1048576K
}
Event: 16.784 GC heap before
{Heap before GC invocations=12 (full 1):
 PSYoungGen      total 203776K, used 203774K [0x00000000eab00000, 0x00000000f8b00000, 0x0000000100000000)
  eden space 195584K, 100% used [0x00000000eab00000,0x00000000f6a00000,0x00000000f6a00000)
  from space 8192K, 99% used [0x00000000f8300000,0x00000000f8aff9b0,0x00000000f8b00000)
  to   space 13824K, 0% used [0x00000000f7000000,0x00000000f7000000,0x00000000f7d80000)
 ParOldGen       total 47104K, used 17006K [0x00000000c0000000, 0x00000000c2e00000, 0x00000000eab00000)
  object space 47104K, 36% used [0x00000000c0000000,0x00000000c109b9c8,0x00000000c2e00000)
 Metaspace       used 31637K, capacity 32009K, committed 32128K, reserved 1077248K
  class space    used 3334K, capacity 3434K, committed 3456K, reserved 1048576K
Event: 16.791 GC heap after
Heap after GC invocations=12 (full 1):
 PSYoungGen      total 215552K, used 6304K [0x00000000eab00000, 0x00000000fd800000, 0x0000000100000000)
  eden space 201728K, 0% used [0x00000000eab00000,0x00000000eab00000,0x00000000f7000000)
  from space 13824K, 45% used [0x00000000f7000000,0x00000000f76281a0,0x00000000f7d80000)
  to   space 13312K, 0% used [0x00000000fcb00000,0x00000000fcb00000,0x00000000fd800000)
 ParOldGen       total 47104K, used 22960K [0x00000000c0000000, 0x00000000c2e00000, 0x00000000eab00000)
  object space 47104K, 48% used [0x00000000c0000000,0x00000000c166c0a0,0x00000000c2e00000)
 Metaspace       used 31637K, capacity 32009K, committed 32128K, reserved 1077248K
  class space    used 3334K, capacity 3434K, committed 3456K, reserved 1048576K
}
Event: 19.307 GC heap before
{Heap before GC invocations=13 (full 1):
 PSYoungGen      total 215552K, used 208032K [0x00000000eab00000, 0x00000000fd800000, 0x0000000100000000)
  eden space 201728K, 100% used [0x00000000eab00000,0x00000000f7000000,0x00000000f7000000)
  from space 13824K, 45% used [0x00000000f7000000,0x00000000f76281a0,0x00000000f7d80000)
  to   space 13312K, 0% used [0x00000000fcb00000,0x00000000fcb00000,0x00000000fd800000)
 ParOldGen       total 47104K, used 22960K [0x00000000c0000000, 0x00000000c2e00000, 0x00000000eab00000)
  object space 47104K, 48% used [0x00000000c0000000,0x00000000c166c0a0,0x00000000c2e00000)
 Metaspace       used 32038K, capacity 32329K, committed 32640K, reserved 1079296K
  class space    used 3343K, capacity 3434K, committed 3456K, reserved 1048576K
Event: 19.311 GC heap after
Heap after GC invocations=13 (full 1):
 PSYoungGen      total 294912K, used 1077K [0x00000000eab00000, 0x00000000fda00000, 0x0000000100000000)
  eden space 281600K, 0% used [0x00000000eab00000,0x00000000eab00000,0x00000000fbe00000)
  from space 13312K, 8% used [0x00000000fcb00000,0x00000000fcc0d728,0x00000000fd800000)
  to   space 13312K, 0% used [0x00000000fbe00000,0x00000000fbe00000,0x00000000fcb00000)
 ParOldGen       total 47104K, used 28980K [0x00000000c0000000, 0x00000000c2e00000, 0x00000000eab00000)
  object space 47104K, 61% used [0x00000000c0000000,0x00000000c1c4d318,0x00000000c2e00000)
 Metaspace       used 32038K, capacity 32329K, committed 32640K, reserved 1079296K
  class space    used 3343K, capacity 3434K, committed 3456K, reserved 1048576K
}

