# JRE version: Java(TM) SE Runtime Environment (8.0_181-b13) (build 1.8.0_181-b13)
# Java VM: Java HotSpot(TM) 64-Bit Server VM (25.181-b13 mixed mode windows-amd64 compressed oops)
Heap:
 PSYoungGen      total 333824K, used 10935K [0x00000000eab00000, 0x0000000100000000, 0x0000000100000000)
  eden space 319488K, 3% used [0x00000000eab00000,0x00000000eb536d60,0x00000000fe300000)
  from space 14336K, 3% used [0x00000000fe300000,0x00000000fe3771d8,0x00000000ff100000)
  to   space 14336K, 0% used [0x00000000ff200000,0x00000000ff200000,0x0000000100000000)
 ParOldGen       total 46592K, used 35386K [0x00000000c0000000, 0x00000000c2d80000, 0x00000000eab00000)
  object space 46592K, 75% used [0x00000000c0000000,0x00000000c228ea40,0x00000000c2d80000)
 Metaspace       used 32513K, capacity 32835K, committed 33152K, reserved 1079296K
  class space    used 3357K, capacity 3433K, committed 3456K, reserved 1048576K
GC Heap History (10 events):
Event: 8.823 GC heap before
{Heap before GC invocations=12 (full 1):
 PSYoungGen      total 205312K, used 205297K [0x00000000eab00000, 0x00000000f8b00000, 0x0000000100000000)
  eden space 197120K, 100% used [0x00000000eab00000,0x00000000f6b80000,0x00000000f6b80000)
  from space 8192K, 99% used [0x00000000f8300000,0x00000000f8afc618,0x00000000f8b00000)
  to   space 13824K, 0% used [0x00000000f7000000,0x00000000f7000000,0x00000000f7d80000)
 ParOldGen       total 46592K, used 16937K [0x00000000c0000000, 0x00000000c2d80000, 0x00000000eab00000)
  object space 46592K, 36% used [0x00000000c0000000,0x00000000c108a448,0x00000000c2d80000)
 Metaspace       used 31153K, capacity 31459K, committed 31616K, reserved 1077248K
  class space    used 3300K, capacity 3401K, committed 3456K, reserved 1048576K
Event: 8.831 GC heap after
Heap after GC invocations=12 (full 1):
 PSYoungGen      total 215552K, used 11498K [0x00000000eab00000, 0x00000000fe000000, 0x0000000100000000)
  eden space 201728K, 0% used [0x00000000eab00000,0x00000000eab00000,0x00000000f7000000)
  from space 13824K, 83% used [0x00000000f7000000,0x00000000f7b3a960,0x00000000f7d80000)
  to   space 15360K, 0% used [0x00000000fd100000,0x00000000fd100000,0x00000000fe000000)
 ParOldGen       total 46592K, used 24199K [0x00000000c0000000, 0x00000000c2d80000, 0x00000000eab00000)
  object space 46592K, 51% used [0x00000000c0000000,0x00000000c17a1ef0,0x00000000c2d80000)
 Metaspace       used 31153K, capacity 31459K, committed 31616K, reserved 1077248K
  class space    used 3300K, capacity 3401K, committed 3456K, reserved 1048576K
}
Event: 21.867 GC heap before
{Heap before GC invocations=13 (full 1):
 PSYoungGen      total 215552K, used 213226K [0x00000000eab00000, 0x00000000fe000000, 0x0000000100000000)
  eden space 201728K, 100% used [0x00000000eab00000,0x00000000f7000000,0x00000000f7000000)
  from space 13824K, 83% used [0x00000000f7000000,0x00000000f7b3a960,0x00000000f7d80000)
  to   space 15360K, 0% used [0x00000000fd100000,0x00000000fd100000,0x00000000fe000000)
 ParOldGen       total 46592K, used 24199K [0x00000000c0000000, 0x00000000c2d80000, 0x00000000eab00000)
  object space 46592K, 51% used [0x00000000c0000000,0x00000000c17a1ef0,0x00000000c2d80000)
 Metaspace       used 32312K, capacity 32579K, committed 32896K, reserved 1079296K
  class space    used 3345K, capacity 3433K, committed 3456K, reserved 1048576K
Event: 21.871 GC heap after
Heap after GC invocations=13 (full 1):
 PSYoungGen      total 300032K, used 1234K [0x00000000eab00000, 0x00000000fdf00000, 0x0000000100000000)
  eden space 285696K, 0% used [0x00000000eab00000,0x00000000eab00000,0x00000000fc200000)
  from space 14336K, 8% used [0x00000000fd100000,0x00000000fd2349b0,0x00000000fdf00000)
  to   space 14848K, 0% used [0x00000000fc200000,0x00000000fc200000,0x00000000fd080000)
 ParOldGen       total 46592K, used 33706K [0x00000000c0000000, 0x00000000c2d80000, 0x00000000eab00000)
  object space 46592K, 72% used [0x00000000c0000000,0x00000000c20ea908,0x00000000c2d80000)
 Metaspace       used 32312K, capacity 32579K, committed 32896K, reserved 1079296K
  class space    used 3345K, capacity 3433K, committed 3456K, reserved 1048576K
}
Event: 25.293 GC heap before
{Heap before GC invocations=14 (full 1):
 PSYoungGen      total 300032K, used 286930K [0x00000000eab00000, 0x00000000fdf00000, 0x0000000100000000)
  eden space 285696K, 100% used [0x00000000eab00000,0x00000000fc200000,0x00000000fc200000)
  from space 14336K, 8% used [0x00000000fd100000,0x00000000fd2349b0,0x00000000fdf00000)
  to   space 14848K, 0% used [0x00000000fc200000,0x00000000fc200000,0x00000000fd080000)
 ParOldGen       total 46592K, used 33706K [0x00000000c0000000, 0x00000000c2d80000, 0x00000000eab00000)
  object space 46592K, 72% used [0x00000000c0000000,0x00000000c20ea908,0x00000000c2d80000)
 Metaspace       used 32407K, capacity 32707K, committed 32896K, reserved 1079296K
  class space    used 3352K, capacity 3433K, committed 3456K, reserved 1048576K
Event: 25.296 GC heap after
Heap after GC invocations=14 (full 1):
 PSYoungGen      total 300544K, used 660K [0x00000000eab00000, 0x0000000100000000, 0x0000000100000000)
  eden space 285696K, 0% used [0x00000000eab00000,0x00000000eab00000,0x00000000fc200000)
  from space 14848K, 4% used [0x00000000fc200000,0x00000000fc2a5190,0x00000000fd080000)
  to   space 14848K, 0% used [0x00000000ff180000,0x00000000ff180000,0x0000000100000000)
 ParOldGen       total 46592K, used 34764K [0x00000000c0000000, 0x00000000c2d80000, 0x00000000eab00000)
  object space 46592K, 74% used [0x00000000c0000000,0x00000000c21f3200,0x00000000c2d80000)
 Metaspace       used 32407K, capacity 32707K, committed 32896K, reserved 1079296K
  class space    used 3352K, capacity 3433K, committed 3456K, reserved 1048576K
}
Event: 27.767 GC heap before
{Heap before GC invocations=15 (full 1):
 PSYoungGen      total 300544K, used 286356K [0x00000000eab00000, 0x0000000100000000, 0x0000000100000000)
  eden space 285696K, 100% used [0x00000000eab00000,0x00000000fc200000,0x00000000fc200000)
  from space 14848K, 4% used [0x00000000fc200000,0x00000000fc2a5190,0x00000000fd080000)
  to   space 14848K, 0% used [0x00000000ff180000,0x00000000ff180000,0x0000000100000000)
 ParOldGen       total 46592K, used 34764K [0x00000000c0000000, 0x00000000c2d80000, 0x00000000eab00000)
  object space 46592K, 74% used [0x00000000c0000000,0x00000000c21f3200,0x00000000c2d80000)
 Metaspace       used 32466K, capacity 32771K, committed 32896K, reserved 1079296K
  class space    used 3353K, capacity 3433K, committed 3456K, reserved 1048576K
Event: 27.769 GC heap after
Heap after GC invocations=15 (full 1):
 PSYoungGen      total 333312K, used 224K [0x00000000eab00000, 0x00000000fff00000, 0x0000000100000000)
  eden space 319488K, 0% used [0x00000000eab00000,0x00000000eab00000,0x00000000fe300000)
  from space 13824K, 1% used [0x00000000ff180000,0x00000000ff1b8000,0x00000000fff00000)
  to   space 14336K, 0% used [0x00000000fe300000,0x00000000fe300000,0x00000000ff100000)
 ParOldGen       total 46592K, used 35290K [0x00000000c0000000, 0x00000000c2d80000, 0x00000000eab00000)
  object space 46592K, 75% used [0x00000000c0000000,0x00000000c2276a40,0x00000000c2d80000)
 Metaspace       used 32466K, capacity 32771K, committed 32896K, reserved 1079296K
  class space    used 3353K, capacity 3433K, committed 3456K, reserved 1048576K
}
Event: 31.798 GC heap before
{Heap before GC invocations=16 (full 1):
 PSYoungGen      total 333312K, used 319712K [0x00000000eab00000, 0x00000000fff00000, 0x0000000100000000)
  eden space 319488K, 100% used [0x00000000eab00000,0x00000000fe300000,0x00000000fe300000)
  from space 13824K, 1% used [0x00000000ff180000,0x00000000ff1b8000,0x00000000fff00000)
  to   space 14336K, 0% used [0x00000000fe300000,0x00000000fe300000,0x00000000ff100000)
 ParOldGen       total 46592K, used 35290K [0x00000000c0000000, 0x00000000c2d80000, 0x00000000eab00000)
  object space 46592K, 75% used [0x00000000c0000000,0x00000000c2276a40,0x00000000c2d80000)
 Metaspace       used 32487K, capacity 32771K, committed 32896K, reserved 1079296K
  class space    used 3353K, capacity 3433K, committed 3456K, reserved 1048576K
Event: 31.800 GC heap after
Heap after GC invocations=16 (full 1):
 PSYoungGen      total 333824K, used 476K [0x00000000eab00000, 0x0000000100000000, 0x0000000100000000)
  eden space 319488K, 0% used [0x00000000eab00000,0x00000000eab00000,0x00000000fe300000)
  from space 14336K, 3% used [0x00000000fe300000,0x00000000fe3771d8,0x00000000ff100000)
  to   space 14336K, 0% used [0x00000000ff200000,0x00000000ff200000,0x0000000100000000)
 ParOldGen       total 46592K, used 35386K [0x00000000c0000000, 0x00000000c2d80000, 0x00000000eab00000)
  object space 46592K, 75% used [0x00000000c0000000,0x00000000c228ea40,0x00000000c2d80000)
 Metaspace       used 32487K, capacity 32771K, committed 32896K, reserved 1079296K
  class space    used 3353K, capacity 3433K, committed 3456K, reserved 1048576K
}

