# JRE version: Java(TM) SE Runtime Environment (8.0_181-b13) (build 1.8.0_181-b13)
# Java VM: Java HotSpot(TM) 64-Bit Server VM (25.181-b13 mixed mode windows-amd64 compressed oops)
Heap:
 PSYoungGen      total 314368K, used 197461K [0x00000000eab00000, 0x00000000ff400000, 0x0000000100000000)
  eden space 310784K, 62% used [0x00000000eab00000,0x00000000f68b4418,0x00000000fda80000)
  from space 3584K, 89% used [0x00000000fe880000,0x00000000feba1148,0x00000000fec00000)
  to   space 8192K, 0% used [0x00000000fec00000,0x00000000fec00000,0x00000000ff400000)
 ParOldGen       total 48128K, used 34814K [0x00000000c0000000, 0x00000000c2f00000, 0x00000000eab00000)
  object space 48128K, 72% used [0x00000000c0000000,0x00000000c21ffba8,0x00000000c2f00000)
 Metaspace       used 32910K, capacity 33193K, committed 33536K, reserved 1079296K
  class space    used 3363K, capacity 3466K, committed 3584K, reserved 1048576K
GC Heap History (10 events):
Event: 36.311 GC heap before
{Heap before GC invocations=20 (full 1):
 PSYoungGen      total 333312K, used 323205K [0x00000000eab00000, 0x00000000ffd80000, 0x0000000100000000)
  eden space 320000K, 100% used [0x00000000eab00000,0x00000000fe380000,0x00000000fe380000)
  from space 13312K, 24% used [0x00000000ff080000,0x00000000ff3a1408,0x00000000ffd80000)
  to   space 13312K, 0% used [0x00000000fe380000,0x00000000fe380000,0x00000000ff080000)
 ParOldGen       total 48128K, used 34790K [0x00000000c0000000, 0x00000000c2f00000, 0x00000000eab00000)
  object space 48128K, 72% used [0x00000000c0000000,0x00000000c21f9ba8,0x00000000c2f00000)
 Metaspace       used 32783K, capacity 33065K, committed 33280K, reserved 1079296K
  class space    used 3359K, capacity 3466K, committed 3584K, reserved 1048576K
Event: 36.313 GC heap after
Heap after GC invocations=20 (full 1):
 PSYoungGen      total 333312K, used 5302K [0x00000000eab00000, 0x00000000fff00000, 0x0000000100000000)
  eden space 320000K, 0% used [0x00000000eab00000,0x00000000eab00000,0x00000000fe380000)
  from space 13312K, 39% used [0x00000000fe380000,0x00000000fe8ad8b8,0x00000000ff080000)
  to   space 12800K, 0% used [0x00000000ff280000,0x00000000ff280000,0x00000000fff00000)
 ParOldGen       total 48128K, used 34798K [0x00000000c0000000, 0x00000000c2f00000, 0x00000000eab00000)
  object space 48128K, 72% used [0x00000000c0000000,0x00000000c21fbba8,0x00000000c2f00000)
 Metaspace       used 32783K, capacity 33065K, committed 33280K, reserved 1079296K
  class space    used 3359K, capacity 3466K, committed 3584K, reserved 1048576K
}
Event: 38.110 GC heap before
{Heap before GC invocations=21 (full 1):
 PSYoungGen      total 333312K, used 325302K [0x00000000eab00000, 0x00000000fff00000, 0x0000000100000000)
  eden space 320000K, 100% used [0x00000000eab00000,0x00000000fe380000,0x00000000fe380000)
  from space 13312K, 39% used [0x00000000fe380000,0x00000000fe8ad8b8,0x00000000ff080000)
  to   space 12800K, 0% used [0x00000000ff280000,0x00000000ff280000,0x00000000fff00000)
 ParOldGen       total 48128K, used 34798K [0x00000000c0000000, 0x00000000c2f00000, 0x00000000eab00000)
  object space 48128K, 72% used [0x00000000c0000000,0x00000000c21fbba8,0x00000000c2f00000)
 Metaspace       used 32788K, capacity 33065K, committed 33280K, reserved 1079296K
  class space    used 3359K, capacity 3466K, committed 3584K, reserved 1048576K
Event: 38.112 GC heap after
Heap after GC invocations=21 (full 1):
 PSYoungGen      total 335360K, used 4667K [0x00000000eab00000, 0x00000000ffe80000, 0x0000000100000000)
  eden space 323072K, 0% used [0x00000000eab00000,0x00000000eab00000,0x00000000fe680000)
  from space 12288K, 37% used [0x00000000ff280000,0x00000000ff70eec8,0x00000000ffe80000)
  to   space 12288K, 0% used [0x00000000fe680000,0x00000000fe680000,0x00000000ff280000)
 ParOldGen       total 48128K, used 34806K [0x00000000c0000000, 0x00000000c2f00000, 0x00000000eab00000)
  object space 48128K, 72% used [0x00000000c0000000,0x00000000c21fdba8,0x00000000c2f00000)
 Metaspace       used 32788K, capacity 33065K, committed 33280K, reserved 1079296K
  class space    used 3359K, capacity 3466K, committed 3584K, reserved 1048576K
}
Event: 39.987 GC heap before
{Heap before GC invocations=22 (full 1):
 PSYoungGen      total 335360K, used 327739K [0x00000000eab00000, 0x00000000ffe80000, 0x0000000100000000)
  eden space 323072K, 100% used [0x00000000eab00000,0x00000000fe680000,0x00000000fe680000)
  from space 12288K, 37% used [0x00000000ff280000,0x00000000ff70eec8,0x00000000ffe80000)
  to   space 12288K, 0% used [0x00000000fe680000,0x00000000fe680000,0x00000000ff280000)
 ParOldGen       total 48128K, used 34806K [0x00000000c0000000, 0x00000000c2f00000, 0x00000000eab00000)
  object space 48128K, 72% used [0x00000000c0000000,0x00000000c21fdba8,0x00000000c2f00000)
 Metaspace       used 32842K, capacity 33193K, committed 33536K, reserved 1079296K
  class space    used 3359K, capacity 3466K, committed 3584K, reserved 1048576K
Event: 39.989 GC heap after
Heap after GC invocations=22 (full 1):
 PSYoungGen      total 335360K, used 3278K [0x00000000eab00000, 0x00000000fff00000, 0x0000000100000000)
  eden space 323072K, 0% used [0x00000000eab00000,0x00000000eab00000,0x00000000fe680000)
  from space 12288K, 26% used [0x00000000fe680000,0x00000000fe9b3b98,0x00000000ff280000)
  to   space 11776K, 0% used [0x00000000ff380000,0x00000000ff380000,0x00000000fff00000)
 ParOldGen       total 48128K, used 34814K [0x00000000c0000000, 0x00000000c2f00000, 0x00000000eab00000)
  object space 48128K, 72% used [0x00000000c0000000,0x00000000c21ffba8,0x00000000c2f00000)
 Metaspace       used 32842K, capacity 33193K, committed 33536K, reserved 1079296K
  class space    used 3359K, capacity 3466K, committed 3584K, reserved 1048576K
}
Event: 45.475 GC heap before
{Heap before GC invocations=23 (full 1):
 PSYoungGen      total 335360K, used 326350K [0x00000000eab00000, 0x00000000fff00000, 0x0000000100000000)
  eden space 323072K, 100% used [0x00000000eab00000,0x00000000fe680000,0x00000000fe680000)
  from space 12288K, 26% used [0x00000000fe680000,0x00000000fe9b3b98,0x00000000ff280000)
  to   space 11776K, 0% used [0x00000000ff380000,0x00000000ff380000,0x00000000fff00000)
 ParOldGen       total 48128K, used 34814K [0x00000000c0000000, 0x00000000c2f00000, 0x00000000eab00000)
  object space 48128K, 72% used [0x00000000c0000000,0x00000000c21ffba8,0x00000000c2f00000)
 Metaspace       used 32870K, capacity 33193K, committed 33536K, reserved 1079296K
  class space    used 3359K, capacity 3466K, committed 3584K, reserved 1048576K
Event: 45.478 GC heap after
Heap after GC invocations=23 (full 1):
 PSYoungGen      total 336384K, used 2972K [0x00000000eab00000, 0x00000000ffe80000, 0x0000000100000000)
  eden space 325120K, 0% used [0x00000000eab00000,0x00000000eab00000,0x00000000fe880000)
  from space 11264K, 26% used [0x00000000ff380000,0x00000000ff6672a8,0x00000000ffe80000)
  to   space 11264K, 0% used [0x00000000fe880000,0x00000000fe880000,0x00000000ff380000)
 ParOldGen       total 48128K, used 34814K [0x00000000c0000000, 0x00000000c2f00000, 0x00000000eab00000)
  object space 48128K, 72% used [0x00000000c0000000,0x00000000c21ffba8,0x00000000c2f00000)
 Metaspace       used 32870K, capacity 33193K, committed 33536K, reserved 1079296K
  class space    used 3359K, capacity 3466K, committed 3584K, reserved 1048576K
}
Event: 54.293 GC heap before
{Heap before GC invocations=24 (full 1):
 PSYoungGen      total 336384K, used 328092K [0x00000000eab00000, 0x00000000ffe80000, 0x0000000100000000)
  eden space 325120K, 100% used [0x00000000eab00000,0x00000000fe880000,0x00000000fe880000)
  from space 11264K, 26% used [0x00000000ff380000,0x00000000ff6672a8,0x00000000ffe80000)
  to   space 11264K, 0% used [0x00000000fe880000,0x00000000fe880000,0x00000000ff380000)
 ParOldGen       total 48128K, used 34814K [0x00000000c0000000, 0x00000000c2f00000, 0x00000000eab00000)
  object space 48128K, 72% used [0x00000000c0000000,0x00000000c21ffba8,0x00000000c2f00000)
 Metaspace       used 32885K, capacity 33193K, committed 33536K, reserved 1079296K
  class space    used 3359K, capacity 3466K, committed 3584K, reserved 1048576K
Event: 54.295 GC heap after
Heap after GC invocations=24 (full 1):
 PSYoungGen      total 314368K, used 3204K [0x00000000eab00000, 0x00000000ff400000, 0x0000000100000000)
  eden space 310784K, 0% used [0x00000000eab00000,0x00000000eab00000,0x00000000fda80000)
  from space 3584K, 89% used [0x00000000fe880000,0x00000000feba1148,0x00000000fec00000)
  to   space 8192K, 0% used [0x00000000fec00000,0x00000000fec00000,0x00000000ff400000)
 ParOldGen       total 48128K, used 34814K [0x00000000c0000000, 0x00000000c2f00000, 0x00000000eab00000)
  object space 48128K, 72% used [0x00000000c0000000,0x00000000c21ffba8,0x00000000c2f00000)
 Metaspace       used 32885K, capacity 33193K, committed 33536K, reserved 1079296K
  class space    used 3359K, capacity 3466K, committed 3584K, reserved 1048576K
}

