# JRE version: Java(TM) SE Runtime Environment (8.0_181-b13) (build 1.8.0_181-b13)
# Java VM: Java HotSpot(TM) 64-Bit Server VM (25.181-b13 mixed mode windows-amd64 compressed oops)
Heap:
 PSYoungGen      total 678912K, used 420546K [0x00000000d5980000, 0x0000000100000000, 0x0000000100000000)
  eden space 663040K, 63% used [0x00000000d5980000,0x00000000ef3ab268,0x00000000fe100000)
  from space 15872K, 3% used [0x00000000fe100000,0x00000000fe185810,0x00000000ff080000)
  to   space 15872K, 0% used [0x00000000ff080000,0x00000000ff080000,0x0000000100000000)
 ParOldGen       total 41984K, used 30422K [0x0000000080c00000, 0x0000000083500000, 0x00000000d5980000)
  object space 41984K, 72% used [0x0000000080c00000,0x00000000829b5aa8,0x0000000083500000)
 Metaspace       used 33171K, capacity 33531K, committed 33792K, reserved 1079296K
  class space    used 3413K, capacity 3533K, committed 3584K, reserved 1048576K
GC Heap History (10 events):
Event: 18.704 GC heap before
{Heap before GC invocations=10 (full 1):
 PSYoungGen      total 513024K, used 512980K [0x00000000d5980000, 0x00000000f6300000, 0x0000000100000000)
  eden space 503296K, 100% used [0x00000000d5980000,0x00000000f4500000,0x00000000f4500000)
  from space 9728K, 99% used [0x00000000f5980000,0x00000000f62f5340,0x00000000f6300000)
  to   space 14848K, 0% used [0x00000000f4600000,0x00000000f4600000,0x00000000f5480000)
 ParOldGen       total 41984K, used 16266K [0x0000000080c00000, 0x0000000083500000, 0x00000000d5980000)
  object space 41984K, 38% used [0x0000000080c00000,0x0000000081be2bd0,0x0000000083500000)
 Metaspace       used 32518K, capacity 32885K, committed 33280K, reserved 1079296K
  class space    used 3383K, capacity 3468K, committed 3584K, reserved 1048576K
Event: 18.713 GC heap after
Heap after GC invocations=10 (full 1):
 PSYoungGen      total 519168K, used 11614K [0x00000000d5980000, 0x0000000100000000, 0x0000000100000000)
  eden space 504320K, 0% used [0x00000000d5980000,0x00000000d5980000,0x00000000f4600000)
  from space 14848K, 78% used [0x00000000f4600000,0x00000000f5157888,0x00000000f5480000)
  to   space 15872K, 0% used [0x00000000ff080000,0x00000000ff080000,0x0000000100000000)
 ParOldGen       total 41984K, used 16274K [0x0000000080c00000, 0x0000000083500000, 0x00000000d5980000)
  object space 41984K, 38% used [0x0000000080c00000,0x0000000081be4bd0,0x0000000083500000)
 Metaspace       used 32518K, capacity 32885K, committed 33280K, reserved 1079296K
  class space    used 3383K, capacity 3468K, committed 3584K, reserved 1048576K
}
Event: 24.632 GC heap before
{Heap before GC invocations=11 (full 1):
 PSYoungGen      total 519168K, used 515934K [0x00000000d5980000, 0x0000000100000000, 0x0000000100000000)
  eden space 504320K, 100% used [0x00000000d5980000,0x00000000f4600000,0x00000000f4600000)
  from space 14848K, 78% used [0x00000000f4600000,0x00000000f5157888,0x00000000f5480000)
  to   space 15872K, 0% used [0x00000000ff080000,0x00000000ff080000,0x0000000100000000)
 ParOldGen       total 41984K, used 16274K [0x0000000080c00000, 0x0000000083500000, 0x00000000d5980000)
  object space 41984K, 38% used [0x0000000080c00000,0x0000000081be4bd0,0x0000000083500000)
 Metaspace       used 32566K, capacity 32885K, committed 33280K, reserved 1079296K
  class space    used 3384K, capacity 3468K, committed 3584K, reserved 1048576K
Event: 24.640 GC heap after
Heap after GC invocations=11 (full 1):
 PSYoungGen      total 678912K, used 2357K [0x00000000d5980000, 0x0000000100000000, 0x0000000100000000)
  eden space 663040K, 0% used [0x00000000d5980000,0x00000000d5980000,0x00000000fe100000)
  from space 15872K, 14% used [0x00000000ff080000,0x00000000ff2cd458,0x0000000100000000)
  to   space 15872K, 0% used [0x00000000fe100000,0x00000000fe100000,0x00000000ff080000)
 ParOldGen       total 41984K, used 25724K [0x0000000080c00000, 0x0000000083500000, 0x00000000d5980000)
  object space 41984K, 61% used [0x0000000080c00000,0x000000008251f218,0x0000000083500000)
 Metaspace       used 32566K, capacity 32885K, committed 33280K, reserved 1079296K
  class space    used 3384K, capacity 3468K, committed 3584K, reserved 1048576K
}
Event: 31.081 GC heap before
{Heap before GC invocations=12 (full 1):
 PSYoungGen      total 678912K, used 665397K [0x00000000d5980000, 0x0000000100000000, 0x0000000100000000)
  eden space 663040K, 100% used [0x00000000d5980000,0x00000000fe100000,0x00000000fe100000)
  from space 15872K, 14% used [0x00000000ff080000,0x00000000ff2cd458,0x0000000100000000)
  to   space 15872K, 0% used [0x00000000fe100000,0x00000000fe100000,0x00000000ff080000)
 ParOldGen       total 41984K, used 25724K [0x0000000080c00000, 0x0000000083500000, 0x00000000d5980000)
  object space 41984K, 61% used [0x0000000080c00000,0x000000008251f218,0x0000000083500000)
 Metaspace       used 32835K, capacity 33173K, committed 33536K, reserved 1079296K
  class space    used 3405K, capacity 3500K, committed 3584K, reserved 1048576K
Event: 31.083 GC heap after
Heap after GC invocations=12 (full 1):
 PSYoungGen      total 678912K, used 1690K [0x00000000d5980000, 0x0000000100000000, 0x0000000100000000)
  eden space 663040K, 0% used [0x00000000d5980000,0x00000000d5980000,0x00000000fe100000)
  from space 15872K, 10% used [0x00000000fe100000,0x00000000fe2a6a28,0x00000000ff080000)
  to   space 15872K, 0% used [0x00000000ff080000,0x00000000ff080000,0x0000000100000000)
 ParOldGen       total 41984K, used 28657K [0x0000000080c00000, 0x0000000083500000, 0x00000000d5980000)
  object space 41984K, 68% used [0x0000000080c00000,0x00000000827fc7d0,0x0000000083500000)
 Metaspace       used 32835K, capacity 33173K, committed 33536K, reserved 1079296K
  class space    used 3405K, capacity 3500K, committed 3584K, reserved 1048576K
}
Event: 46.443 GC heap before
{Heap before GC invocations=13 (full 1):
 PSYoungGen      total 678912K, used 664730K [0x00000000d5980000, 0x0000000100000000, 0x0000000100000000)
  eden space 663040K, 100% used [0x00000000d5980000,0x00000000fe100000,0x00000000fe100000)
  from space 15872K, 10% used [0x00000000fe100000,0x00000000fe2a6a28,0x00000000ff080000)
  to   space 15872K, 0% used [0x00000000ff080000,0x00000000ff080000,0x0000000100000000)
 ParOldGen       total 41984K, used 28657K [0x0000000080c00000, 0x0000000083500000, 0x00000000d5980000)
  object space 41984K, 68% used [0x0000000080c00000,0x00000000827fc7d0,0x0000000083500000)
 Metaspace       used 32986K, capacity 33301K, committed 33792K, reserved 1079296K
  class space    used 3407K, capacity 3500K, committed 3584K, reserved 1048576K
Event: 46.445 GC heap after
Heap after GC invocations=13 (full 1):
 PSYoungGen      total 678912K, used 828K [0x00000000d5980000, 0x0000000100000000, 0x0000000100000000)
  eden space 663040K, 0% used [0x00000000d5980000,0x00000000d5980000,0x00000000fe100000)
  from space 15872K, 5% used [0x00000000ff080000,0x00000000ff14f050,0x0000000100000000)
  to   space 15872K, 0% used [0x00000000fe100000,0x00000000fe100000,0x00000000ff080000)
 ParOldGen       total 41984K, used 29836K [0x0000000080c00000, 0x0000000083500000, 0x00000000d5980000)
  object space 41984K, 71% used [0x0000000080c00000,0x0000000082923038,0x0000000083500000)
 Metaspace       used 32986K, capacity 33301K, committed 33792K, reserved 1079296K
  class space    used 3407K, capacity 3500K, committed 3584K, reserved 1048576K
}
Event: 61.666 GC heap before
{Heap before GC invocations=14 (full 1):
 PSYoungGen      total 678912K, used 663868K [0x00000000d5980000, 0x0000000100000000, 0x0000000100000000)
  eden space 663040K, 100% used [0x00000000d5980000,0x00000000fe100000,0x00000000fe100000)
  from space 15872K, 5% used [0x00000000ff080000,0x00000000ff14f050,0x0000000100000000)
  to   space 15872K, 0% used [0x00000000fe100000,0x00000000fe100000,0x00000000ff080000)
 ParOldGen       total 41984K, used 29836K [0x0000000080c00000, 0x0000000083500000, 0x00000000d5980000)
  object space 41984K, 71% used [0x0000000080c00000,0x0000000082923038,0x0000000083500000)
 Metaspace       used 33118K, capacity 33467K, committed 33792K, reserved 1079296K
  class space    used 3409K, capacity 3533K, committed 3584K, reserved 1048576K
Event: 61.669 GC heap after
Heap after GC invocations=14 (full 1):
 PSYoungGen      total 678912K, used 534K [0x00000000d5980000, 0x0000000100000000, 0x0000000100000000)
  eden space 663040K, 0% used [0x00000000d5980000,0x00000000d5980000,0x00000000fe100000)
  from space 15872K, 3% used [0x00000000fe100000,0x00000000fe185810,0x00000000ff080000)
  to   space 15872K, 0% used [0x00000000ff080000,0x00000000ff080000,0x0000000100000000)
 ParOldGen       total 41984K, used 30422K [0x0000000080c00000, 0x0000000083500000, 0x00000000d5980000)
  object space 41984K, 72% used [0x0000000080c00000,0x00000000829b5aa8,0x0000000083500000)
 Metaspace       used 33118K, capacity 33467K, committed 33792K, reserved 1079296K
  class space    used 3409K, capacity 3533K, committed 3584K, reserved 1048576K
}

