# JRE version: Java(TM) SE Runtime Environment (8.0_181-b13) (build 1.8.0_181-b13)
# Java VM: Java HotSpot(TM) 64-Bit Server VM (25.181-b13 mixed mode windows-amd64 compressed oops)
Heap:
 PSYoungGen      total 225280K, used 144242K [0x00000000eab00000, 0x00000000fbb00000, 0x0000000100000000)
  eden space 224256K, 64% used [0x00000000eab00000,0x00000000f3746620,0x00000000f8600000)
  from space 1024K, 58% used [0x00000000fba00000,0x00000000fba96310,0x00000000fbb00000)
  to   space 10752K, 0% used [0x00000000fa600000,0x00000000fa600000,0x00000000fb080000)
 ParOldGen       total 92160K, used 27475K [0x00000000c0000000, 0x00000000c5a00000, 0x00000000eab00000)
  object space 92160K, 29% used [0x00000000c0000000,0x00000000c1ad4eb8,0x00000000c5a00000)
 Metaspace       used 32432K, capacity 32781K, committed 33152K, reserved 1079296K
  class space    used 3351K, capacity 3436K, committed 3456K, reserved 1048576K
GC Heap History (10 events):
Event: 40.155 GC heap before
{Heap before GC invocations=24 (full 2):
 PSYoungGen      total 275968K, used 275763K [0x00000000eab00000, 0x00000000fe000000, 0x0000000100000000)
  eden space 275456K, 100% used [0x00000000eab00000,0x00000000fb800000,0x00000000fb800000)
  from space 512K, 60% used [0x00000000fc380000,0x00000000fc3ccf50,0x00000000fc400000)
  to   space 14848K, 0% used [0x00000000fd180000,0x00000000fd180000,0x00000000fe000000)
 ParOldGen       total 92160K, used 27467K [0x00000000c0000000, 0x00000000c5a00000, 0x00000000eab00000)
  object space 92160K, 29% used [0x00000000c0000000,0x00000000c1ad2eb8,0x00000000c5a00000)
 Metaspace       used 32389K, capacity 32711K, committed 32896K, reserved 1079296K
  class space    used 3346K, capacity 3435K, committed 3456K, reserved 1048576K
Event: 40.157 GC heap after
Heap after GC invocations=24 (full 2):
 PSYoungGen      total 264704K, used 437K [0x00000000eab00000, 0x00000000fd200000, 0x0000000100000000)
  eden space 264192K, 0% used [0x00000000eab00000,0x00000000eab00000,0x00000000fad00000)
  from space 512K, 85% used [0x00000000fd180000,0x00000000fd1ed5f0,0x00000000fd200000)
  to   space 13824K, 0% used [0x00000000fb700000,0x00000000fb700000,0x00000000fc480000)
 ParOldGen       total 92160K, used 27467K [0x00000000c0000000, 0x00000000c5a00000, 0x00000000eab00000)
  object space 92160K, 29% used [0x00000000c0000000,0x00000000c1ad2eb8,0x00000000c5a00000)
 Metaspace       used 32389K, capacity 32711K, committed 32896K, reserved 1079296K
  class space    used 3346K, capacity 3435K, committed 3456K, reserved 1048576K
}
Event: 41.169 GC heap before
{Heap before GC invocations=25 (full 2):
 PSYoungGen      total 264704K, used 264629K [0x00000000eab00000, 0x00000000fd200000, 0x0000000100000000)
  eden space 264192K, 100% used [0x00000000eab00000,0x00000000fad00000,0x00000000fad00000)
  from space 512K, 85% used [0x00000000fd180000,0x00000000fd1ed5f0,0x00000000fd200000)
  to   space 13824K, 0% used [0x00000000fb700000,0x00000000fb700000,0x00000000fc480000)
 ParOldGen       total 92160K, used 27467K [0x00000000c0000000, 0x00000000c5a00000, 0x00000000eab00000)
  object space 92160K, 29% used [0x00000000c0000000,0x00000000c1ad2eb8,0x00000000c5a00000)
 Metaspace       used 32389K, capacity 32711K, committed 32896K, reserved 1079296K
  class space    used 3346K, capacity 3435K, committed 3456K, reserved 1048576K
Event: 41.170 GC heap after
Heap after GC invocations=25 (full 2):
 PSYoungGen      total 267264K, used 420K [0x00000000eab00000, 0x00000000fd200000, 0x0000000100000000)
  eden space 253440K, 0% used [0x00000000eab00000,0x00000000eab00000,0x00000000fa280000)
  from space 13824K, 3% used [0x00000000fb700000,0x00000000fb7693c0,0x00000000fc480000)
  to   space 13312K, 0% used [0x00000000fc500000,0x00000000fc500000,0x00000000fd200000)
 ParOldGen       total 92160K, used 27467K [0x00000000c0000000, 0x00000000c5a00000, 0x00000000eab00000)
  object space 92160K, 29% used [0x00000000c0000000,0x00000000c1ad2eb8,0x00000000c5a00000)
 Metaspace       used 32389K, capacity 32711K, committed 32896K, reserved 1079296K
  class space    used 3346K, capacity 3435K, committed 3456K, reserved 1048576K
}
Event: 42.241 GC heap before
{Heap before GC invocations=26 (full 2):
 PSYoungGen      total 267264K, used 253860K [0x00000000eab00000, 0x00000000fd200000, 0x0000000100000000)
  eden space 253440K, 100% used [0x00000000eab00000,0x00000000fa280000,0x00000000fa280000)
  from space 13824K, 3% used [0x00000000fb700000,0x00000000fb7693c0,0x00000000fc480000)
  to   space 13312K, 0% used [0x00000000fc500000,0x00000000fc500000,0x00000000fd200000)
 ParOldGen       total 92160K, used 27467K [0x00000000c0000000, 0x00000000c5a00000, 0x00000000eab00000)
  object space 92160K, 29% used [0x00000000c0000000,0x00000000c1ad2eb8,0x00000000c5a00000)
 Metaspace       used 32390K, capacity 32711K, committed 32896K, reserved 1079296K
  class space    used 3346K, capacity 3435K, committed 3456K, reserved 1048576K
Event: 42.244 GC heap after
Heap after GC invocations=26 (full 2):
 PSYoungGen      total 244224K, used 519K [0x00000000eab00000, 0x00000000fc600000, 0x0000000100000000)
  eden space 243200K, 0% used [0x00000000eab00000,0x00000000eab00000,0x00000000f9880000)
  from space 1024K, 50% used [0x00000000fc500000,0x00000000fc581c80,0x00000000fc600000)
  to   space 12288K, 0% used [0x00000000fae00000,0x00000000fae00000,0x00000000fba00000)
 ParOldGen       total 92160K, used 27467K [0x00000000c0000000, 0x00000000c5a00000, 0x00000000eab00000)
  object space 92160K, 29% used [0x00000000c0000000,0x00000000c1ad2eb8,0x00000000c5a00000)
 Metaspace       used 32390K, capacity 32711K, committed 32896K, reserved 1079296K
  class space    used 3346K, capacity 3435K, committed 3456K, reserved 1048576K
}
Event: 43.621 GC heap before
{Heap before GC invocations=27 (full 2):
 PSYoungGen      total 244224K, used 243719K [0x00000000eab00000, 0x00000000fc600000, 0x0000000100000000)
  eden space 243200K, 100% used [0x00000000eab00000,0x00000000f9880000,0x00000000f9880000)
  from space 1024K, 50% used [0x00000000fc500000,0x00000000fc581c80,0x00000000fc600000)
  to   space 12288K, 0% used [0x00000000fae00000,0x00000000fae00000,0x00000000fba00000)
 ParOldGen       total 92160K, used 27467K [0x00000000c0000000, 0x00000000c5a00000, 0x00000000eab00000)
  object space 92160K, 29% used [0x00000000c0000000,0x00000000c1ad2eb8,0x00000000c5a00000)
 Metaspace       used 32404K, capacity 32717K, committed 32896K, reserved 1079296K
  class space    used 3347K, capacity 3436K, committed 3456K, reserved 1048576K
Event: 43.622 GC heap after
Heap after GC invocations=27 (full 2):
 PSYoungGen      total 245760K, used 486K [0x00000000eab00000, 0x00000000fc580000, 0x0000000100000000)
  eden space 233472K, 0% used [0x00000000eab00000,0x00000000eab00000,0x00000000f8f00000)
  from space 12288K, 3% used [0x00000000fae00000,0x00000000fae79820,0x00000000fba00000)
  to   space 11776K, 0% used [0x00000000fba00000,0x00000000fba00000,0x00000000fc580000)
 ParOldGen       total 92160K, used 27467K [0x00000000c0000000, 0x00000000c5a00000, 0x00000000eab00000)
  object space 92160K, 29% used [0x00000000c0000000,0x00000000c1ad2eb8,0x00000000c5a00000)
 Metaspace       used 32404K, capacity 32717K, committed 32896K, reserved 1079296K
  class space    used 3347K, capacity 3436K, committed 3456K, reserved 1048576K
}
Event: 44.906 GC heap before
{Heap before GC invocations=28 (full 2):
 PSYoungGen      total 245760K, used 233958K [0x00000000eab00000, 0x00000000fc580000, 0x0000000100000000)
  eden space 233472K, 100% used [0x00000000eab00000,0x00000000f8f00000,0x00000000f8f00000)
  from space 12288K, 3% used [0x00000000fae00000,0x00000000fae79820,0x00000000fba00000)
  to   space 11776K, 0% used [0x00000000fba00000,0x00000000fba00000,0x00000000fc580000)
 ParOldGen       total 92160K, used 27467K [0x00000000c0000000, 0x00000000c5a00000, 0x00000000eab00000)
  object space 92160K, 29% used [0x00000000c0000000,0x00000000c1ad2eb8,0x00000000c5a00000)
 Metaspace       used 32406K, capacity 32717K, committed 32896K, reserved 1079296K
  class space    used 3347K, capacity 3436K, committed 3456K, reserved 1048576K
Event: 44.909 GC heap after
Heap after GC invocations=28 (full 2):
 PSYoungGen      total 225280K, used 600K [0x00000000eab00000, 0x00000000fbb00000, 0x0000000100000000)
  eden space 224256K, 0% used [0x00000000eab00000,0x00000000eab00000,0x00000000f8600000)
  from space 1024K, 58% used [0x00000000fba00000,0x00000000fba96310,0x00000000fbb00000)
  to   space 10752K, 0% used [0x00000000fa600000,0x00000000fa600000,0x00000000fb080000)
 ParOldGen       total 92160K, used 27475K [0x00000000c0000000, 0x00000000c5a00000, 0x00000000eab00000)
  object space 92160K, 29% used [0x00000000c0000000,0x00000000c1ad4eb8,0x00000000c5a00000)
 Metaspace       used 32406K, capacity 32717K, committed 32896K, reserved 1079296K
  class space    used 3347K, capacity 3436K, committed 3456K, reserved 1048576K
}

