# JRE version: Java(TM) SE Runtime Environment (8.0_181-b13) (build 1.8.0_181-b13)
# Java VM: Java HotSpot(TM) 64-Bit Server VM (25.181-b13 mixed mode windows-amd64 compressed oops)
Heap:
 PSYoungGen      total 308224K, used 117679K [0x00000000eab00000, 0x0000000100000000, 0x0000000100000000)
  eden space 293888K, 39% used [0x00000000eab00000,0x00000000f1d5ccc0,0x00000000fca00000)
  from space 14336K, 3% used [0x00000000fca00000,0x00000000fca8f1d8,0x00000000fd800000)
  to   space 14336K, 0% used [0x00000000ff200000,0x00000000ff200000,0x0000000100000000)
 ParOldGen       total 45568K, used 34583K [0x00000000c0000000, 0x00000000c2c80000, 0x00000000eab00000)
  object space 45568K, 75% used [0x00000000c0000000,0x00000000c21c5e60,0x00000000c2c80000)
 Metaspace       used 32338K, capacity 32655K, committed 32896K, reserved 1079296K
  class space    used 3346K, capacity 3435K, committed 3456K, reserved 1048576K
GC Heap History (10 events):
Event: 3.080 GC heap before
{Heap before GC invocations=10 (full 1):
 PSYoungGen      total 140800K, used 560K [0x00000000eab00000, 0x00000000f8a00000, 0x0000000100000000)
  eden space 133120K, 0% used [0x00000000eab00000,0x00000000eab00000,0x00000000f2d00000)
  from space 7680K, 7% used [0x00000000f2d00000,0x00000000f2d8c060,0x00000000f3480000)
  to   space 7680K, 0% used [0x00000000f8280000,0x00000000f8280000,0x00000000f8a00000)
 ParOldGen       total 87552K, used 5330K [0x00000000c0000000, 0x00000000c5580000, 0x00000000eab00000)
  object space 87552K, 6% used [0x00000000c0000000,0x00000000c0534b90,0x00000000c5580000)
 Metaspace       used 20977K, capacity 21183K, committed 21248K, reserved 1069056K
  class space    used 2172K, capacity 2285K, committed 2304K, reserved 1048576K
Event: 3.122 GC heap after
Heap after GC invocations=10 (full 1):
 PSYoungGen      total 140800K, used 0K [0x00000000eab00000, 0x00000000f8a00000, 0x0000000100000000)
  eden space 133120K, 0% used [0x00000000eab00000,0x00000000eab00000,0x00000000f2d00000)
  from space 7680K, 0% used [0x00000000f2d00000,0x00000000f2d00000,0x00000000f3480000)
  to   space 7680K, 0% used [0x00000000f8280000,0x00000000f8280000,0x00000000f8a00000)
 ParOldGen       total 45568K, used 5437K [0x00000000c0000000, 0x00000000c2c80000, 0x00000000eab00000)
  object space 45568K, 11% used [0x00000000c0000000,0x00000000c054f6f8,0x00000000c2c80000)
 Metaspace       used 20977K, capacity 21183K, committed 21248K, reserved 1069056K
  class space    used 2172K, capacity 2285K, committed 2304K, reserved 1048576K
}
Event: 4.002 GC heap before
{Heap before GC invocations=11 (full 1):
 PSYoungGen      total 140800K, used 133120K [0x00000000eab00000, 0x00000000f8a00000, 0x0000000100000000)
  eden space 133120K, 100% used [0x00000000eab00000,0x00000000f2d00000,0x00000000f2d00000)
  from space 7680K, 0% used [0x00000000f2d00000,0x00000000f2d00000,0x00000000f3480000)
  to   space 7680K, 0% used [0x00000000f8280000,0x00000000f8280000,0x00000000f8a00000)
 ParOldGen       total 45568K, used 5437K [0x00000000c0000000, 0x00000000c2c80000, 0x00000000eab00000)
  object space 45568K, 11% used [0x00000000c0000000,0x00000000c054f6f8,0x00000000c2c80000)
 Metaspace       used 28351K, capacity 28665K, committed 28928K, reserved 1075200K
  class space    used 3145K, capacity 3240K, committed 3328K, reserved 1048576K
Event: 4.009 GC heap after
Heap after GC invocations=11 (full 1):
 PSYoungGen      total 208384K, used 7670K [0x00000000eab00000, 0x00000000f8a00000, 0x0000000100000000)
  eden space 200704K, 0% used [0x00000000eab00000,0x00000000eab00000,0x00000000f6f00000)
  from space 7680K, 99% used [0x00000000f8280000,0x00000000f89fd8b8,0x00000000f8a00000)
  to   space 13312K, 0% used [0x00000000f7000000,0x00000000f7000000,0x00000000f7d00000)
 ParOldGen       total 45568K, used 17325K [0x00000000c0000000, 0x00000000c2c80000, 0x00000000eab00000)
  object space 45568K, 38% used [0x00000000c0000000,0x00000000c10eb6e8,0x00000000c2c80000)
 Metaspace       used 28351K, capacity 28665K, committed 28928K, reserved 1075200K
  class space    used 3145K, capacity 3240K, committed 3328K, reserved 1048576K
}
Event: 8.973 GC heap before
{Heap before GC invocations=12 (full 1):
 PSYoungGen      total 208384K, used 208374K [0x00000000eab00000, 0x00000000f8a00000, 0x0000000100000000)
  eden space 200704K, 100% used [0x00000000eab00000,0x00000000f6f00000,0x00000000f6f00000)
  from space 7680K, 99% used [0x00000000f8280000,0x00000000f89fd8b8,0x00000000f8a00000)
  to   space 13312K, 0% used [0x00000000f7000000,0x00000000f7000000,0x00000000f7d00000)
 ParOldGen       total 45568K, used 17325K [0x00000000c0000000, 0x00000000c2c80000, 0x00000000eab00000)
  object space 45568K, 38% used [0x00000000c0000000,0x00000000c10eb6e8,0x00000000c2c80000)
 Metaspace       used 31204K, capacity 31535K, committed 31872K, reserved 1077248K
  class space    used 3299K, capacity 3403K, committed 3456K, reserved 1048576K
Event: 8.981 GC heap after
Heap after GC invocations=12 (full 1):
 PSYoungGen      total 215040K, used 11208K [0x00000000eab00000, 0x00000000feb00000, 0x0000000100000000)
  eden space 201728K, 0% used [0x00000000eab00000,0x00000000eab00000,0x00000000f7000000)
  from space 13312K, 84% used [0x00000000f7000000,0x00000000f7af23a0,0x00000000f7d00000)
  to   space 14848K, 0% used [0x00000000fdc80000,0x00000000fdc80000,0x00000000feb00000)
 ParOldGen       total 45568K, used 22772K [0x00000000c0000000, 0x00000000c2c80000, 0x00000000eab00000)
  object space 45568K, 49% used [0x00000000c0000000,0x00000000c163d108,0x00000000c2c80000)
 Metaspace       used 31204K, capacity 31535K, committed 31872K, reserved 1077248K
  class space    used 3299K, capacity 3403K, committed 3456K, reserved 1048576K
}
Event: 16.471 GC heap before
{Heap before GC invocations=13 (full 1):
 PSYoungGen      total 215040K, used 212936K [0x00000000eab00000, 0x00000000feb00000, 0x0000000100000000)
  eden space 201728K, 100% used [0x00000000eab00000,0x00000000f7000000,0x00000000f7000000)
  from space 13312K, 84% used [0x00000000f7000000,0x00000000f7af23a0,0x00000000f7d00000)
  to   space 14848K, 0% used [0x00000000fdc80000,0x00000000fdc80000,0x00000000feb00000)
 ParOldGen       total 45568K, used 22772K [0x00000000c0000000, 0x00000000c2c80000, 0x00000000eab00000)
  object space 45568K, 49% used [0x00000000c0000000,0x00000000c163d108,0x00000000c2c80000)
 Metaspace       used 32102K, capacity 32463K, committed 32640K, reserved 1079296K
  class space    used 3340K, capacity 3435K, committed 3456K, reserved 1048576K
Event: 16.478 GC heap after
Heap after GC invocations=13 (full 1):
 PSYoungGen      total 303616K, used 2766K [0x00000000eab00000, 0x00000000fe600000, 0x0000000100000000)
  eden space 293888K, 0% used [0x00000000eab00000,0x00000000eab00000,0x00000000fca00000)
  from space 9728K, 28% used [0x00000000fdc80000,0x00000000fdf338c0,0x00000000fe600000)
  to   space 14336K, 0% used [0x00000000fca00000,0x00000000fca00000,0x00000000fd800000)
 ParOldGen       total 45568K, used 32032K [0x00000000c0000000, 0x00000000c2c80000, 0x00000000eab00000)
  object space 45568K, 70% used [0x00000000c0000000,0x00000000c1f48388,0x00000000c2c80000)
 Metaspace       used 32102K, capacity 32463K, committed 32640K, reserved 1079296K
  class space    used 3340K, capacity 3435K, committed 3456K, reserved 1048576K
}
Event: 19.363 GC heap before
{Heap before GC invocations=14 (full 1):
 PSYoungGen      total 303616K, used 296654K [0x00000000eab00000, 0x00000000fe600000, 0x0000000100000000)
  eden space 293888K, 100% used [0x00000000eab00000,0x00000000fca00000,0x00000000fca00000)
  from space 9728K, 28% used [0x00000000fdc80000,0x00000000fdf338c0,0x00000000fe600000)
  to   space 14336K, 0% used [0x00000000fca00000,0x00000000fca00000,0x00000000fd800000)
 ParOldGen       total 45568K, used 32032K [0x00000000c0000000, 0x00000000c2c80000, 0x00000000eab00000)
  object space 45568K, 70% used [0x00000000c0000000,0x00000000c1f48388,0x00000000c2c80000)
 Metaspace       used 32287K, capacity 32591K, committed 32896K, reserved 1079296K
  class space    used 3342K, capacity 3435K, committed 3456K, reserved 1048576K
Event: 19.368 GC heap after
Heap after GC invocations=14 (full 1):
 PSYoungGen      total 308224K, used 572K [0x00000000eab00000, 0x0000000100000000, 0x0000000100000000)
  eden space 293888K, 0% used [0x00000000eab00000,0x00000000eab00000,0x00000000fca00000)
  from space 14336K, 3% used [0x00000000fca00000,0x00000000fca8f1d8,0x00000000fd800000)
  to   space 14336K, 0% used [0x00000000ff200000,0x00000000ff200000,0x0000000100000000)
 ParOldGen       total 45568K, used 34583K [0x00000000c0000000, 0x00000000c2c80000, 0x00000000eab00000)
  object space 45568K, 75% used [0x00000000c0000000,0x00000000c21c5e60,0x00000000c2c80000)
 Metaspace       used 32287K, capacity 32591K, committed 32896K, reserved 1079296K
  class space    used 3342K, capacity 3435K, committed 3456K, reserved 1048576K
}

