# JRE version: Java(TM) SE Runtime Environment (8.0_181-b13) (build 1.8.0_181-b13)
# Java VM: Java HotSpot(TM) 64-Bit Server VM (25.181-b13 mixed mode windows-amd64 compressed oops)
Heap:
 PSYoungGen      total 332800K, used 131926K [0x00000000eab00000, 0x0000000100000000, 0x0000000100000000)
  eden space 316928K, 41% used [0x00000000eab00000,0x00000000f2b91528,0x00000000fe080000)
  from space 15872K, 1% used [0x00000000ff000000,0x00000000ff044690,0x00000000fff80000)
  to   space 15872K, 0% used [0x00000000fe080000,0x00000000fe080000,0x00000000ff000000)
 ParOldGen       total 47616K, used 33854K [0x00000000c0000000, 0x00000000c2e80000, 0x00000000eab00000)
  object space 47616K, 71% used [0x00000000c0000000,0x00000000c210f9f0,0x00000000c2e80000)
 Metaspace       used 32583K, capacity 32931K, committed 33280K, reserved 1079296K
  class space    used 3366K, capacity 3465K, committed 3584K, reserved 1048576K
GC Heap History (10 events):
Event: 4.089 GC heap before
{Heap before GC invocations=9 (full 1):
 PSYoungGen      total 131584K, used 123744K [0x00000000eab00000, 0x00000000fac00000, 0x0000000100000000)
  eden space 123904K, 99% used [0x00000000eab00000,0x00000000f23d8228,0x00000000f2400000)
  from space 7680K, 0% used [0x00000000f2400000,0x00000000f2400000,0x00000000f2b80000)
  to   space 7680K, 0% used [0x00000000fa480000,0x00000000fa480000,0x00000000fac00000)
 ParOldGen       total 47616K, used 5494K [0x00000000c0000000, 0x00000000c2e80000, 0x00000000eab00000)
  object space 47616K, 11% used [0x00000000c0000000,0x00000000c055d908,0x00000000c2e80000)
 Metaspace       used 28281K, capacity 28589K, committed 28928K, reserved 1075200K
  class space    used 3137K, capacity 3238K, committed 3328K, reserved 1048576K
Event: 4.096 GC heap after
Heap after GC invocations=9 (full 1):
 PSYoungGen      total 226304K, used 7665K [0x00000000eab00000, 0x00000000fac00000, 0x0000000100000000)
  eden space 218624K, 0% used [0x00000000eab00000,0x00000000eab00000,0x00000000f8080000)
  from space 7680K, 99% used [0x00000000fa480000,0x00000000fabfc6b8,0x00000000fac00000)
  to   space 11776K, 0% used [0x00000000f9500000,0x00000000f9500000,0x00000000fa080000)
 ParOldGen       total 47616K, used 12280K [0x00000000c0000000, 0x00000000c2e80000, 0x00000000eab00000)
  object space 47616K, 25% used [0x00000000c0000000,0x00000000c0bfe230,0x00000000c2e80000)
 Metaspace       used 28281K, capacity 28589K, committed 28928K, reserved 1075200K
  class space    used 3137K, capacity 3238K, committed 3328K, reserved 1048576K
}
Event: 8.934 GC heap before
{Heap before GC invocations=10 (full 1):
 PSYoungGen      total 226304K, used 226289K [0x00000000eab00000, 0x00000000fac00000, 0x0000000100000000)
  eden space 218624K, 100% used [0x00000000eab00000,0x00000000f8080000,0x00000000f8080000)
  from space 7680K, 99% used [0x00000000fa480000,0x00000000fabfc6b8,0x00000000fac00000)
  to   space 11776K, 0% used [0x00000000f9500000,0x00000000f9500000,0x00000000fa080000)
 ParOldGen       total 47616K, used 12280K [0x00000000c0000000, 0x00000000c2e80000, 0x00000000eab00000)
  object space 47616K, 25% used [0x00000000c0000000,0x00000000c0bfe230,0x00000000c2e80000)
 Metaspace       used 31237K, capacity 31587K, committed 31872K, reserved 1077248K
  class space    used 3298K, capacity 3401K, committed 3456K, reserved 1048576K
Event: 8.942 GC heap after
Heap after GC invocations=10 (full 1):
 PSYoungGen      total 251392K, used 11759K [0x00000000eab00000, 0x00000000ffc00000, 0x0000000100000000)
  eden space 239616K, 0% used [0x00000000eab00000,0x00000000eab00000,0x00000000f9500000)
  from space 11776K, 99% used [0x00000000f9500000,0x00000000fa07be50,0x00000000fa080000)
  to   space 16384K, 0% used [0x00000000fec00000,0x00000000fec00000,0x00000000ffc00000)
 ParOldGen       total 47616K, used 19464K [0x00000000c0000000, 0x00000000c2e80000, 0x00000000eab00000)
  object space 47616K, 40% used [0x00000000c0000000,0x00000000c1302060,0x00000000c2e80000)
 Metaspace       used 31237K, capacity 31587K, committed 31872K, reserved 1077248K
  class space    used 3298K, capacity 3401K, committed 3456K, reserved 1048576K
}
Event: 12.507 GC heap before
{Heap before GC invocations=11 (full 1):
 PSYoungGen      total 251392K, used 251375K [0x00000000eab00000, 0x00000000ffc00000, 0x0000000100000000)
  eden space 239616K, 100% used [0x00000000eab00000,0x00000000f9500000,0x00000000f9500000)
  from space 11776K, 99% used [0x00000000f9500000,0x00000000fa07be50,0x00000000fa080000)
  to   space 16384K, 0% used [0x00000000fec00000,0x00000000fec00000,0x00000000ffc00000)
 ParOldGen       total 47616K, used 19464K [0x00000000c0000000, 0x00000000c2e80000, 0x00000000eab00000)
  object space 47616K, 40% used [0x00000000c0000000,0x00000000c1302060,0x00000000c2e80000)
 Metaspace       used 32077K, capacity 32387K, committed 32640K, reserved 1079296K
  class space    used 3338K, capacity 3433K, committed 3456K, reserved 1048576K
Event: 12.516 GC heap after
Heap after GC invocations=11 (full 1):
 PSYoungGen      total 329216K, used 7260K [0x00000000eab00000, 0x0000000100000000, 0x0000000100000000)
  eden space 312832K, 0% used [0x00000000eab00000,0x00000000eab00000,0x00000000fdc80000)
  from space 16384K, 44% used [0x00000000fec00000,0x00000000ff317308,0x00000000ffc00000)
  to   space 15872K, 0% used [0x00000000fdc80000,0x00000000fdc80000,0x00000000fec00000)
 ParOldGen       total 47616K, used 25932K [0x00000000c0000000, 0x00000000c2e80000, 0x00000000eab00000)
  object space 47616K, 54% used [0x00000000c0000000,0x00000000c1953198,0x00000000c2e80000)
 Metaspace       used 32077K, capacity 32387K, committed 32640K, reserved 1079296K
  class space    used 3338K, capacity 3433K, committed 3456K, reserved 1048576K
}
Event: 15.739 GC heap before
{Heap before GC invocations=12 (full 1):
 PSYoungGen      total 329216K, used 320092K [0x00000000eab00000, 0x0000000100000000, 0x0000000100000000)
  eden space 312832K, 100% used [0x00000000eab00000,0x00000000fdc80000,0x00000000fdc80000)
  from space 16384K, 44% used [0x00000000fec00000,0x00000000ff317308,0x00000000ffc00000)
  to   space 15872K, 0% used [0x00000000fdc80000,0x00000000fdc80000,0x00000000fec00000)
 ParOldGen       total 47616K, used 25932K [0x00000000c0000000, 0x00000000c2e80000, 0x00000000eab00000)
  object space 47616K, 54% used [0x00000000c0000000,0x00000000c1953198,0x00000000c2e80000)
 Metaspace       used 32271K, capacity 32643K, committed 32896K, reserved 1079296K
  class space    used 3344K, capacity 3433K, committed 3456K, reserved 1048576K
Event: 15.744 GC heap after
Heap after GC invocations=12 (full 1):
 PSYoungGen      total 328704K, used 984K [0x00000000eab00000, 0x00000000fff80000, 0x0000000100000000)
  eden space 312832K, 0% used [0x00000000eab00000,0x00000000eab00000,0x00000000fdc80000)
  from space 15872K, 6% used [0x00000000fdc80000,0x00000000fdd761b0,0x00000000fec00000)
  to   space 15872K, 0% used [0x00000000ff000000,0x00000000ff000000,0x00000000fff80000)
 ParOldGen       total 47616K, used 32953K [0x00000000c0000000, 0x00000000c2e80000, 0x00000000eab00000)
  object space 47616K, 69% used [0x00000000c0000000,0x00000000c202e490,0x00000000c2e80000)
 Metaspace       used 32271K, capacity 32643K, committed 32896K, reserved 1079296K
  class space    used 3344K, capacity 3433K, committed 3456K, reserved 1048576K
}
Event: 18.227 GC heap before
{Heap before GC invocations=13 (full 1):
 PSYoungGen      total 328704K, used 313816K [0x00000000eab00000, 0x00000000fff80000, 0x0000000100000000)
  eden space 312832K, 100% used [0x00000000eab00000,0x00000000fdc80000,0x00000000fdc80000)
  from space 15872K, 6% used [0x00000000fdc80000,0x00000000fdd761b0,0x00000000fec00000)
  to   space 15872K, 0% used [0x00000000ff000000,0x00000000ff000000,0x00000000fff80000)
 ParOldGen       total 47616K, used 32953K [0x00000000c0000000, 0x00000000c2e80000, 0x00000000eab00000)
  object space 47616K, 69% used [0x00000000c0000000,0x00000000c202e490,0x00000000c2e80000)
 Metaspace       used 32316K, capacity 32643K, committed 32896K, reserved 1079296K
  class space    used 3344K, capacity 3433K, committed 3456K, reserved 1048576K
Event: 18.228 GC heap after
Heap after GC invocations=13 (full 1):
 PSYoungGen      total 332800K, used 273K [0x00000000eab00000, 0x0000000100000000, 0x0000000100000000)
  eden space 316928K, 0% used [0x00000000eab00000,0x00000000eab00000,0x00000000fe080000)
  from space 15872K, 1% used [0x00000000ff000000,0x00000000ff044690,0x00000000fff80000)
  to   space 15872K, 0% used [0x00000000fe080000,0x00000000fe080000,0x00000000ff000000)
 ParOldGen       total 47616K, used 33854K [0x00000000c0000000, 0x00000000c2e80000, 0x00000000eab00000)
  object space 47616K, 71% used [0x00000000c0000000,0x00000000c210f9f0,0x00000000c2e80000)
 Metaspace       used 32316K, capacity 32643K, committed 32896K, reserved 1079296K
  class space    used 3344K, capacity 3433K, committed 3456K, reserved 1048576K
}

