# JRE version: Java(TM) SE Runtime Environment (8.0_181-b13) (build 1.8.0_181-b13)
# Java VM: Java HotSpot(TM) 64-Bit Server VM (25.181-b13 mixed mode windows-amd64 compressed oops)
Heap:
 PSYoungGen      total 37888K, used 24398K [0x00000000eab00000, 0x00000000f1580000, 0x0000000100000000)
  eden space 35840K, 67% used [0x00000000eab00000,0x00000000ec2b3bd8,0x00000000ece00000)
  from space 2048K, 6% used [0x00000000f1180000,0x00000000f11a0000,0x00000000f1380000)
  to   space 2048K, 0% used [0x00000000f1380000,0x00000000f1380000,0x00000000f1580000)
 ParOldGen       total 73728K, used 54110K [0x00000000c0000000, 0x00000000c4800000, 0x00000000eab00000)
  object space 73728K, 73% used [0x00000000c0000000,0x00000000c34d7a98,0x00000000c4800000)
 Metaspace       used 33258K, capacity 33595K, committed 34048K, reserved 1079296K
  class space    used 3373K, capacity 3469K, committed 3584K, reserved 1048576K
GC Heap History (10 events):
Event: 199.247 GC heap before
{Heap before GC invocations=143 (full 2):
 PSYoungGen      total 38912K, used 38528K [0x00000000eab00000, 0x00000000f1980000, 0x0000000100000000)
  eden space 38400K, 100% used [0x00000000eab00000,0x00000000ed080000,0x00000000ed080000)
  from space 512K, 25% used [0x00000000f1900000,0x00000000f1920000,0x00000000f1980000)
  to   space 2560K, 0% used [0x00000000f1480000,0x00000000f1480000,0x00000000f1700000)
 ParOldGen       total 73728K, used 53923K [0x00000000c0000000, 0x00000000c4800000, 0x00000000eab00000)
  object space 73728K, 73% used [0x00000000c0000000,0x00000000c34a8f78,0x00000000c4800000)
 Metaspace       used 33231K, capacity 33531K, committed 33792K, reserved 1079296K
  class space    used 3370K, capacity 3469K, committed 3584K, reserved 1048576K
Event: 199.248 GC heap after
Heap after GC invocations=143 (full 2):
 PSYoungGen      total 40448K, used 128K [0x00000000eab00000, 0x00000000f1980000, 0x0000000100000000)
  eden space 37888K, 0% used [0x00000000eab00000,0x00000000eab00000,0x00000000ed000000)
  from space 2560K, 5% used [0x00000000f1480000,0x00000000f14a0000,0x00000000f1700000)
  to   space 2560K, 0% used [0x00000000f1700000,0x00000000f1700000,0x00000000f1980000)
 ParOldGen       total 73728K, used 53939K [0x00000000c0000000, 0x00000000c4800000, 0x00000000eab00000)
  object space 73728K, 73% used [0x00000000c0000000,0x00000000c34acf78,0x00000000c4800000)
 Metaspace       used 33231K, capacity 33531K, committed 33792K, reserved 1079296K
  class space    used 3370K, capacity 3469K, committed 3584K, reserved 1048576K
}
Event: 200.695 GC heap before
{Heap before GC invocations=144 (full 2):
 PSYoungGen      total 40448K, used 38016K [0x00000000eab00000, 0x00000000f1980000, 0x0000000100000000)
  eden space 37888K, 100% used [0x00000000eab00000,0x00000000ed000000,0x00000000ed000000)
  from space 2560K, 5% used [0x00000000f1480000,0x00000000f14a0000,0x00000000f1700000)
  to   space 2560K, 0% used [0x00000000f1700000,0x00000000f1700000,0x00000000f1980000)
 ParOldGen       total 73728K, used 53939K [0x00000000c0000000, 0x00000000c4800000, 0x00000000eab00000)
  object space 73728K, 73% used [0x00000000c0000000,0x00000000c34acf78,0x00000000c4800000)
 Metaspace       used 33231K, capacity 33531K, committed 33792K, reserved 1079296K
  class space    used 3370K, capacity 3469K, committed 3584K, reserved 1048576K
Event: 200.697 GC heap after
Heap after GC invocations=144 (full 2):
 PSYoungGen      total 37888K, used 290K [0x00000000eab00000, 0x00000000f1780000, 0x0000000100000000)
  eden space 37376K, 0% used [0x00000000eab00000,0x00000000eab00000,0x00000000ecf80000)
  from space 512K, 56% used [0x00000000f1700000,0x00000000f17488c0,0x00000000f1780000)
  to   space 2560K, 0% used [0x00000000f1280000,0x00000000f1280000,0x00000000f1500000)
 ParOldGen       total 73728K, used 53955K [0x00000000c0000000, 0x00000000c4800000, 0x00000000eab00000)
  object space 73728K, 73% used [0x00000000c0000000,0x00000000c34b0f78,0x00000000c4800000)
 Metaspace       used 33231K, capacity 33531K, committed 33792K, reserved 1079296K
  class space    used 3370K, capacity 3469K, committed 3584K, reserved 1048576K
}
Event: 200.886 GC heap before
{Heap before GC invocations=145 (full 2):
 PSYoungGen      total 37888K, used 37666K [0x00000000eab00000, 0x00000000f1780000, 0x0000000100000000)
  eden space 37376K, 100% used [0x00000000eab00000,0x00000000ecf80000,0x00000000ecf80000)
  from space 512K, 56% used [0x00000000f1700000,0x00000000f17488c0,0x00000000f1780000)
  to   space 2560K, 0% used [0x00000000f1280000,0x00000000f1280000,0x00000000f1500000)
 ParOldGen       total 73728K, used 53955K [0x00000000c0000000, 0x00000000c4800000, 0x00000000eab00000)
  object space 73728K, 73% used [0x00000000c0000000,0x00000000c34b0f78,0x00000000c4800000)
 Metaspace       used 33231K, capacity 33531K, committed 33792K, reserved 1079296K
  class space    used 3370K, capacity 3469K, committed 3584K, reserved 1048576K
Event: 200.887 GC heap after
Heap after GC invocations=145 (full 2):
 PSYoungGen      total 39424K, used 128K [0x00000000eab00000, 0x00000000f1780000, 0x0000000100000000)
  eden space 36864K, 0% used [0x00000000eab00000,0x00000000eab00000,0x00000000ecf00000)
  from space 2560K, 5% used [0x00000000f1280000,0x00000000f12a0000,0x00000000f1500000)
  to   space 2560K, 0% used [0x00000000f1500000,0x00000000f1500000,0x00000000f1780000)
 ParOldGen       total 73728K, used 54094K [0x00000000c0000000, 0x00000000c4800000, 0x00000000eab00000)
  object space 73728K, 73% used [0x00000000c0000000,0x00000000c34d3a98,0x00000000c4800000)
 Metaspace       used 33231K, capacity 33531K, committed 33792K, reserved 1079296K
  class space    used 3370K, capacity 3469K, committed 3584K, reserved 1048576K
}
Event: 201.082 GC heap before
{Heap before GC invocations=146 (full 2):
 PSYoungGen      total 39424K, used 36992K [0x00000000eab00000, 0x00000000f1780000, 0x0000000100000000)
  eden space 36864K, 100% used [0x00000000eab00000,0x00000000ecf00000,0x00000000ecf00000)
  from space 2560K, 5% used [0x00000000f1280000,0x00000000f12a0000,0x00000000f1500000)
  to   space 2560K, 0% used [0x00000000f1500000,0x00000000f1500000,0x00000000f1780000)
 ParOldGen       total 73728K, used 54094K [0x00000000c0000000, 0x00000000c4800000, 0x00000000eab00000)
  object space 73728K, 73% used [0x00000000c0000000,0x00000000c34d3a98,0x00000000c4800000)
 Metaspace       used 33232K, capacity 33531K, committed 33792K, reserved 1079296K
  class space    used 3370K, capacity 3469K, committed 3584K, reserved 1048576K
Event: 201.084 GC heap after
Heap after GC invocations=146 (full 2):
 PSYoungGen      total 36864K, used 128K [0x00000000eab00000, 0x00000000f1580000, 0x0000000100000000)
  eden space 36352K, 0% used [0x00000000eab00000,0x00000000eab00000,0x00000000ece80000)
  from space 512K, 25% used [0x00000000f1500000,0x00000000f1520000,0x00000000f1580000)
  to   space 2048K, 0% used [0x00000000f1180000,0x00000000f1180000,0x00000000f1380000)
 ParOldGen       total 73728K, used 54110K [0x00000000c0000000, 0x00000000c4800000, 0x00000000eab00000)
  object space 73728K, 73% used [0x00000000c0000000,0x00000000c34d7a98,0x00000000c4800000)
 Metaspace       used 33232K, capacity 33531K, committed 33792K, reserved 1079296K
  class space    used 3370K, capacity 3469K, committed 3584K, reserved 1048576K
}
Event: 201.270 GC heap before
{Heap before GC invocations=147 (full 2):
 PSYoungGen      total 36864K, used 36480K [0x00000000eab00000, 0x00000000f1580000, 0x0000000100000000)
  eden space 36352K, 100% used [0x00000000eab00000,0x00000000ece80000,0x00000000ece80000)
  from space 512K, 25% used [0x00000000f1500000,0x00000000f1520000,0x00000000f1580000)
  to   space 2048K, 0% used [0x00000000f1180000,0x00000000f1180000,0x00000000f1380000)
 ParOldGen       total 73728K, used 54110K [0x00000000c0000000, 0x00000000c4800000, 0x00000000eab00000)
  object space 73728K, 73% used [0x00000000c0000000,0x00000000c34d7a98,0x00000000c4800000)
 Metaspace       used 33232K, capacity 33531K, committed 33792K, reserved 1079296K
  class space    used 3370K, capacity 3469K, committed 3584K, reserved 1048576K
Event: 201.271 GC heap after
Heap after GC invocations=147 (full 2):
 PSYoungGen      total 37888K, used 128K [0x00000000eab00000, 0x00000000f1580000, 0x0000000100000000)
  eden space 35840K, 0% used [0x00000000eab00000,0x00000000eab00000,0x00000000ece00000)
  from space 2048K, 6% used [0x00000000f1180000,0x00000000f11a0000,0x00000000f1380000)
  to   space 2048K, 0% used [0x00000000f1380000,0x00000000f1380000,0x00000000f1580000)
 ParOldGen       total 73728K, used 54110K [0x00000000c0000000, 0x00000000c4800000, 0x00000000eab00000)
  object space 73728K, 73% used [0x00000000c0000000,0x00000000c34d7a98,0x00000000c4800000)
 Metaspace       used 33232K, capacity 33531K, committed 33792K, reserved 1079296K
  class space    used 3370K, capacity 3469K, committed 3584K, reserved 1048576K
}

