# JRE version: Java(TM) SE Runtime Environment (8.0_181-b13) (build 1.8.0_181-b13)
# Java VM: Java HotSpot(TM) 64-Bit Server VM (25.181-b13 mixed mode windows-amd64 compressed oops)
Heap:
 PSYoungGen      total 304640K, used 34562K [0x00000000eab00000, 0x00000000ff200000, 0x0000000100000000)
  eden space 303616K, 11% used [0x00000000eab00000,0x00000000ecc067e0,0x00000000fd380000)
  from space 1024K, 72% used [0x00000000ff100000,0x00000000ff1ba0e0,0x00000000ff200000)
  to   space 13824K, 0% used [0x00000000fd700000,0x00000000fd700000,0x00000000fe480000)
 ParOldGen       total 48128K, used 36375K [0x00000000c0000000, 0x00000000c2f00000, 0x00000000eab00000)
  object space 48128K, 75% used [0x00000000c0000000,0x00000000c2385c70,0x00000000c2f00000)
 Metaspace       used 32474K, capacity 32783K, committed 32896K, reserved 1079296K
  class space    used 3351K, capacity 3435K, committed 3456K, reserved 1048576K
GC Heap History (10 events):
Event: 37.095 GC heap before
{Heap before GC invocations=17 (full 1):
 PSYoungGen      total 331264K, used 314818K [0x00000000eab00000, 0x0000000100000000, 0x0000000100000000)
  eden space 314368K, 100% used [0x00000000eab00000,0x00000000fde00000,0x00000000fde00000)
  from space 16896K, 2% used [0x00000000fde00000,0x00000000fde708c0,0x00000000fee80000)
  to   space 16896K, 0% used [0x00000000fef80000,0x00000000fef80000,0x0000000100000000)
 ParOldGen       total 48128K, used 36367K [0x00000000c0000000, 0x00000000c2f00000, 0x00000000eab00000)
  object space 48128K, 75% used [0x00000000c0000000,0x00000000c2383c70,0x00000000c2f00000)
 Metaspace       used 32398K, capacity 32719K, committed 32896K, reserved 1079296K
  class space    used 3347K, capacity 3435K, committed 3456K, reserved 1048576K
Event: 37.096 GC heap after
Heap after GC invocations=17 (full 1):
 PSYoungGen      total 331264K, used 598K [0x00000000eab00000, 0x00000000fff00000, 0x0000000100000000)
  eden space 315392K, 0% used [0x00000000eab00000,0x00000000eab00000,0x00000000fdf00000)
  from space 15872K, 3% used [0x00000000fef80000,0x00000000ff015810,0x00000000fff00000)
  to   space 16384K, 0% used [0x00000000fdf00000,0x00000000fdf00000,0x00000000fef00000)
 ParOldGen       total 48128K, used 36375K [0x00000000c0000000, 0x00000000c2f00000, 0x00000000eab00000)
  object space 48128K, 75% used [0x00000000c0000000,0x00000000c2385c70,0x00000000c2f00000)
 Metaspace       used 32398K, capacity 32719K, committed 32896K, reserved 1079296K
  class space    used 3347K, capacity 3435K, committed 3456K, reserved 1048576K
}
Event: 39.241 GC heap before
{Heap before GC invocations=18 (full 1):
 PSYoungGen      total 331264K, used 315990K [0x00000000eab00000, 0x00000000fff00000, 0x0000000100000000)
  eden space 315392K, 100% used [0x00000000eab00000,0x00000000fdf00000,0x00000000fdf00000)
  from space 15872K, 3% used [0x00000000fef80000,0x00000000ff015810,0x00000000fff00000)
  to   space 16384K, 0% used [0x00000000fdf00000,0x00000000fdf00000,0x00000000fef00000)
 ParOldGen       total 48128K, used 36375K [0x00000000c0000000, 0x00000000c2f00000, 0x00000000eab00000)
  object space 48128K, 75% used [0x00000000c0000000,0x00000000c2385c70,0x00000000c2f00000)
 Metaspace       used 32398K, capacity 32719K, committed 32896K, reserved 1079296K
  class space    used 3347K, capacity 3435K, committed 3456K, reserved 1048576K
Event: 39.242 GC heap after
Heap after GC invocations=18 (full 1):
 PSYoungGen      total 331776K, used 547K [0x00000000eab00000, 0x00000000ffe80000, 0x0000000100000000)
  eden space 315392K, 0% used [0x00000000eab00000,0x00000000eab00000,0x00000000fdf00000)
  from space 16384K, 3% used [0x00000000fdf00000,0x00000000fdf88d20,0x00000000fef00000)
  to   space 15360K, 0% used [0x00000000fef80000,0x00000000fef80000,0x00000000ffe80000)
 ParOldGen       total 48128K, used 36375K [0x00000000c0000000, 0x00000000c2f00000, 0x00000000eab00000)
  object space 48128K, 75% used [0x00000000c0000000,0x00000000c2385c70,0x00000000c2f00000)
 Metaspace       used 32398K, capacity 32719K, committed 32896K, reserved 1079296K
  class space    used 3347K, capacity 3435K, committed 3456K, reserved 1048576K
}
Event: 41.426 GC heap before
{Heap before GC invocations=19 (full 1):
 PSYoungGen      total 331776K, used 315939K [0x00000000eab00000, 0x00000000ffe80000, 0x0000000100000000)
  eden space 315392K, 100% used [0x00000000eab00000,0x00000000fdf00000,0x00000000fdf00000)
  from space 16384K, 3% used [0x00000000fdf00000,0x00000000fdf88d20,0x00000000fef00000)
  to   space 15360K, 0% used [0x00000000fef80000,0x00000000fef80000,0x00000000ffe80000)
 ParOldGen       total 48128K, used 36375K [0x00000000c0000000, 0x00000000c2f00000, 0x00000000eab00000)
  object space 48128K, 75% used [0x00000000c0000000,0x00000000c2385c70,0x00000000c2f00000)
 Metaspace       used 32400K, capacity 32719K, committed 32896K, reserved 1079296K
  class space    used 3347K, capacity 3435K, committed 3456K, reserved 1048576K
Event: 41.427 GC heap after
Heap after GC invocations=19 (full 1):
 PSYoungGen      total 332288K, used 612K [0x00000000eab00000, 0x00000000ffe00000, 0x0000000100000000)
  eden space 317440K, 0% used [0x00000000eab00000,0x00000000eab00000,0x00000000fe100000)
  from space 14848K, 4% used [0x00000000fef80000,0x00000000ff0193c0,0x00000000ffe00000)
  to   space 14848K, 0% used [0x00000000fe100000,0x00000000fe100000,0x00000000fef80000)
 ParOldGen       total 48128K, used 36375K [0x00000000c0000000, 0x00000000c2f00000, 0x00000000eab00000)
  object space 48128K, 75% used [0x00000000c0000000,0x00000000c2385c70,0x00000000c2f00000)
 Metaspace       used 32400K, capacity 32719K, committed 32896K, reserved 1079296K
  class space    used 3347K, capacity 3435K, committed 3456K, reserved 1048576K
}
Event: 43.590 GC heap before
{Heap before GC invocations=20 (full 1):
 PSYoungGen      total 332288K, used 318052K [0x00000000eab00000, 0x00000000ffe00000, 0x0000000100000000)
  eden space 317440K, 100% used [0x00000000eab00000,0x00000000fe100000,0x00000000fe100000)
  from space 14848K, 4% used [0x00000000fef80000,0x00000000ff0193c0,0x00000000ffe00000)
  to   space 14848K, 0% used [0x00000000fe100000,0x00000000fe100000,0x00000000fef80000)
 ParOldGen       total 48128K, used 36375K [0x00000000c0000000, 0x00000000c2f00000, 0x00000000eab00000)
  object space 48128K, 75% used [0x00000000c0000000,0x00000000c2385c70,0x00000000c2f00000)
 Metaspace       used 32400K, capacity 32719K, committed 32896K, reserved 1079296K
  class space    used 3347K, capacity 3435K, committed 3456K, reserved 1048576K
Event: 43.591 GC heap after
Heap after GC invocations=20 (full 1):
 PSYoungGen      total 332288K, used 692K [0x00000000eab00000, 0x00000000fff00000, 0x0000000100000000)
  eden space 317440K, 0% used [0x00000000eab00000,0x00000000eab00000,0x00000000fe100000)
  from space 14848K, 4% used [0x00000000fe100000,0x00000000fe1ad3b0,0x00000000fef80000)
  to   space 14336K, 0% used [0x00000000ff100000,0x00000000ff100000,0x00000000fff00000)
 ParOldGen       total 48128K, used 36375K [0x00000000c0000000, 0x00000000c2f00000, 0x00000000eab00000)
  object space 48128K, 75% used [0x00000000c0000000,0x00000000c2385c70,0x00000000c2f00000)
 Metaspace       used 32400K, capacity 32719K, committed 32896K, reserved 1079296K
  class space    used 3347K, capacity 3435K, committed 3456K, reserved 1048576K
}
Event: 49.538 GC heap before
{Heap before GC invocations=21 (full 1):
 PSYoungGen      total 332288K, used 318132K [0x00000000eab00000, 0x00000000fff00000, 0x0000000100000000)
  eden space 317440K, 100% used [0x00000000eab00000,0x00000000fe100000,0x00000000fe100000)
  from space 14848K, 4% used [0x00000000fe100000,0x00000000fe1ad3b0,0x00000000fef80000)
  to   space 14336K, 0% used [0x00000000ff100000,0x00000000ff100000,0x00000000fff00000)
 ParOldGen       total 48128K, used 36375K [0x00000000c0000000, 0x00000000c2f00000, 0x00000000eab00000)
  object space 48128K, 75% used [0x00000000c0000000,0x00000000c2385c70,0x00000000c2f00000)
 Metaspace       used 32401K, capacity 32719K, committed 32896K, reserved 1079296K
  class space    used 3347K, capacity 3435K, committed 3456K, reserved 1048576K
Event: 49.540 GC heap after
Heap after GC invocations=21 (full 1):
 PSYoungGen      total 304640K, used 744K [0x00000000eab00000, 0x00000000ff200000, 0x0000000100000000)
  eden space 303616K, 0% used [0x00000000eab00000,0x00000000eab00000,0x00000000fd380000)
  from space 1024K, 72% used [0x00000000ff100000,0x00000000ff1ba0e0,0x00000000ff200000)
  to   space 13824K, 0% used [0x00000000fd700000,0x00000000fd700000,0x00000000fe480000)
 ParOldGen       total 48128K, used 36375K [0x00000000c0000000, 0x00000000c2f00000, 0x00000000eab00000)
  object space 48128K, 75% used [0x00000000c0000000,0x00000000c2385c70,0x00000000c2f00000)
 Metaspace       used 32401K, capacity 32719K, committed 32896K, reserved 1079296K
  class space    used 3347K, capacity 3435K, committed 3456K, reserved 1048576K
}

